📦 Migrating world from schema v1 to v2...
✓ World loaded successfully (schema v2)

⏰ Catching up 4d 22h of missed time (711 turns)...
   Last world time: 2026-01-05T00:00:00.000Z
   Target world time: 2026-01-09T22:35:37.119Z
2026-01-05T01:00:00.000Z [road] @ The Whispers Tower [Tiede's Band] Tiede's Band spot signs of danger — Caves in the hillside show signs of habitation.
2026-01-05T01:00:00.000Z [road] @ The Whispers Tower [Tiede's Band, ogres] ogres display weapons as a warning — As owls hunted in darkness cairns marking ancient graves. A lone massive ogres, watching warily. A non-aggression pact was established.
2026-01-05T01:00:00.000Z [road] @ Belfos [The Wandering Merchants, Sons of the Wolf] The Wandering Merchants is raided! — Sons of the Wolf forces have intercepted the caravan en route to Myrrka.
2026-01-05T01:00:00.000Z [town] @ Belfos Trade routes near Belfos grow dangerous — Merchants speak of losses. Some refuse to travel until the roads are secured.
2026-01-05T02:00:00.000Z [road] @ The Whispers Tower [Tiede's Band, brigands] brigands display weapons as a warning — As the world held its breath the clatter of loose stones. A swarm of poorly equipped brigands, watching warily. They lived to fight—and win—another battle.
2026-01-05T02:00:00.000Z [road] @ Greenmist [Parthenius's Band] Parthenius's Band clash with ogre — Brief skirmish; foes driven off with minor bruises.
2026-01-05T03:00:00.000Z [road] @ Greenmist [Parthenius's Band, wyverns] wyverns test Parthenius's Band's resolve with challenges — In the witching hour wolves howling from distant valleys. The peaks gleam with eternal snow. A few night-hunting wyverns, emerging from concealment. Sometimes wisdom is knowing when to flee. Hot springs steaming in rocky basins marked the scene.
2026-01-05T03:00:00.000Z [road] @ Myrrka [The Grim Wolves] The Grim Wolves clash with ogre — Brief skirmish; foes driven off with minor bruises.
2026-01-05T03:00:00.000Z [road] @ The Whispers Tower [Tiede's Band] Tiede's Band spot ogre and avoid notice — They detour carefully, leaving only faint tracks.
2026-01-05T03:00:00.000Z [town] @ Greenmist Mood darkens in Greenmist — Following recent events, the people's spirit sinks.
2026-01-05T04:00:00.000Z [road] @ Greenmist [Parthenius's Band, yeti] yeti follow Parthenius's Band at a safe distance — As the world held its breath switchback paths climbing steep slopes. A handful of shadow-cloaked yeti, blocking the path. They established rules for future encounters.
2026-01-05T04:00:00.000Z [road] @ The Whispers Tower [Tiede's Band] Tiede's Band spot signs of danger — Bones litter a rock shelf. Not all are animal bones.
2026-01-05T04:00:00.000Z [road] @ The Whispers Tower [Tiede's Band, goblins] Tiede's Band clash with goblins — In the cold hours before dawn A company of red-eyed in the dark goblins, carrying plunder. A tactical withdrawal under covering fire.
2026-01-05T04:00:00.000Z [faction] @ Windleigh [Sons of the Wolf] Sons of the Wolf eyes Windleigh for its ore — Desperate for ore, the faction has decided to take the settlement by force.
2026-01-05T05:00:00.000Z [road] @ Myrrka [The Grim Wolves, goblins] goblins poison The Grim Wolves's water supply — With the first cock-crow eagles soaring on thermal winds. Several shadow-cloaked goblins, tracking something. A well-timed feint created the opening they needed. A well-timed spell from their caster turned the tide. The victors claim 40 coin worth of plunder.
2026-01-05T05:00:00.000Z [road] @ Myrrka [The Grim Wolves] The Grim Wolves ambushed by giant bats — Casualties suffered in the rout.
2026-01-05T05:00:00.000Z [town] @ Greenmist [Eryalus, Irantzu] Eryalus takes Irantzu under their wing — Wisdom passed from one generation to the next.
2026-01-05T05:00:00.000Z [road] @ Myrrka [The Grim Wolves] The Grim Wolves grows in power! — Through hardship and battle, the members of The Grim Wolves have reached level 2.
2026-01-05T06:00:00.000Z [system] The world turns (January 5th, 2026) — 3 parties traveling, 1 resting. 1 threats lurk.
2026-01-05T06:00:00.000Z [road] @ Myrrka [The Grim Wolves, goblins] Tense standoff between The Grim Wolves and goblins — As mist still clung to low places A handful of red-eyed in the dark goblins, setting crude traps. They ran. There was no shame in it—only survival.
2026-01-05T06:00:00.000Z [road] @ Greenmist [Parthenius's Band, orc raiders] orc raiders eye Parthenius's Band suspiciously — As mist still clung to low places snow-capped peaks gleaming in sunlight. A lone disciplined orc raiders, scouting for targets. They left the meeting with hope for peaceful coexistence. Switchback paths climbing steep slopes marked the scene.
2026-01-05T06:00:00.000Z [faction] @ Greenmist [Parthenius's Band] Blood on the Trail: The chase crosses into forbidden territory. — Parthenius's Band stalks a dangerous quarry across the region.
2026-01-05T07:00:00.000Z [road] @ The Whispers Tower [Tiede's Band] Tiede's Band discovers The Weather-worn Cairn — As smoke rose from breakfast fires hawk nests on rocky outcrops. A weather-worn cairn, home to a silent, white-haired hermit. The party feels a surge of mental clarity.
2026-01-05T07:00:00.000Z [road] @ Greenmist [Parthenius's Band] Parthenius's Band parley with giant bats — Trade news and share a quick meal before parting ways.
2026-01-05T07:00:00.000Z [faction] @ Myrrka [Mendia the Pallid] Mendia curses a village — Crops wither. Wells run foul. Prayers go unanswered.
2026-01-05T08:00:00.000Z [road] @ Myrrka [The Grim Wolves, ogres] ogres poison The Grim Wolves's water supply — Amid the bustle of morning trade vast chasms with no visible bottom. The peaks gleam with eternal snow. A single solitary ogres, blocking the path. Steel rang and blood was spilled, but they prevailed. The ruins of a dwarven gatehouse marked the scene. A well-timed spell from their caster turned the tide.
2026-01-05T08:00:00.000Z [road] @ The Whispers Tower [Tiede's Band] Tiede's Band spot signs of danger — Caves in the hillside show signs of habitation.
2026-01-05T08:00:00.000Z [road] @ Greenmist [Parthenius's Band] Parthenius's Band shadowed by ogre — Tense standoff; both sides withdraw before blades are drawn.
2026-01-05T09:00:00.000Z [road] @ Myrrka [The Grim Wolves, ogres] The Grim Wolves observe ogres from a distance — As folk went about their labors hot springs steaming in rocky basins. The peaks gleam with eternal snow. One red-eyed in the dark ogres, apparently startled. They slipped away while the enemy celebrated prematurely.
2026-01-05T10:00:00.000Z [road] @ Greenmist [Parthenius's Band] Parthenius's Band spot signs of danger — The ruins of a dwarven waystation, recently looted.
2026-01-05T10:00:00.000Z [road] @ The Whispers Tower [Tiede's Band] Tiede's Band ambushed by goblins — Forced retreat; they fall back to regroup.
2026-01-05T12:00:00.000Z [system] The world turns (January 5th, 2026) — 3 parties traveling, 1 resting. 1 threats lurk.
2026-01-05T12:00:00.000Z [road] @ Myrrka [The Grim Wolves, Lia's giant eagles] The Grim Wolves face Lia's giant eagles in deadly combat — While sensible folk sought shade A few aggressive giant eagles, apparently startled. A well-timed feint created the opening they needed. Copper deposits staining rock faces green marked the scene. Divine favor shielded them from the worst of the blows.
2026-01-05T13:00:00.000Z [road] @ Myrrka [The Grim Wolves] The Grim Wolves spot signs of danger — Eagle cries echo, but no birds are visible.
2026-01-05T13:00:00.000Z [road] @ Myrrka [The Grim Wolves, ogres] The Grim Wolves watch ogres warily from cover — As the bell tolled the sixth hour thin cold air hung in the air. The peaks gleam with eternal snow. Several shadow-cloaked ogres, apparently startled. Cultural misunderstandings were resolved through patience.
2026-01-05T13:00:00.000Z [town] @ Greenmist Beroldus's Wagons arrives at Greenmist — Bringing salt/fish from Belfos with escorts under banner of Circle of the Dawn.
2026-01-05T13:00:00.000Z [town] @ Greenmist Mainardus arrives in Greenmist — scout from Azmarin
2026-01-05T13:00:00.000Z [town] @ Greenmist Eurydamus arrives in Greenmist — merchant from Windleigh
2026-01-05T13:00:00.000Z [town] @ Greenmist Word spreads in Greenmist — Thieves struck near Belfos. The roads grow dangerous.
2026-01-05T14:00:00.000Z [road] @ Myrrka [The Grim Wolves, dwarven patrols] dwarven patrols burn The Grim Wolves's supplies — In the golden afternoon light lightning-blasted trees at timberline. The peaks gleam with eternal snow. Two or three shadow-cloaked dwarven patrols, watching warily. They exploited a momentary weakness in the enemy line. Divine favor shielded them from the worst of the blows.
2026-01-05T15:00:00.000Z [road] @ Myrrka [The Grim Wolves] The Grim Wolves spot signs of danger — A cairn of skulls marks a territorial boundary.
2026-01-05T15:00:00.000Z [road] @ Myrrka [The Grim Wolves, orc raiders] The Grim Wolves learn local customs from friendly orc raiders — In the golden afternoon light The peaks gleam with eternal snow. A handful of battle-scarred orc raiders, performing war rituals. They parted as wary allies rather than bitter enemies. Snow-capped peaks gleaming in sunlight marked the scene.
2026-01-05T15:00:00.000Z [faction] @ Myrrka [Mendia the Pallid] Mendia curses a village — Crops wither. Wells run foul. Prayers go unanswered.
2026-01-05T16:00:00.000Z [road] @ The Whispers Tower [Tiede's Band, hill giants] hill giants follow Tiede's Band at a safe distance — As travelers grew road-weary mist pooling in the valleys below. A single red-eyed in the dark hill giants, moving with purpose. A fighting withdrawal, but a withdrawal nonetheless. Goats picking their way along cliffs marked the scene.
2026-01-05T16:00:00.000Z [town] @ Minasfeld The New Caravan arrives at Minasfeld — Bringing grain/textiles from Belfos with escorts.
2026-01-05T16:00:00.000Z [town] @ Minasfeld Cybele arrives in Minasfeld — guard from Windleigh
2026-01-05T16:00:00.000Z [town] @ Minasfeld Wantelien arrives in Minasfeld — bard from Minasfeld
⏰ Catch-up progress: 14% (100/711 turns)2026-01-05T17:00:00.000Z [road] @ Myrrka [The Grim Wolves] The Grim Wolves parley with goblins — Trade news and share a quick meal before parting ways.
2026-01-05T17:00:00.000Z [road] @ Greenmist [Parthenius's Band] Parthenius's Band clash with giant bats — Brief skirmish; foes driven off with minor bruises.
2026-01-05T17:00:00.000Z [town] @ Greenmist [Eryalus, Irantzu] Eryalus takes Irantzu under their wing — The student shows promise—or perhaps stubborn foolishness.
2026-01-05T18:00:00.000Z [system] The world turns (January 5th, 2026) — 3 parties traveling, 1 resting. 1 threats lurk.
2026-01-05T18:00:00.000Z [road] @ Myrrka [The Grim Wolves] The Grim Wolves spot signs of danger — The ruins of a dwarven waystation, recently looted.
2026-01-05T18:00:00.000Z [road] @ Greenmist [Parthenius's Band] Parthenius's Band spot signs of danger — The ruins of a dwarven waystation, recently looted.
2026-01-05T19:00:00.000Z [road] @ The Whispers Tower [Tiede's Band] Tiede's Band spot signs of danger — Bones litter a rock shelf. Not all are animal bones.
2026-01-05T19:00:00.000Z [town] @ Azmarin Word spreads in Azmarin — A valuable shipment was lost near Belfos.
2026-01-05T20:00:00.000Z [road] @ Greenmist [Parthenius's Band, goblins] Parthenius's Band move slowly to avoid alarming goblins — As the stars emerged one by one copper deposits staining rock faces green. The peaks gleam with eternal snow. Many shadow-cloaked goblins, arguing among themselves. A calculated withdrawal to more favorable ground.
2026-01-05T20:00:00.000Z [road] @ The Whispers Tower [Tiede's Band] Tiede's Band spot signs of danger — Crude totems mark a boundary. You have been warned.
2026-01-05T20:00:00.000Z [road] @ The Whispers Tower [Tiede's Band, goatherds] Tiede's Band share songs and tales around the campfire — By candlelight and hearth-glow water wheels turning in streams. A few scarce goatherds, apparently startled. The meeting ended with mutual respect, if not friendship.
2026-01-05T20:00:00.000Z [town] @ Greenmist [Eadmund] Eadmund vows vengeance — Following Parthenius's Band clash with ogre, the laborer swears an oath that cannot go unanswered.
2026-01-05T20:00:00.000Z [town] @ Greenmist [Mainardus] Construction continues on Mainardus's stronghold — Masons and laborers work tirelessly. The foundations are deep and the walls rise.
2026-01-05T21:00:00.000Z [town] @ Windleigh Camp Fever fades in Windleigh — The worst of the sickness has passed. The bells ring in celebration.
2026-01-05T22:00:00.000Z [road] @ Greenmist [Parthenius's Band] Parthenius's Band spot signs of danger — The ruins of a dwarven waystation, recently looted.
2026-01-05T22:00:00.000Z [town] @ Belfos [Peli] Divine blessing upon Belfos — Peli performs a grand ritual of sanctification. A sense of peace fills the air.
2026-01-05T23:00:00.000Z [road] @ Myrrka [The Grim Wolves, orc raiders] The Grim Wolves and orc raiders find common cause — With only moonlight for company A group of mounted orc raiders, quarreling over spoils. The negotiation revealed unexpected shared values.
2026-01-05T23:00:00.000Z [road] @ Greenmist [Parthenius's Band] Parthenius's Band spot signs of danger — Giant footprints in the snow, each as long as a man is tall.
2026-01-05T23:00:00.000Z [road] @ The Whispers Tower [Tiede's Band] Tiede's Band spot signs of danger — Rockfall has blocked the easy path. An ambush site, perhaps.
2026-01-06T00:00:00.000Z [system] The world turns (January 6th, 2026) — 3 parties traveling, 1 resting. 1 threats lurk.
2026-01-06T00:00:00.000Z [town] @ Belfos Peli seen in Belfos markets — priest haggles and swaps news.
2026-01-06T00:00:00.000Z [road] @ The Whispers Tower [Tiede's Band, goblins] goblins launch arrows at Tiede's Band from hiding — While decent folk lay sleeping The hilltops stand sharp against the blue. Two or three shadow-cloaked goblins, worshipping a crude idol. Discretion proved the better part of valor. Hot springs steaming in valleys marked the scene.
2026-01-06T00:00:00.000Z [town] @ Belfos Ilene seen in Belfos markets — bard haggles and swaps news.
2026-01-06T00:00:00.000Z [town] @ Belfos Belfos tempers frayed — Surplus textiles and shortages in ore.
2026-01-06T00:00:00.000Z [road] @ Myrrka [The Grim Wolves] The Grim Wolves shadowed by giant bats — Tense standoff; both sides withdraw before blades are drawn.
2026-01-06T00:00:00.000Z [town] @ Windleigh Windleigh tempers frayed — Surplus grain/ore/fish and shortages in textiles/salt.
2026-01-06T00:00:00.000Z [town] @ Windleigh Rumor in Windleigh — cryptic plot: a frightened child says Jehaue heard of beasts refusing to cross the old road (from Windleigh).
2026-01-06T00:00:00.000Z [town] @ Azmarin Azmarin spirits high — Surplus grain/textiles/salt and shortages in timber/ore/livestock.
2026-01-06T00:00:00.000Z [town] @ Minasfeld Minasfeld folk watchful — Surplus grain/textiles/livestock and shortages in salt.
2026-01-06T00:00:00.000Z [town] @ Minasfeld Rumor in Minasfeld — Levies rumored to secure salt; officials say caravans delayed.
2026-01-06T00:00:00.000Z [town] @ Minasfeld Rumor in Minasfeld — The Storm Guild watches the markets quietly.
2026-01-06T00:00:00.000Z [town] @ Myrrka The Grim Wolves hailed in Myrrka — Locals toast their exploits.
2026-01-06T00:00:00.000Z [town] @ Myrrka Myrrka tempers frayed — Shortages in timber/salt/livestock.
2026-01-06T00:00:00.000Z [town] @ Myrrka Rumor in Myrrka — conflicting omen: a wandering priest says Rainard heard of a sealed door that hums at night (from Myrrka).
2026-01-06T00:00:00.000Z [town] @ Myrrka Rumor in Myrrka — The Storm Guild watches the markets quietly.
2026-01-06T00:00:00.000Z [town] @ Greenmist Parthenius's Band hailed in Greenmist — Locals toast their exploits.
2026-01-06T00:00:00.000Z [town] @ Greenmist Greenmist tempers frayed — Surplus grain and shortages in livestock.
2026-01-06T00:00:00.000Z [town] @ Greenmist Rumor in Greenmist — The Storm Guild watches the markets quietly.
2026-01-06T00:00:00.000Z [town] @ Greenmist Rumor in Greenmist — Sons of the Wolf watches the markets quietly.
2026-01-06T00:00:00.000Z [town] @ Greenmist Rumor in Greenmist — Circle of the Dawn offers protection for caravans.
2026-01-06T00:00:00.000Z [town] @ Windleigh Tales of The Weapon-Vault of Legend surface in Windleigh — Every blade has slain a king. Ancient texts reference the The Armory of the Gods. Legends warn that a bound demon protects it.
2026-01-06T01:00:00.000Z [road] @ The Whispers Tower [Tiede's Band, hill giants] Tiede's Band help hill giants gather firewood — As owls hunted in darkness the occasional crack of splitting rock. A band of dangerous hill giants, moving with purpose. An uneasy bargain was struck beneath wary eyes.
2026-01-06T03:00:00.000Z [road] @ Myrrka [The Grim Wolves] The Grim Wolves spot signs of danger — A cairn of skulls marks a territorial boundary.
2026-01-06T03:00:00.000Z [road] @ Greenmist [Parthenius's Band, wyverns] wyverns test Parthenius's Band's resolve with challenges — As even the taverns fell silent rockslides clattering down slopes. The peaks gleam with eternal snow. A lone red-eyed in the dark wyverns, apparently startled. A tactical withdrawal under covering fire. Waterfalls plunging into deep pools marked the scene.
2026-01-06T03:00:00.000Z [town] @ Myrrka The Wandering Merchants arrives at Myrrka — Bringing livestock from Belfos with escorts under banner of Order of the Hawk.
2026-01-06T03:00:00.000Z [town] @ Myrrka Izot arrives in Myrrka — bard from Belfos
2026-01-06T03:00:00.000Z [town] @ Myrrka [Molora] Molora spreads tales — The scout speaks openly of The Grim Wolves ambushed by giant bats. The story grows in the telling.
2026-01-06T03:00:00.000Z [town] @ Myrrka Word spreads in Myrrka — Molora tells all who will listen: "The Grim Wolves ambushed by giant bats." The tale spreads.
2026-01-06T04:00:00.000Z [road] @ Myrrka [The Grim Wolves] The Grim Wolves discovers The Crystalline Cairn — In the witching hour switchback paths climbing steep slopes. A crystalline cairn, swallowing all sound around it. They uncover a fragment of lost history.
2026-01-06T04:00:00.000Z [road] @ Azmarin The Wandering Peddlers makes camp under escort — Road to Belfos (road) quiet tonight.
2026-01-06T04:00:00.000Z [faction] @ Greenmist [Kreon] Echoes of the Past: Investigations begin. — The dead do not rest peacefully in Greenmist.
2026-01-06T04:00:00.000Z [faction] @ Greenmist [Parthenius's Band, orc raiders] Fire in Greenmist: Local heroes organize resistance. Parthenius's Band remains motivated by love and protection. — Parthenius's Band strikes fast at Greenmist and withdraws before retaliation.
2026-01-06T04:00:00.000Z [faction] @ hex:7,7 [Itzia] Itzia's Last Stand: The hunt leads through treacherous terrain. — Itzia stalks a dangerous quarry across the region.
2026-01-06T05:00:00.000Z [road] @ Myrrka [The Grim Wolves] The Grim Wolves spot signs of danger — Eagle cries echo, but no birds are visible.
2026-01-06T05:00:00.000Z [road] @ Myrrka [The Grim Wolves, orc raiders] The Grim Wolves counterattack orc raiders invaders — As rose light crept across the land wolves howling from distant valleys. The peaks gleam with eternal snow. A lone tribal orc raiders, quarreling over spoils. The battle raged fiercely, but their resolve never wavered. Bridges spanning raging torrents marked the scene. The victors claim 15 coin worth of plunder.
2026-01-06T05:00:00.000Z [road] @ Azmarin The Wandering Peddlers makes camp under escort — Road to Belfos (road) quiet tonight.
2026-01-06T06:00:00.000Z [system] The world turns (January 6th, 2026) — 3 parties traveling, 1 resting. 1 threats lurk.
2026-01-06T06:00:00.000Z [road] @ Myrrka [The Grim Wolves] The Grim Wolves spot signs of danger — The ruins of a dwarven waystation, recently looted.
2026-01-06T06:00:00.000Z [road] @ Greenmist [Parthenius's Band] Parthenius's Band spot signs of danger — Giant footprints in the snow, each as long as a man is tall.
2026-01-06T06:00:00.000Z [road] @ The Whispers Tower [Tiede's Band, mountain lions] mountain lions attack Tiede's Band without warning — With the first cock-crow rain pattering on slate roofs. A few red-eyed in the dark mountain lions, watching warily. Strategic retreat preserved their strength.
2026-01-06T06:00:00.000Z [road] @ Myrrka [Molora] Molora flees Myrrka — Driven by The Grim Wolves clash with ogre, they take to the road toward Greenmist.
2026-01-06T07:00:00.000Z [road] @ Myrrka [The Grim Wolves, dwarven patrols] dwarven patrols surround The Grim Wolves in a coordinated attack — As folk went about their labors streams bubbling over smooth stones. Two or three night-hunting dwarven patrols, moving with purpose. The foe's formation broke under relentless pressure. A well-timed spell from their caster turned the tide. The victors claim 45 coin worth of plunder.
2026-01-06T07:00:00.000Z [road] @ Greenmist [Parthenius's Band, Jesmaine's giant eagles] Parthenius's Band battle Jesmaine's giant eagles for control of the path — As smoke rose from breakfast fires A group of dangerous giant eagles, apparently startled. Victory came at great cost, but the path was secured. The victors claim 57 coin worth of plunder.
2026-01-06T07:00:00.000Z [road] @ Greenmist [Parthenius's Band] Parthenius's Band spot goblins and avoid notice — They detour carefully, leaving only faint tracks.
2026-01-06T07:00:00.000Z [town] @ Windleigh Northbeach Traders arrives at Windleigh — Bringing grain/textiles from Belfos with escorts.
2026-01-06T07:00:00.000Z [town] @ Windleigh Emlyn arrives in Windleigh — scout from Minasfeld
2026-01-06T07:00:00.000Z [town] @ Windleigh Ilene arrives in Windleigh — bard from Windleigh
2026-01-06T07:00:00.000Z [town] @ Belfos The Wandering Peddlers arrives at Belfos — Bringing grain/textiles from Azmarin with escorts.
2026-01-06T07:00:00.000Z [town] @ Belfos Katixa arrives in Belfos — guard from Myrrka
2026-01-06T07:00:00.000Z [town] @ Belfos Gawyne arrives in Belfos — bard from Myrrka
2026-01-06T07:00:00.000Z [road] @ Myrrka [The Grim Wolves] The Grim Wolves grows in power! — Through hardship and battle, the members of The Grim Wolves have reached level 3.
2026-01-06T08:00:00.000Z [dungeon] @ Myrrka [The Grim Wolves] The Grim Wolves discovers Ashen Sanctum — With the sun climbing steadily streams bubbling over smooth stones. They have found An ancient ashen sanctum from the Empire of Dust. Ashen Sanctum was once a center of war before its fall.
2026-01-06T08:00:00.000Z [road] @ Greenmist [Parthenius's Band, goblins] Parthenius's Band signal peaceful intentions to goblins — Amid the bustle of morning trade cedar incense from monasteries hung in the air. Many night-hunting goblins, tracking something. The meeting ended with mutual respect, if not friendship.
2026-01-06T08:00:00.000Z [town] @ Greenmist Mood darkens in Greenmist — Following recent events, the people's spirit sinks.
2026-01-06T09:00:00.000Z [road] @ Myrrka [The Grim Wolves, goblins] The Grim Wolves hide their valuables from view — Under a brightening sky a frozen waterfall. The peaks gleam with eternal snow. Many night-hunting goblins, arguing among themselves. They traded information as valuable as gold.
2026-01-06T09:00:00.000Z [road] @ Greenmist [Parthenius's Band, goblins] goblins eye Parthenius's Band suspiciously — With the sun climbing steadily charred wood from forest fires hung in the air. Many sneaky goblins, carrying plunder. They parted as wary allies rather than bitter enemies.
2026-01-06T09:00:00.000Z [road] @ The Whispers Tower [Tiede's Band] Tiede's Band shadowed by orc raiders — Tense standoff; both sides withdraw before blades are drawn.
2026-01-06T09:00:00.000Z [road] @ Windleigh Northbeach Traders makes camp under escort — Road to Belfos (road) quiet tonight.
2026-01-06T09:00:00.000Z [town] @ Greenmist [Eryalus, Irantzu] Eryalus instructs Irantzu — The student shows promise—or perhaps stubborn foolishness.
⏰ Catch-up progress: 28% (200/711 turns)2026-01-06T10:00:00.000Z [road] @ Myrrka [The Wandering Merchants, Sons of the Wolf] The Wandering Merchants is raided! — Sons of the Wolf forces have intercepted the caravan en route to Belfos.
2026-01-06T10:00:00.000Z [town] @ Myrrka Trade routes near Myrrka grow dangerous — Merchants speak of losses. Some refuse to travel until the roads are secured.
2026-01-06T10:00:00.000Z [road] @ Belfos The Wandering Peddlers makes camp under escort — Road to Azmarin (road) quiet tonight.
2026-01-06T11:00:00.000Z [road] @ Greenmist [Parthenius's Band] Parthenius's Band spot ogre and avoid notice — They detour carefully, leaving only faint tracks.
2026-01-06T11:00:00.000Z [road] @ Myrrka The Wandering Merchants makes camp under escort — Road to Belfos (road) quiet tonight.
2026-01-06T11:00:00.000Z [town] @ Myrrka Camp Fever fades in Myrrka — The worst of the sickness has passed. The bells ring in celebration.
2026-01-06T12:00:00.000Z [system] The world turns (January 6th, 2026) — 3 parties traveling, 1 resting. 1 threats lurk.
2026-01-06T12:00:00.000Z [road] @ Myrrka [The Grim Wolves, wyverns] The Grim Wolves signal peaceful intentions to wyverns — Under the high sun the splash of mountain streams. A group of wary wyverns, watching warily. The odds were insurmountable; they chose life over glory.
2026-01-06T12:00:00.000Z [road] @ The Whispers Tower [Tiede's Band, Cresseid the shadow-cloaked] Cresseid the shadow-cloaked surround Tiede's Band in a coordinated attack — In the drowsy heat of noon Two or three shadow-cloaked goatherds, watching warily. They retreated with honor intact.
2026-01-06T13:00:00.000Z [road] @ Myrrka [The Grim Wolves] The Grim Wolves shadowed by orc raiders — Tense standoff; both sides withdraw before blades are drawn.
2026-01-06T14:00:00.000Z [road] @ The Whispers Tower [Tiede's Band] Tiede's Band spot signs of danger — Caves in the hillside show signs of habitation.
2026-01-06T14:00:00.000Z [road] @ Myrrka [The Grim Wolves] The Grim Wolves spot orc raiders and avoid notice — They detour carefully, leaving only faint tracks.
2026-01-06T15:00:00.000Z [road] @ Myrrka [The Grim Wolves] The Grim Wolves ambushed by goblins — Forced retreat; they fall back to regroup.
2026-01-06T15:00:00.000Z [road] @ Myrrka The Wandering Merchants makes camp under escort — Road to Belfos (road) quiet tonight.
