2026-01-01T00:00:00.000Z [system] The chronicle begins: Standard — 1st of Deepwinter, Year 2026. The simulation awakens in an era known as the Standard.
2026-01-01T00:00:00.000Z [town] @ Belfos Belfos stirs to life — Guild banners snapped in the breeze while decent folk lay sleeping.
2026-01-01T00:00:00.000Z [town] @ Windleigh Windleigh stirs to life — Guild banners snapped in the breeze in the hush of late night.
2026-01-01T00:00:00.000Z [faction] @ Windleigh [Dionysios] A new tale begins: "Seals Breaking" — Ancient wards fail. What they imprisoned walks again.
2026-01-01T00:00:00.000Z [town] @ Azmarin Azmarin stirs to life — A crier announced the day's proclamations in the hush of late night.
2026-01-01T00:00:00.000Z [town] @ Minasfeld Minasfeld stirs to life — Children chased each other through muddy lanes while decent folk lay sleeping.
2026-01-01T00:00:00.000Z [town] @ Myrrka Myrrka stirs to life — A crier announced the day's proclamations with only moonlight for company.
2026-01-01T00:00:00.000Z [faction] @ Myrrka [Engelwara] A new tale begins: "The Old Darkness Returns" — Engelwara races to prevent catastrophe.
2026-01-01T00:00:00.000Z [town] @ Greenmist Greenmist stirs to life — Chickens scattered before approaching travelers as owls hunted in darkness.
2026-01-01T00:00:00.000Z [faction] @ Myrrka [Mendia the Pallid] The shadow of Mendia the Pallid falls over the region — Wizards whisper of forbidden arts practiced in secret.
2026-01-01T00:00:00.000Z [road] @ Belfos [The Grim Wolves] The Grim Wolves departs Belfos — Bound for Azmarin across road (~12 miles).
2026-01-01T00:00:00.000Z [town] @ Belfos Belfos folk watchful — Shortages in grain/ore.
2026-01-01T00:00:00.000Z [town] @ Belfos Rumor in Belfos — Levies rumored to secure grain; officials say caravans delayed.
2026-01-01T00:00:00.000Z [town] @ Belfos Rumor in Belfos — The Storm Guild watches the markets quietly.
2026-01-01T00:00:00.000Z [town] @ Belfos Rumor in Belfos — Sons of the Wolf watches the markets quietly.
2026-01-01T00:00:00.000Z [town] @ Belfos Rumor in Belfos — Order of the Hawk watches the markets quietly.
2026-01-01T00:00:00.000Z [town] @ Belfos Rumor in Belfos — Circle of the Dawn watches the markets quietly.
2026-01-01T00:00:00.000Z [town] @ Belfos Rumor in Belfos — The Hawk Compact watches the markets quietly.
2026-01-01T00:00:00.000Z [town] @ Windleigh Windleigh folk watchful — Surplus ore/fish and shortages in textiles/salt.
2026-01-01T00:00:00.000Z [town] @ Windleigh Rumor in Windleigh — Levies rumored to secure textiles; officials say caravans delayed.
2026-01-01T00:00:00.000Z [town] @ Azmarin Azmarin spirits high — Surplus textiles/salt and shortages in ore.
2026-01-01T00:00:00.000Z [town] @ Azmarin Rumor in Azmarin — official mystery: a wounded messenger says Gabrielia heard of villagers hearing chanting at dusk (from Azmarin).
2026-01-01T00:00:00.000Z [town] @ Azmarin Rumor in Azmarin — Sons of the Wolf watches the markets quietly.
2026-01-01T00:00:00.000Z [town] @ Minasfeld Minasfeld folk watchful — Surplus livestock.
2026-01-01T00:00:00.000Z [town] @ Minasfeld Rumor in Minasfeld — Sons of the Wolf watches the markets quietly.
2026-01-01T00:00:00.000Z [town] @ Minasfeld Rumor in Minasfeld — Circle of the Dawn watches the markets quietly.
2026-01-01T00:00:00.000Z [town] @ Myrrka Katixa seen in Myrrka markets — guard haggles and swaps news.
2026-01-01T00:00:00.000Z [town] @ Myrrka Molora seen in Myrrka markets — scout haggles and swaps news.
2026-01-01T00:00:00.000Z [town] @ Myrrka Myrrka folk watchful — Surplus textiles and shortages in salt.
2026-01-01T00:00:00.000Z [town] @ Myrrka Rumor in Myrrka — conflicting mystery: a wandering priest says Gisila heard of missing heirlooms traced toward Wealdlock Crypt (from Myrrka).
2026-01-01T00:00:00.000Z [town] @ Greenmist Eryalus seen in Greenmist markets — laborer haggles and swaps news.
2026-01-01T00:00:00.000Z [town] @ Greenmist Eadmund seen in Greenmist markets — laborer haggles and swaps news.
2026-01-01T00:00:00.000Z [town] @ Greenmist Greenmist tempers frayed — Surplus grain/textiles and shortages in ore/salt/fish/livestock.
2026-01-01T00:00:00.000Z [town] @ Greenmist Rumor in Greenmist — Levies rumored to secure salt; officials say caravans delayed.
2026-01-01T00:00:00.000Z [weather] A great omen: shadows move against the light — Across the land, shadows move against the light. Some weep with joy; others weep with terror.
2026-01-01T01:00:00.000Z [town] @ Myrrka Word spreads in Myrrka — Travelers speak of Mendia the Pallid. Ascending to godhood.
2026-01-01T01:00:00.000Z [town] @ Myrrka Mood darkens in Myrrka — Following recent events, the people's spirit sinks.
2026-01-01T01:00:00.000Z [road] @ hex:2,8 chimera and giant-snake tensions rise — Two populations eye the same territory. Conflict seems inevitable.
2026-01-01T01:00:00.000Z [road] @ hex:5,9 golem-stone and orc tensions rise — Two populations eye the same territory. Conflict seems inevitable.
2026-01-01T02:00:00.000Z [road] @ hex:7,7 rust-monster and pyrolisk tensions rise — Two populations eye the same territory. Conflict seems inevitable.
2026-01-01T02:00:00.000Z [faction] @ hex:7,7 [Orsola] A new tale begins: "Tracking the Orsola" — Orsola stalks a dangerous quarry across the region.
2026-01-01T02:00:00.000Z [road] @ hex:7,8 pyrolisk and revenant tensions rise — Two populations eye the same territory. Conflict seems inevitable.
2026-01-01T03:00:00.000Z [road] @ Belfos [The Grim Wolves, patrol guards] The Grim Wolves skirt around wary patrol guards — As even the taverns fell silent an abandoned cart with broken axles. The road stretches grey beneath grey skies. A handful of territorial patrol guards, watching warily. Sometimes wisdom is knowing when to flee. Merchant stalls lined along the roadside marked the scene.
2026-01-01T03:00:00.000Z [road] @ Belfos [The Grim Wolves] The Grim Wolves parley with patrolling guards — Trade news and share a quick meal before parting ways.
2026-01-01T03:00:00.000Z [town] @ Minasfeld [Theodric] Construction continues on Theodric's stronghold — Masons and laborers work tirelessly. The foundations are deep and the walls rise.
2026-01-01T03:00:00.000Z [town] @ Minasfeld [Wantelien] Magical mist chokes Minasfeld — A toxic green cloud, conjured by Wantelien, rolls through the streets. Panic ensues.
2026-01-01T03:00:00.000Z [faction] The Storm Guild declares a shortage of grain — Their stockpiles are low. They will seek grain by any means necessary.
2026-01-01T03:00:00.000Z [faction] Sons of the Wolf declares a shortage of timber — Their stockpiles are low. They will seek timber by any means necessary.
2026-01-01T04:00:00.000Z [road] @ Belfos Beroldus's Wagons makes camp under escort — Road to Greenmist (road) quiet tonight.
2026-01-01T04:00:00.000Z [town] @ Windleigh [Gabone, The Crimson Purse] Merchant refuses The Crimson Purse's "protection" — Gabone stands up to the guild. A brave but perhaps foolish act.
2026-01-01T04:00:00.000Z [road] @ hex:2,7 golem-stone and chimera tensions rise — Two populations eye the same territory. Conflict seems inevitable.
2026-01-01T04:00:00.000Z [road] @ hex:7,6 su-monster and giant-eel tensions rise — Two populations eye the same territory. Conflict seems inevitable.
2026-01-01T05:00:00.000Z [faction] The Storm Guild declares a shortage of livestock — Their stockpiles are low. They will seek livestock by any means necessary.
2026-01-01T05:00:00.000Z [road] @ hex:2,5 giant-raven and golem-stone tensions rise — Two populations eye the same territory. Conflict seems inevitable.
2026-01-01T06:00:00.000Z [road] @ Belfos Beroldus's Wagons makes camp under escort — Road to Greenmist (road) quiet tonight.
2026-01-01T06:00:00.000Z [faction] Sons of the Wolf declares a shortage of fish — Their stockpiles are low. They will seek fish by any means necessary.
2026-01-01T06:00:00.000Z [faction] The Hawk Compact declares a shortage of grain — Their stockpiles are low. They will seek grain by any means necessary.
2026-01-01T06:00:00.000Z [road] @ hex:2,8 chimera and worg tensions rise — Two populations eye the same territory. Conflict seems inevitable.
2026-01-01T07:00:00.000Z [road] @ Belfos [The Grim Wolves] The Grim Wolves shadowed by merchants — Tense standoff; both sides withdraw before blades are drawn.
2026-01-01T07:00:00.000Z [faction] Order of the Hawk declares a shortage of fish — Their stockpiles are low. They will seek fish by any means necessary.
2026-01-01T07:00:00.000Z [faction] Circle of the Dawn declares a shortage of timber — Their stockpiles are low. They will seek timber by any means necessary.
2026-01-01T07:00:00.000Z [road] @ hex:1,8 glabrezu and giant-centipede tensions rise — Two populations eye the same territory. Conflict seems inevitable.
2026-01-01T07:00:00.000Z [road] @ hex:2,9 worg and bear tensions rise — Two populations eye the same territory. Conflict seems inevitable.
2026-01-01T07:00:00.000Z [road] @ hex:7,6 su-monster and goblin tensions rise — Two populations eye the same territory. Conflict seems inevitable.
2026-01-01T08:00:00.000Z [road] @ hex:7,6 su-monster and rust-monster tensions rise — Two populations eye the same territory. Conflict seems inevitable.
2026-01-01T08:00:00.000Z [road] @ hex:4,5 drow wiped out in hex:4,5 — The last of the drow have fallen. The region grows quieter—for now.
2026-01-01T09:00:00.000Z [road] @ Belfos The Wandering Merchants makes camp under escort — Road to Myrrka (road) quiet tonight.
2026-01-01T09:00:00.000Z [road] @ hex:1,8 glabrezu and giant-snake tensions rise — Two populations eye the same territory. Conflict seems inevitable.
2026-01-01T10:00:00.000Z [faction] [The Storm Guild, Sons of the Wolf] The Storm Guild proposes marriage alliance with Sons of the Wolf — Envoys are sent. Dowries discussed. A political wedding could reshape alliances.
2026-01-01T10:00:00.000Z [faction] Order of the Hawk declares a shortage of timber — Their stockpiles are low. They will seek timber by any means necessary.
2026-01-01T10:00:00.000Z [faction] Circle of the Dawn declares a shortage of livestock — Their stockpiles are low. They will seek livestock by any means necessary.
2026-01-01T10:00:00.000Z [town] @ Windleigh [Katherne, The Crimson Purse] Merchant refuses The Crimson Purse's "protection" — Katherne stands up to the guild. A brave but perhaps foolish act.
2026-01-01T11:00:00.000Z [road] @ Belfos [The New Caravan, Sons of the Wolf] The New Caravan is raided! — Sons of the Wolf forces have intercepted the caravan en route to Minasfeld.
2026-01-01T11:00:00.000Z [faction] @ Belfos [The New Caravan, Sons of the Wolf] A new tale begins: "Burning Dawn" — The New Caravan strikes fast at Belfos and withdraws before retaliation.
2026-01-01T11:00:00.000Z [town] @ Belfos Trade routes near Belfos grow dangerous — Merchants speak of losses. Some refuse to travel until the roads are secured.
2026-01-01T11:00:00.000Z [faction] @ Belfos [Iraia] A new tale begins: "Tracking the Iraia" — Iraia stalks a dangerous quarry across the region.
2026-01-01T11:00:00.000Z [road] @ Belfos The Wandering Peddlers makes camp under escort — Road to Azmarin (road) quiet tonight.
2026-01-01T11:00:00.000Z [town] @ Myrrka [Katixa, Irantzu] Katixa barely avoids confrontation with Irantzu — The feud grows more dangerous by the day.
2026-01-01T11:00:00.000Z [faction] Sons of the Wolf declares a shortage of textiles — Their stockpiles are low. They will seek textiles by any means necessary.
2026-01-01T12:00:00.000Z [road] @ Azmarin [The Grim Wolves] The Grim Wolves arrives at Azmarin — They find an inn and stable their mounts.
2026-01-01T12:00:00.000Z [faction] Order of the Hawk declares a shortage of salt — Their stockpiles are low. They will seek salt by any means necessary.
2026-01-01T12:00:00.000Z [town] @ Azmarin [Danaus, The Shadow Hand] Merchant refuses The Shadow Hand's "protection" — Danaus stands up to the guild. A brave but perhaps foolish act.
2026-01-01T12:00:00.000Z [road] @ hex:2,9 worg and giant-snake tensions rise — Two populations eye the same territory. Conflict seems inevitable.
2026-01-01T12:00:00.000Z [road] @ hex:4,3 nightwalker and giant-raven tensions rise — Two populations eye the same territory. Conflict seems inevitable.
2026-01-01T13:00:00.000Z [road] @ Belfos The New Caravan makes camp under escort — Road to Minasfeld (road) quiet tonight.
2026-01-01T13:00:00.000Z [town] @ Windleigh [The Crimson Purse, Rogerus] The Crimson Purse plans a job against Northbeach Traders — The princes of thieves have set their sights on a caravan. Rogerus leads the planning. It will take approximately 2 days to prepare.
2026-01-01T14:00:00.000Z [faction] Sons of the Wolf declares a shortage of livestock — Their stockpiles are low. They will seek livestock by any means necessary.
2026-01-01T14:00:00.000Z [faction] Circle of the Dawn declares a shortage of textiles — Their stockpiles are low. They will seek textiles by any means necessary.
2026-01-01T15:00:00.000Z [faction] Circle of the Dawn declares a shortage of fish — Their stockpiles are low. They will seek fish by any means necessary.
2026-01-01T16:00:00.000Z [town] @ Belfos [Izot] Izot masters a new spell: Lightning Bolt — After weeks of intense study and meditation, the bard has unlocked new power.
2026-01-01T16:00:00.000Z [faction] [Order of the Hawk, The Storm Guild] Order of the Hawk proposes marriage alliance with The Storm Guild — Envoys are sent. Dowries discussed. A political wedding could reshape alliances.
2026-01-01T16:00:00.000Z [faction] The Storm Guild declares a shortage of textiles — Their stockpiles are low. They will seek textiles by any means necessary.
2026-01-01T16:00:00.000Z [road] @ hex:5,3 giant-raven and phantom clash — Territorial war erupts! The phantom triumph, but 4 fall. The giant-raven lose 9 and retreat.
2026-01-01T16:00:00.000Z [road] @ hex:7,6 su-monster and giant-eel clash — Territorial war erupts! The giant-eel triumph, but 4 fall. The su-monster lose 1 and retreat.
2026-01-01T16:00:00.000Z [faction] @ Myrrka [Mendia] half-orc-bandit rally to Mendia — The half-orc-bandit of hex:3,1 swear allegiance to Mendia the Pallid. Their numbers swell the villain's forces.
2026-01-01T17:00:00.000Z [faction] The Storm Guild declares a shortage of salt — Their stockpiles are low. They will seek salt by any means necessary.
2026-01-01T17:00:00.000Z [faction] Order of the Hawk declares a shortage of livestock — Their stockpiles are low. They will seek livestock by any means necessary.
2026-01-01T17:00:00.000Z [faction] @ Myrrka [Mendia] skeleton rally to Mendia — The skeleton of The Sanctum of Blighted Death swear allegiance to Mendia the Pallid. Their numbers swell the villain's forces.
2026-01-01T18:00:00.000Z [faction] The Hawk Compact declares a shortage of ore — Their stockpiles are low. They will seek ore by any means necessary.
2026-01-01T18:00:00.000Z [road] @ hex:7,7 rust-monster and revenant tensions rise — Two populations eye the same territory. Conflict seems inevitable.
2026-01-01T19:00:00.000Z [faction] Sons of the Wolf declares a shortage of salt — Their stockpiles are low. They will seek salt by any means necessary.
2026-01-01T19:00:00.000Z [road] @ hex:5,8 pegasus and golem-stone tensions rise — Two populations eye the same territory. Conflict seems inevitable.
2026-01-01T20:00:00.000Z [faction] Circle of the Dawn declares a shortage of grain — Their stockpiles are low. They will seek grain by any means necessary.
2026-01-01T20:00:00.000Z [road] @ hex:2,8 chimera and giant-snake clash — Territorial war erupts! The chimera triumph, but 0 fall. The giant-snake lose 16 and retreat.
2026-01-01T20:00:00.000Z [road] @ hex:3,2 bear and skeleton clash — Territorial war erupts! The skeleton triumph, but 2 fall. The bear lose 0 and retreat.
2026-01-01T21:00:00.000Z [road] @ Windleigh [Northbeach Traders, Sons of the Wolf] Northbeach Traders is raided! — Sons of the Wolf forces have intercepted the caravan en route to Belfos.
2026-01-01T21:00:00.000Z [town] @ Windleigh Trade routes near Windleigh grow dangerous — Merchants speak of losses. Some refuse to travel until the roads are secured.
2026-01-01T21:00:00.000Z [road] @ Belfos The Wandering Peddlers makes camp under escort — Road to Azmarin (road) quiet tonight.
2026-01-01T21:00:00.000Z [road] @ hex:3,7 giant-snake and orc clash — Territorial war erupts! The orc triumph, but 6 fall. The giant-snake lose 9 and retreat.
2026-01-01T21:00:00.000Z [road] @ hex:7,9 revenant and nereid tensions rise — Two populations eye the same territory. Conflict seems inevitable.
2026-01-01T22:00:00.000Z [road] @ Belfos The New Caravan makes camp under escort — Road to Minasfeld (road) quiet tonight.
2026-01-01T22:00:00.000Z [town] @ Belfos [The Shadow Hand, Megethia] The Shadow Hand plans a job against a Belfos merchant — The rulers of the shadows have set their sights on a merchant. Megethia leads the planning. It will take approximately 2 days to prepare.
2026-01-01T22:00:00.000Z [road] @ hex:2,9 worg and bear clash — Territorial war erupts! The bear triumph, but 0 fall. The worg lose 1 and retreat.
2026-01-01T23:00:00.000Z [road] @ Belfos [Beroldus's Wagons, Sons of the Wolf] Beroldus's Wagons is raided! — Sons of the Wolf forces have intercepted the caravan en route to Greenmist.
2026-01-01T23:00:00.000Z [town] @ Belfos Trade routes near Belfos grow dangerous — Merchants speak of losses. Some refuse to travel until the roads are secured.
2026-01-01T23:00:00.000Z [faction] [The Hawk Compact, The Storm Guild] The Hawk Compact proposes marriage alliance with The Storm Guild — Envoys are sent. Dowries discussed. A political wedding could reshape alliances.
2026-01-01T23:00:00.000Z [faction] Circle of the Dawn declares a shortage of salt — Their stockpiles are low. They will seek salt by any means necessary.
2026-01-01T23:00:00.000Z [road] @ hex:2,8 chimera and orc clash — Territorial war erupts! The orc triumph, but 3 fall. The chimera lose 3 and retreat.
2026-01-01T23:00:00.000Z [road] @ hex:2,8 chimera submit to orc — The beaten chimera now serve their conquerors.
2026-01-01T23:00:00.000Z [road] @ hex:5,8 pegasus and orc tensions rise — Two populations eye the same territory. Conflict seems inevitable.
2026-01-01T23:00:00.000Z [road] @ hex:5,9 golem-stone and revenant clash — Territorial war erupts! The revenant triumph, but 5 fall. The golem-stone lose 3 and retreat.
2026-01-01T23:00:00.000Z [road] @ hex:5,9 golem-stone submit to revenant — The beaten golem-stone now serve their conquerors.
2026-01-01T23:00:00.000Z [road] @ hex:9,2 giant-eel and kelpie clash — Territorial war erupts! The giant-eel triumph, but 1 fall. The kelpie lose 6 and retreat.
2026-01-02T00:00:00.000Z [road] @ Belfos The New Caravan makes camp under escort — Road to Minasfeld (road) quiet tonight.
2026-01-02T00:00:00.000Z [faction] @ Myrrka [Mendia the Pallid] Agents of Mendia gather components — Graverobbing. Herb theft. Missing children.
2026-01-02T00:00:00.000Z [road] @ hex:2,9 worg and orc tensions rise — Two populations eye the same territory. Conflict seems inevitable.
2026-01-02T00:00:00.000Z [town] @ Minasfeld [Theodric] Theodric falls ill — The scout takes to their bed. Healers are summoned.
2026-01-02T00:00:00.000Z [road] @ Azmarin [The Grim Wolves] The Grim Wolves departs Azmarin — Bound for Belfos across road (~12 miles).
2026-01-02T00:00:00.000Z [road] @ Greenmist [Parthenius's Band] Parthenius's Band departs Greenmist — Bound for Windleigh across mountains (~24 miles).
2026-01-02T00:00:00.000Z [town] @ Belfos Belfos tempers frayed — Shortages in grain/ore.
2026-01-02T00:00:00.000Z [town] @ Belfos Rumor in Belfos — Levies rumored to secure grain; officials say caravans delayed.
2026-01-02T00:00:00.000Z [town] @ Belfos Rumor in Belfos — Circle of the Dawn watches the markets quietly.
2026-01-02T00:00:00.000Z [town] @ Windleigh Cybele seen in Windleigh markets — guard haggles and swaps news.
2026-01-02T00:00:00.000Z [town] @ Windleigh Ilene seen in Windleigh markets — bard haggles and swaps news.
2026-01-02T00:00:00.000Z [town] @ Windleigh Windleigh folk watchful — Surplus ore/fish and shortages in textiles/salt/livestock.
2026-01-02T00:00:00.000Z [town] @ Windleigh Rumor in Windleigh — Circle of the Dawn watches the markets quietly.
2026-01-02T00:00:00.000Z [town] @ Azmarin Azmarin spirits high — Surplus textiles/salt and shortages in ore.
2026-01-02T00:00:00.000Z [town] @ Azmarin Rumor in Azmarin — Bargain prices on salt; traders racing to Azmarin.
2026-01-02T00:00:00.000Z [town] @ Azmarin Rumor in Azmarin — Circle of the Dawn watches the markets quietly.
2026-01-02T00:00:00.000Z [town] @ Minasfeld Minasfeld folk watchful — Markets steady.
2026-01-02T00:00:00.000Z [town] @ Minasfeld Rumor in Minasfeld — Sons of the Wolf watches the markets quietly.
2026-01-02T00:00:00.000Z [town] @ Myrrka Myrrka tempers frayed — Surplus ore/textiles and shortages in salt.
2026-01-02T00:00:00.000Z [town] @ Myrrka Rumor in Myrrka — Levies rumored to secure salt; officials say caravans delayed.
2026-01-02T00:00:00.000Z [town] @ Myrrka Rumor in Myrrka — Circle of the Dawn watches the markets quietly.
2026-01-02T00:00:00.000Z [town] @ Myrrka Rumor in Myrrka — The Hawk Compact watches the markets quietly.
2026-01-02T00:00:00.000Z [town] @ Greenmist Eryalus seen in Greenmist markets — laborer haggles and swaps news.
2026-01-02T00:00:00.000Z [town] @ Greenmist Eadmund seen in Greenmist markets — laborer haggles and swaps news.
2026-01-02T00:00:00.000Z [town] @ Greenmist Greenmist tempers frayed — Surplus grain/textiles and shortages in ore/salt/fish.
2026-01-02T00:00:00.000Z [town] @ Greenmist Rumor in Greenmist — Levies rumored to secure fish; officials say caravans delayed.
2026-01-02T01:00:00.000Z [road] @ Greenmist [Parthenius's Band, ogres] ogres test Parthenius's Band's resolve with challenges — In the hush of late night hot springs steaming in rocky basins. An army of hungry ogres, emerging from concealment. Discretion proved the better part of valor.
2026-01-02T01:00:00.000Z [faction] @ Windleigh [Order of the Hawk] Order of the Hawk sends relief to Windleigh — Wagons of grain and medicine roll toward the suffering. Compassion—or calculated politics?
2026-01-02T01:00:00.000Z [faction] @ Windleigh [The Hawk Compact] The Hawk Compact sends relief to Windleigh — Wagons of grain and medicine roll toward the suffering. Compassion—or calculated politics?
2026-01-02T02:00:00.000Z [road] @ Belfos The Wandering Peddlers makes camp under escort — Road to Azmarin (road) quiet tonight.
2026-01-02T02:00:00.000Z [town] @ Minasfeld Mood darkens in Minasfeld — Following recent events, the people's spirit sinks.
2026-01-02T02:00:00.000Z [town] @ Greenmist [Eryalus] Construction continues on Eryalus's stronghold — Masons and laborers work tirelessly. The foundations are deep and the walls rise.
2026-01-02T02:00:00.000Z [road] @ hex:7,8 chaos-beast and revenant clash — Territorial war erupts! The revenant triumph, but 3 fall. The chaos-beast lose 3 and retreat.
2026-01-02T02:00:00.000Z [road] @ hex:7,8 chaos-beast submit to revenant — The beaten chaos-beast now serve their conquerors.
2026-01-02T03:00:00.000Z [dungeon] @ Azmarin [The Grim Wolves] The Grim Wolves discovers Forgotten Ossuary — When shadows grew deepest fresh horse droppings on the path. They have found An ancient forgotten ossuary from the Empire of Dust. Forgotten Ossuary was once a center of trade before its fall.
2026-01-02T03:00:00.000Z [road] @ hex:2,7 golem-stone and chimera tensions rise — Two populations eye the same territory. Conflict seems inevitable.
2026-01-02T03:00:00.000Z [road] @ hex:2,7 golem-stone and giant-snake tensions rise — Two populations eye the same territory. Conflict seems inevitable.
2026-01-02T03:00:00.000Z [road] @ hex:5,4 pyrohydra and grell clash — Territorial war erupts! The pyrohydra triumph, but 0 fall. The grell lose 2 and retreat.
2026-01-02T03:00:00.000Z [faction] @ Myrrka [Mendia] golem-bronze rally to Mendia — The golem-bronze of hex:6,1 swear allegiance to Mendia the Pallid. Their numbers swell the villain's forces.
2026-01-02T04:00:00.000Z [road] @ Windleigh Northbeach Traders makes camp under escort — Road to Belfos (road) quiet tonight.
2026-01-02T04:00:00.000Z [town] @ Azmarin Word spreads in Azmarin — A valuable shipment was lost near Belfos.
2026-01-02T04:00:00.000Z [road] @ hex:3,4 living-statue and nightwalker tensions rise — Two populations eye the same territory. Conflict seems inevitable.
2026-01-02T04:00:00.000Z [road] @ hex:5,8 pegasus and golem-stone clash — Territorial war erupts! The golem-stone triumph, but 0 fall. The pegasus lose 4 and retreat.
2026-01-02T05:00:00.000Z [road] @ Greenmist [Parthenius's Band] Parthenius's Band spot signs of danger — The ruins of a dwarven waystation, recently looted.
2026-01-02T05:00:00.000Z [road] @ Greenmist [Parthenius's Band, goblins] Parthenius's Band skirt around wary goblins — With the first cock-crow charred wood from forest fires hung in the air. Clouds obscure all but the lowest slopes. A lone feral goblins, carrying plunder. They left the meeting with hope for peaceful coexistence.
2026-01-02T05:00:00.000Z [faction] @ Myrrka [Engelwara] The Old Darkness Returns: Old artifacts reactivate. — Engelwara races to prevent catastrophe.
2026-01-02T05:00:00.000Z [road] @ hex:5,3 giant-raven and golem-bronze clash — Territorial war erupts! The golem-bronze triumph, but 0 fall. The giant-raven lose 5 and retreat.
2026-01-02T05:00:00.000Z [road] @ hex:4,8 orc and goblin clash — Territorial war erupts! The orc triumph, but 6 fall. The goblin lose 18 and retreat.
2026-01-02T06:00:00.000Z [road] @ Azmarin [The Grim Wolves, merchants] The Grim Wolves hide their valuables from view — As mist still clung to low places A single shadow-cloaked merchants, moving with purpose. A compromise was hammered out after tense negotiations.
2026-01-02T06:00:00.000Z [road] @ hex:4,3 nightwalker and giant-raven clash — Territorial war erupts! The nightwalker triumph, but 0 fall. The giant-raven lose 3 and retreat.
2026-01-02T07:00:00.000Z [road] @ Greenmist [Parthenius's Band, Ivetta's giant eagles] Parthenius's Band offer small gifts to appease Ivetta's giant eagles — Under a brightening sky the clean smell of glacial melt hung in the air. A handful of red-eyed in the dark giant eagles, apparently startled. They lived to fight—and win—another battle.
2026-01-02T07:00:00.000Z [town] @ Myrrka The Wandering Merchants arrives at Myrrka — Bringing livestock from Belfos with escorts under banner of Order of the Hawk.
2026-01-02T07:00:00.000Z [town] @ Myrrka Theodric arrives in Myrrka — scout from Minasfeld
2026-01-02T07:00:00.000Z [town] @ Myrrka Izot arrives in Myrrka — bard from Belfos
2026-01-02T07:00:00.000Z [town] @ Myrrka Rumor in Myrrka — Word spreads that The Wandering Merchants of Order of the Hawk reached Myrrka with livestock.
2026-01-02T07:00:00.000Z [town] @ Azmarin The Wandering Peddlers arrives at Azmarin — Bringing grain/textiles from Belfos with escorts.
2026-01-02T07:00:00.000Z [town] @ Azmarin Katixa arrives in Azmarin — guard from Myrrka
2026-01-02T07:00:00.000Z [town] @ Azmarin Gawyne arrives in Azmarin — bard from Myrrka
2026-01-02T07:00:00.000Z [town] @ Myrrka Word spreads in Myrrka — A valuable shipment was lost near Windleigh.
2026-01-02T07:00:00.000Z [road] @ hex:1,8 glabrezu and giant-centipede clash — Territorial war erupts! The glabrezu triumph, but 3 fall. The giant-centipede lose 24 and retreat.
2026-01-02T07:00:00.000Z [road] @ hex:6,4 phantom and goblin clash — Territorial war erupts! The phantom triumph, but 10 fall. The goblin lose 13 and retreat.
2026-01-02T08:00:00.000Z [road] @ Azmarin [The Grim Wolves] The Grim Wolves spot signs of danger — A broken wagon wheel lies by the verge. No sign of the wagon.
2026-01-02T08:00:00.000Z [town] @ Myrrka [Theodric, Eadmund] Theodric takes Eadmund under their wing — Wisdom passed from one generation to the next.
2026-01-02T08:00:00.000Z [faction] @ hex:7,7 [Orsola] Tracking the Orsola: A storm hampers the pursuit. — Orsola stalks a dangerous quarry across the region.
2026-01-02T08:00:00.000Z [road] @ hex:4,8 rakshasa and orc tensions rise — Two populations eye the same territory. Conflict seems inevitable.
2026-01-02T09:00:00.000Z [dungeon] @ Greenmist [Parthenius's Band] Parthenius's Band discovers Buried Archives — Amid the bustle of morning trade fresh goat cheese from herds hung in the air. They have found An ancient buried archives from the Empire of Dust. Buried Archives was once a center of war before its fall.
2026-01-02T09:00:00.000Z [faction] @ Greenmist [Parthenius's Band] A new tale begins: "Strange Happenings" — Parthenius's Band uncovers clues to something best left buried.
2026-01-02T09:00:00.000Z [town] @ Greenmist Word spreads in Greenmist — Thieves struck near Belfos. The roads grow dangerous.
2026-01-02T09:00:00.000Z [weather] @ Azmarin [Mainardus] Mainardus alters the weather — Through ancient incantations, the Elf calls forth clear over the region.
2026-01-02T09:00:00.000Z [road] @ hex:1,8 glabrezu and giant-snake tensions rise — Two populations eye the same territory. Conflict seems inevitable.
2026-01-02T09:00:00.000Z [road] @ hex:2,7 giant-centipede and golem-stone tensions rise — Two populations eye the same territory. Conflict seems inevitable.
2026-01-02T09:00:00.000Z [road] @ hex:4,3 nightwalker and giant-raven tensions rise — Two populations eye the same territory. Conflict seems inevitable.
2026-01-02T10:00:00.000Z [road] @ Belfos [The Grim Wolves] The Grim Wolves arrives at Belfos — They find an inn and stable their mounts.
2026-01-02T11:00:00.000Z [road] @ hex:2,5 giant-raven and golem-stone clash — Territorial war erupts! The golem-stone triumph, but 0 fall. The giant-raven lose 10 and retreat.
2026-01-02T11:00:00.000Z [road] @ hex:2,9 worg and orc clash — Territorial war erupts! The orc triumph, but 4 fall. The worg lose 2 and retreat.
2026-01-02T11:00:00.000Z [road] @ hex:3,7 giant-snake and rakshasa clash — Territorial war erupts! The rakshasa triumph, but 1 fall. The giant-snake lose 2 and retreat.
2026-01-02T11:00:00.000Z [road] @ hex:5,8 pegasus and orc clash — Territorial war erupts! The orc triumph, but 5 fall. The pegasus lose 3 and retreat.
2026-01-02T12:00:00.000Z [road] @ Greenmist [Parthenius's Band, yeti] Parthenius's Band learn local customs from friendly yeti — While sensible folk sought shade waterfalls plunging into deep pools. Clouds obscure all but the lowest slopes. Several scarce yeti, watching warily. They traded information as valuable as gold.
2026-01-02T12:00:00.000Z [faction] @ Azmarin [The Storm Guild] The Storm Guild eyes Azmarin for its textiles — Desperate for textiles, the faction has decided to take the settlement by force.
2026-01-02T12:00:00.000Z [faction] @ Windleigh [The Storm Guild] The Storm Guild sends relief to Windleigh — Wagons of grain and medicine roll toward the suffering. Compassion—or calculated politics?
2026-01-02T12:00:00.000Z [road] @ hex:2,8 chimera and worg clash — Territorial war erupts! The worg triumph, but 0 fall. The chimera lose 1 and retreat.
2026-01-02T13:00:00.000Z [road] @ Windleigh [Northbeach Traders, Sons of the Wolf] Northbeach Traders is raided! — Sons of the Wolf forces have intercepted the caravan en route to Belfos.
2026-01-02T13:00:00.000Z [town] @ Windleigh Trade routes near Windleigh grow dangerous — Merchants speak of losses. Some refuse to travel until the roads are secured.
2026-01-02T13:00:00.000Z [town] @ Minasfeld [Wantelien] Construction continues on Wantelien's stronghold — Masons and laborers work tirelessly. The foundations are deep and the walls rise.
2026-01-02T14:00:00.000Z [road] @ hex:2,7 giant-centipede and worg clash — Territorial war erupts! The worg triumph, but 0 fall. The giant-centipede lose 14 and retreat.
2026-01-02T14:00:00.000Z [road] @ hex:2,9 worg and giant-snake clash — Territorial war erupts! The worg triumph, but 0 fall. The giant-snake lose 4 and retreat.
2026-01-02T14:00:00.000Z [road] @ hex:5,3 giant-raven and pyrohydra tensions rise — Two populations eye the same territory. Conflict seems inevitable.
2026-01-02T15:00:00.000Z [town] @ Windleigh Disease outbreak in Windleigh! — Local healers have identified Yellow Plague among the populace. Fear spreads as quickly as the sickness.
2026-01-02T15:00:00.000Z [road] @ hex:3,4 living-statue and nightwalker clash — Territorial war erupts! The nightwalker triumph, but 1 fall. The living-statue lose 4 and retreat.
2026-01-02T15:00:00.000Z [road] @ hex:7,8 pyrolisk and revenant clash — Territorial war erupts! The revenant triumph, but 5 fall. The pyrolisk lose 4 and retreat.
2026-01-02T16:00:00.000Z [road] @ Greenmist [Parthenius's Band] Parthenius's Band spot signs of danger — A cairn of skulls marks a territorial boundary.
2026-01-02T16:00:00.000Z [road] @ hex:3,4 living-statue and giant-raven clash — Territorial war erupts! The living-statue triumph, but 1 fall. The giant-raven lose 2 and retreat.
2026-01-02T17:00:00.000Z [road] @ hex:2,5 giant-raven and nightwalker tensions rise — Two populations eye the same territory. Conflict seems inevitable.
2026-01-02T17:00:00.000Z [road] @ hex:3,9 bear and orc tensions rise — Two populations eye the same territory. Conflict seems inevitable.
2026-01-02T17:00:00.000Z [road] @ hex:5,4 pyrohydra and goblin clash — Territorial war erupts! The pyrohydra triumph, but 0 fall. The goblin lose 8 and retreat.
2026-01-02T18:00:00.000Z [faction] @ Belfos [Iraia] Tracking the Iraia: Tracks are found. The quarry draws near. — Iraia stalks a dangerous quarry across the region.
2026-01-02T18:00:00.000Z [road] @ hex:5,3 giant-raven and phantom clash — Territorial war erupts! The phantom triumph, but 6 fall. The giant-raven lose 1 and retreat.
2026-01-02T19:00:00.000Z [road] @ Greenmist [Parthenius's Band, giant eagles] giant eagles attack Parthenius's Band without warning — With the setting of the sun A few numerous giant eagles, blocking the path. They pressed their advantage until the enemy fled.
2026-01-02T19:00:00.000Z [town] @ Minasfeld The New Caravan arrives at Minasfeld — Bringing grain/textiles from Belfos with escorts.
2026-01-02T19:00:00.000Z [town] @ Minasfeld Cybele arrives in Minasfeld — guard from Windleigh
2026-01-02T19:00:00.000Z [town] @ Minasfeld Wantelien arrives in Minasfeld — bard from Minasfeld
2026-01-02T19:00:00.000Z [town] @ Greenmist Beroldus's Wagons arrives at Greenmist — Bringing salt/fish from Belfos with escorts under banner of Circle of the Dawn.
2026-01-02T19:00:00.000Z [town] @ Greenmist Mainardus arrives in Greenmist — scout from Azmarin
2026-01-02T19:00:00.000Z [town] @ Greenmist Eurydamus arrives in Greenmist — merchant from Windleigh
2026-01-02T19:00:00.000Z [town] @ Greenmist Rumor in Greenmist — Word spreads that Beroldus's Wagons of Circle of the Dawn reached Greenmist with salt/fish.
2026-01-02T19:00:00.000Z [town] @ Minasfeld [Hans-Ruedi] Hans-Ruedi vows vengeance — Following Theodric falls ill, the laborer swears an oath that cannot go unanswered.
2026-01-02T20:00:00.000Z [town] @ Windleigh Gabone's shop burns — A midnight fire. No one is surprised. The message is clear.
2026-01-02T20:00:00.000Z [road] @ hex:3,7 giant-snake and rakshasa tensions rise — Two populations eye the same territory. Conflict seems inevitable.
2026-01-02T20:00:00.000Z [road] @ hex:5,3 giant-raven and golem-bronze tensions rise — Two populations eye the same territory. Conflict seems inevitable.
2026-01-02T21:00:00.000Z [road] @ Greenmist [Parthenius's Band] Parthenius's Band discovers The Crystalline Monolith — As the stars emerged one by one avalanches rumbling in the distance. A crystalline monolith, etched with shifting, golden runes. A sudden vision of what is to come flashes before them.
2026-01-02T21:00:00.000Z [town] @ Greenmist Word spreads in Greenmist — Thieves struck near Windleigh. The roads grow dangerous.
2026-01-02T21:00:00.000Z [road] @ hex:1,8 glabrezu and giant-snake clash — Territorial war erupts! The glabrezu triumph, but 1 fall. The giant-snake lose 1 and retreat.
2026-01-02T21:00:00.000Z [road] @ hex:3,7 giant-snake submit to glabrezu — The beaten giant-snake now serve their conquerors.
2026-01-02T22:00:00.000Z [road] @ Greenmist [Parthenius's Band] Parthenius's Band discovers The Perfectly smooth Monolith — As the stars emerged one by one avalanche scars on rocky faces. A perfectly smooth monolith, surrounded by a thin, unnerving mist. They uncover a fragment of lost history.
2026-01-02T22:00:00.000Z [road] @ Myrrka The Wandering Merchants makes camp under escort — Road to Belfos (road) quiet tonight.
2026-01-02T22:00:00.000Z [road] @ hex:6,1 golem-bronze and skeleton clash — Territorial war erupts! The skeleton triumph, but 2 fall. The golem-bronze lose 4 and retreat.
2026-01-02T22:00:00.000Z [road] @ hex:6,1 golem-bronze submit to skeleton — The beaten golem-bronze now serve their conquerors.
2026-01-02T22:00:00.000Z [road] @ hex:7,6 su-monster and rust-monster clash — Territorial war erupts! The rust-monster triumph, but 1 fall. The su-monster lose 1 and retreat.
2026-01-02T22:00:00.000Z [road] @ hex:9,3 kelpie and giant-eel clash — Territorial war erupts! The giant-eel triumph, but 5 fall. The kelpie lose 3 and retreat.
2026-01-02T22:00:00.000Z [road] @ hex:9,3 kelpie submit to giant-eel — The beaten kelpie now serve their conquerors.
2026-01-02T23:00:00.000Z [town] @ Azmarin Word spreads in Azmarin — A valuable shipment was lost near Windleigh.
2026-01-02T23:00:00.000Z [road] @ hex:4,8 rakshasa and orc clash — Territorial war erupts! The rakshasa triumph, but 0 fall. The orc lose 11 and retreat.
2026-01-03T00:00:00.000Z [road] @ Greenmist [Parthenius's Band] Parthenius's Band spot signs of danger — A cairn of skulls marks a territorial boundary.
2026-01-03T00:00:00.000Z [road] @ Greenmist [Parthenius's Band, giant eagles] Tense standoff between Parthenius's Band and giant eagles — As owls hunted in darkness A band of red-eyed in the dark giant eagles, apparently startled. They ran. There was no shame in it—only survival.
2026-01-03T00:00:00.000Z [road] @ hex:5,4 pyrohydra and goblin tensions rise — Two populations eye the same territory. Conflict seems inevitable.
2026-01-03T00:00:00.000Z [town] @ Myrrka [Theodric] Theodric is dying — The end approaches for the scout. Family and rivals alike watch and wait.
2026-01-03T00:00:00.000Z [weather] @ Belfos The frozen roads isolate Belfos — No word in or out. What happens in the settlement, stays there.
2026-01-03T00:00:00.000Z [town] @ Belfos Belfos tempers frayed — Shortages in grain/ore.
2026-01-03T00:00:00.000Z [town] @ Belfos Rumor in Belfos — cryptic plot: a wandering priest says Evrardin heard of missing heirlooms traced toward The Sanctum of Blighted Death (from Belfos).
2026-01-03T00:00:00.000Z [town] @ Belfos Rumor in Belfos — The Storm Guild watches the markets quietly.
2026-01-03T00:00:00.000Z [town] @ Windleigh Ilene seen in Windleigh markets — bard haggles and swaps news.
2026-01-03T00:00:00.000Z [town] @ Windleigh Windleigh folk watchful — Surplus ore/fish and shortages in textiles/salt/livestock.
2026-01-03T00:00:00.000Z [town] @ Windleigh Rumor in Windleigh — Levies rumored to secure livestock; officials say caravans delayed.
2026-01-03T00:00:00.000Z [town] @ Azmarin Katixa seen in Azmarin markets — guard haggles and swaps news.
2026-01-03T00:00:00.000Z [town] @ Azmarin Gawyne seen in Azmarin markets — bard haggles and swaps news.
2026-01-03T00:00:00.000Z [town] @ Azmarin Azmarin spirits high — Surplus grain/textiles/salt and shortages in ore.
2026-01-03T00:00:00.000Z [town] @ Azmarin Rumor in Azmarin — Levies rumored to secure ore; officials say caravans delayed.
2026-01-03T00:00:00.000Z [town] @ Minasfeld Cybele seen in Minasfeld markets — guard haggles and swaps news.
2026-01-03T00:00:00.000Z [town] @ Minasfeld Hans-Ruedi seen in Minasfeld markets — laborer haggles and swaps news.
2026-01-03T00:00:00.000Z [town] @ Minasfeld Minasfeld folk watchful — Markets steady.
2026-01-03T00:00:00.000Z [town] @ Minasfeld Rumor in Minasfeld — Order of the Hawk watches the markets quietly.
2026-01-03T00:00:00.000Z [town] @ Minasfeld Rumor in Minasfeld — The Hawk Compact watches the markets quietly.
2026-01-03T00:00:00.000Z [town] @ Myrrka Myrrka tempers frayed — Surplus ore/textiles and shortages in salt.
2026-01-03T00:00:00.000Z [town] @ Myrrka Rumor in Myrrka — Levies rumored to secure salt; officials say caravans delayed.
2026-01-03T00:00:00.000Z [town] @ Myrrka Rumor in Myrrka — Circle of the Dawn watches the markets quietly.
2026-01-03T00:00:00.000Z [town] @ Greenmist Mainardus seen in Greenmist markets — scout haggles and swaps news.
2026-01-03T00:00:00.000Z [town] @ Greenmist Eurydamus seen in Greenmist markets — merchant haggles and swaps news.
2026-01-03T00:00:00.000Z [town] @ Greenmist Greenmist tempers frayed — Surplus grain/textiles and shortages in ore.
2026-01-03T01:00:00.000Z [road] @ Greenmist [Parthenius's Band, trolls] Parthenius's Band clash with trolls — While decent folk lay sleeping crystal formations in cave mouths. A solitary shadow-cloaked trolls, watching warily. Steel rang and blood was spilled, but they prevailed.
2026-01-03T02:00:00.000Z [road] @ Greenmist [Parthenius's Band, yeti] Parthenius's Band trade news with passing yeti — As even the taverns fell silent wind howling through rocky passes. A single red-eyed in the dark yeti, moving with purpose. They left the meeting with hope for peaceful coexistence.
2026-01-03T02:00:00.000Z [road] @ Greenmist Beroldus's Wagons makes camp under escort — Road to Belfos (road) quiet tonight.
2026-01-03T02:00:00.000Z [road] @ Azmarin [The Wandering Peddlers, Sons of the Wolf] The Wandering Peddlers is raided! — Sons of the Wolf forces have intercepted the caravan en route to Belfos.
2026-01-03T02:00:00.000Z [town] @ Azmarin Trade routes near Azmarin grow dangerous — Merchants speak of losses. Some refuse to travel until the roads are secured.
2026-01-03T02:00:00.000Z [road] @ hex:2,5 giant-raven and giant-centipede clash — Territorial war erupts! The giant-centipede triumph, but 0 fall. The giant-raven lose 5 and retreat.
2026-01-03T02:00:00.000Z [faction] @ Myrrka [Mendia] sea-drake rally to Mendia — The sea-drake of hex:9,0 swear allegiance to Mendia the Pallid. Their numbers swell the villain's forces.
2026-01-03T03:00:00.000Z [road] @ Minasfeld The New Caravan makes camp under escort — Road to Belfos (road) quiet tonight.
2026-01-03T03:00:00.000Z [road] @ hex:3,1 half-orc-bandit and skeleton clash — Territorial war erupts! The skeleton triumph, but 3 fall. The half-orc-bandit lose 8 and retreat.
2026-01-03T03:00:00.000Z [road] @ hex:5,4 pyrohydra and grell clash — Territorial war erupts! The pyrohydra triumph, but 0 fall. The grell lose 1 and retreat.
2026-01-03T04:00:00.000Z [road] @ Greenmist [Parthenius's Band, Hanni's giant eagles] Parthenius's Band offer small gifts to appease Hanni's giant eagles — When shadows grew deepest A lone numerous giant eagles, blocking the path. The exchange of gifts sealed the temporary truce. Condors circling high overhead marked the scene.
2026-01-03T04:00:00.000Z [road] @ hex:1,8 glabrezu and giant-centipede tensions rise — Two populations eye the same territory. Conflict seems inevitable.
2026-01-03T04:00:00.000Z [road] @ hex:2,5 giant-raven and golem-stone tensions rise — Two populations eye the same territory. Conflict seems inevitable.
2026-01-03T05:00:00.000Z [road] @ Greenmist [Parthenius's Band, orc raiders] Parthenius's Band skirt around wary orc raiders — While dew pearled on grass and stone ozone from lightning strikes hung in the air. A lone frenzied orc raiders, performing war rituals. Strategic retreat preserved their strength. A glacier grinding slowly downward marked the scene.
2026-01-03T05:00:00.000Z [faction] @ Windleigh [Dionysios] Seals Breaking: The evil influences local politics. — Ancient wards fail. What they imprisoned walks again.
2026-01-03T05:00:00.000Z [faction] @ Belfos [The New Caravan, Sons of the Wolf] Burning Dawn: The raid escalates into open warfare. — The New Caravan strikes fast at Belfos and withdraws before retaliation.
2026-01-03T05:00:00.000Z [town] @ Windleigh [The Crimson Purse, Rogerus] The Crimson Purse plans a job against a Windleigh merchant — The princes of thieves have set their sights on a merchant. Rogerus leads the planning. It will take approximately 2 days to prepare.
2026-01-03T05:00:00.000Z [road] @ hex:7,8 pyrolisk and chaos-beast clash — Territorial war erupts! The chaos-beast triumph, but 0 fall. The pyrolisk lose 2 and retreat.
2026-01-03T05:00:00.000Z [road] @ hex:9,0 sea-drake and giant-eel clash — Territorial war erupts! The giant-eel triumph, but 1 fall. The sea-drake lose 3 and retreat.
2026-01-03T06:00:00.000Z [road] @ hex:2,5 giant-raven and giant-centipede tensions rise — Two populations eye the same territory. Conflict seems inevitable.
2026-01-03T06:00:00.000Z [road] @ hex:5,3 giant-raven and pyrohydra clash — Territorial war erupts! The pyrohydra triumph, but 0 fall. The giant-raven lose 0 and retreat.
2026-01-03T06:00:00.000Z [road] @ hex:5,3 giant-raven and golem-bronze clash — Territorial war erupts! The giant-raven triumph, but 0 fall. The golem-bronze lose 5 and retreat.
2026-01-03T07:00:00.000Z [road] @ Greenmist [Parthenius's Band, goblins] Parthenius's Band siege goblins's encampment — As smoke rose from breakfast fires avalanches rumbling in the distance. A handful of cowardly goblins, carrying plunder. They pressed their advantage until the enemy fled.
2026-01-03T07:00:00.000Z [town] @ Belfos Northbeach Traders arrives at Belfos — Bringing grain/textiles from Windleigh with escorts.
2026-01-03T07:00:00.000Z [town] @ Belfos Emlyn arrives in Belfos — scout from Minasfeld
2026-01-03T07:00:00.000Z [town] @ Belfos Ilene arrives in Belfos — bard from Windleigh
2026-01-03T07:00:00.000Z [road] @ hex:2,7 giant-centipede and giant-snake clash — Territorial war erupts! The giant-snake triumph, but 0 fall. The giant-centipede lose 3 and retreat.
2026-01-03T07:00:00.000Z [road] @ hex:5,8 pegasus and golem-stone tensions rise — Two populations eye the same territory. Conflict seems inevitable.
2026-01-03T07:00:00.000Z [road] @ hex:5,8 pegasus and orc clash — Territorial war erupts! The pegasus triumph, but 0 fall. The orc lose 6 and retreat.
2026-01-03T08:00:00.000Z [road] @ Greenmist [Parthenius's Band] Parthenius's Band clash with goblins — Brief skirmish; foes driven off with minor bruises.
2026-01-03T08:00:00.000Z [road] @ Myrrka The Wandering Merchants makes camp under escort — Road to Belfos (road) quiet tonight.
2026-01-03T08:00:00.000Z [road] @ hex:6,3 grell and phantom clash — Territorial war erupts! The grell triumph, but 0 fall. The phantom lose 9 and retreat.
2026-01-03T09:00:00.000Z [road] @ Minasfeld The New Caravan makes camp under escort — Road to Belfos (road) quiet tonight.
2026-01-03T09:00:00.000Z [road] @ Belfos Northbeach Traders makes camp under escort — Road to Windleigh (road) quiet tonight.
2026-01-03T09:00:00.000Z [town] @ Azmarin Danaus's shop burns — A midnight fire. No one is surprised. The message is clear.
2026-01-03T09:00:00.000Z [town] @ Minasfeld [Hans-Ruedi, Eadmund] Hans-Ruedi demonstrates new skills learned from Eadmund — The lessons take root.
2026-01-03T09:00:00.000Z [road] @ hex:2,9 worg and giant-snake tensions rise — Two populations eye the same territory. Conflict seems inevitable.
2026-01-03T09:00:00.000Z [road] @ hex:3,7 giant-snake and bear tensions rise — Two populations eye the same territory. Conflict seems inevitable.
2026-01-03T10:00:00.000Z [road] @ Greenmist [Parthenius's Band] Parthenius's Band spot signs of danger — The ruins of a dwarven waystation, recently looted.
2026-01-03T10:00:00.000Z [road] @ hex:5,4 pyrohydra and goblin clash — Territorial war erupts! The pyrohydra triumph, but 0 fall. The goblin lose 3 and retreat.
2026-01-03T11:00:00.000Z [road] @ Myrrka The Wandering Merchants makes camp under escort — Road to Belfos (road) quiet tonight.
2026-01-03T11:00:00.000Z [road] @ Belfos Northbeach Traders makes camp under escort — Road to Windleigh (road) quiet tonight.
2026-01-03T11:00:00.000Z [road] @ hex:2,8 chimera and giant-snake tensions rise — Two populations eye the same territory. Conflict seems inevitable.
2026-01-03T11:00:00.000Z [road] @ hex:7,8 pyrolisk and revenant clash — Territorial war erupts! The pyrolisk triumph, but 0 fall. The revenant lose 10 and retreat.
2026-01-03T11:00:00.000Z [road] @ hex:6,3 grell wiped out in hex:6,3 — The last of the grell have fallen. The region grows quieter—for now.
2026-01-03T12:00:00.000Z [road] @ Greenmist Beroldus's Wagons makes camp under escort — Road to Belfos (road) quiet tonight.
2026-01-03T12:00:00.000Z [town] @ Greenmist [Mainardus] Construction continues on Mainardus's stronghold — Masons and laborers work tirelessly. The foundations are deep and the walls rise.
2026-01-03T13:00:00.000Z [road] @ Greenmist [Parthenius's Band, goblins] Parthenius's Band battle goblins for control of the path — As the bell tolled the sixth hour a frozen waterfall. Clouds obscure all but the lowest slopes. A single feral goblins, setting crude traps. Superior positioning gave them the advantage they needed. A well-timed spell from their caster turned the tide.
2026-01-03T13:00:00.000Z [faction] @ Azmarin [Sons of the Wolf] Sons of the Wolf eyes Azmarin for its textiles — Desperate for textiles, the faction has decided to take the settlement by force.
2026-01-03T13:00:00.000Z [road] @ hex:1,8 glabrezu and giant-centipede clash — Territorial war erupts! The glabrezu triumph, but 1 fall. The giant-centipede lose 4 and retreat.
2026-01-03T13:00:00.000Z [road] @ hex:5,4 pyrohydra and phantom tensions rise — Two populations eye the same territory. Conflict seems inevitable.
2026-01-03T14:00:00.000Z [town] @ Greenmist Word spreads in Greenmist — Explorers speak of a strange discovery near Greenmist.
2026-01-03T14:00:00.000Z [town] @ Belfos Word spreads in Belfos — A valuable shipment was lost near Azmarin.
2026-01-03T14:00:00.000Z [road] @ hex:3,2 bear and skeleton tensions rise — Two populations eye the same territory. Conflict seems inevitable.
2026-01-03T15:00:00.000Z [town] @ Belfos The Wandering Merchants arrives at Belfos — Bringing livestock from Myrrka with escorts under banner of Order of the Hawk.
2026-01-03T15:00:00.000Z [town] @ Belfos Theodric arrives in Belfos — scout from Minasfeld
2026-01-03T15:00:00.000Z [town] @ Belfos Izot arrives in Belfos — bard from Belfos
2026-01-03T15:00:00.000Z [town] @ Belfos Rumor in Belfos — Word spreads that The Wandering Merchants of Order of the Hawk reached Belfos with livestock.
2026-01-03T15:00:00.000Z [town] @ Greenmist Word spreads in Greenmist — Explorers speak of a strange discovery near Greenmist.
2026-01-03T15:00:00.000Z [faction] @ Greenmist [Parthenius's Band] Strange Happenings: Time pressure mounts as events accelerate. — Parthenius's Band uncovers clues to something best left buried.
2026-01-03T15:00:00.000Z [road] @ hex:2,7 golem-stone and chimera clash — Territorial war erupts! The chimera triumph, but 0 fall. The golem-stone lose 1 and retreat.
2026-01-03T15:00:00.000Z [road] @ hex:2,7 golem-stone submit to chimera — The beaten golem-stone now serve their conquerors.
2026-01-03T15:00:00.000Z [road] @ hex:3,7 giant-snake and goblin tensions rise — Two populations eye the same territory. Conflict seems inevitable.
2026-01-03T15:00:00.000Z [road] @ hex:3,9 bear and orc tensions rise — Two populations eye the same territory. Conflict seems inevitable.
2026-01-03T16:00:00.000Z [road] @ Greenmist [Parthenius's Band] Parthenius's Band spot goblins and avoid notice — They detour carefully, leaving only faint tracks.
2026-01-03T16:00:00.000Z [road] @ Minasfeld The New Caravan makes camp under escort — Road to Belfos (road) quiet tonight.
2026-01-03T16:00:00.000Z [road] @ hex:2,7 golem-stone and giant-snake clash — Territorial war erupts! The golem-stone triumph, but 0 fall. The giant-snake lose 1 and retreat.
2026-01-03T17:00:00.000Z [road] @ Greenmist [Parthenius's Band] Parthenius's Band spot signs of danger — Giant footprints in the snow, each as long as a man is tall.
2026-01-03T17:00:00.000Z [faction] @ Greenmist [Parthenius's Band] A new tale begins: "Blood on the Trail" — A deadly game of cat and mouse unfolds near Greenmist.
2026-01-03T17:00:00.000Z [faction] @ Greenmist [Mainardus, Order of the Hawk] Mainardus seeks Order of the Hawk's protection — Frightened by Parthenius's Band clash with trolls, the scout appeals to the pious faction.
2026-01-03T17:00:00.000Z [faction] [Sons of the Wolf, The Storm Guild] Sons of the Wolf proposes marriage alliance with The Storm Guild — Envoys are sent. Dowries discussed. A political wedding could reshape alliances.
2026-01-03T17:00:00.000Z [road] @ hex:3,1 half-orc-bandit and bear clash — Territorial war erupts! The bear triumph, but 0 fall. The half-orc-bandit lose 2 and retreat.
2026-01-03T17:00:00.000Z [road] @ hex:4,8 rakshasa and goblin tensions rise — Two populations eye the same territory. Conflict seems inevitable.
2026-01-03T17:00:00.000Z [road] @ hex:4,8 orc and goblin clash — Territorial war erupts! The orc triumph, but 1 fall. The goblin lose 2 and retreat.
2026-01-03T18:00:00.000Z [road] @ hex:4,8 rakshasa and orc tensions rise — Two populations eye the same territory. Conflict seems inevitable.
2026-01-03T19:00:00.000Z [road] @ hex:2,7 giant-centipede and golem-stone clash — Territorial war erupts! The golem-stone triumph, but 0 fall. The giant-centipede lose 2 and retreat.
2026-01-03T20:00:00.000Z [town] @ Greenmist [Mainardus] Mainardus spreads tales — The scout speaks openly of Parthenius's Band battle goblins for control of the path. The story grows in the telling.
2026-01-03T20:00:00.000Z [town] @ Greenmist Word spreads in Greenmist — Mainardus tells all who will listen: "Parthenius's Band battle goblins for control of the path." The tale spreads.
2026-01-03T20:00:00.000Z [road] @ hex:3,4 living-statue and nightwalker clash — Territorial war erupts! The nightwalker triumph, but 0 fall. The living-statue lose 2 and retreat.
2026-01-03T20:00:00.000Z [road] @ hex:5,8 pegasus and golem-stone clash — Territorial war erupts! The golem-stone triumph, but 0 fall. The pegasus lose 2 and retreat.
2026-01-03T20:00:00.000Z [road] @ hex:5,9 golem-stone and orc clash — Territorial war erupts! The golem-stone triumph, but 1 fall. The orc lose 4 and retreat.
2026-01-03T20:00:00.000Z [road] @ hex:7,7 rust-monster and chaos-beast clash — Territorial war erupts! The rust-monster triumph, but 0 fall. The chaos-beast lose 2 and retreat.
2026-01-03T21:00:00.000Z [town] @ Minasfeld [Hans-Ruedi] Hans-Ruedi makes their move — The vengeance long promised by the laborer comes to pass.
2026-01-03T21:00:00.000Z [town] @ Greenmist Word spreads in Greenmist — A valuable shipment was lost near Azmarin.
2026-01-03T21:00:00.000Z [town] @ Minasfeld [Cybele, Irantzu] Violence threatened between Cybele and Irantzu — Blood may yet be spilled between them.
2026-01-03T21:00:00.000Z [road] @ hex:7,8 pyrolisk and chaos-beast clash — Territorial war erupts! The chaos-beast triumph, but 0 fall. The pyrolisk lose 0 and retreat.
2026-01-03T22:00:00.000Z [road] @ Greenmist [Parthenius's Band, giant eagles] Parthenius's Band duel giant eagles champions — With ale flowing in taprooms freshly quarried stone dust hung in the air. Countless wary giant eagles, emerging from concealment. Blades flashed in the uncertain light. When it ended, the way was clear. Lightning-blasted trees at timberline marked the scene. A well-timed spell from their caster turned the tide.
2026-01-03T22:00:00.000Z [road] @ hex:3,7 giant-snake and orc tensions rise — Two populations eye the same territory. Conflict seems inevitable.
2026-01-03T23:00:00.000Z [road] @ Minasfeld The New Caravan makes camp under escort — Road to Belfos (road) quiet tonight.
2026-01-03T23:00:00.000Z [town] @ Windleigh [The Crimson Purse] The Crimson Purse's heist on Northbeach Traders fails — Alarms are raised. The thieves flee empty-handed into the night.
2026-01-03T23:00:00.000Z [faction] @ Windleigh [The Crimson Purse] A new tale begins: "The Windleigh Job" — The target is impregnable. The crew is ready.
2026-01-04T00:00:00.000Z [road] @ Belfos The Wandering Merchants makes camp under escort — Road to Myrrka (road) quiet tonight.
2026-01-04T00:00:00.000Z [road] @ Belfos The Wandering Merchants reports losses — Supplies spoiled en route; banners of Order of the Hawk tarnished.
2026-01-04T00:00:00.000Z [town] @ Belfos Rumor in Belfos — The Wandering Merchants of Order of the Hawk lost goods on the road; prices may shift.
2026-01-04T00:00:00.000Z [town] @ Belfos [Izot] Magical mist chokes Belfos — A toxic green cloud, conjured by Izot, rolls through the streets. Panic ensues.
2026-01-04T00:00:00.000Z [town] @ Belfos [Theodric] Theodric has died — The scout passes away from old age. The House of Firestone mourns.
2026-01-04T00:00:00.000Z [faction] @ Belfos [Emlyn, Theodric] Emlyn becomes head of House Firestone — Following the death of Theodric, Emlyn assumes leadership of the bloodline.
2026-01-04T00:00:00.000Z [town] @ Belfos Belfos tempers frayed — Surplus textiles and shortages in ore/salt.
2026-01-04T00:00:00.000Z [town] @ Belfos Rumor in Belfos — Levies rumored to secure ore; officials say caravans delayed.
2026-01-04T00:00:00.000Z [town] @ Belfos Rumor in Belfos — The Hawk Compact watches the markets quietly.
2026-01-04T00:00:00.000Z [town] @ Windleigh Windleigh tempers frayed — Surplus fish and shortages in textiles/salt/livestock.
2026-01-04T00:00:00.000Z [town] @ Windleigh Rumor in Windleigh — Sons of the Wolf watches the markets quietly.
2026-01-04T00:00:00.000Z [town] @ Windleigh Rumor in Windleigh — Order of the Hawk watches the markets quietly.
2026-01-04T00:00:00.000Z [town] @ Azmarin Katixa seen in Azmarin markets — guard haggles and swaps news.
2026-01-04T00:00:00.000Z [town] @ Azmarin Gawyne seen in Azmarin markets — bard haggles and swaps news.
2026-01-04T00:00:00.000Z [town] @ Azmarin Azmarin folk watchful — Surplus grain/textiles and shortages in ore.
2026-01-04T00:00:00.000Z [town] @ Azmarin Rumor in Azmarin — Order of the Hawk watches the markets quietly.
2026-01-04T00:00:00.000Z [town] @ Minasfeld Cybele seen in Minasfeld markets — guard haggles and swaps news.
2026-01-04T00:00:00.000Z [town] @ Minasfeld Hans-Ruedi seen in Minasfeld markets — laborer haggles and swaps news.
2026-01-04T00:00:00.000Z [town] @ Minasfeld Minasfeld folk watchful — Shortages in fish.
2026-01-04T00:00:00.000Z [town] @ Minasfeld Rumor in Minasfeld — Sons of the Wolf watches the markets quietly.
2026-01-04T00:00:00.000Z [town] @ Myrrka Myrrka tempers frayed — Surplus ore/textiles and shortages in salt.
2026-01-04T00:00:00.000Z [town] @ Myrrka Rumor in Myrrka — Levies rumored to secure salt; officials say caravans delayed.
2026-01-04T00:00:00.000Z [town] @ Myrrka Rumor in Myrrka — Sons of the Wolf watches the markets quietly.
2026-01-04T00:00:00.000Z [town] @ Greenmist Parthenius's Band hailed in Greenmist — Locals toast their exploits.
2026-01-04T00:00:00.000Z [town] @ Greenmist Greenmist tempers frayed — Surplus grain and shortages in ore.
2026-01-04T00:00:00.000Z [town] @ Greenmist Rumor in Greenmist — Bargain prices on grain; traders racing to Greenmist.
2026-01-04T00:00:00.000Z [town] @ Greenmist Rumor in Greenmist — The Hawk Compact watches the markets quietly.
2026-01-04T01:00:00.000Z [road] @ Greenmist [Parthenius's Band, dwarven patrols] Parthenius's Band band together with dwarven patrols against a common threat — While decent folk lay sleeping eagles screaming overhead. A handful of night-hunting dwarven patrols, emerging from concealment. A hostage exchange ensured good behavior.
2026-01-04T01:00:00.000Z [road] @ hex:2,5 giant-raven and living-statue clash — Territorial war erupts! The living-statue triumph, but 0 fall. The giant-raven lose 5 and retreat.
2026-01-04T01:00:00.000Z [road] @ hex:3,9 bear and rakshasa clash — Territorial war erupts! The bear triumph, but 0 fall. The rakshasa lose 2 and retreat.
2026-01-04T01:00:00.000Z [road] @ hex:7,9 revenant and nereid clash — Territorial war erupts! The nereid triumph, but 1 fall. The revenant lose 3 and retreat.
2026-01-04T01:00:00.000Z [road] @ hex:9,2 giant-eel and kelpie clash — Territorial war erupts! The giant-eel triumph, but 2 fall. The kelpie lose 3 and retreat.
2026-01-04T01:00:00.000Z [road] @ hex:9,3 kelpie submit to giant-eel — The beaten kelpie now serve their conquerors.
2026-01-04T01:00:00.000Z [road] @ hex:9,3 kelpie and giant-eel tensions rise — Two populations eye the same territory. Conflict seems inevitable.
2026-01-04T02:00:00.000Z [road] @ Greenmist [Parthenius's Band, goblins] Tense standoff between Parthenius's Band and goblins — In the cold hours before dawn rockslides clattering down slopes. Clouds obscure all but the lowest slopes. Several tribal goblins, tracking something. They traded information as valuable as gold. The ruins of a dwarven gatehouse marked the scene.
2026-01-04T02:00:00.000Z [road] @ hex:2,5 giant-raven and giant-centipede clash — Territorial war erupts! The giant-centipede triumph, but 0 fall. The giant-raven lose 2 and retreat.
2026-01-04T02:00:00.000Z [road] @ hex:7,7 rust-monster and pyrolisk tensions rise — Two populations eye the same territory. Conflict seems inevitable.
2026-01-04T03:00:00.000Z [town] @ Belfos The New Caravan arrives at Belfos — Bringing grain/textiles from Minasfeld with escorts.
2026-01-04T03:00:00.000Z [town] @ Belfos Cybele arrives in Belfos — guard from Windleigh
2026-01-04T03:00:00.000Z [town] @ Belfos Wantelien arrives in Belfos — bard from Minasfeld
2026-01-04T03:00:00.000Z [town] @ Belfos Beroldus's Wagons arrives at Belfos — Bringing salt/fish from Greenmist with escorts under banner of Circle of the Dawn.
2026-01-04T03:00:00.000Z [town] @ Belfos Mainardus arrives in Belfos — scout from Azmarin
2026-01-04T03:00:00.000Z [town] @ Belfos Eurydamus arrives in Belfos — merchant from Windleigh
2026-01-04T03:00:00.000Z [town] @ Belfos The Wandering Peddlers arrives at Belfos — Bringing grain/textiles from Azmarin with escorts.
2026-01-04T03:00:00.000Z [town] @ Belfos Katixa arrives in Belfos — guard from Myrrka
2026-01-04T03:00:00.000Z [town] @ Belfos Gawyne arrives in Belfos — bard from Myrrka
2026-01-04T03:00:00.000Z [town] @ Windleigh Katherne's shop burns — A midnight fire. No one is surprised. The message is clear.
2026-01-04T03:00:00.000Z [road] @ hex:3,9 bear and orc clash — Territorial war erupts! The bear triumph, but 0 fall. The orc lose 2 and retreat.
2026-01-04T04:00:00.000Z [road] @ Greenmist [Parthenius's Band, giant eagles] Parthenius's Band hide their valuables from view — As even the taverns fell silent ominous silence after an avalanche. Clouds obscure all but the lowest slopes. Several red-eyed in the dark giant eagles, watching warily. They left the field but not their dignity.
2026-01-04T04:00:00.000Z [road] @ Greenmist [Parthenius's Band] Parthenius's Band clash with goblins — Brief skirmish; foes driven off with minor bruises.
2026-01-04T04:00:00.000Z [town] @ Windleigh Word spreads in Windleigh — Thieves struck near Azmarin. The roads grow dangerous.
2026-01-04T04:00:00.000Z [town] @ Belfos [The Shadow Hand] The Shadow Hand pulls off a heist on a Belfos merchant — 167 gold worth of goods vanish in the night. The perpetrators leave no trace.
2026-01-04T04:00:00.000Z [road] @ hex:5,6 sylph and phantom clash — Territorial war erupts! The sylph triumph, but 1 fall. The phantom lose 13 and retreat.
2026-01-04T04:00:00.000Z [road] @ hex:7,8 pyrolisk and giant-eel tensions rise — Two populations eye the same territory. Conflict seems inevitable.
2026-01-04T05:00:00.000Z [road] @ Greenmist [Parthenius's Band] Parthenius's Band spot signs of danger — The ruins of a dwarven waystation, recently looted.
2026-01-04T05:00:00.000Z [road] @ Greenmist [Parthenius's Band, orc raiders] Parthenius's Band learn local customs from friendly orc raiders — While dew pearled on grass and stone copper deposits staining rock faces green. Several disciplined orc raiders, dragging captives. Both sides gained knowledge that might prove useful.
2026-01-04T05:00:00.000Z [town] @ Minasfeld [Hans-Ruedi] Construction continues on Hans-Ruedi's stronghold — Masons and laborers work tirelessly. The foundations are deep and the walls rise.
2026-01-04T06:00:00.000Z [road] @ hex:5,4 pyrohydra and phantom clash — Territorial war erupts! The pyrohydra triumph, but 0 fall. The phantom lose 9 and retreat.
2026-01-04T07:00:00.000Z [road] @ hex:7,7 rust-monster and chaos-beast clash — Territorial war erupts! The rust-monster triumph, but 1 fall. The chaos-beast lose 1 and retreat.
2026-01-04T08:00:00.000Z [road] @ Greenmist [Parthenius's Band] Parthenius's Band ambushed by orc raiders — Forced retreat; they fall back to regroup.
2026-01-04T08:00:00.000Z [town] @ Belfos [Eurydamus] Eurydamus spreads tales — The merchant speaks openly of Parthenius's Band clash with trolls. The story grows in the telling.
2026-01-04T08:00:00.000Z [faction] @ Greenmist [Order of the Hawk] Order of the Hawk increases patrols — Order of the Hawk blesses travelers and watches for signs of corruption around Greenmist.
2026-01-04T08:00:00.000Z [town] @ Belfos Word spreads in Belfos — Eurydamus tells all who will listen: "Parthenius's Band clash with trolls." The tale spreads.
2026-01-04T09:00:00.000Z [faction] @ Myrrka [Mendia the Pallid] Mendia conducts a dark ritual — Strange lights in the sky. Animals flee.
2026-01-04T10:00:00.000Z [road] @ Greenmist [Parthenius's Band] Parthenius's Band shadowed by giant bats — Tense standoff; both sides withdraw before blades are drawn.
2026-01-04T10:00:00.000Z [road] @ Belfos The Wandering Peddlers makes camp under escort — Road to Azmarin (road) quiet tonight.
2026-01-04T10:00:00.000Z [road] @ hex:2,9 worg and orc clash — Territorial war erupts! The orc triumph, but 0 fall. The worg lose 0 and retreat.
2026-01-04T11:00:00.000Z [road] @ Belfos [The Wandering Merchants, Sons of the Wolf] The Wandering Merchants is raided! — Sons of the Wolf forces have intercepted the caravan en route to Myrrka.
2026-01-04T11:00:00.000Z [town] @ Belfos Trade routes near Belfos grow dangerous — Merchants speak of losses. Some refuse to travel until the roads are secured.
2026-01-04T11:00:00.000Z [road] @ hex:3,7 giant-snake and sylph tensions rise — Two populations eye the same territory. Conflict seems inevitable.
2026-01-04T11:00:00.000Z [road] @ hex:5,6 sylph and goblin clash — Territorial war erupts! The goblin triumph, but 0 fall. The sylph lose 5 and retreat.
2026-01-04T12:00:00.000Z [road] @ Greenmist [Parthenius's Band] Parthenius's Band shadowed by giant bats — Tense standoff; both sides withdraw before blades are drawn.
2026-01-04T12:00:00.000Z [town] @ Belfos [Mainardus, Eadmund] Whispers of Mainardus and Eadmund meeting in secret — The affair continues, discretion be damned.
2026-01-04T12:00:00.000Z [road] @ hex:2,5 giant-raven and nightwalker clash — Territorial war erupts! The nightwalker triumph, but 0 fall. The giant-raven lose 2 and retreat.
2026-01-04T12:00:00.000Z [road] @ hex:7,6 su-monster and giant-eel clash — Territorial war erupts! The giant-eel triumph, but 5 fall. The su-monster lose 0 and retreat.
2026-01-04T12:00:00.000Z [road] @ hex:3,2 bear wiped out in hex:3,2 — The last of the bear have fallen. The region grows quieter—for now.
2026-01-04T13:00:00.000Z [town] @ Azmarin Word spreads in Azmarin — Travelers speak of Mendia the Pallid. The roads grow dangerous.
2026-01-04T13:00:00.000Z [road] @ hex:4,8 rakshasa and orc clash — Territorial war erupts! The orc triumph, but 0 fall. The rakshasa lose 2 and retreat.
2026-01-04T14:00:00.000Z [road] @ Greenmist [Parthenius's Band, goblins] goblins demand tolls from passing Parthenius's Band — While the sun began its descent charred wood from forest fires hung in the air. Clouds obscure all but the lowest slopes. Several sneaky goblins, arguing among themselves. The negotiation revealed unexpected shared values.
2026-01-04T14:00:00.000Z [town] @ Greenmist Word spreads in Greenmist — Travelers speak of Mendia the Pallid. The roads grow dangerous.
2026-01-04T14:00:00.000Z [road] @ hex:2,5 giant-raven and nightwalker tensions rise — Two populations eye the same territory. Conflict seems inevitable.
2026-01-04T14:00:00.000Z [road] @ hex:4,8 rakshasa and goblin clash — Territorial war erupts! The goblin triumph, but 0 fall. The rakshasa lose 2 and retreat.
2026-01-04T15:00:00.000Z [road] @ Greenmist [Parthenius's Band] Parthenius's Band spot signs of danger — A cairn of skulls marks a territorial boundary.
2026-01-04T15:00:00.000Z [town] @ Windleigh Northbeach Traders arrives at Windleigh — Bringing grain/textiles from Belfos with escorts.
2026-01-04T15:00:00.000Z [town] @ Windleigh Emlyn arrives in Windleigh — scout from Minasfeld
2026-01-04T15:00:00.000Z [town] @ Windleigh Ilene arrives in Windleigh — bard from Windleigh
2026-01-04T15:00:00.000Z [road] @ hex:2,5 giant-raven and golem-stone tensions rise — Two populations eye the same territory. Conflict seems inevitable.
2026-01-04T16:00:00.000Z [road] @ hex:7,6 su-monster and giant-eel tensions rise — Two populations eye the same territory. Conflict seems inevitable.
2026-01-04T17:00:00.000Z [road] @ Greenmist [Parthenius's Band, ogres] Parthenius's Band detour to avoid ogres's territory — As lanterns were kindled the iron tang of altitude hung in the air. Clouds obscure all but the lowest slopes. A single red-eyed in the dark ogres, emerging from concealment. Strategic retreat preserved their strength. The ruins of a dwarven gatehouse marked the scene.
2026-01-04T17:00:00.000Z [road] @ Belfos The Wandering Peddlers makes camp under escort — Road to Azmarin (road) quiet tonight.
2026-01-04T17:00:00.000Z [road] @ hex:5,8 pegasus and goblin clash — Territorial war erupts! The goblin triumph, but 0 fall. The pegasus lose 1 and retreat.
2026-01-04T18:00:00.000Z [road] @ Greenmist [Parthenius's Band, yeti] yeti warn Parthenius's Band of dangers ahead — In the gloaming hour copper deposits staining rock faces green. Two or three red-eyed in the dark yeti, watching warily. They traded information as valuable as gold. A frozen waterfall marked the scene.
2026-01-04T18:00:00.000Z [town] @ Belfos [Gawyne, Mainardus] Gawyne seen leaving Mainardus's lodgings at dawn — The affair continues, discretion be damned. Amidst the growing danger in Belfos, their lover feels all the more pressing.
2026-01-04T18:00:00.000Z [road] @ hex:2,7 giant-centipede and giant-snake tensions rise — Two populations eye the same territory. Conflict seems inevitable.
2026-01-04T18:00:00.000Z [road] @ hex:3,4 living-statue and giant-raven clash — Territorial war erupts! The giant-raven triumph, but 0 fall. The living-statue lose 1 and retreat.
2026-01-04T18:00:00.000Z [road] @ hex:5,3 giant-raven and golem-bronze clash — Territorial war erupts! The golem-bronze triumph, but 1 fall. The giant-raven lose 0 and retreat.
2026-01-04T18:00:00.000Z [road] @ hex:7,8 pyrolisk and chaos-beast clash — Territorial war erupts! The chaos-beast triumph, but 0 fall. The pyrolisk lose 0 and retreat.
2026-01-04T18:00:00.000Z [road] @ hex:7,9 revenant and giant-eel clash — Territorial war erupts! The revenant triumph, but 0 fall. The giant-eel lose 18 and retreat.
2026-01-04T19:00:00.000Z [road] @ Belfos Beroldus's Wagons makes camp under escort — Road to Greenmist (road) quiet tonight.
2026-01-04T19:00:00.000Z [road] @ hex:7,7 rust-monster and pyrolisk clash — Territorial war erupts! The pyrolisk triumph, but 0 fall. The rust-monster lose 2 and retreat.
2026-01-04T19:00:00.000Z [road] @ hex:7,8 pyrolisk and giant-eel clash — Territorial war erupts! The pyrolisk triumph, but 0 fall. The giant-eel lose 6 and retreat.
2026-01-04T19:00:00.000Z [road] @ hex:9,3 kelpie and giant-eel clash — Territorial war erupts! The kelpie triumph, but 0 fall. The giant-eel lose 9 and retreat.
2026-01-04T20:00:00.000Z [road] @ Belfos The Wandering Peddlers makes camp under escort — Road to Azmarin (road) quiet tonight.
2026-01-04T20:00:00.000Z [faction] @ hex:7,7 [Orsola] Tracking the Orsola: A bounty is placed, attracting more Orsola. — Orsola stalks a dangerous quarry across the region.
2026-01-04T21:00:00.000Z [road] @ hex:7,7 rust-monster and chaos-beast tensions rise — Two populations eye the same territory. Conflict seems inevitable.
2026-01-04T22:00:00.000Z [faction] @ hex:3,2 [The Hawk Compact] The Hawk Compact increases patrols — Mercantile guards from The Hawk Compact now protect the roads near hex:3,2.
2026-01-04T22:00:00.000Z [road] @ hex:4,8 rakshasa and goblin tensions rise — Two populations eye the same territory. Conflict seems inevitable.
2026-01-04T23:00:00.000Z [road] @ hex:3,7 giant-snake and sylph clash — Territorial war erupts! The giant-snake triumph, but 0 fall. The sylph lose 4 and retreat.
2026-01-05T00:00:00.000Z [road] @ Greenmist [Parthenius's Band, giant eagles] Parthenius's Band hunt down marauding giant eagles — While decent folk lay sleeping A group of scarce giant eagles, emerging from concealment. They pressed their advantage until the enemy fled. Lightning-blasted trees at timberline marked the scene.
2026-01-05T00:00:00.000Z [road] @ Belfos The Wandering Merchants makes camp under escort — Road to Myrrka (road) quiet tonight.
2026-01-05T00:00:00.000Z [road] @ hex:2,5 giant-raven and golem-stone clash — Territorial war erupts! The golem-stone triumph, but 0 fall. The giant-raven lose 2 and retreat.
2026-01-05T00:00:00.000Z [road] @ hex:2,8 chimera and giant-snake clash — Territorial war erupts! The chimera triumph, but 0 fall. The giant-snake lose 0 and retreat.
2026-01-05T00:00:00.000Z [road] @ hex:3,7 giant-snake and orc clash — Territorial war erupts! The giant-snake triumph, but 0 fall. The orc lose 0 and retreat.
2026-01-05T00:00:00.000Z [town] @ Belfos Belfos tempers frayed — Surplus textiles and shortages in ore.
2026-01-05T00:00:00.000Z [town] @ Belfos Rumor in Belfos — Sons of the Wolf watches the markets quietly.
2026-01-05T00:00:00.000Z [town] @ Windleigh Windleigh tempers frayed — Surplus fish and shortages in salt/livestock.
2026-01-05T00:00:00.000Z [town] @ Windleigh Rumor in Windleigh — Sons of the Wolf watches the markets quietly.
2026-01-05T00:00:00.000Z [town] @ Azmarin Azmarin spirits high — Surplus grain/textiles.
2026-01-05T00:00:00.000Z [town] @ Azmarin Rumor in Azmarin — Circle of the Dawn watches the markets quietly.
2026-01-05T00:00:00.000Z [town] @ Minasfeld Hans-Ruedi seen in Minasfeld markets — laborer haggles and swaps news.
2026-01-05T00:00:00.000Z [town] @ Minasfeld Minasfeld folk watchful — Markets steady.
2026-01-05T00:00:00.000Z [town] @ Minasfeld Rumor in Minasfeld — Order of the Hawk watches the markets quietly.
2026-01-05T00:00:00.000Z [town] @ Myrrka Molora seen in Myrrka markets — scout haggles and swaps news.
2026-01-05T00:00:00.000Z [town] @ Myrrka Irantzu seen in Myrrka markets — guard haggles and swaps news.
2026-01-05T00:00:00.000Z [town] @ Myrrka Myrrka tempers frayed — Surplus ore/textiles and shortages in salt.
2026-01-05T00:00:00.000Z [town] @ Myrrka Rumor in Myrrka — Levies rumored to secure salt; officials say caravans delayed.
2026-01-05T00:00:00.000Z [town] @ Myrrka Rumor in Myrrka — The Hawk Compact watches the markets quietly.
2026-01-05T00:00:00.000Z [town] @ Greenmist Parthenius's Band hailed in Greenmist — Locals toast their exploits.
2026-01-05T00:00:00.000Z [town] @ Greenmist Greenmist tempers frayed — Surplus grain and shortages in ore.
2026-01-05T00:00:00.000Z [town] @ Greenmist Rumor in Greenmist — Levies rumored to secure ore; officials say caravans delayed.
2026-01-05T00:00:00.000Z [town] @ Greenmist Rumor in Greenmist — Sons of the Wolf watches the markets quietly.
2026-01-05T00:00:00.000Z [town] @ Greenmist Rumor in Greenmist — Circle of the Dawn watches the markets quietly.
2026-01-05T08:21:38.739Z [road] @ Greenmist [Parthenius's Band, giant eagles] giant eagles demand tolls from passing Parthenius's Band — As folk went about their labors the occasional boom of falling ice. Many night-hunting giant eagles, moving with purpose. A hostage exchange ensured good behavior. Switchback paths climbing steep slopes marked the scene.
2026-01-05T08:20:19.052Z [road] @ Greenmist [Parthenius's Band] Parthenius's Band ambushed by ogre — Forced retreat; they fall back to regroup.
2026-01-05T08:20:19.052Z [road] @ Windleigh [Northbeach Traders, Sons of the Wolf] Northbeach Traders is raided! — Sons of the Wolf forces have intercepted the caravan en route to Belfos.
2026-01-05T08:20:19.052Z [town] @ Windleigh Trade routes near Windleigh grow dangerous — Merchants speak of losses. Some refuse to travel until the roads are secured.
2026-01-05T08:20:19.052Z [town] @ Azmarin [Izot] Izot masters a new spell: Shield — After weeks of intense study and meditation, the bard has unlocked new power.
