📦 Migrating world from schema v1 to v2...
✓ World loaded successfully (schema v2)

⏰ Catching up 4d 22h of missed time (711 turns)...
   Last world time: 2026-01-05T00:00:00.000Z
   Target world time: 2026-01-09T22:36:04.218Z
2026-01-05T01:00:00.000Z [road] @ Myrrka [The Grim Wolves] The Grim Wolves spot goblins and avoid notice — They detour carefully, leaving only faint tracks.
2026-01-05T01:00:00.000Z [road] @ Belfos The New Caravan makes camp under escort — Road to Minasfeld (road) quiet tonight.
2026-01-05T01:00:00.000Z [town] @ Belfos [Eurydamus, Irantzu] Eurydamus takes Irantzu under their wing — The student shows promise—or perhaps stubborn foolishness.
2026-01-05T02:00:00.000Z [road] @ Belfos [The Wandering Merchants, Sons of the Wolf] The Wandering Merchants is raided! — Sons of the Wolf forces have intercepted the caravan en route to Myrrka.
2026-01-05T02:00:00.000Z [town] @ Belfos Trade routes near Belfos grow dangerous — Merchants speak of losses. Some refuse to travel until the roads are secured.
2026-01-05T03:00:00.000Z [road] @ Belfos Beroldus's Wagons makes camp under escort — Road to Greenmist (road) quiet tonight.
2026-01-05T04:00:00.000Z [road] @ Myrrka [The Grim Wolves] The Grim Wolves spot signs of danger — A cairn of skulls marks a territorial boundary.
2026-01-05T04:00:00.000Z [road] @ Myrrka [The Grim Wolves, goblins] The Grim Wolves face goblins in deadly combat — In the cold hours before dawn avalanches rumbling in the distance. The peaks gleam with eternal snow. A solitary shadow-cloaked goblins, setting crude traps. The battle raged fiercely, but their resolve never wavered. The victors claim 11 coin worth of plunder.
2026-01-05T04:00:00.000Z [road] @ Greenmist [Parthenius's Band] Parthenius's Band shadowed by goblins — Tense standoff; both sides withdraw before blades are drawn.
2026-01-05T04:00:00.000Z [road] @ Belfos The Wandering Merchants makes camp under escort — Road to Myrrka (road) quiet tonight.
2026-01-05T04:00:00.000Z [town] @ Belfos Theodric arrives in Belfos — scout from Minasfeld
2026-01-05T04:00:00.000Z [town] @ Belfos Rumor in Belfos — The Wandering Merchants of Order of the Hawk lost goods on the road; prices may shift.
2026-01-05T05:00:00.000Z [road] @ Myrrka [The Grim Wolves] The Grim Wolves spot signs of danger — The ruins of a dwarven waystation, recently looted.
2026-01-05T05:00:00.000Z [road] @ Greenmist [Parthenius's Band] Parthenius's Band spot signs of danger — The ruins of a dwarven waystation, recently looted.
2026-01-05T05:00:00.000Z [road] @ Greenmist [Parthenius's Band, giant eagles] Parthenius's Band trade news with passing giant eagles — As rose light crept across the land crystal formations in cave mouths. Two or three scarce giant eagles, emerging from concealment. They reached an accommodation that served both sides. Avalanche scars on rocky faces marked the scene.
2026-01-05T05:00:00.000Z [faction] @ Minasfeld [The Storm Guild] The Storm Guild eyes Minasfeld for its livestock — Desperate for livestock, the faction has decided to take the settlement by force.
2026-01-05T06:00:00.000Z [system] The world turns (January 5th, 2026) — 2 parties traveling, 0 resting. 0 threats lurk.
2026-01-05T06:00:00.000Z [road] @ Myrrka [The Grim Wolves, goblins] goblins eye The Grim Wolves suspiciously — As rose light crept across the land avalanches rumbling in the distance. A group of night-hunting goblins, tracking something. The exchange of gifts sealed the temporary truce.
2026-01-05T06:00:00.000Z [road] @ Myrrka [The Grim Wolves] The Grim Wolves shadowed by goblins — Tense standoff; both sides withdraw before blades are drawn.
2026-01-05T06:00:00.000Z [town] @ Belfos [Theodric] Construction continues on Theodric's stronghold — Masons and laborers work tirelessly. The foundations are deep and the walls rise.
2026-01-05T07:00:00.000Z [road] @ Belfos The New Caravan makes camp under escort — Road to Minasfeld (road) quiet tonight.
2026-01-05T07:00:00.000Z [town] @ Azmarin Word spreads in Azmarin — A valuable shipment was lost near Belfos.
2026-01-05T08:00:00.000Z [road] @ Greenmist [Parthenius's Band, ogres] ogres display weapons as a warning — As smoke rose from breakfast fires fresh snow and ice crystals hung in the air. A solitary solitary ogres, watching warily. An uneasy bargain was struck beneath wary eyes.
2026-01-05T08:00:00.000Z [faction] @ the region [Wattie] The Bargain: The story evolves. Wattie remains seeks wealth and riches. — Wattie made a deal with powers best left alone.
2026-01-05T09:00:00.000Z [town] @ Myrrka [Irantzu, Cybele] Violence threatened between Irantzu and Cybele — Blood may yet be spilled between them.
2026-01-05T10:00:00.000Z [road] @ Myrrka [The Grim Wolves] The Grim Wolves spot ogre and avoid notice — They detour carefully, leaving only faint tracks.
2026-01-05T10:00:00.000Z [road] @ Greenmist [Parthenius's Band] Parthenius's Band clash with goblins — Brief skirmish; foes driven off with minor bruises.
2026-01-05T10:00:00.000Z [town] @ Belfos Northbeach Traders arrives at Belfos — Bringing grain/textiles from Windleigh with escorts.
2026-01-05T10:00:00.000Z [town] @ Belfos Emlyn arrives in Belfos — scout from Minasfeld
2026-01-05T10:00:00.000Z [town] @ Belfos Ilene arrives in Belfos — bard from Windleigh
2026-01-05T11:00:00.000Z [road] @ Myrrka [The Grim Wolves] The Grim Wolves spot signs of danger — Eagle cries echo, but no birds are visible.
2026-01-05T11:00:00.000Z [road] @ Greenmist [Parthenius's Band, ogres] ogres communicate through gestures and signs — As the bell tolled the sixth hour avalanche scars on rocky faces. The peaks gleam with eternal snow. Two or three solitary ogres, emerging from concealment. Cultural misunderstandings were resolved through patience.
2026-01-05T12:00:00.000Z [system] The world turns (January 5th, 2026) — 2 parties traveling, 0 resting. 0 threats lurk.
2026-01-05T12:00:00.000Z [road] @ Myrrka [The Grim Wolves, dwarven patrols] The Grim Wolves battle dwarven patrols for control of the path — Under the high sun ancient petroglyphs on cliff walls. The peaks gleam with eternal snow. A single scarce dwarven patrols, emerging from concealment. The battle raged fiercely, but their resolve never wavered.
2026-01-05T13:00:00.000Z [road] @ Greenmist [Parthenius's Band, orc raiders] orc raiders surround Parthenius's Band in a coordinated attack — In the drowsy heat of noon crystal formations in cave mouths. The peaks gleam with eternal snow. A horde of frenzied orc raiders, scouting for targets. Magic and steel combined to turn certain defeat into victory. A well-timed spell from their caster turned the tide.
2026-01-05T13:00:00.000Z [road] @ Azmarin The Wandering Peddlers makes camp under escort — Road to Belfos (road) quiet tonight.
2026-01-05T13:00:00.000Z [faction] [The Storm Guild, Sons of the Wolf] The Storm Guild proposes marriage alliance with Sons of the Wolf — Envoys are sent. Dowries discussed. A political wedding could reshape alliances.
2026-01-05T14:00:00.000Z [road] @ Myrrka [The Grim Wolves] The Grim Wolves spot signs of danger — The ruins of a dwarven waystation, recently looted.
2026-01-05T14:00:00.000Z [road] @ Myrrka [The Grim Wolves, ogres] Tense standoff between The Grim Wolves and ogres — As travelers grew road-weary One massive ogres, watching warily. Survival trumped victory in this encounter. Copper deposits staining rock faces green marked the scene.
2026-01-05T14:00:00.000Z [town] @ Windleigh Word spreads in Windleigh — Thieves struck near Belfos. The roads grow dangerous.
2026-01-05T14:00:00.000Z [weather] @ Belfos [Izot] Izot alters the weather — Through ancient incantations, the Magic-User calls forth rain over the region.
2026-01-05T15:00:00.000Z [town] @ Myrrka [Eryalus, Irantzu] Eryalus instructs Irantzu — Wisdom passed from one generation to the next.
2026-01-05T16:00:00.000Z [road] @ Greenmist [Parthenius's Band] Parthenius's Band spot signs of danger — Eagle cries echo, but no birds are visible.
2026-01-05T16:00:00.000Z [road] @ Greenmist [Parthenius's Band, trolls] trolls attack Parthenius's Band without warning — In the golden afternoon light glaciers carving valleys below. Waterfalls multiply. The paths run with water. One night-hunting trolls, apparently startled. Victory came at great cost, but the path was secured. Bridges spanning raging torrents marked the scene. A well-timed spell from their caster turned the tide. The victors claim 22 coin worth of plunder.
2026-01-05T16:00:00.000Z [town] @ Greenmist Word spreads in Greenmist — Thieves struck near Belfos. The roads grow dangerous.
2026-01-05T16:00:00.000Z [road] @ Greenmist [Parthenius's Band] Parthenius's Band grows in power! — Through hardship and battle, the members of Parthenius's Band have reached level 2.
⏰ Catch-up progress: 14% (100/711 turns)2026-01-05T17:00:00.000Z [road] @ Greenmist [Parthenius's Band] Parthenius's Band shadowed by orc raiders — Tense standoff; both sides withdraw before blades are drawn.
2026-01-05T17:00:00.000Z [town] @ Belfos [Theodric, Cybele] Theodric negotiates terms with creditor Cybele — Gold owed sits heavy on both parties.
2026-01-05T18:00:00.000Z [system] The world turns (January 5th, 2026) — 2 parties traveling, 0 resting. 0 threats lurk.
2026-01-05T18:00:00.000Z [town] @ Greenmist Beroldus's Wagons arrives at Greenmist — Bringing salt/fish from Belfos with escorts under banner of Circle of the Dawn.
2026-01-05T18:00:00.000Z [town] @ Greenmist Mainardus arrives in Greenmist — scout from Azmarin
2026-01-05T18:00:00.000Z [town] @ Greenmist Eurydamus arrives in Greenmist — merchant from Windleigh
2026-01-05T19:00:00.000Z [road] @ Greenmist [Parthenius's Band] Parthenius's Band spot signs of danger — The ruins of a dwarven waystation, recently looted.
2026-01-05T20:00:00.000Z [road] @ Greenmist [Parthenius's Band] Parthenius's Band spot signs of danger — Giant footprints in the snow, each as long as a man is tall.
2026-01-05T20:00:00.000Z [road] @ Belfos Northbeach Traders makes camp under escort — Road to Windleigh (road) quiet tonight.
2026-01-05T21:00:00.000Z [road] @ Greenmist [Parthenius's Band] Parthenius's Band spot signs of danger — The ruins of a dwarven waystation, recently looted.
2026-01-05T21:00:00.000Z [road] @ Greenmist [Parthenius's Band, goblins] Parthenius's Band skirt around wary goblins — By candlelight and hearth-glow the shriek of mountain winds. Several mangy goblins, arguing among themselves. They vanished into the shadows before the enemy could react.
2026-01-05T22:00:00.000Z [road] @ Greenmist [Parthenius's Band] Parthenius's Band spot signs of danger — Giant footprints in the snow, each as long as a man is tall.
2026-01-05T22:00:00.000Z [road] @ Belfos [The Wandering Merchants, Sons of the Wolf] The Wandering Merchants is raided! — Sons of the Wolf forces have intercepted the caravan en route to Myrrka.
2026-01-05T22:00:00.000Z [town] @ Belfos Trade routes near Belfos grow dangerous — Merchants speak of losses. Some refuse to travel until the roads are secured.
2026-01-05T22:00:00.000Z [town] @ Greenmist [Eurydamus, Molora] Eurydamus seeks guidance from Molora — Not every student surpasses the master, but hope remains.
2026-01-05T22:00:00.000Z [faction] @ Greenmist [Kreon] Echoes of the Past: The haunted reflect. — The dead do not rest peacefully in Greenmist.
2026-01-05T22:00:00.000Z [faction] @ hex:7,7 [Itzia] Itzia's Last Stand: The chase crosses into forbidden territory. — Itzia stalks a dangerous quarry across the region.
2026-01-05T23:00:00.000Z [road] @ Greenmist [Parthenius's Band] Parthenius's Band spot signs of danger — Eagle cries echo, but no birds are visible.
2026-01-05T23:00:00.000Z [road] @ Greenmist [Parthenius's Band, yeti] Parthenius's Band offer small gifts to appease yeti — With only moonlight for company Waterfalls multiply. The paths run with water. A single night-hunting yeti, emerging from concealment. Strategic retreat preserved their strength.
2026-01-05T23:00:00.000Z [town] @ Minasfeld The New Caravan arrives at Minasfeld — Bringing grain/textiles from Belfos with escorts.
2026-01-05T23:00:00.000Z [town] @ Minasfeld Cybele arrives in Minasfeld — guard from Windleigh
2026-01-05T23:00:00.000Z [town] @ Minasfeld Wantelien arrives in Minasfeld — bard from Minasfeld
2026-01-05T23:00:00.000Z [road] @ Greenmist [Yllaria] Yllaria flees Greenmist — Driven by Parthenius's Band clash with goblins, they take to the road toward Belfos.
2026-01-06T00:00:00.000Z [town] @ Belfos Belfos tempers frayed — Surplus grain/textiles/livestock and shortages in ore.
2026-01-06T00:00:00.000Z [system] The world turns (January 6th, 2026) — 2 parties traveling, 0 resting. 0 threats lurk.
2026-01-06T00:00:00.000Z [town] @ Belfos Rumor in Belfos — Order of the Hawk watches the markets quietly.
2026-01-06T00:00:00.000Z [town] @ Windleigh Windleigh tempers frayed — Surplus grain/ore/fish and shortages in salt.
2026-01-06T00:00:00.000Z [town] @ Windleigh Rumor in Windleigh — Levies rumored to secure salt; officials say caravans delayed.
2026-01-06T00:00:00.000Z [town] @ Windleigh Rumor in Windleigh — Order of the Hawk watches the markets quietly.
2026-01-06T00:00:00.000Z [town] @ Azmarin Azmarin folk watchful — Surplus grain/textiles/salt and shortages in livestock.
2026-01-06T00:00:00.000Z [town] @ Azmarin Rumor in Azmarin — whispered missing: a drunken soldier says Kenard heard of missing heirlooms traced toward Greenmist (from Azmarin).
2026-01-06T00:00:00.000Z [town] @ Minasfeld Cybele seen in Minasfeld markets — guard haggles and swaps news.
2026-01-06T00:00:00.000Z [town] @ Minasfeld Hans-Ruedi seen in Minasfeld markets — laborer haggles and swaps news.
2026-01-06T00:00:00.000Z [town] @ Minasfeld Minasfeld folk watchful — Surplus grain/timber/textiles/livestock and shortages in salt.
2026-01-06T00:00:00.000Z [town] @ Minasfeld Rumor in Minasfeld — Levies rumored to secure salt; officials say caravans delayed.
2026-01-06T00:00:00.000Z [town] @ Myrrka Eryalus seen in Myrrka markets — laborer haggles and swaps news.
2026-01-06T00:00:00.000Z [town] @ Myrrka Irantzu seen in Myrrka markets — guard haggles and swaps news.
2026-01-06T00:00:00.000Z [town] @ Myrrka Myrrka tempers frayed — Surplus ore/fish and shortages in salt.
2026-01-06T00:00:00.000Z [town] @ Myrrka Rumor in Myrrka — Levies rumored to secure salt; officials say caravans delayed.
2026-01-06T00:00:00.000Z [town] @ Myrrka Rumor in Myrrka — Circle of the Dawn watches the markets quietly.
2026-01-06T00:00:00.000Z [town] @ Myrrka Rumor in Myrrka — The Hawk Compact watches the markets quietly.
2026-01-06T00:00:00.000Z [town] @ Greenmist Parthenius's Band hailed in Greenmist — Locals toast their exploits.
2026-01-06T00:00:00.000Z [town] @ Greenmist Greenmist tempers frayed — Surplus grain/timber/textiles.
2026-01-06T00:00:00.000Z [town] @ Greenmist Rumor in Greenmist — The Storm Guild watches the markets quietly.
2026-01-06T00:00:00.000Z [town] @ Greenmist Rumor in Greenmist — Circle of the Dawn offers protection for caravans.
2026-01-06T00:00:00.000Z [town] @ Azmarin [Parthenius's Band, The Grim Wolves] A prophecy is spoken in Azmarin — A voice from the sky declares: "When Parthenius's Band stands at the crossroads of Greenmist, the world shall tremble." A great decision awaits.
2026-01-06T01:00:00.000Z [road] @ Myrrka [The Grim Wolves, giant eagles] giant eagles guide The Grim Wolves to a hidden spring — In the hush of late night the shriek of mountain winds. A company of red-eyed in the dark giant eagles, blocking the path. They reached an accommodation that served both sides.
2026-01-06T01:00:00.000Z [road] @ Greenmist [Parthenius's Band, orc raiders] orc raiders blockade Parthenius's Band's route — In the hush of late night a frozen waterfall. Several shadow-cloaked orc raiders, dragging captives. The battle raged fiercely, but their resolve never wavered. The victors claim 28 coin worth of plunder.
2026-01-06T03:00:00.000Z [road] @ Greenmist [Parthenius's Band, dwarven patrols] dwarven patrols test Parthenius's Band's resolve with challenges — As the world held its breath Waterfalls multiply. The paths run with water. A single red-eyed in the dark dwarven patrols, emerging from concealment. Neither side wished to die today. Terms were agreed.
2026-01-06T03:00:00.000Z [road] @ Myrrka [Irantzu] Irantzu flees Myrrka — Driven by The Grim Wolves battle dwarven patrols for control of the path, they take to the road toward Azmarin.
2026-01-06T04:00:00.000Z [road] @ Greenmist [Parthenius's Band, goblins] Parthenius's Band learn local customs from friendly goblins — In the cold hours before dawn the splash of mountain streams. A single mangy goblins, setting crude traps. The negotiation revealed unexpected shared values.
2026-01-06T06:00:00.000Z [system] The world turns (January 6th, 2026) — 2 parties traveling, 0 resting. 0 threats lurk.
2026-01-06T07:00:00.000Z [road] @ Myrrka [The Grim Wolves, orc raiders] The Grim Wolves clash with orc raiders — As smoke rose from breakfast fires the splash of mountain streams. Waterfalls multiply. The paths run with water. Several mounted orc raiders, scouting for targets. Though wounds were taken, the day was won. Copper deposits staining rock faces green marked the scene. A well-timed spell from their caster turned the tide.
2026-01-06T07:00:00.000Z [town] @ Belfos The Wandering Peddlers arrives at Belfos — Bringing grain/textiles from Azmarin with escorts.
2026-01-06T07:00:00.000Z [town] @ Belfos Katixa arrives in Belfos — guard from Myrrka
2026-01-06T07:00:00.000Z [town] @ Belfos Gawyne arrives in Belfos — bard from Myrrka
2026-01-06T07:00:00.000Z [faction] @ Windleigh [Circle of the Dawn] Circle of the Dawn eyes Windleigh for its ore — Desperate for ore, the faction has decided to take the settlement by force.
2026-01-06T08:00:00.000Z [town] @ Belfos [Theodric] Construction continues on Theodric's stronghold — Masons and laborers work tirelessly. The foundations are deep and the walls rise.
2026-01-06T09:00:00.000Z [town] @ Belfos [Izot] Izot masters a new spell: Shield — After weeks of intense study and meditation, the bard has unlocked new power.
⏰ Catch-up progress: 28% (200/711 turns)2026-01-06T10:00:00.000Z [road] @ Belfos Northbeach Traders makes camp under escort — Road to Windleigh (road) quiet tonight.
2026-01-06T11:00:00.000Z [road] @ Myrrka [The Grim Wolves, ogres] The Grim Wolves prepare defenses against potential ogres attack — As the bell tolled the sixth hour Waterfalls multiply. The paths run with water. Two or three armored ogres, apparently startled. They found common ground in their mutual interests.
2026-01-06T11:00:00.000Z [town] @ Belfos [Emlyn, Katixa] Emlyn negotiates terms with creditor Katixa — Gold owed sits heavy on both parties. Amidst the growing danger in Belfos, their debtor feels all the more pressing.
2026-01-06T12:00:00.000Z [system] The world turns (January 6th, 2026) — 2 parties traveling, 0 resting. 0 threats lurk.
2026-01-06T12:00:00.000Z [road] @ Greenmist [Parthenius's Band] Parthenius's Band spot signs of danger — A cairn of skulls marks a territorial boundary.
2026-01-06T13:00:00.000Z [road] @ Myrrka [The Grim Wolves] The Grim Wolves spot signs of danger — The ruins of a dwarven waystation, recently looted.
2026-01-06T13:00:00.000Z [town] @ Belfos [Yllaria] Yllaria arrives in Belfos — The refugee finds uncertain welcome in their new home.
2026-01-06T14:00:00.000Z [road] @ Greenmist [Parthenius's Band] Parthenius's Band spot signs of danger — Giant footprints in the snow, each as long as a man is tall.
2026-01-06T14:00:00.000Z [road] @ Myrrka [The Grim Wolves] The Grim Wolves clash with ogre — Brief skirmish; foes driven off with minor bruises.
2026-01-06T14:00:00.000Z [road] @ Greenmist [Parthenius's Band] Parthenius's Band shadowed by giant bats — Tense standoff; both sides withdraw before blades are drawn.
2026-01-06T14:00:00.000Z [road] @ Belfos The Wandering Merchants makes camp under escort — Road to Myrrka (road) quiet tonight.
2026-01-06T14:00:00.000Z [town] @ Azmarin [Irantzu] Irantzu arrives in Azmarin — The refugee finds uncertain welcome in their new home.
2026-01-06T15:00:00.000Z [road] @ Myrrka [The Grim Wolves] The Grim Wolves spot signs of danger — The ruins of a dwarven waystation, recently looted.
2026-01-06T15:00:00.000Z [road] @ Greenmist [Parthenius's Band] Parthenius's Band spot signs of danger — A cairn of skulls marks a territorial boundary.
2026-01-06T16:00:00.000Z [road] @ Greenmist [Parthenius's Band, wyverns] Parthenius's Band prepare defenses against potential wyverns attack — With lengthening shadows sulfur from hot springs hung in the air. Waterfalls multiply. The paths run with water. Several dangerous wyverns, emerging from concealment. Diplomacy prevailed where force might have failed.
2026-01-06T16:00:00.000Z [road] @ Minasfeld The New Caravan makes camp under escort — Road to Belfos (road) quiet tonight.
2026-01-06T17:00:00.000Z [town] @ Myrrka [Eryalus] Eryalus spreads tales — The laborer speaks openly of The Grim Wolves clash with orc raiders. The story grows in the telling.
2026-01-06T17:00:00.000Z [town] @ Myrrka Word spreads in Myrrka — Eryalus tells all who will listen: "The Grim Wolves clash with orc raiders." The tale spreads.
2026-01-06T17:00:00.000Z [town] @ Greenmist [Eurydamus, Molora] Eurydamus demonstrates new skills learned from Molora — Not every student surpasses the master, but hope remains.
2026-01-06T18:00:00.000Z [system] The world turns (January 6th, 2026) — 2 parties traveling, 0 resting. 0 threats lurk.
2026-01-06T18:00:00.000Z [road] @ Greenmist [Parthenius's Band, giant eagles] giant eagles surround Parthenius's Band in a coordinated attack — As lanterns were kindled Two or three shadow-cloaked giant eagles, apparently startled. Magic and steel combined to turn certain defeat into victory.
2026-01-06T18:00:00.000Z [town] @ Windleigh Northbeach Traders arrives at Windleigh — Bringing grain/textiles from Belfos with escorts.
2026-01-06T18:00:00.000Z [town] @ Windleigh Emlyn arrives in Windleigh — scout from Minasfeld
2026-01-06T18:00:00.000Z [town] @ Windleigh Ilene arrives in Windleigh — bard from Windleigh
2026-01-06T20:00:00.000Z [road] @ Myrrka [The Grim Wolves] The Grim Wolves spot signs of danger — The ruins of a dwarven waystation, recently looted.
2026-01-06T20:00:00.000Z [road] @ Greenmist Beroldus's Wagons makes camp under escort — Road to Belfos (road) quiet tonight.
2026-01-06T20:00:00.000Z [road] @ Greenmist Beroldus's Wagons reports losses — Supplies spoiled en route; banners of Circle of the Dawn tarnished.
2026-01-06T20:00:00.000Z [town] @ Greenmist Rumor in Greenmist — Beroldus's Wagons of Circle of the Dawn lost goods on the road; prices may shift.
2026-01-06T20:00:00.000Z [road] @ Belfos The Wandering Peddlers makes camp under escort — Road to Azmarin (road) quiet tonight.
2026-01-06T20:00:00.000Z [town] @ Minasfeld Word spreads in Minasfeld — Thieves struck near Belfos. The roads grow dangerous.
2026-01-06T21:00:00.000Z [road] @ Myrrka [The Grim Wolves, ogres] ogres surround The Grim Wolves in a coordinated attack — Under an indigo sky Waterfalls multiply. The paths run with water. A handful of red-eyed in the dark ogres, apparently startled. They stood their ground against the charging enemy. A well-timed spell from their caster turned the tide. The victors claim 22 coin worth of plunder.
2026-01-06T21:00:00.000Z [road] @ Belfos The Wandering Merchants makes camp under escort — Road to Myrrka (road) quiet tonight.
2026-01-06T22:00:00.000Z [road] @ Greenmist [Parthenius's Band, yeti] Parthenius's Band share a fire with wandering yeti — As songs rose from dim taverns wolves howling from distant valleys. Waterfalls multiply. The paths run with water. A single red-eyed in the dark yeti, blocking the path. They left the meeting with hope for peaceful coexistence.
2026-01-06T22:00:00.000Z [town] @ Myrrka The Wandering Merchants arrives at Myrrka — Bringing livestock from Belfos with escorts under banner of Order of the Hawk.
2026-01-06T22:00:00.000Z [town] @ Myrrka Theodric arrives in Myrrka — scout from Minasfeld
2026-01-06T22:00:00.000Z [town] @ Myrrka Izot arrives in Myrrka — bard from Belfos
2026-01-06T23:00:00.000Z [road] @ Myrrka [The Grim Wolves] The Grim Wolves spot signs of danger — The ruins of a dwarven waystation, recently looted.
2026-01-06T23:00:00.000Z [road] @ Greenmist [Parthenius's Band, giant eagles] giant eagles invite Parthenius's Band to their encampment — Under a canopy of stars the iron tang of altitude hung in the air. Waterfalls multiply. The paths run with water. Countless shadow-cloaked giant eagles, emerging from concealment. They agreed to respect each other's territories.
2026-01-06T23:00:00.000Z [town] @ Windleigh Camp Fever fades in Windleigh — The worst of the sickness has passed. The bells ring in celebration.
2026-01-07T00:00:00.000Z [system] The world turns (January 7th, 2026) — 2 parties traveling, 0 resting. 0 threats lurk.
2026-01-07T00:00:00.000Z [weather] @ Minasfeld Fire breaks out in Minasfeld — Dry conditions make fires more dangerous.
2026-01-07T00:00:00.000Z [road] @ Greenmist [Parthenius's Band] Parthenius's Band spot signs of danger — Eagle cries echo, but no birds are visible.
2026-01-07T00:00:00.000Z [town] @ Belfos Belfos tempers frayed — Surplus grain/textiles/livestock and shortages in ore.
2026-01-07T00:00:00.000Z [faction] @ Belfos [The Storm Guild] The Storm Guild eyes Belfos for its textiles — Desperate for textiles, the faction has decided to take the settlement by force.
2026-01-07T00:00:00.000Z [town] @ Belfos Rumor in Belfos — Levies rumored to secure ore; officials say caravans delayed.
2026-01-07T00:00:00.000Z [town] @ Belfos Rumor in Belfos — The Hawk Compact watches the markets quietly.
2026-01-07T00:00:00.000Z [town] @ Windleigh Ilene seen in Windleigh markets — bard haggles and swaps news.
2026-01-07T00:00:00.000Z [town] @ Windleigh Emlyn seen in Windleigh markets — scout haggles and swaps news.
2026-01-07T00:00:00.000Z [town] @ Windleigh Windleigh tempers frayed — Surplus grain/ore/fish and shortages in salt.
2026-01-07T00:00:00.000Z [town] @ Windleigh Rumor in Windleigh — Levies rumored to secure salt; officials say caravans delayed.
2026-01-07T00:00:00.000Z [town] @ Windleigh Rumor in Windleigh — Sons of the Wolf watches the markets quietly.
2026-01-07T00:00:00.000Z [town] @ Azmarin Azmarin folk watchful — Surplus grain/textiles/salt and shortages in fish/livestock.
2026-01-07T00:00:00.000Z [town] @ Azmarin Rumor in Azmarin — Levies rumored to secure livestock; officials say caravans delayed.
2026-01-07T00:00:00.000Z [town] @ Azmarin Rumor in Azmarin — Circle of the Dawn watches the markets quietly.
2026-01-07T00:00:00.000Z [town] @ Minasfeld Minasfeld folk watchful — Surplus grain/timber/textiles/livestock and shortages in salt.
2026-01-07T00:00:00.000Z [town] @ Minasfeld Rumor in Minasfeld — Levies rumored to secure salt; officials say caravans delayed.
2026-01-07T00:00:00.000Z [town] @ Myrrka The Grim Wolves hailed in Myrrka — Locals toast their exploits.
2026-01-07T00:00:00.000Z [town] @ Myrrka Myrrka tempers frayed — Surplus ore/fish and shortages in salt.
2026-01-07T00:00:00.000Z [town] @ Myrrka Rumor in Myrrka — Levies rumored to secure salt; officials say caravans delayed.
2026-01-07T00:00:00.000Z [town] @ Myrrka Rumor in Myrrka — The Storm Guild watches the markets quietly.
2026-01-07T00:00:00.000Z [town] @ Myrrka Rumor in Myrrka — Order of the Hawk watches the markets quietly.
2026-01-07T00:00:00.000Z [town] @ Greenmist Parthenius's Band hailed in Greenmist — Locals toast their exploits.
2026-01-07T00:00:00.000Z [town] @ Greenmist Greenmist tempers frayed — Surplus grain/timber/textiles.
2026-01-07T00:00:00.000Z [town] @ Greenmist Rumor in Greenmist — The Hawk Compact watches the markets quietly.
2026-01-07T00:00:00.000Z [town] @ Minasfeld Tales of The Library of Shadows surface in Minasfeld — Spells lost since the Age of Wonders. An old map mentions ruins near Azmarin. Legends warn that a dragon protects it.
⏰ Catch-up progress: 42% (300/711 turns)2026-01-07T02:00:00.000Z [town] @ Belfos Beroldus's Wagons arrives at Belfos — Bringing salt/fish from Greenmist with escorts under banner of Circle of the Dawn.
2026-01-07T02:00:00.000Z [town] @ Belfos Mainardus arrives in Belfos — scout from Azmarin
2026-01-07T02:00:00.000Z [town] @ Belfos Eurydamus arrives in Belfos — merchant from Windleigh
2026-01-07T02:00:00.000Z [town] @ Windleigh Word spreads in Windleigh — Thieves struck near Belfos. The roads grow dangerous.
2026-01-07T03:00:00.000Z [road] @ Myrrka [The Grim Wolves] The Grim Wolves spot signs of danger — Eagle cries echo, but no birds are visible.
2026-01-07T03:00:00.000Z [road] @ Myrrka [The Grim Wolves, giant eagles] Tense standoff between The Grim Wolves and giant eagles — As even the taverns fell silent the occasional boom of falling ice. A single territorial giant eagles, apparently startled. They parted as wary allies rather than bitter enemies. Waterfalls plunging into deep pools marked the scene.
2026-01-07T03:00:00.000Z [dungeon] @ Greenmist [Parthenius's Band] Parthenius's Band discovers Buried Ossuary — When shadows grew deepest thin cold air hung in the air. They have found An ancient buried ossuary from the First Age. Buried Ossuary was once a center of war before its fall.
2026-01-07T03:00:00.000Z [road] @ Myrrka [The Grim Wolves] The Grim Wolves clash with ogre — Brief skirmish; foes driven off with minor bruises.
2026-01-07T04:00:00.000Z [road] @ Myrrka [The Grim Wolves] The Grim Wolves spot signs of danger — A cairn of skulls marks a territorial boundary.
2026-01-07T04:00:00.000Z [town] @ Minasfeld [Hans-Ruedi] Construction continues on Hans-Ruedi's stronghold — Masons and laborers work tirelessly. The foundations are deep and the walls rise.
2026-01-07T05:00:00.000Z [road] @ Greenmist [Parthenius's Band, giant eagles] giant eagles teach Parthenius's Band a useful survival skill — As rose light crept across the land the sharp crack of ice breaking. Waterfalls multiply. The paths run with water. Many red-eyed in the dark giant eagles, apparently startled. They traded information as valuable as gold.
2026-01-07T06:00:00.000Z [system] The world turns (January 7th, 2026) — 2 parties traveling, 0 resting. 0 threats lurk.
2026-01-07T06:00:00.000Z [road] @ Minasfeld The New Caravan makes camp under escort — Road to Belfos (road) quiet tonight.
2026-01-07T06:00:00.000Z [town] @ Belfos [Yllaria, Eadmund] Yllaria watches Eadmund with cold eyes — Forgiveness is not in their nature.
2026-01-07T07:00:00.000Z [road] @ Myrrka [The Grim Wolves, the ogres called Labinia] the ogres called Labinia mark their territory with warning signs — As smoke rose from breakfast fires the iron tang of altitude hung in the air. One night-hunting ogres, watching warily. Sometimes wisdom is knowing when to flee.
2026-01-07T07:00:00.000Z [town] @ Belfos The New Caravan arrives at Belfos — Bringing grain/textiles from Minasfeld with escorts.
2026-01-07T07:00:00.000Z [town] @ Belfos Cybele arrives in Belfos — guard from Windleigh
2026-01-07T07:00:00.000Z [town] @ Belfos Wantelien arrives in Belfos — bard from Minasfeld
2026-01-07T07:00:00.000Z [faction] @ Myrrka [Eryalus, Sons of the Wolf] Eryalus seeks Sons of the Wolf's protection — Frightened by The Grim Wolves clash with ogre, the laborer appeals to the martial faction.
2026-01-07T08:00:00.000Z [road] @ Myrrka [The Grim Wolves, goblins] goblins poison The Grim Wolves's water supply — As folk went about their labors the distant toll of monastery bells. A single feral goblins, worshipping a crude idol. Magic and steel combined to turn certain defeat into victory. Switchback paths climbing steep slopes marked the scene. Divine favor shielded them from the worst of the blows.
2026-01-07T10:00:00.000Z [road] @ Greenmist [Parthenius's Band] Parthenius's Band spot signs of danger — Eagle cries echo, but no birds are visible.
2026-01-07T10:00:00.000Z [road] @ Greenmist [Parthenius's Band] Parthenius's Band shadowed by orc raiders — Tense standoff; both sides withdraw before blades are drawn.
2026-01-07T11:00:00.000Z [road] @ Myrrka [The Grim Wolves] The Grim Wolves spot signs of danger — Eagle cries echo, but no birds are visible.
2026-01-07T11:00:00.000Z [road] @ Myrrka [The Grim Wolves] The Grim Wolves discovers The Eerie Altar — In the drowsy heat of noon crystal formations in cave mouths. A eerie altar, whispering in an unknown, melodic tongue. A sudden vision of what is to come flashes before them.
2026-01-07T12:00:00.000Z [system] The world turns (January 7th, 2026) — 2 parties traveling, 0 resting. 0 threats lurk.
2026-01-07T12:00:00.000Z [road] @ Myrrka [The Grim Wolves] The Grim Wolves spot signs of danger — Giant footprints in the snow, each as long as a man is tall.
2026-01-07T12:00:00.000Z [road] @ Myrrka [The Grim Wolves, goblins] goblins charge The Grim Wolves with weapons drawn — Under the high sun Waterfalls multiply. The paths run with water. A band of shadow-cloaked goblins, setting crude traps. A decisive strike ended the conflict before it could escalate. Switchback paths climbing steep slopes marked the scene. Divine favor shielded them from the worst of the blows. The victors claim 26 coin worth of plunder.
2026-01-07T12:00:00.000Z [town] @ Greenmist [Molora, Irantzu] Molora demands repayment from Irantzu — Patience has limits, even for gold.
2026-01-07T12:00:00.000Z [faction] @ Greenmist [Parthenius's Band, orc raiders] Fire in Greenmist: Fires on the horizon approach. — Parthenius's Band strikes fast at Greenmist and withdraws before retaliation.
2026-01-07T12:00:00.000Z [road] @ Myrrka [The Grim Wolves] The Grim Wolves grows in power! — Through hardship and battle, the members of The Grim Wolves have reached level 2.
2026-01-07T13:00:00.000Z [road] @ Greenmist [Parthenius's Band] Parthenius's Band spot signs of danger — The ruins of a dwarven waystation, recently looted.
2026-01-07T13:00:00.000Z [faction] @ Belfos [Circle of the Dawn] Circle of the Dawn eyes Belfos for its grain — Desperate for grain, the faction has decided to take the settlement by force.
2026-01-07T13:00:00.000Z [weather] @ Myrrka [Izot] Izot alters the weather — Through ancient incantations, the Magic-User calls forth snow over the region.
2026-01-07T14:00:00.000Z [road] @ Myrrka [The Grim Wolves, wyverns] wyverns block the path but allow passage — In the golden afternoon light Fresh snow makes every path treacherous. Many night-hunting wyverns, blocking the path. Cultural misunderstandings were resolved through patience.
2026-01-07T14:00:00.000Z [road] @ Myrrka [The Wandering Merchants, Sons of the Wolf] The Wandering Merchants is raided! — Sons of the Wolf forces have intercepted the caravan en route to Belfos.
2026-01-07T14:00:00.000Z [town] @ Myrrka Trade routes near Myrrka grow dangerous — Merchants speak of losses. Some refuse to travel until the roads are secured.
2026-01-07T15:00:00.000Z [road] @ Greenmist [Parthenius's Band] Parthenius's Band spot signs of danger — A cairn of skulls marks a territorial boundary.
2026-01-07T15:00:00.000Z [road] @ Belfos Beroldus's Wagons makes camp under escort — Road to Greenmist (road) quiet tonight.
2026-01-07T15:00:00.000Z [town] @ Azmarin The Wandering Peddlers arrives at Azmarin — Bringing grain/textiles from Belfos with escorts.
2026-01-07T15:00:00.000Z [town] @ Azmarin Katixa arrives in Azmarin — guard from Myrrka
2026-01-07T15:00:00.000Z [town] @ Azmarin Gawyne arrives in Azmarin — bard from Myrrka
2026-01-07T16:00:00.000Z [road] @ Myrrka [The Grim Wolves] The Grim Wolves spot signs of danger — Eagle cries echo, but no birds are visible.
2026-01-07T16:00:00.000Z [road] @ Myrrka [The Grim Wolves, yeti] yeti follow The Grim Wolves at a safe distance — With lengthening shadows the iron tang of altitude hung in the air. A single shadow-cloaked yeti, moving with purpose. Coin changed hands. Honor was satisfied, barely.
2026-01-07T17:00:00.000Z [road] @ Myrrka [The Grim Wolves] The Grim Wolves spot signs of danger — Eagle cries echo, but no birds are visible.
2026-01-07T17:00:00.000Z [road] @ Myrrka [The Grim Wolves] The Grim Wolves discovers The Petrified Cairn — As purple shadows gathered sulfur from hot springs hung in the air. A petrified cairn, home to a silent, white-haired hermit. A light heart and swift feet follow them.
2026-01-07T17:00:00.000Z [road] @ Greenmist [Parthenius's Band] Parthenius's Band spot signs of danger — The ruins of a dwarven waystation, recently looted.
2026-01-07T17:00:00.000Z [road] @ Greenmist [Parthenius's Band] Parthenius's Band completes rest — Ready to travel again.
2026-01-07T18:00:00.000Z [system] The world turns (January 7th, 2026) — 2 parties traveling, 0 resting. 0 threats lurk.
2026-01-07T18:00:00.000Z [road] @ Myrrka [Parthenius's Band] Parthenius's Band arrives at Myrrka — They slip through the gates as lanterns are lit.
⏰ Catch-up progress: 56% (400/711 turns)2026-01-07T19:00:00.000Z [road] @ Myrrka [The Grim Wolves, orc raiders] orc raiders offer The Grim Wolves aid on the road — With the setting of the sun wild mint growing in cracks hung in the air. Many disciplined orc raiders, quarreling over spoils. They reached an accommodation that served both sides.
2026-01-07T19:00:00.000Z [road] @ Windleigh [Northbeach Traders, Sons of the Wolf] Northbeach Traders is raided! — Sons of the Wolf forces have intercepted the caravan en route to Belfos.
2026-01-07T19:00:00.000Z [town] @ Windleigh Trade routes near Windleigh grow dangerous — Merchants speak of losses. Some refuse to travel until the roads are secured.
2026-01-07T19:00:00.000Z [town] @ Belfos [Mainardus] Construction continues on Mainardus's stronghold — Masons and laborers work tirelessly. The foundations are deep and the walls rise.
2026-01-07T19:00:00.000Z [town] @ Belfos [Wantelien] Magical mist chokes Belfos — A toxic green cloud, conjured by Wantelien, rolls through the streets. Panic ensues.
2026-01-07T20:00:00.000Z [road] @ Myrrka [The Grim Wolves] The Grim Wolves spot signs of danger — A cairn of skulls marks a territorial boundary.
2026-01-07T20:00:00.000Z [road] @ Myrrka [The Grim Wolves, trolls] trolls launch arrows at The Grim Wolves from hiding — By candlelight and hearth-glow the shriek of mountain winds. Fresh snow makes every path treacherous. Two or three night-hunting trolls, watching warily. Though wounds were taken, the day was won. Crystal formations in cave mouths marked the scene. A well-timed spell from their caster turned the tide. The victors claim 11 coin worth of plunder.
2026-01-07T22:00:00.000Z [road] @ Myrrka [The Grim Wolves] The Grim Wolves spot goblins and avoid notice — They detour carefully, leaving only faint tracks.
2026-01-07T22:00:00.000Z [road] @ Azmarin The Wandering Peddlers makes camp under escort — Road to Belfos (road) quiet tonight.
2026-01-07T23:00:00.000Z [road] @ Myrrka [The Grim Wolves] The Grim Wolves spot signs of danger — Giant footprints in the snow, each as long as a man is tall.
2026-01-07T23:00:00.000Z [town] @ Minasfeld [Hans-Ruedi] Construction continues on Hans-Ruedi's stronghold — Masons and laborers work tirelessly. The foundations are deep and the walls rise.
2026-01-08T00:00:00.000Z [system] The world turns (January 8th, 2026) — 1 parties traveling, 1 resting. 0 threats lurk.
2026-01-08T00:00:00.000Z [weather] @ Windleigh Indoor activities flourish in Windleigh — People gather indoors for warmth and entertainment.
2026-01-08T00:00:00.000Z [town] @ Belfos Belfos tempers frayed — Surplus grain/textiles/fish/livestock and shortages in ore.
2026-01-08T00:00:00.000Z [road] @ Myrrka [The Grim Wolves, goblins] The Grim Wolves prepare defenses against potential goblins attack — While decent folk lay sleeping the crunch of boots on gravel. Countless red-eyed in the dark goblins, tracking something. They faded into the wilderness, leaving no trail. The ruins of a dwarven gatehouse marked the scene.
2026-01-08T00:00:00.000Z [town] @ Belfos Rumor in Belfos — Levies rumored to secure ore; officials say caravans delayed.
2026-01-08T00:00:00.000Z [town] @ Myrrka [Theodric] Theodric is dying — The end approaches for the scout. Family and rivals alike watch and wait.
2026-01-08T00:00:00.000Z [town] @ Belfos Rumor in Belfos — Circle of the Dawn watches the markets quietly.
2026-01-08T00:00:00.000Z [town] @ Belfos Rumor in Belfos — The Hawk Compact watches the markets quietly.
2026-01-08T00:00:00.000Z [town] @ Windleigh Ilene seen in Windleigh markets — bard haggles and swaps news.
2026-01-08T00:00:00.000Z [town] @ Windleigh Emlyn seen in Windleigh markets — scout haggles and swaps news.
2026-01-08T00:00:00.000Z [town] @ Windleigh Windleigh tempers frayed — Surplus grain/ore and shortages in salt.
2026-01-08T00:00:00.000Z [town] @ Windleigh Rumor in Windleigh — Levies rumored to secure salt; officials say caravans delayed.
2026-01-08T00:00:00.000Z [town] @ Windleigh Rumor in Windleigh — Sons of the Wolf watches the markets quietly.
2026-01-08T00:00:00.000Z [town] @ Azmarin Azmarin folk watchful — Surplus grain/textiles/salt and shortages in fish/livestock.
2026-01-08T00:00:00.000Z [town] @ Azmarin Rumor in Azmarin — Levies rumored to secure livestock; officials say caravans delayed.
2026-01-08T00:00:00.000Z [town] @ Minasfeld Hans-Ruedi seen in Minasfeld markets — laborer haggles and swaps news.
2026-01-08T00:00:00.000Z [town] @ Minasfeld Minasfeld folk watchful — Surplus grain/timber/textiles/livestock and shortages in salt.
2026-01-08T00:00:00.000Z [town] @ Minasfeld Rumor in Minasfeld — Bargain prices on timber; traders racing to Minasfeld.
2026-01-08T00:00:00.000Z [town] @ Minasfeld Rumor in Minasfeld — Order of the Hawk watches the markets quietly.
2026-01-08T00:00:00.000Z [town] @ Myrrka Myrrka tempers frayed — Surplus ore/fish and shortages in salt.
2026-01-08T00:00:00.000Z [town] @ Myrrka Rumor in Myrrka — Levies rumored to secure salt; officials say caravans delayed.
2026-01-08T00:00:00.000Z [town] @ Myrrka Rumor in Myrrka — The Storm Guild watches the markets quietly.
2026-01-08T00:00:00.000Z [town] @ Myrrka Rumor in Myrrka — Order of the Hawk watches the markets quietly.
2026-01-08T00:00:00.000Z [town] @ Myrrka Rumor in Myrrka — Circle of the Dawn watches the markets quietly.
2026-01-08T00:00:00.000Z [town] @ Greenmist Greenmist tempers frayed — Surplus grain/timber/textiles.
2026-01-08T00:00:00.000Z [town] @ Greenmist Rumor in Greenmist — Bargain prices on timber; traders racing to Greenmist.
2026-01-08T01:00:00.000Z [road] @ Belfos The New Caravan makes camp under escort — Road to Minasfeld (road) quiet tonight.
2026-01-08T01:00:00.000Z [town] @ Myrrka Word spreads in Myrrka — Explorers speak of a strange discovery near Myrrka.
2026-01-08T03:00:00.000Z [town] @ Minasfeld Word spreads in Minasfeld — Thieves struck near Myrrka. The roads grow dangerous.
2026-01-08T03:00:00.000Z [town] @ Azmarin Word spreads in Azmarin — Thieves struck near Windleigh. The roads grow dangerous.
2026-01-08T05:00:00.000Z [road] @ Myrrka [The Wandering Merchants, Sons of the Wolf] The Wandering Merchants is raided! — Sons of the Wolf forces have intercepted the caravan en route to Belfos.
2026-01-08T05:00:00.000Z [town] @ Myrrka Trade routes near Myrrka grow dangerous — Merchants speak of losses. Some refuse to travel until the roads are secured.
2026-01-08T05:00:00.000Z [road] @ Azmarin The Wandering Peddlers makes camp under escort — Road to Belfos (road) quiet tonight.
2026-01-08T06:00:00.000Z [system] The world turns (January 8th, 2026) — 1 parties traveling, 1 resting. 0 threats lurk.
2026-01-08T06:00:00.000Z [road] @ Belfos Beroldus's Wagons makes camp under escort — Road to Greenmist (road) quiet tonight.
2026-01-08T06:00:00.000Z [road] @ Belfos Beroldus's Wagons reports losses — Supplies spoiled en route; banners of Circle of the Dawn tarnished.
2026-01-08T06:00:00.000Z [town] @ Belfos Rumor in Belfos — Beroldus's Wagons of Circle of the Dawn lost goods on the road; prices may shift.
2026-01-08T07:00:00.000Z [town] @ Myrrka [Theodric] Construction continues on Theodric's stronghold — Masons and laborers work tirelessly. The foundations are deep and the walls rise.
2026-01-08T07:00:00.000Z [town] @ Windleigh [Ilene] Construction continues on Ilene's stronghold — Masons and laborers work tirelessly. The foundations are deep and the walls rise.
2026-01-08T08:00:00.000Z [road] @ Myrrka [The Grim Wolves] The Grim Wolves spot signs of danger — Giant footprints in the snow, each as long as a man is tall.
2026-01-08T08:00:00.000Z [town] @ Azmarin [Gawyne, Mainardus] Gawyne seen leaving Mainardus's lodgings at dawn — Some say passion; others say scandal.
2026-01-08T10:00:00.000Z [town] @ Greenmist Beroldus's Wagons arrives at Greenmist — Bringing salt/fish from Belfos with escorts under banner of Circle of the Dawn.
2026-01-08T10:00:00.000Z [town] @ Greenmist Mainardus arrives in Greenmist — scout from Azmarin
2026-01-08T10:00:00.000Z [town] @ Greenmist Eurydamus arrives in Greenmist — merchant from Windleigh
2026-01-08T10:00:00.000Z [town] @ Greenmist Rumor in Greenmist — Word spreads that Beroldus's Wagons of Circle of the Dawn reached Greenmist with salt/fish.
2026-01-08T11:00:00.000Z [road] @ Myrrka [The Grim Wolves] The Grim Wolves spot signs of danger — Eagle cries echo, but no birds are visible.
2026-01-08T11:00:00.000Z [town] @ Azmarin [Katixa, Irantzu] Violence threatened between Katixa and Irantzu — Blood may yet be spilled between them.
⏰ Catch-up progress: 70% (500/711 turns)2026-01-08T12:00:00.000Z [system] The world turns (January 8th, 2026) — 1 parties traveling, 1 resting. 0 threats lurk.
2026-01-08T13:00:00.000Z [road] @ Myrrka [The Grim Wolves] The Grim Wolves spot signs of danger — A cairn of skulls marks a territorial boundary.
2026-01-08T14:00:00.000Z [road] @ Myrrka [The Grim Wolves, the goblins called Eustochius] the goblins called Eustochius guide The Grim Wolves to a hidden spring — With lengthening shadows a frozen waterfall. A horde of cowardly goblins, tracking something. Words proved mightier than steel on this occasion. Mountain goats leaping between boulders marked the scene.
2026-01-08T14:00:00.000Z [town] @ Belfos Northbeach Traders arrives at Belfos — Bringing grain/textiles from Windleigh with escorts.
2026-01-08T14:00:00.000Z [town] @ Belfos Emlyn arrives in Belfos — scout from Minasfeld
2026-01-08T14:00:00.000Z [town] @ Belfos Ilene arrives in Belfos — bard from Windleigh
2026-01-08T14:00:00.000Z [town] @ Windleigh Word spreads in Windleigh — Thieves struck near Myrrka. The roads grow dangerous.
2026-01-08T14:00:00.000Z [town] @ Myrrka [Eryalus] Construction continues on Eryalus's stronghold — Masons and laborers work tirelessly. The foundations are deep and the walls rise.
2026-01-08T15:00:00.000Z [town] @ Minasfeld The New Caravan arrives at Minasfeld — Bringing grain/textiles from Belfos with escorts.
2026-01-08T15:00:00.000Z [town] @ Minasfeld Cybele arrives in Minasfeld — guard from Windleigh
2026-01-08T15:00:00.000Z [town] @ Minasfeld Wantelien arrives in Minasfeld — bard from Minasfeld
2026-01-08T15:00:00.000Z [road] @ Greenmist Beroldus's Wagons makes camp under escort — Road to Belfos (road) quiet tonight.
2026-01-08T16:00:00.000Z [road] @ Myrrka [The Grim Wolves, goblins] goblins mark their territory with warning signs — As the day wore on fresh snow and ice crystals hung in the air. Several mangy goblins, worshipping a crude idol. They found common ground in their mutual interests. Switchback paths climbing steep slopes marked the scene.
2026-01-08T16:00:00.000Z [faction] @ Windleigh [Circle of the Dawn] Circle of the Dawn eyes Windleigh for its ore — Desperate for ore, the faction has decided to take the settlement by force.
2026-01-08T17:00:00.000Z [town] @ Greenmist Word spreads in Greenmist — Thieves struck near Windleigh. The roads grow dangerous.
2026-01-08T17:00:00.000Z [faction] @ Myrrka [Engelwara] The Old Darkness Returns: Strange creatures appear at night. — Engelwara races to prevent catastrophe.
2026-01-08T17:00:00.000Z [faction] @ Greenmist [Parthenius's Band] Blood on the Trail: Allies offer aid, but at a steep price. — Parthenius's Band stalks a dangerous quarry across the region.
2026-01-08T17:00:00.000Z [faction] @ hex:7,7 [Itzia] Itzia's Last Stand: The Itzia discover they are not alone in the chase. — Itzia stalks a dangerous quarry across the region.
2026-01-08T17:00:00.000Z [town] @ Belfos [Peli] Construction continues on Peli's stronghold — Masons and laborers work tirelessly. The foundations are deep and the walls rise.
2026-01-08T17:00:00.000Z [faction] [Circle of the Dawn, The Storm Guild] Circle of the Dawn proposes marriage alliance with The Storm Guild — Envoys are sent. Dowries discussed. A political wedding could reshape alliances.
2026-01-08T18:00:00.000Z [system] The world turns (January 8th, 2026) — 1 parties traveling, 1 resting. 0 threats lurk.
2026-01-08T18:00:00.000Z [road] @ Myrrka The Wandering Merchants makes camp under escort — Road to Belfos (road) quiet tonight.
2026-01-08T18:00:00.000Z [road] @ Myrrka The Wandering Merchants reports losses — Supplies spoiled en route; banners of Order of the Hawk tarnished.
2026-01-08T18:00:00.000Z [town] @ Myrrka Rumor in Myrrka — The Wandering Merchants of Order of the Hawk lost goods on the road; prices may shift.
2026-01-08T19:00:00.000Z [road] @ Myrrka [The Grim Wolves, ogres] The Grim Wolves share a fire with wandering ogres — As purple shadows gathered smoke from signal fires hung in the air. A handful of massive ogres, emerging from concealment. They traded information as valuable as gold.
2026-01-08T19:00:00.000Z [road] @ Azmarin The Wandering Peddlers makes camp under escort — Road to Belfos (road) quiet tonight.
2026-01-08T21:00:00.000Z [faction] @ Greenmist [Order of the Hawk] Order of the Hawk seeks retribution — Holy warriors of Order of the Hawk prepare to smite Greenmist.
2026-01-08T22:00:00.000Z [road] @ Myrrka [The Grim Wolves, yeti] yeti mark their territory with warning signs — Under an indigo sky waterfalls plunging into deep pools. One night-hunting yeti, moving with purpose. They left the field but not their dignity.
2026-01-08T23:00:00.000Z [road] @ Myrrka [The Grim Wolves, orc raiders] The Grim Wolves siege orc raiders's encampment — While decent folk lay sleeping the sharp tang of alpine herbs hung in the air. A group of war-painted orc raiders, returning from a raid. Though wounds were taken, the day was won. The victors claim 58 coin worth of plunder.
2026-01-08T23:00:00.000Z [town] @ Belfos The Wandering Peddlers arrives at Belfos — Bringing grain/textiles from Azmarin with escorts.
2026-01-08T23:00:00.000Z [town] @ Belfos Katixa arrives in Belfos — guard from Myrrka
2026-01-08T23:00:00.000Z [town] @ Belfos Gawyne arrives in Belfos — bard from Myrrka
2026-01-08T23:00:00.000Z [faction] @ Windleigh [Dionysios] Seals Breaking: Time seems to distort near the site. — Ancient wards fail. What they imprisoned walks again.
2026-01-08T23:00:00.000Z [faction] @ the region [Epistor] What Was Promised: The pact-maker reflects. Epistor remains motivated by fear and survival. — In the region, ancient bargains come due.
2026-01-09T00:00:00.000Z [system] The world turns (January 9th, 2026) — 1 parties traveling, 1 resting. 0 threats lurk.
2026-01-09T00:00:00.000Z [town] @ Belfos Peli seen in Belfos markets — priest haggles and swaps news.
2026-01-09T00:00:00.000Z [town] @ Belfos Ilene seen in Belfos markets — bard haggles and swaps news.
2026-01-09T00:00:00.000Z [road] @ Myrrka [The Grim Wolves] The Grim Wolves spot signs of danger — Giant footprints in the snow, each as long as a man is tall.
2026-01-09T00:00:00.000Z [town] @ Belfos Belfos tempers frayed — Surplus grain/textiles/livestock and shortages in ore.
2026-01-09T00:00:00.000Z [faction] @ Greenmist [Kreon] Echoes of the Past: The story continues. — The dead do not rest peacefully in Greenmist.
2026-01-09T00:00:00.000Z [town] @ Belfos Rumor in Belfos — Levies rumored to secure ore; officials say caravans delayed.
2026-01-09T00:00:00.000Z [faction] @ the region [Wattie] The Bargain: The pact-maker reflects. — Wattie made a deal with powers best left alone.
2026-01-09T00:00:00.000Z [faction] @ Windleigh [Sons of the Wolf] Sons of the Wolf eyes Windleigh for its ore — Desperate for ore, the faction has decided to take the settlement by force.
2026-01-09T00:00:00.000Z [town] @ Windleigh Windleigh tempers frayed — Surplus grain/ore and shortages in salt.
2026-01-09T00:00:00.000Z [town] @ Myrrka [Theodric] Theodric has died — The scout passes away from old age. They will be remembered.
2026-01-09T00:00:00.000Z [town] @ Windleigh Rumor in Windleigh — The Storm Guild watches the markets quietly.
2026-01-09T00:00:00.000Z [town] @ Azmarin Irantzu seen in Azmarin markets — guard haggles and swaps news.
2026-01-09T00:00:00.000Z [town] @ Azmarin Azmarin tempers frayed — Surplus grain/textiles/salt and shortages in fish/livestock.
2026-01-09T00:00:00.000Z [town] @ Azmarin Rumor in Azmarin — official plot: a frightened child says Derek heard of strange lights near Myrrka (from Azmarin).
2026-01-09T00:00:00.000Z [town] @ Minasfeld Cybele seen in Minasfeld markets — guard haggles and swaps news.
2026-01-09T00:00:00.000Z [town] @ Minasfeld Hans-Ruedi seen in Minasfeld markets — laborer haggles and swaps news.
2026-01-09T00:00:00.000Z [town] @ Minasfeld Minasfeld tempers frayed — Surplus grain/timber/textiles/livestock and shortages in salt.
2026-01-09T00:00:00.000Z [town] @ Minasfeld Rumor in Minasfeld — cryptic missing: a border scout says Mabs heard of a caravan late by two days (from Minasfeld).
2026-01-09T00:00:00.000Z [town] @ Minasfeld Rumor in Minasfeld — Circle of the Dawn watches the markets quietly.
2026-01-09T00:00:00.000Z [town] @ Myrrka Myrrka folk watchful — Surplus ore/fish and shortages in salt.
2026-01-09T00:00:00.000Z [town] @ Greenmist Mainardus seen in Greenmist markets — scout haggles and swaps news.
2026-01-09T00:00:00.000Z [town] @ Greenmist Eurydamus seen in Greenmist markets — merchant haggles and swaps news.
2026-01-09T00:00:00.000Z [town] @ Greenmist Greenmist tempers frayed — Surplus grain/timber/textiles/salt.
2026-01-09T00:00:00.000Z [town] @ Greenmist Rumor in Greenmist — Bargain prices on grain; traders racing to Greenmist.
2026-01-09T00:00:00.000Z [town] @ Greenmist Rumor in Greenmist — Order of the Hawk watches the markets quietly.
2026-01-09T00:00:00.000Z [town] @ Greenmist Rumor in Greenmist — Circle of the Dawn offers protection for caravans.
2026-01-09T00:00:00.000Z [weather] A great omen: birds fall dead from the sky — Across the land, birds fall dead from the sky. The wise prepare for what comes next.
2026-01-09T01:00:00.000Z [faction] @ Belfos [The Storm Guild] The Storm Guild sends relief to Belfos — Wagons of grain and medicine roll toward the suffering. Compassion—or calculated politics?
2026-01-09T02:00:00.000Z [road] @ Greenmist Beroldus's Wagons makes camp under escort — Road to Belfos (road) quiet tonight.
2026-01-09T03:00:00.000Z [road] @ Myrrka [The Grim Wolves, ogres] The Grim Wolves keep their distance from armed ogres — In the witching hour A handful of shadow-cloaked ogres, emerging from concealment. Preserving their lives was the wiser course.
2026-01-09T03:00:00.000Z [road] @ Minasfeld The New Caravan makes camp under escort — Road to Belfos (road) quiet tonight.
2026-01-09T03:00:00.000Z [road] @ Belfos [Northbeach Traders, Sons of the Wolf] Northbeach Traders is raided! — Sons of the Wolf forces have intercepted the caravan en route to Windleigh.
2026-01-09T03:00:00.000Z [town] @ Belfos Trade routes near Belfos grow dangerous — Merchants speak of losses. Some refuse to travel until the roads are secured.
⏰ Catch-up progress: 84% (600/711 turns)2026-01-09T05:00:00.000Z [road] @ Belfos [Northbeach Traders, Sons of the Wolf] Northbeach Traders is raided! — Sons of the Wolf forces have intercepted the caravan en route to Windleigh.
2026-01-09T05:00:00.000Z [town] @ Belfos Trade routes near Belfos grow dangerous — Merchants speak of losses. Some refuse to travel until the roads are secured.
2026-01-09T06:00:00.000Z [system] The world turns (January 9th, 2026) — 1 parties traveling, 1 resting. 0 threats lurk.
2026-01-09T06:00:00.000Z [road] @ Myrrka [The Grim Wolves] The Grim Wolves spot signs of danger — The ruins of a dwarven waystation, recently looted.
2026-01-09T06:00:00.000Z [town] @ Belfos The Wandering Merchants arrives at Belfos — Bringing livestock from Myrrka with escorts under banner of Order of the Hawk.
2026-01-09T06:00:00.000Z [town] @ Belfos Izot arrives in Belfos — bard from Belfos
2026-01-09T08:00:00.000Z [road] @ Minasfeld The New Caravan makes camp under escort — Road to Belfos (road) quiet tonight.
2026-01-09T08:00:00.000Z [town] @ Minasfeld Word spreads in Minasfeld — A valuable shipment was lost near Belfos.
2026-01-09T11:00:00.000Z [town] @ Greenmist Word spreads in Greenmist — Thieves struck near Belfos. The roads grow dangerous.
2026-01-09T11:00:00.000Z [town] @ Greenmist [Mainardus] Construction continues on Mainardus's stronghold — Masons and laborers work tirelessly. The foundations are deep and the walls rise.
2026-01-09T12:00:00.000Z [system] The world turns (January 9th, 2026) — 1 parties traveling, 1 resting. 0 threats lurk.
2026-01-09T12:00:00.000Z [road] @ Belfos The Wandering Peddlers makes camp under escort — Road to Azmarin (road) quiet tonight.
2026-01-09T13:00:00.000Z [town] @ Belfos [Katixa] Construction continues on Katixa's stronghold — Masons and laborers work tirelessly. The foundations are deep and the walls rise.
2026-01-09T14:00:00.000Z [road] @ Myrrka [The Grim Wolves] The Grim Wolves shadowed by ogre — Tense standoff; both sides withdraw before blades are drawn.
2026-01-09T14:00:00.000Z [road] @ Belfos The Wandering Merchants makes camp under escort — Road to Myrrka (road) quiet tonight.
2026-01-09T14:00:00.000Z [road] @ Greenmist Beroldus's Wagons makes camp under escort — Road to Belfos (road) quiet tonight.
2026-01-09T15:00:00.000Z [road] @ Myrrka [The Grim Wolves] The Grim Wolves shadowed by giant bats — Tense standoff; both sides withdraw before blades are drawn.
2026-01-09T15:00:00.000Z [faction] @ Belfos [Order of the Hawk] Order of the Hawk sends relief to Belfos — Wagons of grain and medicine roll toward the suffering. Compassion—or calculated politics?
2026-01-09T17:00:00.000Z [town] @ Azmarin Word spreads in Azmarin — Thieves struck near Belfos. The roads grow dangerous.
2026-01-09T18:00:00.000Z [system] The world turns (January 9th, 2026) — 1 parties traveling, 1 resting. 0 threats lurk.
2026-01-09T18:00:00.000Z [road] @ Myrrka [The Grim Wolves] The Grim Wolves spot signs of danger — Eagle cries echo, but no birds are visible.
2026-01-09T18:00:00.000Z [town] @ Belfos Beroldus's Wagons arrives at Belfos — Bringing salt/fish from Greenmist with escorts under banner of Circle of the Dawn.
2026-01-09T18:00:00.000Z [town] @ Belfos Mainardus arrives in Belfos — scout from Azmarin
2026-01-09T18:00:00.000Z [town] @ Belfos Eurydamus arrives in Belfos — merchant from Windleigh
2026-01-09T18:00:00.000Z [town] @ Azmarin Disease outbreak in Azmarin! — Local healers have identified Gripsha among the populace. Fear spreads as quickly as the sickness.
2026-01-09T19:00:00.000Z [road] @ Belfos The Wandering Merchants makes camp under escort — Road to Myrrka (road) quiet tonight.
2026-01-09T20:00:00.000Z [road] @ Myrrka [The Grim Wolves, giant eagles] The Grim Wolves skirt around wary giant eagles — Under an indigo sky a frozen waterfall. A few night-hunting giant eagles, blocking the path. They found common ground in their mutual interests.
⏰ Catch-up progress: 98% (700/711 turns)2026-01-09T21:00:00.000Z [road] @ Myrrka [The Grim Wolves] The Grim Wolves spot signs of danger — Giant footprints in the snow, each as long as a man is tall.
2026-01-09T21:00:00.000Z [road] @ Myrrka [The Grim Wolves, orc raiders] orc raiders demand tolls from passing The Grim Wolves — As songs rose from dim taverns mountain goats leaping between boulders. A group of battle-scarred orc raiders, scouting for targets. The battle was lost, but the war continued. Bridges spanning raging torrents marked the scene.
2026-01-09T21:00:00.000Z [faction] @ Belfos [The Hawk Compact] The Hawk Compact eyes Belfos for its textiles — Desperate for textiles, the faction has decided to take the settlement by force.
2026-01-09T22:00:00.000Z [road] @ Myrrka [The Grim Wolves] The Grim Wolves spot signs of danger — Eagle cries echo, but no birds are visible.
2026-01-09T22:00:00.000Z [road] @ Myrrka [The Grim Wolves, wyverns] The Grim Wolves assist wyverns with a broken wagon — As songs rose from dim taverns waterfalls plunging into deep pools. A horde of night-hunting wyverns, apparently startled. An uneasy bargain was struck beneath wary eyes.

✓ Caught up! World time is now synchronized.

╔════════════════════════════════════════════════════════════════╗
║  BECMI Real-Time Simulator                                     ║
║  January 1st, 2026                                             ║
╠════════════════════════════════════════════════════════════════╣
║  Seed: gator                                                   ║
║  Time Scale: 1x (turn every 600000ms)                          ║
║  Settlements: 6   Parties: 2   Antagonists: 0                  ║
║  Active Stories: 8                                             ║
╚════════════════════════════════════════════════════════════════╝

