2026-01-01T00:00:00.000Z [system] The chronicle begins: Standard — January 1st, 2026. The simulation awakens in an era known as the Standard.
2026-01-01T00:00:00.000Z [town] @ Belfos Belfos stirs to life — Guild banners snapped in the breeze while decent folk lay sleeping.
2026-01-01T00:00:00.000Z [town] @ Windleigh Windleigh stirs to life — Guild banners snapped in the breeze in the hush of late night.
2026-01-01T00:00:00.000Z [faction] @ Windleigh [Dionysios] A new tale begins: "Seals Breaking" — Ancient wards fail. What they imprisoned walks again.
2026-01-01T00:00:00.000Z [town] @ Azmarin Azmarin stirs to life — A crier announced the day's proclamations in the hush of late night.
2026-01-01T00:00:00.000Z [town] @ Minasfeld Minasfeld stirs to life — Children chased each other through muddy lanes while decent folk lay sleeping.
2026-01-01T00:00:00.000Z [town] @ Myrrka Myrrka stirs to life — A crier announced the day's proclamations with only moonlight for company.
2026-01-01T00:00:00.000Z [faction] @ Myrrka [Engelwara] A new tale begins: "The Old Darkness Returns" — Engelwara races to prevent catastrophe.
2026-01-01T00:00:00.000Z [town] @ Greenmist Greenmist stirs to life — Chickens scattered before approaching travelers as owls hunted in darkness.
2026-01-01T00:00:00.000Z [faction] @ Myrrka [Mendia the Pallid] The shadow of Mendia the Pallid falls over the region — Wizards whisper of forbidden arts practiced in secret.
2026-01-01T00:00:00.000Z [town] Happy New Year: 2026 — Church bells ring across the land. A fresh page turns in the chronicle.
2026-01-01T00:00:00.000Z [town] @ Belfos The spirit of New Year fills Belfos — The start of a new year brings hope and renewal. The community comes together in celebration.
2026-01-01T00:00:00.000Z [town] @ Windleigh Windleigh observes New Year — The start of a new year brings hope and renewal. Visitors are welcomed with festive cheer.
2026-01-01T00:00:00.000Z [town] @ Azmarin Azmarin observes New Year — The start of a new year brings hope and renewal. People gather to mark this special occasion.
2026-01-01T00:00:00.000Z [town] @ Minasfeld New Year celebrations in Minasfeld — The start of a new year brings hope and renewal. Merchants offer special deals; the air smells of celebration.
2026-01-01T00:00:00.000Z [town] @ Myrrka New Year celebrations in Myrrka — The start of a new year brings hope and renewal. Visitors are welcomed with festive cheer.
2026-01-01T00:00:00.000Z [town] @ Greenmist The spirit of New Year fills Greenmist — The start of a new year brings hope and renewal. People gather to mark this special occasion.
2026-01-01T00:00:00.000Z [faction] @ Greenmist [Kreon] A new tale begins: "Echoes of the Past" — The dead do not rest peacefully in Greenmist.
2026-01-01T00:00:00.000Z [weather] @ Myrrka Snowfall covers Myrrka — Snow blankets everything. Travel becomes difficult.
2026-01-01T00:00:00.000Z [road] @ Belfos [The Grim Wolves] The Grim Wolves departs Belfos — Bound for Myrrka across road (~42 miles).
2026-01-01T00:00:00.000Z [road] @ Greenmist [Parthenius's Band] Parthenius's Band departs Greenmist — Bound for Myrrka across mountains (~36 miles).
2026-01-01T00:00:00.000Z [town] @ Belfos Peli seen in Belfos markets — priest haggles and swaps news.
2026-01-01T00:00:00.000Z [town] @ Belfos Izot seen in Belfos markets — bard haggles and swaps news.
2026-01-01T00:00:00.000Z [town] @ Belfos Belfos folk watchful — Shortages in grain/ore.
2026-01-01T00:00:00.000Z [town] @ Belfos Rumor in Belfos — Levies rumored to secure ore; officials say caravans delayed.
2026-01-01T00:00:00.000Z [town] @ Belfos Rumor in Belfos — The Storm Guild watches the markets quietly.
2026-01-01T00:00:00.000Z [town] @ Belfos Rumor in Belfos — Sons of the Wolf watches the markets quietly.
2026-01-01T00:00:00.000Z [town] @ Belfos Rumor in Belfos — Order of the Hawk watches the markets quietly.
2026-01-01T00:00:00.000Z [town] @ Belfos Rumor in Belfos — Circle of the Dawn watches the markets quietly.
2026-01-01T00:00:00.000Z [town] @ Belfos Rumor in Belfos — The Hawk Compact watches the markets quietly.
2026-01-01T00:00:00.000Z [town] @ Windleigh Windleigh folk watchful — Surplus ore/fish and shortages in textiles/salt.
2026-01-01T00:00:00.000Z [town] @ Windleigh Rumor in Windleigh — Bargain prices on fish; traders racing to Windleigh.
2026-01-01T00:00:00.000Z [town] @ Windleigh Rumor in Windleigh — Order of the Hawk watches the markets quietly.
2026-01-01T00:00:00.000Z [town] @ Azmarin Mainardus seen in Azmarin markets — scout haggles and swaps news.
2026-01-01T00:00:00.000Z [town] @ Azmarin Azmarin spirits high — Surplus textiles/salt and shortages in ore/livestock.
2026-01-01T00:00:00.000Z [town] @ Azmarin Rumor in Azmarin — whispered mystery: a bard fresh from the road says Millesenta heard of whispers of depth 3 halls (from Azmarin).
2026-01-01T00:00:00.000Z [town] @ Azmarin Rumor in Azmarin — Sons of the Wolf watches the markets quietly.
2026-01-01T00:00:00.000Z [town] @ Azmarin Rumor in Azmarin — The Hawk Compact watches the markets quietly.
2026-01-01T00:00:00.000Z [town] @ Minasfeld Minasfeld folk watchful — Surplus textiles/livestock.
2026-01-01T00:00:00.000Z [town] @ Minasfeld Rumor in Minasfeld — Circle of the Dawn watches the markets quietly.
2026-01-01T00:00:00.000Z [town] @ Myrrka Myrrka folk watchful — Surplus textiles and shortages in salt/livestock.
2026-01-01T00:00:00.000Z [town] @ Myrrka Rumor in Myrrka — The Hawk Compact watches the markets quietly.
2026-01-01T00:00:00.000Z [town] @ Greenmist Greenmist folk watchful — Surplus grain/textiles and shortages in salt/fish.
2026-01-01T01:00:00.000Z [town] @ Myrrka Word spreads in Myrrka — Travelers speak of Mendia the Pallid. Ascending to godhood.
2026-01-01T01:00:00.000Z [town] @ Myrrka Mood darkens in Myrrka — Following recent events, the people's spirit sinks.
2026-01-01T01:00:00.000Z [faction] The Storm Guild declares a shortage of fish — Their stockpiles are low. They will seek fish by any means necessary.
2026-01-01T01:00:00.000Z [faction] Circle of the Dawn declares a shortage of grain — Their stockpiles are low. They will seek grain by any means necessary.
2026-01-01T01:00:00.000Z [road] @ hex:0,9 glabrezu and giant-centipede tensions rise — Two populations eye the same territory. Conflict seems inevitable.
2026-01-01T01:00:00.000Z [road] @ hex:4,5 drow and goblin tensions rise — Two populations eye the same territory. Conflict seems inevitable.
2026-01-01T01:00:00.000Z [road] @ hex:7,6 su-monster and goblin tensions rise — Two populations eye the same territory. Conflict seems inevitable.
2026-01-01T02:00:00.000Z [road] @ Greenmist [Parthenius's Band] Parthenius's Band spot signs of danger — Eagle cries echo, but no birds are visible.
2026-01-01T02:00:00.000Z [town] @ Minasfeld [Hans-Ruedi, Cybele] Hans-Ruedi grows impatient with Cybele's excuses — The ledger must balance, one way or another.
2026-01-01T02:00:00.000Z [faction] The Storm Guild declares a shortage of grain — Their stockpiles are low. They will seek grain by any means necessary.
2026-01-01T02:00:00.000Z [faction] The Hawk Compact declares a shortage of livestock — Their stockpiles are low. They will seek livestock by any means necessary.
2026-01-01T02:00:00.000Z [faction] @ the region [Wattie] A new tale begins: "The Bargain" — Wattie made a deal with powers best left alone.
2026-01-01T02:00:00.000Z [road] @ hex:3,2 bear and skeleton tensions rise — Two populations eye the same territory. Conflict seems inevitable.
2026-01-01T02:00:00.000Z [road] @ hex:3,7 giant-snake and bear tensions rise — Two populations eye the same territory. Conflict seems inevitable.
2026-01-01T03:00:00.000Z [road] @ Greenmist [Parthenius's Band] Parthenius's Band spot signs of danger — Giant footprints in the snow, each as long as a man is tall.
2026-01-01T03:00:00.000Z [faction] @ Greenmist [Parthenius's Band] A new tale begins: "Blood on the Trail" — Parthenius's Band stalks a dangerous quarry across the region.
2026-01-01T03:00:00.000Z [road] @ Greenmist [Parthenius's Band, orc raiders] orc raiders follow Parthenius's Band at a safe distance — In the witching hour Clouds obscure all but the lowest slopes. A group of frenzied orc raiders, performing war rituals. They established rules for future encounters. Eagles soaring on thermal winds marked the scene.
2026-01-01T03:00:00.000Z [faction] @ Greenmist [Parthenius's Band, orc raiders] A new tale begins: "Fire in Greenmist" — Parthenius's Band strikes fast at Greenmist and withdraws before retaliation.
2026-01-01T03:00:00.000Z [faction] Sons of the Wolf declares a shortage of ore — Their stockpiles are low. They will seek ore by any means necessary.
2026-01-01T03:00:00.000Z [faction] The Hawk Compact declares a shortage of textiles — Their stockpiles are low. They will seek textiles by any means necessary.
2026-01-01T03:00:00.000Z [road] @ hex:3,9 bear and orc tensions rise — Two populations eye the same territory. Conflict seems inevitable.
2026-01-01T04:00:00.000Z [road] @ Belfos [The Grim Wolves] The Grim Wolves discovers The Cracked Statue — When shadows grew deepest the creak of wagon wheels. A cracked statue, whispering in an unknown, melodic tongue. A sudden vision of what is to come flashes before them.
2026-01-01T04:00:00.000Z [road] @ Greenmist [Parthenius's Band] Parthenius's Band spot signs of danger — Giant footprints in the snow, each as long as a man is tall.
2026-01-01T04:00:00.000Z [faction] The Storm Guild declares a shortage of textiles — Their stockpiles are low. They will seek textiles by any means necessary.
2026-01-01T04:00:00.000Z [faction] Order of the Hawk declares a shortage of timber — Their stockpiles are low. They will seek timber by any means necessary.
2026-01-01T04:00:00.000Z [faction] The Hawk Compact declares a shortage of salt — Their stockpiles are low. They will seek salt by any means necessary.
2026-01-01T04:00:00.000Z [road] @ hex:5,3 giant-raven and skeleton tensions rise — Two populations eye the same territory. Conflict seems inevitable.
2026-01-01T05:00:00.000Z [road] @ Greenmist [Parthenius's Band, giant eagles] giant eagles share hunting tips with Parthenius's Band — As rose light crept across the land bridges spanning raging torrents. A horde of dangerous giant eagles, apparently startled. They established rules for future encounters.
2026-01-01T05:00:00.000Z [faction] [Order of the Hawk, The Storm Guild] Order of the Hawk proposes marriage alliance with The Storm Guild — Envoys are sent. Dowries discussed. A political wedding could reshape alliances.
2026-01-01T05:00:00.000Z [faction] The Storm Guild declares a shortage of livestock — Their stockpiles are low. They will seek livestock by any means necessary.
2026-01-01T05:00:00.000Z [faction] Circle of the Dawn declares a shortage of livestock — Their stockpiles are low. They will seek livestock by any means necessary.
2026-01-01T05:00:00.000Z [road] @ hex:3,7 giant-snake and goblin tensions rise — Two populations eye the same territory. Conflict seems inevitable.
2026-01-01T05:00:00.000Z [road] @ hex:4,8 rakshasa and pegasus tensions rise — Two populations eye the same territory. Conflict seems inevitable.
2026-01-01T05:00:00.000Z [road] @ hex:7,8 pyrolisk and revenant tensions rise — Two populations eye the same territory. Conflict seems inevitable.
2026-01-01T06:00:00.000Z [road] @ Greenmist [Parthenius's Band, dwarven patrols] Parthenius's Band keep their distance from armed dwarven patrols — As mist still clung to low places the crack of splitting rock. A solitary shadow-cloaked dwarven patrols, blocking the path. They traded information as valuable as gold.
2026-01-01T06:00:00.000Z [faction] Order of the Hawk declares a shortage of ore — Their stockpiles are low. They will seek ore by any means necessary.
2026-01-01T06:00:00.000Z [road] @ hex:9,0 sea-drake and giant-eel tensions rise — Two populations eye the same territory. Conflict seems inevitable.
2026-01-01T07:00:00.000Z [road] @ Belfos The New Caravan makes camp under escort — Road to Minasfeld (road) quiet tonight.
2026-01-01T07:00:00.000Z [faction] The Storm Guild declares a shortage of timber — Their stockpiles are low. They will seek timber by any means necessary.
2026-01-01T07:00:00.000Z [faction] Sons of the Wolf declares a shortage of salt — Their stockpiles are low. They will seek salt by any means necessary.
2026-01-01T07:00:00.000Z [faction] The Hawk Compact declares a shortage of grain — Their stockpiles are low. They will seek grain by any means necessary.
2026-01-01T07:00:00.000Z [faction] @ the region [Epistor] A new tale begins: "What Was Promised" — In the region, ancient bargains come due.
2026-01-01T08:00:00.000Z [road] @ Belfos [The Grim Wolves, bandits] bandits launch arrows at The Grim Wolves from hiding — As folk went about their labors a hanging sign creaking in the wind. Several desperate bandits, demanding toll. The foe's weapons glanced off enchanted armor. A well-timed spell from their caster turned the tide.
2026-01-01T08:00:00.000Z [road] @ Greenmist [Parthenius's Band] Parthenius's Band spot signs of danger — The ruins of a dwarven waystation, recently looted.
2026-01-01T08:00:00.000Z [faction] Circle of the Dawn declares a shortage of ore — Their stockpiles are low. They will seek ore by any means necessary.
2026-01-01T08:00:00.000Z [road] @ hex:3,7 giant-snake and drow tensions rise — Two populations eye the same territory. Conflict seems inevitable.
2026-01-01T09:00:00.000Z [road] @ Belfos [The Grim Wolves] The Grim Wolves spot signs of danger — Crows gather ahead. They scatter at your approach.
2026-01-01T09:00:00.000Z [faction] [The Hawk Compact, The Storm Guild] The Hawk Compact proposes marriage alliance with The Storm Guild — Envoys are sent. Dowries discussed. A political wedding could reshape alliances.
2026-01-01T10:00:00.000Z [road] @ Greenmist [Parthenius's Band] Parthenius's Band spot signs of danger — Giant footprints in the snow, each as long as a man is tall.
2026-01-01T10:00:00.000Z [town] @ Minasfeld [Theodric, Eadmund] Theodric instructs Eadmund — Wisdom passed from one generation to the next.
2026-01-01T11:00:00.000Z [road] @ Greenmist [Parthenius's Band] Parthenius's Band parley with ogre — Trade news and share a quick meal before parting ways.
2026-01-01T11:00:00.000Z [faction] Order of the Hawk declares a shortage of fish — Their stockpiles are low. They will seek fish by any means necessary.
2026-01-01T11:00:00.000Z [faction] Circle of the Dawn declares a shortage of timber — Their stockpiles are low. They will seek timber by any means necessary.
2026-01-01T11:00:00.000Z [town] @ Azmarin [The Shadow Hand, Zemarchus] The Shadow Hand plans a job against The Wandering Peddlers — The rulers of the shadows have set their sights on a caravan. Zemarchus leads the planning. It will take approximately 2 days to prepare.
2026-01-01T11:00:00.000Z [road] @ hex:2,7 golem-stone and chimera tensions rise — Two populations eye the same territory. Conflict seems inevitable.
2026-01-01T12:00:00.000Z [faction] Circle of the Dawn declares a shortage of fish — Their stockpiles are low. They will seek fish by any means necessary.
2026-01-01T12:00:00.000Z [road] @ hex:2,5 giant-raven and giant-centipede tensions rise — Two populations eye the same territory. Conflict seems inevitable.
2026-01-01T12:00:00.000Z [road] @ hex:3,7 giant-snake and sylph clash — Territorial war erupts! The sylph triumph, but 2 fall. The giant-snake lose 17 and retreat.
2026-01-01T13:00:00.000Z [road] @ Greenmist [Parthenius's Band] Parthenius's Band discovers The Sun-bleached Altar — As the bell tolled the sixth hour vast chasms with no visible bottom. A sun-bleached altar, whispering in an unknown, melodic tongue. They uncover a fragment of lost history.
2026-01-01T13:00:00.000Z [road] @ hex:0,9 glabrezu and giant-centipede clash — Territorial war erupts! The glabrezu triumph, but 3 fall. The giant-centipede lose 16 and retreat.
2026-01-01T13:00:00.000Z [road] @ hex:5,3 giant-raven and skeleton clash — Territorial war erupts! The skeleton triumph, but 4 fall. The giant-raven lose 11 and retreat.
2026-01-01T14:00:00.000Z [road] @ Greenmist [Parthenius's Band] Parthenius's Band spot signs of danger — The ruins of a dwarven waystation, recently looted.
2026-01-01T14:00:00.000Z [faction] The Storm Guild declares a shortage of ore — Their stockpiles are low. They will seek ore by any means necessary.
2026-01-01T14:00:00.000Z [faction] Order of the Hawk declares a shortage of salt — Their stockpiles are low. They will seek salt by any means necessary.
2026-01-01T14:00:00.000Z [town] @ Myrrka [Guinemat, The Dead Man's Purse] Merchant refuses The Dead Man's Purse's "protection" — Guinemat stands up to the guild. A brave but perhaps foolish act.
2026-01-01T14:00:00.000Z [road] @ hex:3,4 living-statue and nightwalker tensions rise — Two populations eye the same territory. Conflict seems inevitable.
2026-01-01T14:00:00.000Z [road] @ hex:4,5 drow and pyrohydra tensions rise — Two populations eye the same territory. Conflict seems inevitable.
2026-01-01T14:00:00.000Z [road] @ hex:7,7 rust-monster and chaos-beast tensions rise — Two populations eye the same territory. Conflict seems inevitable.
2026-01-01T14:00:00.000Z [faction] @ hex:7,7 [Itzia] A new tale begins: "Itzia's Last Stand" — Itzia stalks a dangerous quarry across the region.
2026-01-01T15:00:00.000Z [road] @ Greenmist [Parthenius's Band] Parthenius's Band shadowed by orc raiders — Tense standoff; both sides withdraw before blades are drawn.
2026-01-01T15:00:00.000Z [town] @ Belfos Word spreads in Belfos — Explorers speak of a strange discovery near Belfos.
2026-01-01T15:00:00.000Z [road] @ hex:2,7 giant-centipede and golem-stone clash — Territorial war erupts! The golem-stone triumph, but 1 fall. The giant-centipede lose 13 and retreat.
2026-01-01T15:00:00.000Z [road] @ hex:3,4 living-statue and drow tensions rise — Two populations eye the same territory. Conflict seems inevitable.
2026-01-01T15:00:00.000Z [road] @ hex:4,8 rakshasa and pegasus tensions rise — Two populations eye the same territory. Conflict seems inevitable.
2026-01-01T16:00:00.000Z [road] @ Greenmist [Parthenius's Band] Parthenius's Band spot signs of danger — Eagle cries echo, but no birds are visible.
2026-01-01T16:00:00.000Z [road] @ Greenmist [Parthenius's Band] Parthenius's Band spot goblins and avoid notice — They detour carefully, leaving only faint tracks.
2026-01-01T16:00:00.000Z [road] @ Windleigh Northbeach Traders makes camp under escort — Road to Belfos (road) quiet tonight.
2026-01-01T16:00:00.000Z [faction] Sons of the Wolf declares a shortage of textiles — Their stockpiles are low. They will seek textiles by any means necessary.
2026-01-01T16:00:00.000Z [road] @ hex:9,7 nereid and giant-eel clash — Territorial war erupts! The nereid triumph, but 0 fall. The giant-eel lose 20 and retreat.
2026-01-01T17:00:00.000Z [road] @ Belfos [The Grim Wolves] The Grim Wolves spot signs of danger — A broken wagon wheel lies by the verge. No sign of the wagon.
2026-01-01T17:00:00.000Z [road] @ Belfos The New Caravan makes camp under escort — Road to Minasfeld (road) quiet tonight.
2026-01-01T17:00:00.000Z [road] @ Windleigh Northbeach Traders makes camp under escort — Road to Belfos (road) quiet tonight.
2026-01-01T17:00:00.000Z [faction] Order of the Hawk declares a shortage of livestock — Their stockpiles are low. They will seek livestock by any means necessary.
2026-01-01T17:00:00.000Z [road] @ hex:2,7 giant-centipede and giant-snake tensions rise — Two populations eye the same territory. Conflict seems inevitable.
2026-01-01T17:00:00.000Z [road] @ hex:3,7 giant-snake and rakshasa tensions rise — Two populations eye the same territory. Conflict seems inevitable.
2026-01-01T17:00:00.000Z [road] @ hex:4,5 drow and giant-raven tensions rise — Two populations eye the same territory. Conflict seems inevitable.
2026-01-01T18:00:00.000Z [road] @ Belfos The New Caravan makes camp under escort — Road to Minasfeld (road) quiet tonight.
2026-01-01T18:00:00.000Z [faction] The Hawk Compact declares a shortage of timber — Their stockpiles are low. They will seek timber by any means necessary.
2026-01-01T18:00:00.000Z [road] @ hex:9,2 giant-eel and kelpie clash — Territorial war erupts! The kelpie triumph, but 1 fall. The giant-eel lose 8 and retreat.
2026-01-01T19:00:00.000Z [faction] @ Azmarin [Sons of the Wolf] Sons of the Wolf eyes Azmarin for its salt — Desperate for salt, the faction has decided to take the settlement by force.
2026-01-01T19:00:00.000Z [road] @ hex:4,5 drow and grell clash — Territorial war erupts! The drow triumph, but 0 fall. The grell lose 1 and retreat.
2026-01-01T19:00:00.000Z [road] @ hex:4,5 drow and phantom tensions rise — Two populations eye the same territory. Conflict seems inevitable.
2026-01-01T20:00:00.000Z [road] @ Belfos [The Grim Wolves] The Grim Wolves spot signs of danger — Fresh hoofprints diverge from the road, as if riders left in haste.
2026-01-01T20:00:00.000Z [road] @ Greenmist [Parthenius's Band, orc raiders] orc raiders block the path but allow passage — Under an indigo sky the ruins of a dwarven gatehouse. Clouds obscure all but the lowest slopes. A handful of mounted orc raiders, performing war rituals. An uneasy bargain was struck beneath wary eyes.
2026-01-01T20:00:00.000Z [road] @ Belfos The Wandering Peddlers makes camp under escort — Road to Azmarin (road) quiet tonight.
2026-01-01T20:00:00.000Z [road] @ hex:3,1 half-orc-bandit and skeleton clash — Territorial war erupts! The skeleton triumph, but 2 fall. The half-orc-bandit lose 4 and retreat.
2026-01-01T20:00:00.000Z [road] @ hex:7,8 pyrolisk and revenant tensions rise — Two populations eye the same territory. Conflict seems inevitable.
2026-01-01T20:00:00.000Z [road] @ hex:7,9 revenant and nereid tensions rise — Two populations eye the same territory. Conflict seems inevitable.
2026-01-01T21:00:00.000Z [faction] @ Myrrka A new band appears near Myrrka — Theramenes's Band takes to the byways.
2026-01-01T21:00:00.000Z [road] @ Belfos The New Caravan makes camp under escort — Road to Minasfeld (road) quiet tonight.
2026-01-01T21:00:00.000Z [faction] @ Azmarin [Order of the Hawk] Order of the Hawk eyes Azmarin for its salt — Desperate for salt, the faction has decided to take the settlement by force.
2026-01-01T21:00:00.000Z [town] @ Belfos [Heilewis, The Shadow Hand] Merchant refuses The Shadow Hand's "protection" — Heilewis stands up to the guild. A brave but perhaps foolish act.
2026-01-01T21:00:00.000Z [road] @ hex:9,7 nereid and giant-eel tensions rise — Two populations eye the same territory. Conflict seems inevitable.
2026-01-01T22:00:00.000Z [road] @ Greenmist [Parthenius's Band] Parthenius's Band spot signs of danger — A cairn of skulls marks a territorial boundary.
2026-01-01T22:00:00.000Z [road] @ Belfos [The New Caravan, Sons of the Wolf] The New Caravan is raided! — Sons of the Wolf forces have intercepted the caravan en route to Minasfeld.
2026-01-01T22:00:00.000Z [town] @ Belfos Trade routes near Belfos grow dangerous — Merchants speak of losses. Some refuse to travel until the roads are secured.
2026-01-01T23:00:00.000Z [road] @ Belfos [The Grim Wolves, pilgrims] pilgrims attack The Grim Wolves without warning — With only moonlight for company the clink of coins being counted. Many dangerous pilgrims, moving with purpose. Blades flashed in the uncertain light. When it ended, the way was clear. Divine favor shielded them from the worst of the blows.
2026-01-01T23:00:00.000Z [road] @ Greenmist [Parthenius's Band, giant eagles] Parthenius's Band assist giant eagles with a broken wagon — In the hush of late night waterfalls plunging into deep pools. Clouds obscure all but the lowest slopes. A company of shadow-cloaked giant eagles, emerging from concealment. They left the meeting with hope for peaceful coexistence. Bridges spanning raging torrents marked the scene.
2026-01-01T23:00:00.000Z [road] @ hex:5,4 pyrohydra and grell tensions rise — Two populations eye the same territory. Conflict seems inevitable.
2026-01-02T00:00:00.000Z [road] @ Belfos [The Grim Wolves] The Grim Wolves shadowed by patrolling guards — Tense standoff; both sides withdraw before blades are drawn.
2026-01-02T00:00:00.000Z [road] @ Windleigh Northbeach Traders makes camp under escort — Road to Belfos (road) quiet tonight.
2026-01-02T00:00:00.000Z [town] @ Greenmist Word spreads in Greenmist — Explorers speak of a strange discovery near Greenmist.
2026-01-02T00:00:00.000Z [town] @ Windleigh [Cybele, Irantzu] Violence threatened between Cybele and Irantzu — The feud grows more dangerous by the day.
2026-01-02T00:00:00.000Z [faction] @ Myrrka [Engelwara] The Old Darkness Returns: The evil sends visions to the weak. Engelwara remains seeks power and influence. — Engelwara races to prevent catastrophe.
2026-01-02T00:00:00.000Z [faction] @ Greenmist [Kreon] Echoes of the Past: Consequences remain. — The dead do not rest peacefully in Greenmist.
2026-01-02T00:00:00.000Z [road] @ hex:2,8 chimera and giant-snake clash — Territorial war erupts! The chimera triumph, but 0 fall. The giant-snake lose 9 and retreat.
2026-01-02T00:00:00.000Z [road] @ hex:3,4 living-statue and giant-raven clash — Territorial war erupts! The living-statue triumph, but 2 fall. The giant-raven lose 7 and retreat.
2026-01-02T00:00:00.000Z [road] @ hex:4,8 orc and goblin clash — Territorial war erupts! The orc triumph, but 7 fall. The goblin lose 23 and retreat.
2026-01-02T00:00:00.000Z [weather] @ Myrrka Myrrka wakes to fresh snowfall — The cold drove all but the hardiest indoors.
2026-01-02T00:00:00.000Z [road] @ Myrrka [Theramenes's Band] Theramenes's Band departs Myrrka — Bound for Belfos across road (~42 miles).
2026-01-02T00:00:00.000Z [town] @ Belfos Belfos folk watchful — Shortages in grain/ore.
2026-01-02T00:00:00.000Z [town] @ Belfos Rumor in Belfos — Levies rumored to secure ore; officials say caravans delayed.
2026-01-02T00:00:00.000Z [town] @ Windleigh Cybele seen in Windleigh markets — guard haggles and swaps news.
2026-01-02T00:00:00.000Z [town] @ Windleigh Ilene seen in Windleigh markets — bard haggles and swaps news.
2026-01-02T00:00:00.000Z [town] @ Windleigh Windleigh spirits high — Surplus ore/fish and shortages in textiles/salt.
2026-01-02T00:00:00.000Z [town] @ Windleigh Rumor in Windleigh — Levies rumored to secure salt; officials say caravans delayed.
2026-01-02T00:00:00.000Z [town] @ Windleigh Rumor in Windleigh — Sons of the Wolf watches the markets quietly.
2026-01-02T00:00:00.000Z [town] @ Azmarin Azmarin spirits high — Surplus salt and shortages in ore/livestock.
2026-01-02T00:00:00.000Z [town] @ Azmarin Rumor in Azmarin — Circle of the Dawn watches the markets quietly.
2026-01-02T00:00:00.000Z [town] @ Minasfeld Theodric seen in Minasfeld markets — scout haggles and swaps news.
2026-01-02T00:00:00.000Z [town] @ Minasfeld Hans-Ruedi seen in Minasfeld markets — laborer haggles and swaps news.
2026-01-02T00:00:00.000Z [town] @ Minasfeld Minasfeld folk watchful — Surplus textiles/livestock.
2026-01-02T00:00:00.000Z [town] @ Minasfeld Rumor in Minasfeld — Bargain prices on livestock; traders racing to Minasfeld.
2026-01-02T00:00:00.000Z [town] @ Minasfeld Rumor in Minasfeld — Circle of the Dawn watches the markets quietly.
2026-01-02T00:00:00.000Z [town] @ Minasfeld Rumor in Minasfeld — The Hawk Compact watches the markets quietly.
2026-01-02T00:00:00.000Z [town] @ Myrrka Katixa seen in Myrrka markets — guard haggles and swaps news.
2026-01-02T00:00:00.000Z [town] @ Myrrka Molora seen in Myrrka markets — scout haggles and swaps news.
2026-01-02T00:00:00.000Z [town] @ Myrrka Myrrka folk watchful — Surplus grain/textiles and shortages in salt/livestock.
2026-01-02T00:00:00.000Z [town] @ Myrrka Rumor in Myrrka — Bargain prices on textiles; traders racing to Myrrka.
2026-01-02T00:00:00.000Z [town] @ Myrrka Rumor in Myrrka — Circle of the Dawn watches the markets quietly.
2026-01-02T00:00:00.000Z [town] @ Myrrka Rumor in Myrrka — The Hawk Compact watches the markets quietly.
2026-01-02T00:00:00.000Z [town] @ Greenmist Eryalus seen in Greenmist markets — laborer haggles and swaps news.
2026-01-02T00:00:00.000Z [town] @ Greenmist Eadmund seen in Greenmist markets — laborer haggles and swaps news.
2026-01-02T00:00:00.000Z [town] @ Greenmist Parthenius's Band hailed in Greenmist — Locals toast their exploits.
2026-01-02T00:00:00.000Z [town] @ Greenmist Greenmist folk watchful — Surplus grain/textiles and shortages in fish.
2026-01-02T00:00:00.000Z [town] @ Greenmist Rumor in Greenmist — Levies rumored to secure fish; officials say caravans delayed.
2026-01-02T00:00:00.000Z [town] @ Greenmist Rumor in Greenmist — Sons of the Wolf watches the markets quietly.
