Sun Jan  4 14:20:18 CST 2026: Starting fantasy-log simulation with auto-restart...
Sun Jan  4 14:20:18 CST 2026: Launching process...
Sun Jan  4 14:20:18 CST 2026: Using bun...
📦 Migrating world from schema v1 to v2...
⏰ No lastTickAt found - using startedAt for catch-up baseline
✓ World loaded successfully (schema v2)

⏰ Catching up 368d 20h of missed time (1008 turns)...
2025-01-01T01:00:00.000Z [road] @ Belfos [The Wandering Peddlers, Sons of the Wolf] The Wandering Peddlers is raided! — Sons of the Wolf forces have intercepted the caravan en route to Azmarin.
2025-01-01T01:00:00.000Z [town] @ Belfos Trade routes near Belfos grow dangerous — Merchants speak of losses. Some refuse to travel until the roads are secured.
2025-01-01T01:00:00.000Z [faction] The Storm Guild declares a shortage of textiles — Their stockpiles are low. They will seek textiles by any means necessary.
2025-01-01T01:00:00.000Z [faction] Circle of the Dawn declares a shortage of textiles — Their stockpiles are low. They will seek textiles by any means necessary.
2025-01-01T02:00:00.000Z [town] @ Myrrka [Katixa] Construction continues on Katixa's stronghold — Masons and laborers work tirelessly. The foundations are deep and the walls rise.
2025-01-01T02:00:00.000Z [faction] Order of the Hawk declares a shortage of timber — Their stockpiles are low. They will seek timber by any means necessary.
2025-01-01T03:00:00.000Z [road] @ Windleigh [Northbeach Traders, Sons of the Wolf] Northbeach Traders is raided! — Sons of the Wolf forces have intercepted the caravan en route to Belfos.
2025-01-01T03:00:00.000Z [town] @ Windleigh Trade routes near Windleigh grow dangerous — Merchants speak of losses. Some refuse to travel until the roads are secured.
2025-01-01T03:00:00.000Z [town] @ Belfos [Izot] Magical mist chokes Belfos — A toxic green cloud, conjured by Izot, rolls through the streets. Panic ensues.
2025-01-01T04:00:00.000Z [town] @ Belfos [Peli] Construction continues on Peli's stronghold — Masons and laborers work tirelessly. The foundations are deep and the walls rise.
2025-01-01T04:00:00.000Z [faction] Order of the Hawk declares a shortage of grain — Their stockpiles are low. They will seek grain by any means necessary.
2025-01-01T05:00:00.000Z [faction] Circle of the Dawn declares a shortage of grain — Their stockpiles are low. They will seek grain by any means necessary.
2025-01-01T06:00:00.000Z [system] The world turns (18th of Deepwinter, Year 1056) — 0 parties traveling, 2 resting. 0 threats lurk.
2025-01-01T06:00:00.000Z [town] @ Minasfeld Word spreads in Minasfeld — Thieves struck near Belfos. The roads grow dangerous.
2025-01-01T06:00:00.000Z [town] @ Belfos [Izot] Magical mist chokes Belfos — A toxic green cloud, conjured by Izot, rolls through the streets. Panic ensues.
2025-01-01T07:00:00.000Z [faction] Sons of the Wolf declares a shortage of textiles — Their stockpiles are low. They will seek textiles by any means necessary.
2025-01-01T07:00:00.000Z [faction] Order of the Hawk declares a shortage of fish — Their stockpiles are low. They will seek fish by any means necessary.
2025-01-01T07:00:00.000Z [faction] The Hawk Compact declares a shortage of fish — Their stockpiles are low. They will seek fish by any means necessary.
2025-01-01T08:00:00.000Z [road] @ Belfos The New Caravan makes camp under escort — Road to Minasfeld (road) quiet tonight.
2025-01-01T08:00:00.000Z [faction] @ Belfos [Order of the Hawk] Order of the Hawk sends relief to Belfos — Wagons of grain and medicine roll toward the suffering. Compassion—or calculated politics?
2025-01-01T08:00:00.000Z [faction] Circle of the Dawn declares a shortage of timber — Their stockpiles are low. They will seek timber by any means necessary.
2025-01-01T08:00:00.000Z [faction] The Hawk Compact declares a shortage of textiles — Their stockpiles are low. They will seek textiles by any means necessary.
2025-01-01T09:00:00.000Z [town] @ Belfos [Izot] Izot masters a new spell: Detect Magic — After weeks of intense study and meditation, the bard has unlocked new power.
2025-01-01T09:00:00.000Z [town] @ Azmarin [Mainardus] Magical mist chokes Azmarin — A toxic green cloud, conjured by Mainardus, rolls through the streets. Panic ensues.
2025-01-01T10:00:00.000Z [faction] The Storm Guild declares a shortage of timber — Their stockpiles are low. They will seek timber by any means necessary.
2025-01-01T11:00:00.000Z [road] @ Windleigh Northbeach Traders makes camp under escort — Road to Belfos (road) quiet tonight.
2025-01-01T11:00:00.000Z [faction] Sons of the Wolf declares a shortage of ore — Their stockpiles are low. They will seek ore by any means necessary.
2025-01-01T12:00:00.000Z [system] The world turns (18th of Deepwinter, Year 1056) — 0 parties traveling, 2 resting. 0 threats lurk.
2025-01-01T12:00:00.000Z [road] @ Belfos [Beroldus's Wagons, Sons of the Wolf] Beroldus's Wagons is raided! — Sons of the Wolf forces have intercepted the caravan en route to Greenmist.
2025-01-01T12:00:00.000Z [town] @ Belfos Trade routes near Belfos grow dangerous — Merchants speak of losses. Some refuse to travel until the roads are secured.
2025-01-01T13:00:00.000Z [faction] The Hawk Compact declares a shortage of timber — Their stockpiles are low. They will seek timber by any means necessary.
2025-01-01T13:00:00.000Z [faction] @ the region [Merilda] A new tale begins: "Payment Due" — The terms seemed fair once. They do not seem fair now.
2025-01-01T15:00:00.000Z [faction] Sons of the Wolf declares a shortage of fish — Their stockpiles are low. They will seek fish by any means necessary.
2025-01-01T15:00:00.000Z [faction] Order of the Hawk declares a shortage of salt — Their stockpiles are low. They will seek salt by any means necessary.
2025-01-01T16:00:00.000Z [faction] Sons of the Wolf declares a shortage of grain — Their stockpiles are low. They will seek grain by any means necessary.
⏰ Catch-up progress: 9% (100/1008 turns)2025-01-01T18:00:00.000Z [system] The world turns (18th of Deepwinter, Year 1056) — 0 parties traveling, 2 resting. 0 threats lurk.
2025-01-01T18:00:00.000Z [road] @ Belfos The Wandering Merchants makes camp under escort — Road to Myrrka (road) quiet tonight.
2025-01-01T18:00:00.000Z [road] @ Belfos The New Caravan makes camp under escort — Road to Minasfeld (road) quiet tonight.
2025-01-01T18:00:00.000Z [town] @ Belfos Word spreads in Belfos — Thieves struck near Windleigh. The roads grow dangerous.
2025-01-01T18:00:00.000Z [faction] Sons of the Wolf declares a shortage of timber — Their stockpiles are low. They will seek timber by any means necessary.
2025-01-01T19:00:00.000Z [road] @ Windleigh [Northbeach Traders, Sons of the Wolf] Northbeach Traders is raided! — Sons of the Wolf forces have intercepted the caravan en route to Belfos.
2025-01-01T19:00:00.000Z [town] @ Windleigh Trade routes near Windleigh grow dangerous — Merchants speak of losses. Some refuse to travel until the roads are secured.
2025-01-01T19:00:00.000Z [faction] The Storm Guild declares a shortage of salt — Their stockpiles are low. They will seek salt by any means necessary.
2025-01-01T20:00:00.000Z [road] @ Windleigh Northbeach Traders makes camp under escort — Road to Belfos (road) quiet tonight.
2025-01-01T22:00:00.000Z [faction] Order of the Hawk declares a shortage of ore — Their stockpiles are low. They will seek ore by any means necessary.
2025-01-01T23:00:00.000Z [faction] The Storm Guild declares a shortage of livestock — Their stockpiles are low. They will seek livestock by any means necessary.
2025-01-01T23:00:00.000Z [faction] The Hawk Compact declares a shortage of grain — Their stockpiles are low. They will seek grain by any means necessary.
2025-01-02T00:00:00.000Z [system] The world turns (18th of Deepwinter, Year 1056) — 0 parties traveling, 2 resting. 0 threats lurk.
2025-01-02T00:00:00.000Z [weather] The full moon rises — Silver light bathes the land. Strange things stir in the shadows.
2025-01-02T00:00:00.000Z [town] @ Belfos Belfos folk watchful — Shortages in grain/ore.
2025-01-02T00:00:00.000Z [town] @ Windleigh Word spreads in Windleigh — A valuable shipment was lost near Belfos.
2025-01-02T00:00:00.000Z [town] @ Belfos Rumor in Belfos — Levies rumored to secure ore; officials say caravans delayed.
2025-01-02T00:00:00.000Z [town] @ Belfos Rumor in Belfos — The Storm Guild watches the markets quietly.
2025-01-02T00:00:00.000Z [town] @ Belfos Rumor in Belfos — Sons of the Wolf watches the markets quietly.
2025-01-02T00:00:00.000Z [town] @ Belfos Rumor in Belfos — Order of the Hawk watches the markets quietly.
2025-01-02T00:00:00.000Z [town] @ Belfos Rumor in Belfos — Circle of the Dawn watches the markets quietly.
2025-01-02T00:00:00.000Z [town] @ Belfos Rumor in Belfos — The Hawk Compact watches the markets quietly.
2025-01-02T00:00:00.000Z [town] @ Windleigh Windleigh folk watchful — Surplus ore/fish and shortages in textiles.
2025-01-02T00:00:00.000Z [town] @ Windleigh Rumor in Windleigh — Levies rumored to secure textiles; officials say caravans delayed.
2025-01-02T00:00:00.000Z [town] @ Azmarin Mainardus seen in Azmarin markets — scout haggles and swaps news.
2025-01-02T00:00:00.000Z [town] @ Azmarin Azmarin spirits high — Surplus textiles/salt and shortages in ore/livestock.
2025-01-02T00:00:00.000Z [town] @ Azmarin Rumor in Azmarin — The Storm Guild watches the markets quietly.
2025-01-02T00:00:00.000Z [town] @ Azmarin Rumor in Azmarin — Sons of the Wolf watches the markets quietly.
2025-01-02T00:00:00.000Z [town] @ Minasfeld Minasfeld spirits high — Surplus livestock.
2025-01-02T00:00:00.000Z [town] @ Minasfeld Rumor in Minasfeld — Bargain prices on livestock; traders racing to Minasfeld.
2025-01-02T00:00:00.000Z [town] @ Minasfeld Rumor in Minasfeld — Sons of the Wolf watches the markets quietly.
2025-01-02T00:00:00.000Z [town] @ Myrrka Katixa seen in Myrrka markets — guard haggles and swaps news.
2025-01-02T00:00:00.000Z [town] @ Myrrka Molora seen in Myrrka markets — scout haggles and swaps news.
2025-01-02T00:00:00.000Z [town] @ Myrrka Myrrka folk watchful — Surplus textiles and shortages in salt.
2025-01-02T00:00:00.000Z [town] @ Myrrka Rumor in Myrrka — Bargain prices on textiles; traders racing to Myrrka.
2025-01-02T00:00:00.000Z [town] @ Myrrka Rumor in Myrrka — Order of the Hawk watches the markets quietly.
2025-01-02T00:00:00.000Z [town] @ Greenmist Eryalus seen in Greenmist markets — laborer haggles and swaps news.
2025-01-02T00:00:00.000Z [town] @ Greenmist Eadmund seen in Greenmist markets — laborer haggles and swaps news.
2025-01-02T00:00:00.000Z [town] @ Greenmist Greenmist tempers frayed — Surplus grain/textiles and shortages in salt/fish/livestock.
2025-01-02T00:00:00.000Z [town] @ Greenmist Rumor in Greenmist — Levies rumored to secure fish; officials say caravans delayed.
2025-01-02T00:00:00.000Z [town] @ Greenmist Rumor in Greenmist — Sons of the Wolf watches the markets quietly.
2025-01-02T00:00:00.000Z [town] @ Greenmist Rumor in Greenmist — Order of the Hawk watches the markets quietly.
2025-01-02T00:00:00.000Z [town] @ Greenmist Rumor in Greenmist — Circle of the Dawn watches the markets quietly.
2025-01-02T01:00:00.000Z [road] @ Windleigh Northbeach Traders makes camp under escort — Road to Belfos (road) quiet tonight.
2025-01-02T01:00:00.000Z [town] @ Minasfeld [Theodric] Theodric falls ill — The scout takes to their bed. Healers are summoned.
2025-01-02T02:00:00.000Z [town] @ Greenmist Word spreads in Greenmist — Thieves struck near Belfos. The roads grow dangerous.
2025-01-02T03:00:00.000Z [road] @ Belfos [The New Caravan, Sons of the Wolf] The New Caravan is raided! — Sons of the Wolf forces have intercepted the caravan en route to Minasfeld.
2025-01-02T03:00:00.000Z [faction] @ Belfos [The New Caravan, Sons of the Wolf] A new tale begins: "Strike and Vanish" — The New Caravan strikes fast at Belfos and withdraws before retaliation.
2025-01-02T03:00:00.000Z [town] @ Belfos Trade routes near Belfos grow dangerous — Merchants speak of losses. Some refuse to travel until the roads are secured.
2025-01-02T03:00:00.000Z [town] @ Minasfeld Mood darkens in Minasfeld — Following recent events, the people's spirit sinks.
2025-01-02T06:00:00.000Z [system] The world turns (16th of Deepwinter, Year 1055) — 0 parties traveling, 2 resting. 0 threats lurk.
2025-01-02T07:00:00.000Z [road] @ Belfos The New Caravan makes camp under escort — Road to Minasfeld (road) quiet tonight.
2025-01-02T08:00:00.000Z [town] @ Myrrka The Wandering Merchants arrives at Myrrka — Bringing livestock from Belfos with escorts under banner of Order of the Hawk.
2025-01-02T08:00:00.000Z [town] @ Myrrka Katixa arrives in Myrrka — guard from Myrrka
2025-01-02T08:00:00.000Z [town] @ Myrrka Wantelien arrives in Myrrka — bard from Minasfeld
2025-01-02T08:00:00.000Z [town] @ Myrrka Rumor in Myrrka — Word spreads that The Wandering Merchants of Order of the Hawk reached Myrrka with livestock.
2025-01-02T09:00:00.000Z [town] @ Azmarin The Wandering Peddlers arrives at Azmarin — Bringing grain/textiles from Belfos with escorts.
2025-01-02T09:00:00.000Z [town] @ Azmarin Molora arrives in Azmarin — scout from Myrrka
2025-01-02T09:00:00.000Z [town] @ Azmarin Izot arrives in Azmarin — bard from Belfos
⏰ Catch-up progress: 19% (200/1008 turns)2025-01-02T10:00:00.000Z [road] @ Belfos [The New Caravan, Sons of the Wolf] The New Caravan is raided! — Sons of the Wolf forces have intercepted the caravan en route to Minasfeld.
2025-01-02T10:00:00.000Z [town] @ Belfos Trade routes near Belfos grow dangerous — Merchants speak of losses. Some refuse to travel until the roads are secured.
2025-01-02T10:00:00.000Z [faction] @ Belfos [Polydamna] A new tale begins: "Tracking the Polydamna" — The hunt enters its final phase. One will not survive.
2025-01-02T11:00:00.000Z [road] @ Azmarin [The Wandering Peddlers, Sons of the Wolf] The Wandering Peddlers is raided! — Sons of the Wolf forces have intercepted the caravan en route to Belfos.
2025-01-02T11:00:00.000Z [town] @ Azmarin Trade routes near Azmarin grow dangerous — Merchants speak of losses. Some refuse to travel until the roads are secured.
2025-01-02T12:00:00.000Z [system] The world turns (16th of Deepwinter, Year 1055) — 0 parties traveling, 2 resting. 0 threats lurk.
2025-01-02T13:00:00.000Z [road] @ Azmarin The Wandering Peddlers makes camp under escort — Road to Belfos (road) quiet tonight.
2025-01-02T13:00:00.000Z [town] @ Belfos [Peli] Construction continues on Peli's stronghold — Masons and laborers work tirelessly. The foundations are deep and the walls rise.
2025-01-02T15:00:00.000Z [road] @ Belfos Beroldus's Wagons makes camp under escort — Road to Greenmist (road) quiet tonight.
2025-01-02T15:00:00.000Z [town] @ Belfos Mainardus arrives in Belfos — scout from Azmarin
2025-01-02T15:00:00.000Z [town] @ Belfos Rumor in Belfos — Beroldus's Wagons of Circle of the Dawn lost goods on the road; prices may shift.
2025-01-02T15:00:00.000Z [road] @ Azmarin The Wandering Peddlers makes camp under escort — Road to Belfos (road) quiet tonight.
2025-01-02T16:00:00.000Z [road] @ Belfos Beroldus's Wagons makes camp under escort — Road to Greenmist (road) quiet tonight.
2025-01-02T16:00:00.000Z [town] @ Myrrka Disease outbreak in Myrrka! — Local healers have identified Gripsha among the populace. Fear spreads as quickly as the sickness.
2025-01-02T17:00:00.000Z [town] @ Myrrka Word spreads in Myrrka — A valuable shipment was lost near Belfos.
2025-01-02T18:00:00.000Z [system] The world turns (16th of Deepwinter, Year 1055) — 0 parties traveling, 2 resting. 0 threats lurk.
2025-01-02T18:00:00.000Z [road] @ Windleigh [Northbeach Traders, Sons of the Wolf] Northbeach Traders is raided! — Sons of the Wolf forces have intercepted the caravan en route to Belfos.
2025-01-02T18:00:00.000Z [town] @ Windleigh Trade routes near Windleigh grow dangerous — Merchants speak of losses. Some refuse to travel until the roads are secured.
2025-01-02T19:00:00.000Z [faction] @ Azmarin [The Storm Guild] The Storm Guild eyes Azmarin for its salt — Desperate for salt, the faction has decided to take the settlement by force.
2025-01-02T20:00:00.000Z [town] @ Greenmist Beroldus's Wagons arrives at Greenmist — Bringing salt/fish from Belfos with escorts under banner of Circle of the Dawn.
2025-01-02T20:00:00.000Z [town] @ Greenmist Mainardus arrives in Greenmist — scout from Azmarin
2025-01-02T20:00:00.000Z [town] @ Greenmist Eurydamus arrives in Greenmist — merchant from Windleigh
2025-01-02T20:00:00.000Z [town] @ Belfos Word spreads in Belfos — Thieves struck near Windleigh. The roads grow dangerous.
2025-01-02T20:00:00.000Z [town] @ Myrrka [Gawyne] Construction continues on Gawyne's stronghold — Masons and laborers work tirelessly. The foundations are deep and the walls rise.
2025-01-02T22:00:00.000Z [faction] @ Azmarin [The Storm Guild] The Storm Guild eyes Azmarin for its textiles — Desperate for textiles, the faction has decided to take the settlement by force.
2025-01-02T23:00:00.000Z [faction] @ Belfos [The Storm Guild] The Storm Guild sends relief to Belfos — Wagons of grain and medicine roll toward the suffering. Compassion—or calculated politics?
2025-01-03T00:00:00.000Z [system] The world turns (16th of Deepwinter, Year 1055) — 0 parties traveling, 2 resting. 0 threats lurk.
2025-01-03T00:00:00.000Z [weather] @ Azmarin Fog shrouds Azmarin — Shapes loomed and vanished in the murk.
2025-01-03T00:00:00.000Z [road] @ Greenmist [Parthenius's Band] Parthenius's Band departs Greenmist — Bound for Myrrka across mountains (~36 miles).
2025-01-03T00:00:00.000Z [road] @ Greenmist Beroldus's Wagons makes camp under escort — Road to Belfos (road) quiet tonight.
2025-01-03T00:00:00.000Z [town] @ Minasfeld Word spreads in Minasfeld — Thieves struck near Windleigh. The roads grow dangerous.
2025-01-03T00:00:00.000Z [town] @ Belfos Peli seen in Belfos markets — priest haggles and swaps news.
2025-01-03T00:00:00.000Z [town] @ Belfos Belfos tempers frayed — Shortages in grain/ore.
2025-01-03T00:00:00.000Z [town] @ Belfos Rumor in Belfos — urgent threat: a wandering priest says Sonja heard of fresh graves disturbed (from Belfos).
2025-01-03T00:00:00.000Z [town] @ Belfos Rumor in Belfos — The Storm Guild watches the markets quietly.
2025-01-03T00:00:00.000Z [town] @ Belfos Rumor in Belfos — Sons of the Wolf watches the markets quietly.
2025-01-03T00:00:00.000Z [town] @ Belfos Rumor in Belfos — The Hawk Compact watches the markets quietly.
2025-01-03T00:00:00.000Z [town] @ Windleigh Cybele seen in Windleigh markets — guard haggles and swaps news.
2025-01-03T00:00:00.000Z [town] @ Windleigh Ilene seen in Windleigh markets — bard haggles and swaps news.
2025-01-03T00:00:00.000Z [town] @ Windleigh Windleigh folk watchful — Surplus ore/fish and shortages in textiles.
2025-01-03T00:00:00.000Z [town] @ Windleigh Rumor in Windleigh — The Storm Guild watches the markets quietly.
2025-01-03T00:00:00.000Z [town] @ Windleigh Rumor in Windleigh — Circle of the Dawn watches the markets quietly.
2025-01-03T00:00:00.000Z [town] @ Azmarin Molora seen in Azmarin markets — scout haggles and swaps news.
2025-01-03T00:00:00.000Z [town] @ Azmarin Izot seen in Azmarin markets — bard haggles and swaps news.
2025-01-03T00:00:00.000Z [town] @ Azmarin Azmarin folk watchful — Surplus grain/textiles/salt and shortages in ore/livestock.
2025-01-03T00:00:00.000Z [town] @ Azmarin Rumor in Azmarin — official mystery: a drunken soldier says Eucarpia heard of a sealed door that hums at night (from Azmarin).
2025-01-03T00:00:00.000Z [town] @ Minasfeld Theodric seen in Minasfeld markets — scout haggles and swaps news.
2025-01-03T00:00:00.000Z [town] @ Minasfeld Hans-Ruedi seen in Minasfeld markets — laborer haggles and swaps news.
2025-01-03T00:00:00.000Z [town] @ Minasfeld Minasfeld folk watchful — Surplus livestock.
2025-01-03T00:00:00.000Z [town] @ Minasfeld Rumor in Minasfeld — Order of the Hawk watches the markets quietly.
2025-01-03T00:00:00.000Z [town] @ Myrrka Myrrka folk watchful — Shortages in salt.
2025-01-03T00:00:00.000Z [town] @ Myrrka Rumor in Myrrka — Levies rumored to secure salt; officials say caravans delayed.
2025-01-03T00:00:00.000Z [town] @ Myrrka Rumor in Myrrka — Sons of the Wolf watches the markets quietly.
2025-01-03T00:00:00.000Z [town] @ Greenmist Greenmist folk watchful — Surplus grain/textiles and shortages in fish/livestock.
2025-01-03T00:00:00.000Z [town] @ Greenmist Rumor in Greenmist — Levies rumored to secure livestock; officials say caravans delayed.
2025-01-03T00:00:00.000Z [town] @ Greenmist Rumor in Greenmist — The Storm Guild watches the markets quietly.
2025-01-03T00:00:00.000Z [road] @ Azmarin [Glaurung-kin] Glaurung-kin the Eternal spotted near Azmarin — Three heads, each with its own cruel cunning. Travelers flee in terror. None know how to defeat such a creature.
2025-01-03T01:00:00.000Z [road] @ Greenmist [Parthenius's Band, yeti] Parthenius's Band battle yeti for control of the path — In the hush of late night The world shrinks to arms-length in the murk. A lone red-eyed in the dark yeti, blocking the path. Steel rang and blood was spilled, but they prevailed.
2025-01-03T01:00:00.000Z [town] @ Windleigh Word spreads in Windleigh — Thieves struck near Azmarin. The roads grow dangerous.
⏰ Catch-up progress: 29% (300/1008 turns)2025-01-03T02:00:00.000Z [road] @ Greenmist [Parthenius's Band, dwarven patrols] Parthenius's Band signal peaceful intentions to dwarven patrols — In the witching hour The world shrinks to arms-length in the murk. A swarm of wary dwarven patrols, apparently startled. A non-aggression pact was established. Copper deposits staining rock faces green marked the scene.
2025-01-03T02:00:00.000Z [town] @ Greenmist Mood darkens in Greenmist — Following recent events, the people's spirit sinks.
2025-01-03T02:00:00.000Z [town] @ Greenmist Mood darkens in Greenmist — Following recent events, the people's spirit sinks.
2025-01-03T03:00:00.000Z [road] @ Greenmist [Parthenius's Band, ogres] Parthenius's Band storm ogres's stronghold — In the witching hour hot springs steaming in rocky basins. The world shrinks to arms-length in the murk. A lone dim-witted ogres, emerging from concealment. Courage and quick thinking saved the day.
2025-01-03T03:00:00.000Z [road] @ Greenmist Beroldus's Wagons makes camp under escort — Road to Belfos (road) quiet tonight.
2025-01-03T05:00:00.000Z [road] @ Greenmist [Parthenius's Band] Parthenius's Band spot signs of danger — Giant footprints in the snow, each as long as a man is tall.
2025-01-03T05:00:00.000Z [road] @ Greenmist Beroldus's Wagons makes camp under escort — Road to Belfos (road) quiet tonight.
2025-01-03T05:00:00.000Z [town] @ Belfos Word spreads in Belfos — Thieves struck near Azmarin. The roads grow dangerous.
2025-01-03T06:00:00.000Z [system] The world turns (17th of Deepwinter, Year 1055) — 1 parties traveling, 1 resting. 0 threats lurk.
2025-01-03T06:00:00.000Z [road] @ Greenmist [Parthenius's Band, ogres] Parthenius's Band counterattack ogres invaders — With the first cock-crow The world shrinks to arms-length in the murk. A single massive ogres, moving with purpose. The fight was brief and brutal. The survivors withdrew. The victors claim 51 coin worth of plunder.
2025-01-03T06:00:00.000Z [town] @ Minasfeld Word spreads in Minasfeld — A valuable shipment was lost near Belfos.
2025-01-03T07:00:00.000Z [road] @ Greenmist [Parthenius's Band] Parthenius's Band spot signs of danger — Giant footprints in the snow, each as long as a man is tall.
2025-01-03T07:00:00.000Z [road] @ Greenmist [Parthenius's Band, goblins] Parthenius's Band watch goblins warily from cover — Amid the bustle of morning trade copper deposits staining rock faces green. The world shrinks to arms-length in the murk. Two or three feral goblins, carrying plunder. The enemy's numbers forced a strategic withdrawal.
2025-01-03T07:00:00.000Z [road] @ Minasfeld [Hans-Ruedi] Hans-Ruedi flees Minasfeld — Driven by Theodric falls ill, they take to the road toward Greenmist.
2025-01-03T07:00:00.000Z [road] @ Greenmist [Eadmund] Eadmund flees Greenmist — Driven by Parthenius's Band battle yeti for control of the path, they take to the road toward Myrrka.
2025-01-03T08:00:00.000Z [road] @ Greenmist [Parthenius's Band] Parthenius's Band spot signs of danger — Giant footprints in the snow, each as long as a man is tall.
2025-01-03T08:00:00.000Z [road] @ Greenmist [Parthenius's Band] Parthenius's Band clash with ogre — Brief skirmish; foes driven off with minor bruises.
2025-01-03T08:00:00.000Z [town] @ Minasfeld The New Caravan arrives at Minasfeld — Bringing grain/textiles from Belfos with escorts.
2025-01-03T08:00:00.000Z [town] @ Minasfeld Emlyn arrives in Minasfeld — scout from Minasfeld
2025-01-03T08:00:00.000Z [town] @ Minasfeld Ilene arrives in Minasfeld — bard from Windleigh
2025-01-03T08:00:00.000Z [town] @ Belfos Word spreads in Belfos — A valuable shipment was lost near Windleigh.
2025-01-03T08:00:00.000Z [town] @ Myrrka [Wantelien, Yllaria] Wantelien grows impatient with Yllaria's excuses — The ledger must balance, one way or another.
2025-01-03T10:00:00.000Z [town] @ Greenmist [Eryalus, Irantzu] Eryalus instructs Irantzu — Wisdom passed from one generation to the next.
2025-01-03T11:00:00.000Z [town] @ Belfos Northbeach Traders arrives at Belfos — Bringing grain/textiles from Windleigh with escorts.
2025-01-03T11:00:00.000Z [town] @ Belfos Cybele arrives in Belfos — guard from Windleigh
2025-01-03T11:00:00.000Z [town] @ Belfos Yllaria arrives in Belfos — merchant from Greenmist
2025-01-03T12:00:00.000Z [system] The world turns (17th of Deepwinter, Year 1055) — 1 parties traveling, 1 resting. 0 threats lurk.
2025-01-03T12:00:00.000Z [road] @ Myrrka [The Wandering Merchants, Sons of the Wolf] The Wandering Merchants is raided! — Sons of the Wolf forces have intercepted the caravan en route to Belfos.
2025-01-03T12:00:00.000Z [town] @ Myrrka Trade routes near Myrrka grow dangerous — Merchants speak of losses. Some refuse to travel until the roads are secured.
2025-01-03T13:00:00.000Z [road] @ Greenmist [Parthenius's Band, orc raiders] Parthenius's Band face orc raiders in deadly combat — Under the high sun waterfalls plunging into deep pools. A few tribal orc raiders, quarreling over spoils. The fight was brief and brutal. The survivors withdrew. Stone cairns marking safe paths marked the scene. The victors claim 43 coin worth of plunder.
2025-01-03T13:00:00.000Z [faction] @ the region [Merilda] Payment Due: Redemption occurs. — The terms seemed fair once. They do not seem fair now.
2025-01-03T13:00:00.000Z [faction] @ Azmarin [Circle of the Dawn] Circle of the Dawn eyes Azmarin for its textiles — Desperate for textiles, the faction has decided to take the settlement by force.
2025-01-03T14:00:00.000Z [road] @ Greenmist [Parthenius's Band] Parthenius's Band discovers The Eerie Monolith — While the sun began its descent stone cairns marking safe paths. A eerie monolith, dripping with a thick, dark sap. They find a marking pointing toward a hidden cache.
2025-01-03T14:00:00.000Z [town] @ Minasfeld [Theodric, Eadmund] Theodric instructs Eadmund — The student shows promise—or perhaps stubborn foolishness.
2025-01-03T14:00:00.000Z [faction] @ Belfos [Polydamna] Tracking the Polydamna: A witness points the way. Justice demands its due. — The hunt enters its final phase. One will not survive.
2025-01-03T15:00:00.000Z [road] @ Greenmist [Parthenius's Band, wyverns] Parthenius's Band assist wyverns with a broken wagon — In the golden afternoon light waterfalls plunging into deep pools. The world shrinks to arms-length in the murk. Several night-hunting wyverns, emerging from concealment. They established rules for future encounters.
2025-01-03T15:00:00.000Z [road] @ Azmarin [The Wandering Peddlers, Sons of the Wolf] The Wandering Peddlers is raided! — Sons of the Wolf forces have intercepted the caravan en route to Belfos.
2025-01-03T15:00:00.000Z [town] @ Azmarin Trade routes near Azmarin grow dangerous — Merchants speak of losses. Some refuse to travel until the roads are secured.
2025-01-03T15:00:00.000Z [faction] @ Belfos [The New Caravan, Sons of the Wolf] Strike and Vanish approaches its climax — The threads of fate draw tight. A decisive moment is at hand.
2025-01-03T16:00:00.000Z [road] @ Myrrka The Wandering Merchants makes camp under escort — Road to Belfos (road) quiet tonight.
2025-01-03T17:00:00.000Z [road] @ Greenmist [Parthenius's Band] Parthenius's Band discovers The Eerie Pillar — As lanterns were kindled wind chimes made of bone. A eerie pillar, dripping with a thick, dark sap. A sudden vision of what is to come flashes before them.
2025-01-03T17:00:00.000Z [road] @ Belfos Northbeach Traders makes camp under escort — Road to Windleigh (road) quiet tonight.
2025-01-03T18:00:00.000Z [system] The world turns (17th of Deepwinter, Year 1055) — 1 parties traveling, 1 resting. 0 threats lurk.
⏰ Catch-up progress: 39% (400/1008 turns)2025-01-03T19:00:00.000Z [road] @ Greenmist [Parthenius's Band, dwarven patrols] dwarven patrols eye Parthenius's Band suspiciously — In the gloaming hour mountain goats leaping between boulders. A few numerous dwarven patrols, apparently startled. A hostage exchange ensured good behavior.
2025-01-03T19:00:00.000Z [faction] @ Azmarin [Sons of the Wolf] Sons of the Wolf eyes Azmarin for its textiles — Desperate for textiles, the faction has decided to take the settlement by force.
2025-01-03T20:00:00.000Z [faction] [Sons of the Wolf, The Storm Guild] Sons of the Wolf proposes marriage alliance with The Storm Guild — Envoys are sent. Dowries discussed. A political wedding could reshape alliances.
2025-01-03T21:00:00.000Z [town] @ Myrrka [Eadmund] Eadmund arrives in Myrrka — The refugee finds uncertain welcome in their new home.
2025-01-03T22:00:00.000Z [dungeon] @ Greenmist [Parthenius's Band] Parthenius's Band discovers Cursed Citadel — As songs rose from dim taverns copper deposits staining rock faces green. They have found An ancient cursed citadel from the First Age. Cursed Citadel was once a center of faith before its fall.
2025-01-03T22:00:00.000Z [faction] @ Greenmist [Parthenius's Band] A new tale begins: "Malediction" — The terms of breaking the curse seem impossible.
2025-01-03T22:00:00.000Z [faction] @ Greenmist [Eurydamus, Sons of the Wolf] Eurydamus seeks Sons of the Wolf's protection — Frightened by Parthenius's Band battle yeti for control of the path, the merchant appeals to the martial faction.
2025-01-03T22:00:00.000Z [faction] [Circle of the Dawn, The Storm Guild] Circle of the Dawn proposes marriage alliance with The Storm Guild — Envoys are sent. Dowries discussed. A political wedding could reshape alliances.
2025-01-03T23:00:00.000Z [road] @ Greenmist [Parthenius's Band] Parthenius's Band spot signs of danger — Giant footprints in the snow, each as long as a man is tall.
2025-01-03T23:00:00.000Z [road] @ Azmarin [The Wandering Peddlers, Sons of the Wolf] The Wandering Peddlers is raided! — Sons of the Wolf forces have intercepted the caravan en route to Belfos.
2025-01-03T23:00:00.000Z [town] @ Azmarin Trade routes near Azmarin grow dangerous — Merchants speak of losses. Some refuse to travel until the roads are secured.
2025-01-03T23:00:00.000Z [town] @ Greenmist Disease outbreak in Greenmist! — Local healers have identified Yellow Plague among the populace. Fear spreads as quickly as the sickness.
2025-01-04T00:00:00.000Z [system] The world turns (17th of Deepwinter, Year 1055) — 1 parties traveling, 1 resting. 0 threats lurk.
2025-01-04T00:00:00.000Z [town] @ Belfos Belfos folk watchful — Surplus textiles and shortages in ore/livestock.
2025-01-04T00:00:00.000Z [road] @ Greenmist [Parthenius's Band, ogres] ogres surround Parthenius's Band in a coordinated attack — With only moonlight for company avalanche scars on rocky faces. One solitary ogres, emerging from concealment. They pressed their advantage until the enemy fled.
2025-01-04T00:00:00.000Z [town] @ Belfos Rumor in Belfos — Levies rumored to secure livestock; officials say caravans delayed.
2025-01-04T00:00:00.000Z [faction] @ Greenmist [Parthenius's Band, ogres] A new tale begins: "Starvation and Steel" — Every day without relief, hope fades inside the walls.
2025-01-04T00:00:00.000Z [town] @ Belfos Rumor in Belfos — The Hawk Compact watches the markets quietly.
2025-01-04T00:00:00.000Z [town] @ Greenmist [Hans-Ruedi] Hans-Ruedi arrives in Greenmist — The refugee finds uncertain welcome in their new home.
2025-01-04T00:00:00.000Z [town] @ Windleigh Windleigh spirits high — Surplus ore/fish and shortages in textiles/salt.
2025-01-04T00:00:00.000Z [town] @ Belfos Gripsha fades in Belfos — The worst of the sickness has passed. The bells ring in celebration.
2025-01-04T00:00:00.000Z [town] @ Azmarin Molora seen in Azmarin markets — scout haggles and swaps news.
2025-01-04T00:00:00.000Z [town] @ Azmarin Izot seen in Azmarin markets — bard haggles and swaps news.
2025-01-04T00:00:00.000Z [town] @ Azmarin Azmarin folk watchful — Surplus grain/textiles/salt and shortages in ore/livestock.
2025-01-04T00:00:00.000Z [town] @ Azmarin Rumor in Azmarin — cryptic threat: a caravan guard says Osmond heard of bandits offering odd coins (from Azmarin).
2025-01-04T00:00:00.000Z [town] @ Azmarin Rumor in Azmarin — The Storm Guild watches the markets quietly.
2025-01-04T00:00:00.000Z [town] @ Azmarin Rumor in Azmarin — Sons of the Wolf watches the markets quietly.
2025-01-04T00:00:00.000Z [town] @ Azmarin Rumor in Azmarin — The Hawk Compact watches the markets quietly.
2025-01-04T00:00:00.000Z [town] @ Minasfeld Minasfeld folk watchful — Surplus textiles/livestock.
2025-01-04T00:00:00.000Z [town] @ Minasfeld Rumor in Minasfeld — Bargain prices on textiles; traders racing to Minasfeld.
2025-01-04T00:00:00.000Z [town] @ Myrrka Katixa seen in Myrrka markets — guard haggles and swaps news.
2025-01-04T00:00:00.000Z [town] @ Myrrka Eadmund seen in Myrrka markets — laborer haggles and swaps news.
2025-01-04T00:00:00.000Z [town] @ Myrrka Myrrka folk watchful — Shortages in salt.
2025-01-04T00:00:00.000Z [town] @ Myrrka Rumor in Myrrka — Levies rumored to secure salt; officials say caravans delayed.
2025-01-04T00:00:00.000Z [town] @ Myrrka Rumor in Myrrka — Sons of the Wolf watches the markets quietly.
2025-01-04T00:00:00.000Z [town] @ Greenmist Greenmist tempers frayed — Surplus grain/textiles and shortages in fish/livestock.
2025-01-04T00:00:00.000Z [town] @ Greenmist Rumor in Greenmist — Levies rumored to secure livestock; officials say caravans delayed.
2025-01-04T00:00:00.000Z [town] @ Greenmist Rumor in Greenmist — The Storm Guild watches the markets quietly.
2025-01-04T00:00:00.000Z [town] @ Greenmist Rumor in Greenmist — Sons of the Wolf watches the markets quietly.
2025-01-04T01:00:00.000Z [town] @ Minasfeld [Theodric] Theodric is dying — The end approaches for the scout. Family and rivals alike watch and wait.
2025-01-04T02:00:00.000Z [road] @ Greenmist [Parthenius's Band, trolls] Parthenius's Band duel trolls champions — In the witching hour wind whistling through cave entrances. One night-hunting trolls, blocking the path. With discipline and fury, the foe was broken.
2025-01-04T02:00:00.000Z [road] @ Greenmist [Parthenius's Band] Parthenius's Band grows in power! — Through hardship and battle, the members of Parthenius's Band have reached level 2.
2025-01-04T03:00:00.000Z [road] @ Greenmist [Parthenius's Band, the dwarven patrols called Liebte] Tense standoff between Parthenius's Band and the dwarven patrols called Liebte — When shadows grew deepest avalanches rumbling in the distance. A handful of numerous dwarven patrols, blocking the path. They faded into the wilderness, leaving no trail.
2025-01-04T04:00:00.000Z [town] @ Belfos The Wandering Merchants arrives at Belfos — Bringing livestock from Myrrka with escorts under banner of Order of the Hawk.
2025-01-04T04:00:00.000Z [town] @ Belfos Katixa arrives in Belfos — guard from Myrrka
2025-01-04T04:00:00.000Z [town] @ Belfos Wantelien arrives in Belfos — bard from Minasfeld
2025-01-04T04:00:00.000Z [town] @ Belfos Beroldus's Wagons arrives at Belfos — Bringing salt/fish from Greenmist with escorts under banner of Circle of the Dawn.
2025-01-04T04:00:00.000Z [town] @ Belfos Mainardus arrives in Belfos — scout from Azmarin
2025-01-04T04:00:00.000Z [town] @ Belfos Eurydamus arrives in Belfos — merchant from Windleigh
2025-01-04T05:00:00.000Z [faction] @ Azmarin [The Hawk Compact] The Hawk Compact eyes Azmarin for its grain — Desperate for grain, the faction has decided to take the settlement by force.
2025-01-04T06:00:00.000Z [system] The world turns (18th of Deepwinter, Year 1055) — 1 parties traveling, 1 resting. 0 threats lurk.
2025-01-04T06:00:00.000Z [faction] @ Belfos [The New Caravan, Sons of the Wolf] Strike and Vanish concludes — The raid succeeds with heavy plunder.
2025-01-04T07:00:00.000Z [road] @ Greenmist [Parthenius's Band, Eflead's giant eagles] Eflead's giant eagles show Parthenius's Band a shortcut through the wilds — Amid the bustle of morning trade The world shrinks to arms-length in the murk. A handful of aggressive giant eagles, moving with purpose. Neither side wished to die today. Terms were agreed.
2025-01-04T07:00:00.000Z [road] @ Belfos Northbeach Traders makes camp under escort — Road to Windleigh (road) quiet tonight.
2025-01-04T08:00:00.000Z [road] @ Greenmist [Parthenius's Band] Parthenius's Band spot signs of danger — A cairn of skulls marks a territorial boundary.
2025-01-04T08:00:00.000Z [faction] @ Greenmist [Parthenius's Band] A new tale begins: "The Hunt for Parthenius's Band" — Parthenius's Band stalks a dangerous quarry across the region.
2025-01-04T08:00:00.000Z [faction] @ Azmarin [The Hawk Compact] The Hawk Compact eyes Azmarin for its grain — Desperate for grain, the faction has decided to take the settlement by force.
2025-01-04T08:00:00.000Z [faction] @ Belfos [The Hawk Compact] The Hawk Compact sends relief to Belfos — Wagons of grain and medicine roll toward the suffering. Compassion—or calculated politics?
2025-01-04T09:00:00.000Z [road] @ Greenmist [Parthenius's Band, trolls] trolls set traps for unwary Parthenius's Band — Amid the bustle of morning trade vast chasms with no visible bottom. A solitary shadow-cloaked trolls, apparently startled. Steel rang and blood was spilled, but they prevailed.
2025-01-04T09:00:00.000Z [road] @ Greenmist [Parthenius's Band] Parthenius's Band shadowed by ogre — Tense standoff; both sides withdraw before blades are drawn.
2025-01-04T09:00:00.000Z [road] @ Belfos Northbeach Traders makes camp under escort — Road to Windleigh (road) quiet tonight.
2025-01-04T10:00:00.000Z [road] @ Greenmist [Parthenius's Band, giant eagles] giant eagles test Parthenius's Band's resolve with challenges — Under a brightening sky avalanches rumbling in the distance. A few red-eyed in the dark giant eagles, watching warily. A calculated withdrawal to more favorable ground.
2025-01-04T11:00:00.000Z [road] @ Greenmist [Parthenius's Band, giant eagles] Parthenius's Band trade crafted goods with giant eagles — While sensible folk sought shade wind howling through rocky passes. Two or three dangerous giant eagles, moving with purpose. Cultural misunderstandings were resolved through patience. Condors circling high overhead marked the scene.
2025-01-04T11:00:00.000Z [town] @ Greenmist Word spreads in Greenmist — Thieves struck near Myrrka. The roads grow dangerous.
⏰ Catch-up progress: 49% (500/1008 turns)2025-01-04T12:00:00.000Z [system] The world turns (18th of Deepwinter, Year 1055) — 1 parties traveling, 1 resting. 0 threats lurk.
2025-01-04T12:00:00.000Z [town] @ Belfos Mood darkens in Belfos — Following recent events, the people's spirit sinks.
2025-01-04T12:00:00.000Z [faction] @ Azmarin [Order of the Hawk] Order of the Hawk eyes Azmarin for its grain — Desperate for grain, the faction has decided to take the settlement by force.
2025-01-04T13:00:00.000Z [road] @ Greenmist [Parthenius's Band, Stesilaus the sneaky] Parthenius's Band learn local customs from friendly Stesilaus the sneaky — Under the high sun the distant toll of monastery bells. A group of cowardly goblins, tracking something. A hostage exchange ensured good behavior.
2025-01-04T13:00:00.000Z [road] @ Greenmist [Parthenius's Band] Parthenius's Band shadowed by orc raiders — Tense standoff; both sides withdraw before blades are drawn.
2025-01-04T13:00:00.000Z [faction] @ the region [Merilda] Payment Due: Terms are tested. — The terms seemed fair once. They do not seem fair now.
2025-01-04T14:00:00.000Z [road] @ Greenmist [Parthenius's Band] Parthenius's Band spot signs of danger — The ruins of a dwarven waystation, recently looted.
2025-01-04T15:00:00.000Z [road] @ Greenmist [Parthenius's Band] Parthenius's Band spot signs of danger — Giant footprints in the snow, each as long as a man is tall.
2025-01-04T15:00:00.000Z [road] @ Greenmist [Parthenius's Band, wyverns] wyverns block the path but allow passage — While the sun began its descent crystal formations in cave mouths. A single night-hunting wyverns, moving with purpose. A hostage exchange ensured good behavior.
2025-01-04T15:00:00.000Z [town] @ Greenmist Word spreads in Greenmist — Thieves struck near Azmarin. The roads grow dangerous.
2025-01-04T15:00:00.000Z [faction] [The Storm Guild, Sons of the Wolf] The Storm Guild proposes marriage alliance with Sons of the Wolf — Envoys are sent. Dowries discussed. A political wedding could reshape alliances.
2025-01-04T16:00:00.000Z [town] @ Belfos The New Caravan arrives at Belfos — Bringing grain/textiles from Minasfeld with escorts.
2025-01-04T16:00:00.000Z [town] @ Belfos Emlyn arrives in Belfos — scout from Minasfeld
2025-01-04T16:00:00.000Z [town] @ Belfos Ilene arrives in Belfos — bard from Windleigh
2025-01-04T16:00:00.000Z [road] @ Belfos Northbeach Traders makes camp under escort — Road to Windleigh (road) quiet tonight.
2025-01-04T16:00:00.000Z [road] @ Azmarin The Wandering Peddlers makes camp under escort — Road to Belfos (road) quiet tonight.
2025-01-04T17:00:00.000Z [road] @ Greenmist [Parthenius's Band, Hab's orc raiders] Tense standoff between Parthenius's Band and Hab's orc raiders — As lanterns were kindled the sharp tang of alpine herbs hung in the air. One tribal orc raiders, quarreling over spoils. They parted as wary allies rather than bitter enemies. Copper deposits staining rock faces green marked the scene.
2025-01-04T17:00:00.000Z [faction] @ Greenmist [Parthenius's Band, Hab's orc raiders] A new tale begins: "Strike and Vanish" — Hit and run tactics terrorize Greenmist.
2025-01-04T17:00:00.000Z [town] @ Greenmist Word spreads in Greenmist — Explorers speak of a strange discovery near Greenmist.
2025-01-04T18:00:00.000Z [system] The world turns (18th of Deepwinter, Year 1055) — 1 parties traveling, 1 resting. 0 threats lurk.
2025-01-04T18:00:00.000Z [road] @ Greenmist [Parthenius's Band, Louve's goblins] Parthenius's Band trade crafted goods with Louve's goblins — As purple shadows gathered the ruins of a dwarven gatehouse. A handful of cowardly goblins, worshipping a crude idol. The exchange of gifts sealed the temporary truce.
2025-01-04T18:00:00.000Z [road] @ Belfos Beroldus's Wagons makes camp under escort — Road to Greenmist (road) quiet tonight.
2025-01-04T19:00:00.000Z [road] @ Greenmist [Parthenius's Band, giant eagles] Parthenius's Band assist giant eagles with a broken wagon — As bats took wing the occasional boom of falling ice. Several aggressive giant eagles, apparently startled. Words proved mightier than steel on this occasion.
2025-01-04T19:00:00.000Z [town] @ Windleigh Northbeach Traders arrives at Windleigh — Bringing grain/textiles from Belfos with escorts.
2025-01-04T19:00:00.000Z [town] @ Windleigh Cybele arrives in Windleigh — guard from Windleigh
2025-01-04T19:00:00.000Z [town] @ Windleigh Yllaria arrives in Windleigh — merchant from Greenmist
2025-01-04T19:00:00.000Z [town] @ Belfos The Wandering Peddlers arrives at Belfos — Bringing grain/textiles from Azmarin with escorts.
2025-01-04T19:00:00.000Z [town] @ Belfos Molora arrives in Belfos — scout from Myrrka
2025-01-04T19:00:00.000Z [town] @ Belfos Izot arrives in Belfos — bard from Belfos
2025-01-04T19:00:00.000Z [town] @ Greenmist Word spreads in Greenmist — Explorers speak of a strange discovery near Greenmist.
2025-01-04T20:00:00.000Z [road] @ Greenmist [Parthenius's Band] Parthenius's Band clash with orc raiders — Brief skirmish; foes driven off with minor bruises.
2025-01-04T20:00:00.000Z [road] @ Belfos [The New Caravan, Sons of the Wolf] The New Caravan is raided! — Sons of the Wolf forces have intercepted the caravan en route to Minasfeld.
2025-01-04T20:00:00.000Z [town] @ Belfos Trade routes near Belfos grow dangerous — Merchants speak of losses. Some refuse to travel until the roads are secured.
2025-01-04T20:00:00.000Z [town] @ Belfos [Mainardus, Ilene] Mainardus and Ilene seen conferring — Old bonds proved their worth once again. Amidst the growing danger in Belfos, their ally feels all the more pressing.
2025-01-04T21:00:00.000Z [road] @ Belfos [The Wandering Merchants, Sons of the Wolf] The Wandering Merchants is raided! — Sons of the Wolf forces have intercepted the caravan en route to Myrrka.
2025-01-04T21:00:00.000Z [town] @ Belfos Trade routes near Belfos grow dangerous — Merchants speak of losses. Some refuse to travel until the roads are secured.
2025-01-04T22:00:00.000Z [road] @ Belfos [The Wandering Peddlers, Sons of the Wolf] The Wandering Peddlers is raided! — Sons of the Wolf forces have intercepted the caravan en route to Azmarin.
2025-01-04T22:00:00.000Z [faction] @ Belfos [The Wandering Peddlers, Sons of the Wolf] A new tale begins: "Strike and Vanish" — The Wandering Peddlers strikes fast at Belfos and withdraws before retaliation.
2025-01-04T22:00:00.000Z [town] @ Belfos Trade routes near Belfos grow dangerous — Merchants speak of losses. Some refuse to travel until the roads are secured.
2025-01-04T22:00:00.000Z [faction] @ Belfos [Saloua] A new tale begins: "The Hunt for Saloua" — A deadly game of cat and mouse unfolds near Belfos.
2025-01-04T23:00:00.000Z [road] @ Greenmist [Parthenius's Band] Parthenius's Band spot signs of danger — The ruins of a dwarven waystation, recently looted.
2025-01-04T23:00:00.000Z [road] @ Greenmist [Parthenius's Band] Parthenius's Band discovers The Obsidian Altar — Under a canopy of stars waterfalls plunging into deep pools. A obsidian altar, home to a silent, white-haired hermit. A sudden vision of what is to come flashes before them.
2025-01-04T23:00:00.000Z [road] @ Greenmist [Parthenius's Band] Parthenius's Band completes rest — Ready to travel again.
2025-01-04T23:00:00.000Z [road] @ Windleigh [Northbeach Traders, Sons of the Wolf] Northbeach Traders is raided! — Sons of the Wolf forces have intercepted the caravan en route to Belfos.
2025-01-04T23:00:00.000Z [town] @ Windleigh Trade routes near Windleigh grow dangerous — Merchants speak of losses. Some refuse to travel until the roads are secured.
2025-01-04T23:00:00.000Z [town] @ Belfos [Peli] Construction continues on Peli's stronghold — Masons and laborers work tirelessly. The foundations are deep and the walls rise.
2025-01-05T00:00:00.000Z [system] The world turns (18th of Deepwinter, Year 1055) — 1 parties traveling, 1 resting. 0 threats lurk.
2025-01-05T00:00:00.000Z [weather] @ Myrrka Grey skies hang over Myrrka — Old wounds ached with the change in pressure.
2025-01-05T00:00:00.000Z [road] @ Greenmist [Parthenius's Band] Parthenius's Band spot signs of danger — The ruins of a dwarven waystation, recently looted.
2025-01-05T00:00:00.000Z [town] @ Belfos Peli seen in Belfos markets — priest haggles and swaps news.
2025-01-05T00:00:00.000Z [town] @ Belfos Mainardus seen in Belfos markets — scout haggles and swaps news.
2025-01-05T00:00:00.000Z [town] @ Belfos Belfos tempers frayed — Surplus textiles/fish and shortages in ore.
2025-01-05T00:00:00.000Z [town] @ Belfos Rumor in Belfos — Levies rumored to secure ore; officials say caravans delayed.
2025-01-05T00:00:00.000Z [town] @ Belfos Rumor in Belfos — Circle of the Dawn watches the markets quietly.
2025-01-05T00:00:00.000Z [town] @ Windleigh Windleigh folk watchful — Surplus grain/ore/fish and shortages in salt.
2025-01-05T00:00:00.000Z [town] @ Windleigh Rumor in Windleigh — Bargain prices on ore; traders racing to Windleigh.
2025-01-05T00:00:00.000Z [town] @ Windleigh Rumor in Windleigh — The Storm Guild watches the markets quietly.
2025-01-05T00:00:00.000Z [town] @ Azmarin Azmarin folk watchful — Surplus grain/textiles/salt and shortages in timber/ore/livestock.
2025-01-05T00:00:00.000Z [town] @ Azmarin Rumor in Azmarin — official missing: a frantic merchant says Vincenot heard of strange lights near Inverbryde Lake (from Azmarin).
2025-01-05T00:00:00.000Z [town] @ Azmarin Rumor in Azmarin — Circle of the Dawn watches the markets quietly.
2025-01-05T00:00:00.000Z [town] @ Minasfeld Theodric seen in Minasfeld markets — scout haggles and swaps news.
2025-01-05T00:00:00.000Z [town] @ Minasfeld Minasfeld tempers frayed — Surplus livestock.
2025-01-05T00:00:00.000Z [town] @ Minasfeld Rumor in Minasfeld — Bargain prices on livestock; traders racing to Minasfeld.
2025-01-05T00:00:00.000Z [town] @ Minasfeld Rumor in Minasfeld — Order of the Hawk watches the markets quietly.
2025-01-05T00:00:00.000Z [town] @ Minasfeld Rumor in Minasfeld — The Hawk Compact watches the markets quietly.
2025-01-05T00:00:00.000Z [town] @ Myrrka Myrrka folk watchful — Shortages in salt.
2025-01-05T00:00:00.000Z [town] @ Myrrka Rumor in Myrrka — boastful mystery: a wounded messenger says Vauquelin heard of villagers hearing chanting at dusk (from Myrrka).
2025-01-05T00:00:00.000Z [town] @ Myrrka Rumor in Myrrka — The Hawk Compact watches the markets quietly.
2025-01-05T00:00:00.000Z [town] @ Greenmist Parthenius's Band hailed in Greenmist — Locals toast their exploits.
2025-01-05T00:00:00.000Z [town] @ Greenmist Greenmist tempers frayed — Surplus grain/textiles and shortages in fish/livestock.
2025-01-05T00:00:00.000Z [town] @ Greenmist Rumor in Greenmist — Levies rumored to secure livestock; officials say caravans delayed.
2025-01-05T00:00:00.000Z [town] @ Greenmist Rumor in Greenmist — The Hawk Compact watches the markets quietly.
2025-01-05T00:00:00.000Z [town] @ Minasfeld Whispers of Headswoman the Kingmaker — A traveler speaks of a legendary axe of mithril. Cursed by a dying witch-queen, blessed by a saint. 
2025-01-05T01:00:00.000Z [road] @ Greenmist [Parthenius's Band, giant eagles] giant eagles attack Parthenius's Band without warning — With only moonlight for company cedar incense from monasteries hung in the air. Several night-hunting giant eagles, watching warily. Magic and steel combined to turn certain defeat into victory.
2025-01-05T01:00:00.000Z [road] @ Greenmist Parthenius's Band falls ill in Greenmist — The Yellow Plague has claimed members of the company. They must rest to recover.
2025-01-05T01:00:00.000Z [town] @ Minasfeld [Theodric] Theodric has died — The scout passes away from old age. They will be remembered.
2025-01-05T02:00:00.000Z [town] @ Belfos [Eurydamus, Irantzu] Eurydamus takes Irantzu under their wing — The student shows promise—or perhaps stubborn foolishness. Amidst the growing danger in Belfos, their mentor feels all the more pressing.
2025-01-05T03:00:00.000Z [road] @ Greenmist [Parthenius's Band] Parthenius's Band spot signs of danger — The ruins of a dwarven waystation, recently looted.
2025-01-05T03:00:00.000Z [road] @ Greenmist [Parthenius's Band, trolls] Parthenius's Band counterattack trolls invaders — When shadows grew deepest the occasional boom of falling ice. Clouds obscure all but the lowest slopes. A single dangerous trolls, emerging from concealment. With discipline and fury, the foe was broken. The victors claim 52 coin worth of plunder.
⏰ Catch-up progress: 59% (600/1008 turns)2025-01-05T04:00:00.000Z [road] @ Belfos Beroldus's Wagons makes camp under escort — Road to Greenmist (road) quiet tonight.
2025-01-05T04:00:00.000Z [road] @ Belfos The Wandering Peddlers makes camp under escort — Road to Azmarin (road) quiet tonight.
2025-01-05T05:00:00.000Z [road] @ Greenmist [Parthenius's Band, goblins] Parthenius's Band hunt down marauding goblins — While dew pearled on grass and stone A few sneaky goblins, arguing among themselves. They exploited a momentary weakness in the enemy line. A well-timed spell from their caster turned the tide.
2025-01-05T06:00:00.000Z [system] The world turns (19th of Deepwinter, Year 1055) — 1 parties traveling, 1 resting. 0 threats lurk.
2025-01-05T06:00:00.000Z [town] @ Minasfeld Word spreads in Minasfeld — A valuable shipment was lost near Belfos.
2025-01-05T07:00:00.000Z [road] @ Belfos The Wandering Merchants makes camp under escort — Road to Myrrka (road) quiet tonight.
2025-01-05T07:00:00.000Z [road] @ Windleigh Northbeach Traders makes camp under escort — Road to Belfos (road) quiet tonight.
2025-01-05T07:00:00.000Z [faction] [Order of the Hawk, The Storm Guild] Order of the Hawk proposes marriage alliance with The Storm Guild — Envoys are sent. Dowries discussed. A political wedding could reshape alliances.
2025-01-05T09:00:00.000Z [road] @ Belfos The Wandering Merchants makes camp under escort — Road to Myrrka (road) quiet tonight.
2025-01-05T11:00:00.000Z [town] @ Minasfeld Word spreads in Minasfeld — A valuable shipment was lost near Belfos.
2025-01-05T12:00:00.000Z [system] The world turns (19th of Deepwinter, Year 1055) — 1 parties traveling, 1 resting. 0 threats lurk.
2025-01-05T12:00:00.000Z [town] @ Greenmist Beroldus's Wagons arrives at Greenmist — Bringing salt/fish from Belfos with escorts under banner of Circle of the Dawn.
2025-01-05T12:00:00.000Z [town] @ Greenmist Mainardus arrives in Greenmist — scout from Azmarin
2025-01-05T12:00:00.000Z [town] @ Greenmist Eurydamus arrives in Greenmist — merchant from Windleigh
2025-01-05T12:00:00.000Z [town] @ Windleigh Word spreads in Windleigh — A valuable shipment was lost near Belfos.
2025-01-05T13:00:00.000Z [road] @ Belfos [The Wandering Merchants, Sons of the Wolf] The Wandering Merchants is raided! — Sons of the Wolf forces have intercepted the caravan en route to Myrrka.
2025-01-05T13:00:00.000Z [town] @ Belfos Trade routes near Belfos grow dangerous — Merchants speak of losses. Some refuse to travel until the roads are secured.
2025-01-05T13:00:00.000Z [town] @ Windleigh Word spreads in Windleigh — Thieves struck near Belfos. The roads grow dangerous.
2025-01-05T13:00:00.000Z [town] @ Belfos [Izot] Magical mist chokes Belfos — A toxic green cloud, conjured by Izot, rolls through the streets. Panic ensues.
2025-01-05T15:00:00.000Z [road] @ Greenmist [Parthenius's Band, orc raiders] Parthenius's Band keep their distance from armed orc raiders — As travelers grew road-weary A handful of mounted orc raiders, quarreling over spoils. They retreated in good order, minimizing losses.
2025-01-05T15:00:00.000Z [town] @ Myrrka Word spreads in Myrrka — Thieves struck near Belfos. The roads grow dangerous.
2025-01-05T16:00:00.000Z [faction] @ Greenmist [Parthenius's Band] The Hunt for Parthenius's Band: Ancient ruins hold clues to the prey's location. — Parthenius's Band stalks a dangerous quarry across the region.
2025-01-05T17:00:00.000Z [road] @ Belfos [The Wandering Merchants, Sons of the Wolf] The Wandering Merchants is raided! — Sons of the Wolf forces have intercepted the caravan en route to Myrrka.
2025-01-05T17:00:00.000Z [town] @ Belfos Trade routes near Belfos grow dangerous — Merchants speak of losses. Some refuse to travel until the roads are secured.
2025-01-05T17:00:00.000Z [faction] [The Hawk Compact, The Storm Guild] The Hawk Compact proposes marriage alliance with The Storm Guild — Envoys are sent. Dowries discussed. A political wedding could reshape alliances.
2025-01-05T18:00:00.000Z [system] The world turns (19th of Deepwinter, Year 1055) — 1 parties traveling, 1 resting. 0 threats lurk.
2025-01-05T18:00:00.000Z [road] @ Windleigh Northbeach Traders makes camp under escort — Road to Belfos (road) quiet tonight.
2025-01-05T18:00:00.000Z [town] @ Greenmist Word spreads in Greenmist — Thieves struck near Belfos. The roads grow dangerous.
2025-01-05T19:00:00.000Z [town] @ Myrrka Word spreads in Myrrka — Thieves struck near Belfos. The roads grow dangerous.
2025-01-05T20:00:00.000Z [road] @ Greenmist [Parthenius's Band] Parthenius's Band spot signs of danger — Giant footprints in the snow, each as long as a man is tall.
⏰ Catch-up progress: 69% (700/1008 turns)2025-01-05T21:00:00.000Z [town] @ Belfos [Izot] Izot masters a new spell: Hold Portal — After weeks of intense study and meditation, the bard has unlocked new power.
2025-01-05T23:00:00.000Z [road] @ Greenmist [Parthenius's Band] Parthenius's Band clash with goblins — Brief skirmish; foes driven off with minor bruises.
2025-01-05T23:00:00.000Z [road] @ Belfos [The Wandering Peddlers, Sons of the Wolf] The Wandering Peddlers is raided! — Sons of the Wolf forces have intercepted the caravan en route to Azmarin.
2025-01-05T23:00:00.000Z [town] @ Belfos Trade routes near Belfos grow dangerous — Merchants speak of losses. Some refuse to travel until the roads are secured.
2025-01-06T00:00:00.000Z [weather] @ Myrrka A blizzard blankets Myrrka — Snow piles high. Travel is impossible. The world shrinks to four walls.
2025-01-06T00:00:00.000Z [system] The world turns (19th of Deepwinter, Year 1055) — 1 parties traveling, 1 resting. 0 threats lurk.
2025-01-06T00:00:00.000Z [weather] @ Greenmist A blizzard blankets Greenmist — Snow piles high. Travel is impossible. The world shrinks to four walls.
2025-01-06T00:00:00.000Z [road] @ Greenmist [Parthenius's Band] Parthenius's Band discovers The Blood-stained Monolith — With only moonlight for company wind whistling through cave entrances. A blood-stained monolith, humming a low, vibrating note. They find a marking pointing toward a hidden cache.
2025-01-06T00:00:00.000Z [town] @ Belfos Belfos tempers frayed — Surplus textiles/fish and shortages in ore.
2025-01-06T00:00:00.000Z [town] @ Belfos Rumor in Belfos — Sons of the Wolf watches the markets quietly.
2025-01-06T00:00:00.000Z [town] @ Windleigh Cybele seen in Windleigh markets — guard haggles and swaps news.
2025-01-06T00:00:00.000Z [town] @ Windleigh Yllaria seen in Windleigh markets — merchant haggles and swaps news.
2025-01-06T00:00:00.000Z [town] @ Windleigh Windleigh folk watchful — Surplus grain/ore/fish and shortages in timber/salt.
2025-01-06T00:00:00.000Z [town] @ Windleigh Rumor in Windleigh — whispered plot: a wandering priest says Gautier heard of beasts refusing to cross the old road (from Windleigh).
2025-01-06T00:00:00.000Z [town] @ Windleigh Rumor in Windleigh — The Storm Guild watches the markets quietly.
2025-01-06T00:00:00.000Z [town] @ Azmarin Azmarin folk watchful — Surplus grain/textiles/salt and shortages in timber/ore/livestock.
2025-01-06T00:00:00.000Z [town] @ Azmarin Rumor in Azmarin — Levies rumored to secure livestock; officials say caravans delayed.
2025-01-06T00:00:00.000Z [town] @ Azmarin Rumor in Azmarin — Sons of the Wolf watches the markets quietly.
2025-01-06T00:00:00.000Z [town] @ Minasfeld Minasfeld folk watchful — Surplus livestock.
2025-01-06T00:00:00.000Z [town] @ Minasfeld Rumor in Minasfeld — Circle of the Dawn watches the markets quietly.
2025-01-06T00:00:00.000Z [town] @ Myrrka Eadmund seen in Myrrka markets — laborer haggles and swaps news.
2025-01-06T00:00:00.000Z [town] @ Myrrka Irantzu seen in Myrrka markets — guard haggles and swaps news.
2025-01-06T00:00:00.000Z [town] @ Myrrka Myrrka folk watchful — Surplus textiles and shortages in salt.
2025-01-06T00:00:00.000Z [town] @ Myrrka Rumor in Myrrka — Order of the Hawk watches the markets quietly.
2025-01-06T00:00:00.000Z [town] @ Myrrka Rumor in Myrrka — The Hawk Compact watches the markets quietly.
2025-01-06T00:00:00.000Z [town] @ Greenmist Greenmist tempers frayed — Surplus grain/textiles and shortages in livestock.
2025-01-06T00:00:00.000Z [town] @ Greenmist Rumor in Greenmist — Levies rumored to secure livestock; officials say caravans delayed.
2025-01-06T00:00:00.000Z [town] @ Greenmist Rumor in Greenmist — Order of the Hawk watches the markets quietly.
2025-01-06T01:00:00.000Z [road] @ Greenmist [Parthenius's Band, Mopsus's goblins] Parthenius's Band face Mopsus's goblins in deadly combat — Under a canopy of stars wild mint growing in cracks hung in the air. A group of mangy goblins, setting crude traps. A well-timed feint created the opening they needed.
2025-01-06T01:00:00.000Z [road] @ Greenmist [Parthenius's Band] Parthenius's Band ambushed by ogre — Forced retreat; they fall back to regroup.
2025-01-06T01:00:00.000Z [town] @ Windleigh Word spreads in Windleigh — A valuable shipment was lost near Belfos.
2025-01-06T01:00:00.000Z [town] @ Greenmist Word spreads in Greenmist — Explorers speak of a strange discovery near Greenmist.
2025-01-06T03:00:00.000Z [road] @ Greenmist [Parthenius's Band] Parthenius's Band spot signs of danger — A cairn of skulls marks a territorial boundary.
2025-01-06T03:00:00.000Z [road] @ Greenmist [Parthenius's Band, trolls] Parthenius's Band siege trolls's encampment — As even the taverns fell silent wind chimes made of bone. A solitary red-eyed in the dark trolls, apparently startled. Though wounds were taken, the day was won. A well-timed spell from their caster turned the tide.
2025-01-06T03:00:00.000Z [road] @ Belfos [The Wandering Peddlers, Sons of the Wolf] The Wandering Peddlers is raided! — Sons of the Wolf forces have intercepted the caravan en route to Azmarin.
2025-01-06T03:00:00.000Z [town] @ Belfos Trade routes near Belfos grow dangerous — Merchants speak of losses. Some refuse to travel until the roads are secured.
2025-01-06T03:00:00.000Z [weather] @ Greenmist [Mainardus] Mainardus alters the weather — Through ancient incantations, the Elf calls forth storm over the region.
2025-01-06T03:00:00.000Z [road] @ Greenmist [Parthenius's Band] Parthenius's Band grows in power! — Through hardship and battle, the members of Parthenius's Band have reached level 3.
2025-01-06T04:00:00.000Z [town] @ Minasfeld The New Caravan arrives at Minasfeld — Bringing grain/textiles from Belfos with escorts.
2025-01-06T04:00:00.000Z [town] @ Minasfeld Emlyn arrives in Minasfeld — scout from Minasfeld
2025-01-06T04:00:00.000Z [town] @ Minasfeld Ilene arrives in Minasfeld — bard from Windleigh
2025-01-06T04:00:00.000Z [road] @ Belfos [The Wandering Peddlers, Sons of the Wolf] The Wandering Peddlers is raided! — Sons of the Wolf forces have intercepted the caravan en route to Azmarin.
2025-01-06T04:00:00.000Z [town] @ Belfos Trade routes near Belfos grow dangerous — Merchants speak of losses. Some refuse to travel until the roads are secured.
2025-01-06T04:00:00.000Z [faction] @ Belfos [The Wandering Peddlers, Sons of the Wolf] Strike and Vanish approaches its climax — The threads of fate draw tight. A decisive moment is at hand.
2025-01-06T04:00:00.000Z [town] @ Greenmist Word spreads in Greenmist — Thieves struck near Belfos. The roads grow dangerous.
2025-01-06T04:00:00.000Z [faction] @ Belfos [Polydamna] Tracking the Polydamna: The chase crosses into forbidden sacred temple. — The hunt enters its final phase. One will not survive.
2025-01-06T05:00:00.000Z [road] @ Belfos The Wandering Peddlers makes camp under escort — Road to Azmarin (road) quiet tonight.
2025-01-06T06:00:00.000Z [system] The world turns (20th of Deepwinter, Year 1055) — 1 parties traveling, 1 resting. 0 threats lurk.
2025-01-06T06:00:00.000Z [road] @ Greenmist A new threat emerges near Greenmist — Eflead's giant eagles gathers strength and swears revenge. This is a consequence of defeat at the hands of Parthenius's Band.
2025-01-06T06:00:00.000Z [town] @ Belfos Disease outbreak in Belfos! — Local healers have identified Yellow Plague among the populace. Fear spreads as quickly as the sickness.
2025-01-06T06:00:00.000Z [town] @ Belfos Yellow Plague fades in Belfos — The worst of the sickness has passed. The bells ring in celebration.
2025-01-06T07:00:00.000Z [road] @ Minasfeld The New Caravan makes camp under escort — Road to Belfos (road) quiet tonight.
2025-01-06T07:00:00.000Z [town] @ Belfos Northbeach Traders arrives at Belfos — Bringing grain/textiles from Windleigh with escorts.
2025-01-06T07:00:00.000Z [town] @ Belfos Cybele arrives in Belfos — guard from Windleigh
2025-01-06T07:00:00.000Z [town] @ Belfos Yllaria arrives in Belfos — merchant from Greenmist
2025-01-06T07:00:00.000Z [town] @ Azmarin Word spreads in Azmarin — Thieves struck near Belfos. The roads grow dangerous.
2025-01-06T09:00:00.000Z [town] @ Belfos [Wantelien] Construction continues on Wantelien's stronghold — Masons and laborers work tirelessly. The foundations are deep and the walls rise.
2025-01-06T09:00:00.000Z [weather] @ Belfos [Wantelien] Wantelien alters the weather — Through ancient incantations, the Magic-User calls forth clear over the region.
