📦 Migrating world from schema v1 to v2...
✓ World loaded successfully (schema v2)

⏰ Catching up 4d 22h of missed time (708 turns)...
   Last world time: 2026-01-05T00:00:00.000Z
   Target world time: 2026-01-09T22:07:01.201Z
2026-01-05T01:00:00.000Z [road] @ Myrrka [The Grim Wolves] The Grim Wolves spot brigands and avoid notice — They detour carefully, leaving only faint tracks.
2026-01-05T01:00:00.000Z [road] @ Belfos The New Caravan makes camp under escort — Road to Minasfeld (road) quiet tonight.
2026-01-05T01:00:00.000Z [town] @ Greenmist [Eurydamus, Irantzu] Eurydamus takes Irantzu under their wing — The student shows promise—or perhaps stubborn foolishness.
2026-01-05T02:00:00.000Z [road] @ Myrrka [The Grim Wolves, mountain lions] The Grim Wolves clash with mountain lions — As even the taverns fell silent cairns marking ancient graves. The hilltops stand sharp against the blue. Two or three night-hunting mountain lions, blocking the path. A well-timed feint created the opening they needed. Sheep grazing on steep slopes marked the scene. Divine favor shielded them from the worst of the blows. The victors claim 14 coin worth of plunder.
2026-01-05T02:00:00.000Z [road] @ Greenmist [Parthenius's Band] Parthenius's Band shadowed by ogre — Tense standoff; both sides withdraw before blades are drawn.
2026-01-05T03:00:00.000Z [road] @ Greenmist [Parthenius's Band, the goblins called Odovacar] Parthenius's Band signal peaceful intentions to the goblins called Odovacar — In the witching hour wind howling through rocky passes. The peaks gleam with eternal snow. One night-hunting goblins, setting crude traps. They established rules for future encounters.
2026-01-05T03:00:00.000Z [road] @ Myrrka [The Grim Wolves] The Grim Wolves ambushed by ogre — Forced retreat; they fall back to regroup.
2026-01-05T03:00:00.000Z [town] @ Myrrka Mood darkens in Myrrka — Following recent events, the people's spirit sinks.
2026-01-05T04:00:00.000Z [road] @ Myrrka [The Grim Wolves, hill giants] The Grim Wolves repel hill giants raiding party — In the cold hours before dawn The hilltops stand sharp against the blue. A lone aggressive hill giants, watching warily. They stood their ground against the charging enemy. A ruined watchtower on the heights marked the scene. A well-timed spell from their caster turned the tide.
2026-01-05T04:00:00.000Z [road] @ Myrrka [The Grim Wolves] The Grim Wolves clash with orc raiders — Brief skirmish; foes driven off with minor bruises.
2026-01-05T05:00:00.000Z [road] @ Myrrka [The Grim Wolves] The Grim Wolves spot signs of danger — Crude totems mark a boundary. You have been warned.
2026-01-05T06:00:00.000Z [system] The world turns (January 5th, 2026) — 2 parties traveling, 0 resting. 1 threats lurk.
2026-01-05T06:00:00.000Z [road] @ Myrrka [The Grim Wolves] The Grim Wolves spot orc raiders and avoid notice — They detour carefully, leaving only faint tracks.
2026-01-05T07:00:00.000Z [road] @ Myrrka [The Grim Wolves, mountain lions] mountain lions mark their territory with warning signs — As smoke rose from breakfast fires wind-bent trees clinging to slopes. Two or three red-eyed in the dark mountain lions, emerging from concealment. They agreed to respect each other's territories. Ancient hill forts with crumbling walls marked the scene.
2026-01-05T07:00:00.000Z [road] @ Greenmist [Parthenius's Band, orc raiders] orc raiders eye Parthenius's Band suspiciously — As folk went about their labors the crunch of boots on gravel. The peaks gleam with eternal snow. Two or three mounted orc raiders, performing war rituals. They ran. There was no shame in it—only survival.
2026-01-05T07:00:00.000Z [road] @ Belfos [The Wandering Merchants, Sons of the Wolf] The Wandering Merchants is raided! — Sons of the Wolf forces have intercepted the caravan en route to Myrrka.
2026-01-05T07:00:00.000Z [town] @ Belfos Trade routes near Belfos grow dangerous — Merchants speak of losses. Some refuse to travel until the roads are secured.
2026-01-05T08:00:00.000Z [road] @ Greenmist [Parthenius's Band] Parthenius's Band spot signs of danger — A cairn of skulls marks a territorial boundary.
2026-01-05T08:00:00.000Z [road] @ Belfos The New Caravan makes camp under escort — Road to Minasfeld (road) quiet tonight.
2026-01-05T08:00:00.000Z [town] @ Belfos [Izot] Magical mist chokes Belfos — A toxic green cloud, conjured by Izot, rolls through the streets. Panic ensues.
2026-01-05T09:00:00.000Z [road] @ Greenmist [Parthenius's Band, goblins] goblins block the path but allow passage — As folk went about their labors glaciers carving valleys below. A company of red-eyed in the dark goblins, arguing among themselves. A calculated withdrawal to more favorable ground.
2026-01-05T10:00:00.000Z [road] @ Windleigh Northbeach Traders makes camp under escort — Road to Belfos (road) quiet tonight.
2026-01-05T10:00:00.000Z [faction] @ Myrrka [Mendia the Pallid] Agents of Mendia gather components — Graverobbing. Herb theft. Missing children.
2026-01-05T11:00:00.000Z [road] @ Myrrka [The Grim Wolves] The Grim Wolves discovers The Weather-worn Cairn — Under the high sun wind keening through rocky passes. A weather-worn cairn, humming a low, vibrating note. They uncover a fragment of lost history.
2026-01-05T11:00:00.000Z [town] @ Azmarin The Wandering Peddlers arrives at Azmarin — Bringing grain/textiles from Belfos with escorts.
2026-01-05T11:00:00.000Z [town] @ Azmarin Katixa arrives in Azmarin — guard from Myrrka
2026-01-05T11:00:00.000Z [town] @ Azmarin Gawyne arrives in Azmarin — bard from Myrrka
2026-01-05T11:00:00.000Z [faction] @ Windleigh [Dionysios] Seals Breaking: The evil influences local politics. — Ancient wards fail. What they imprisoned walks again.
2026-01-05T11:00:00.000Z [faction] @ Myrrka [Engelwara] The Old Darkness Returns: Time seems to distort near the site. — Engelwara races to prevent catastrophe.
2026-01-05T11:00:00.000Z [faction] @ Greenmist [Parthenius's Band, orc raiders] Fire in Greenmist: The raiders employ guerrilla tactics. — Parthenius's Band strikes fast at Greenmist and withdraws before retaliation.
2026-01-05T11:00:00.000Z [faction] @ the region [Epistor] What Was Promised: Regret grows. — In the region, ancient bargains come due.
2026-01-05T11:00:00.000Z [faction] @ Azmarin [The Hawk Compact] The Hawk Compact eyes Azmarin for its salt — Desperate for salt, the faction has decided to take the settlement by force.
2026-01-05T12:00:00.000Z [system] The world turns (January 5th, 2026) — 2 parties traveling, 0 resting. 1 threats lurk.
2026-01-05T12:00:00.000Z [road] @ Greenmist [Parthenius's Band, goblins] goblins share hunting tips with Parthenius's Band — As the bell tolled the sixth hour streams bubbling over smooth stones. Two or three night-hunting goblins, carrying plunder. The negotiation revealed unexpected shared values. Lightning-blasted trees at timberline marked the scene.
2026-01-05T12:00:00.000Z [road] @ Greenmist [Parthenius's Band] Parthenius's Band parley with giant bats — Trade news and share a quick meal before parting ways.
2026-01-05T13:00:00.000Z [town] @ Minasfeld [Hans-Ruedi] Construction continues on Hans-Ruedi's stronghold — Masons and laborers work tirelessly. The foundations are deep and the walls rise.
2026-01-05T14:00:00.000Z [town] @ Azmarin Word spreads in Azmarin — Travelers speak of Mendia the Pallid. The roads grow dangerous.
2026-01-05T14:00:00.000Z [faction] @ Greenmist [Parthenius's Band] Blood on the Trail: A witness points the way. — Parthenius's Band stalks a dangerous quarry across the region.
2026-01-05T14:00:00.000Z [faction] @ hex:7,7 [Itzia] Itzia's Last Stand: The quarry leaves a taunt. It's personal now. — Itzia stalks a dangerous quarry across the region.
2026-01-05T14:00:00.000Z [town] @ Belfos [Izot] Magical mist chokes Belfos — A toxic green cloud, conjured by Izot, rolls through the streets. Panic ensues.
2026-01-05T15:00:00.000Z [road] @ Greenmist [Parthenius's Band, giant eagles] Parthenius's Band aid injured giant eagles with healing herbs — In the golden afternoon light The peaks gleam with eternal snow. A handful of red-eyed in the dark giant eagles, apparently startled. Diplomacy prevailed where force might have failed.
2026-01-05T16:00:00.000Z [town] @ Greenmist Word spreads in Greenmist — Travelers speak of Mendia the Pallid. The roads grow dangerous.
⏰ Catch-up progress: 14% (100/708 turns)2026-01-05T17:00:00.000Z [road] @ Greenmist [Parthenius's Band, goblins] goblins surround Parthenius's Band in a coordinated attack — In the gloaming hour vast chasms with no visible bottom. Countless tribal goblins, arguing among themselves. They exploited a momentary weakness in the enemy line.
2026-01-05T17:00:00.000Z [road] @ Belfos The Wandering Merchants makes camp under escort — Road to Myrrka (road) quiet tonight.
2026-01-05T18:00:00.000Z [system] The world turns (January 5th, 2026) — 2 parties traveling, 0 resting. 1 threats lurk.
2026-01-05T18:00:00.000Z [road] @ Greenmist [Parthenius's Band, orc raiders] orc raiders offer Parthenius's Band aid on the road — With the setting of the sun crystal formations in cave mouths. A handful of shadow-cloaked orc raiders, performing war rituals. A hostage exchange ensured good behavior.
2026-01-05T19:00:00.000Z [road] @ Greenmist [Parthenius's Band] Parthenius's Band spot signs of danger — Giant footprints in the snow, each as long as a man is tall.
2026-01-05T19:00:00.000Z [road] @ Myrrka [The Grim Wolves] The Grim Wolves clash with goblins — Brief skirmish; foes driven off with minor bruises.
2026-01-05T20:00:00.000Z [road] @ Myrrka [The Grim Wolves] The Grim Wolves spot signs of danger — Bones litter a rock shelf. Not all are animal bones.
2026-01-05T20:00:00.000Z [town] @ Myrrka Mood darkens in Myrrka — Following recent events, the people's spirit sinks.
2026-01-05T21:00:00.000Z [town] @ Belfos Northbeach Traders arrives at Belfos — Bringing grain/textiles from Windleigh with escorts.
2026-01-05T21:00:00.000Z [town] @ Belfos Emlyn arrives in Belfos — scout from Minasfeld
2026-01-05T21:00:00.000Z [town] @ Belfos Ilene arrives in Belfos — bard from Windleigh
2026-01-05T22:00:00.000Z [road] @ Myrrka [The Grim Wolves, goblins] The Grim Wolves clash with goblins — As the stars emerged one by one damp earth in valley bottoms hung in the air. Many cowardly goblins, tracking something. They stood their ground against the charging enemy. A well-timed spell from their caster turned the tide.
2026-01-05T22:00:00.000Z [faction] @ Minasfeld [Sons of the Wolf] Sons of the Wolf eyes Minasfeld for its livestock — Desperate for livestock, the faction has decided to take the settlement by force.
2026-01-05T23:00:00.000Z [dungeon] @ Greenmist [Parthenius's Band] Parthenius's Band discovers Silver Vault — With only moonlight for company waterfalls roaring into gorges. They have found An ancient silver vault from the Empire of Dust. Silver Vault was once a center of faith before its fall.
2026-01-05T23:00:00.000Z [town] @ Minasfeld The New Caravan arrives at Minasfeld — Bringing grain/textiles from Belfos with escorts.
2026-01-05T23:00:00.000Z [town] @ Minasfeld Cybele arrives in Minasfeld — guard from Windleigh
2026-01-05T23:00:00.000Z [town] @ Minasfeld Wantelien arrives in Minasfeld — bard from Minasfeld
2026-01-06T00:00:00.000Z [system] The world turns (January 6th, 2026) — 2 parties traveling, 0 resting. 1 threats lurk.
2026-01-06T00:00:00.000Z [town] @ Belfos Peli seen in Belfos markets — priest haggles and swaps news.
2026-01-06T00:00:00.000Z [dungeon] @ Myrrka [The Grim Wolves] The Grim Wolves discovers Ashen Bastion — Under a canopy of stars abandoned shepherd huts. They have found An ancient ashen bastion from the First Age. Ashen Bastion was once a center of magic before its fall.
2026-01-06T00:00:00.000Z [town] @ Belfos Ilene seen in Belfos markets — bard haggles and swaps news.
2026-01-06T00:00:00.000Z [road] @ Greenmist [Parthenius's Band, orc raiders] orc raiders blockade Parthenius's Band's route — In the hush of late night a frozen waterfall. Several red-eyed in the dark orc raiders, dragging captives. The battle raged fiercely, but their resolve never wavered. The victors claim 28 coin worth of plunder.
2026-01-06T00:00:00.000Z [town] @ Belfos Belfos tempers frayed — Surplus grain/textiles/fish.
2026-01-06T00:00:00.000Z [faction] @ Belfos [The Storm Guild] The Storm Guild sends relief to Belfos — Wagons of grain and medicine roll toward the suffering. Compassion—or calculated politics?
2026-01-06T00:00:00.000Z [town] @ Windleigh Irantzu seen in Windleigh markets — guard haggles and swaps news.
2026-01-06T00:00:00.000Z [town] @ Windleigh Windleigh tempers frayed — Surplus grain/ore/fish and shortages in textiles/salt.
2026-01-06T00:00:00.000Z [town] @ Windleigh Rumor in Windleigh — Levies rumored to secure salt; officials say caravans delayed.
2026-01-06T00:00:00.000Z [town] @ Azmarin Azmarin tempers frayed — Surplus grain/textiles/salt and shortages in livestock.
2026-01-06T00:00:00.000Z [town] @ Azmarin Rumor in Azmarin — Bargain prices on grain; traders racing to Azmarin.
2026-01-06T00:00:00.000Z [town] @ Minasfeld Minasfeld tempers frayed — Surplus grain/textiles/livestock.
2026-01-06T00:00:00.000Z [town] @ Minasfeld Rumor in Minasfeld — Order of the Hawk watches the markets quietly.
2026-01-06T00:00:00.000Z [town] @ Myrrka Myrrka tempers frayed — Surplus ore/textiles and shortages in salt.
2026-01-06T00:00:00.000Z [town] @ Greenmist Greenmist tempers frayed — Surplus grain/textiles and shortages in ore/livestock.
2026-01-06T00:00:00.000Z [town] @ Greenmist Rumor in Greenmist — official mystery: an old map fragment says Darklis heard of a sealed door that hums at night (from Greenmist).
2026-01-06T00:00:00.000Z [town] @ Greenmist Rumor in Greenmist — Sons of the Wolf watches the markets quietly.
2026-01-06T00:00:00.000Z [town] @ Greenmist Rumor in Greenmist — Order of the Hawk watches the markets quietly.
2026-01-06T01:00:00.000Z [road] @ Myrrka [The Grim Wolves] The Grim Wolves completes rest — Ready to travel again.
2026-01-06T01:00:00.000Z [town] @ Myrrka Word spreads in Myrrka — Explorers speak of a strange discovery near Myrrka.
2026-01-06T02:00:00.000Z [faction] @ Belfos [The Hawk Compact] The Hawk Compact sends relief to Belfos — Wagons of grain and medicine roll toward the suffering. Compassion—or calculated politics?
2026-01-06T03:00:00.000Z [road] @ Myrrka [The Grim Wolves] The Grim Wolves spot signs of danger — Bones litter a rock shelf. Not all are animal bones.
2026-01-06T04:00:00.000Z [town] @ Azmarin [Katixa, Emlyn] Katixa grows impatient with Emlyn's excuses — The ledger must balance, one way or another.
2026-01-06T04:00:00.000Z [road] @ Myrrka The Grim Wolves falls ill in Myrrka — The Camp Fever has claimed members of the company. They must rest to recover.
2026-01-06T05:00:00.000Z [road] @ Myrrka [The Grim Wolves] The Grim Wolves spot signs of danger — Rockfall has blocked the easy path. An ambush site, perhaps.
2026-01-06T06:00:00.000Z [system] The world turns (January 6th, 2026) — 2 parties traveling, 0 resting. 1 threats lurk.
2026-01-06T06:00:00.000Z [road] @ Myrrka [The Grim Wolves] The Grim Wolves spot signs of danger — Rockfall has blocked the easy path. An ambush site, perhaps.
2026-01-06T06:00:00.000Z [road] @ Myrrka [The Grim Wolves, goblins] goblins teach The Grim Wolves a useful survival skill — As mist still clung to low places wind keening through rocky passes. The hilltops stand sharp against the blue. A solitary red-eyed in the dark goblins, tracking something. They found common ground in their mutual interests.
2026-01-06T06:00:00.000Z [road] @ Greenmist [Parthenius's Band] Parthenius's Band spot signs of danger — A cairn of skulls marks a territorial boundary.
2026-01-06T06:00:00.000Z [road] @ Myrrka [The Grim Wolves] The Grim Wolves ambushed by orc raiders — Forced retreat; they fall back to regroup.
2026-01-06T06:00:00.000Z [town] @ Minasfeld Word spreads in Minasfeld — Thieves struck near Belfos. The roads grow dangerous.
2026-01-06T06:00:00.000Z [town] @ Myrrka Mood darkens in Myrrka — Following recent events, the people's spirit sinks.
2026-01-06T06:00:00.000Z [town] @ Azmarin [Gawyne] Construction continues on Gawyne's stronghold — Masons and laborers work tirelessly. The foundations are deep and the walls rise.
2026-01-06T07:00:00.000Z [town] @ Belfos Beroldus's Wagons arrives at Belfos — Bringing salt/fish from Greenmist with escorts under banner of Circle of the Dawn.
2026-01-06T07:00:00.000Z [town] @ Belfos Mainardus arrives in Belfos — scout from Azmarin
2026-01-06T07:00:00.000Z [town] @ Belfos Eurydamus arrives in Belfos — merchant from Windleigh
2026-01-06T07:00:00.000Z [town] @ Belfos [Ilene] Construction continues on Ilene's stronghold — Masons and laborers work tirelessly. The foundations are deep and the walls rise.
2026-01-06T08:00:00.000Z [road] @ Greenmist [Parthenius's Band] Parthenius's Band parley with giant bats — Trade news and share a quick meal before parting ways.
2026-01-06T08:00:00.000Z [faction] @ Windleigh [Circle of the Dawn] Circle of the Dawn eyes Windleigh for its grain — Desperate for grain, the faction has decided to take the settlement by force.
2026-01-06T09:00:00.000Z [road] @ Belfos Northbeach Traders makes camp under escort — Road to Windleigh (road) quiet tonight.
⏰ Catch-up progress: 28% (200/708 turns)2026-01-06T10:00:00.000Z [road] @ Myrrka [The Grim Wolves, ogres] The Grim Wolves prepare defenses against potential ogres attack — As smoke rose from breakfast fires The hilltops stand sharp against the blue. Two or three armored ogres, apparently startled. They found common ground in their mutual interests.
2026-01-06T10:00:00.000Z [town] @ Belfos [Emlyn, Katixa] Emlyn negotiates terms with creditor Katixa — Gold owed sits heavy on both parties. Amidst the growing danger in Belfos, their debtor feels all the more pressing.
2026-01-06T11:00:00.000Z [road] @ Myrrka [The Grim Wolves, mountain lions] mountain lions communicate through gestures and signs — As the bell tolled the sixth hour narrow passes between rocky peaks. A group of shadow-cloaked mountain lions, emerging from concealment. They ran. There was no shame in it—only survival. Hawk nests on rocky outcrops marked the scene.
2026-01-06T11:00:00.000Z [town] @ Myrrka The Wandering Merchants arrives at Myrrka — Bringing livestock from Belfos with escorts under banner of Order of the Hawk.
2026-01-06T11:00:00.000Z [town] @ Myrrka Izot arrives in Myrrka — bard from Belfos
2026-01-06T12:00:00.000Z [system] The world turns (January 6th, 2026) — 2 parties traveling, 0 resting. 1 threats lurk.
2026-01-06T12:00:00.000Z [road] @ Greenmist [Parthenius's Band] Parthenius's Band spot signs of danger — Eagle cries echo, but no birds are visible.
2026-01-06T12:00:00.000Z [faction] @ Myrrka [Mendia the Pallid] Agents of Mendia gather components — Graverobbing. Herb theft. Missing children.
2026-01-06T13:00:00.000Z [town] @ Greenmist [Eryalus, Irantzu] Eryalus takes Irantzu under their wing — The student shows promise—or perhaps stubborn foolishness.
2026-01-06T15:00:00.000Z [road] @ Myrrka [The Grim Wolves] The Grim Wolves discovers The Floating Cave — With lengthening shadows stone walls dividing hill farms. A floating cave, home to a silent, white-haired hermit. They uncover a fragment of lost history.
2026-01-06T15:00:00.000Z [road] @ Greenmist [Parthenius's Band] Parthenius's Band spot signs of danger — Giant footprints in the snow, each as long as a man is tall.
2026-01-06T15:00:00.000Z [road] @ Minasfeld The New Caravan makes camp under escort — Road to Belfos (road) quiet tonight.
2026-01-06T17:00:00.000Z [road] @ Myrrka [The Grim Wolves] The Grim Wolves spot signs of danger — Rockfall has blocked the easy path. An ambush site, perhaps.
2026-01-06T17:00:00.000Z [road] @ Myrrka [The Grim Wolves, goblins] goblins surround The Grim Wolves in a coordinated attack — As lanterns were kindled Two or three night-hunting goblins, carrying plunder. Magic and steel combined to turn certain defeat into victory.
2026-01-06T17:00:00.000Z [road] @ Greenmist [Parthenius's Band, ogres] ogres demand tolls from passing Parthenius's Band — As bats took wing the sharp crack of ice breaking. The peaks gleam with eternal snow. A single massive ogres, blocking the path. The meeting ended with mutual respect, if not friendship.
2026-01-06T17:00:00.000Z [road] @ Belfos Beroldus's Wagons makes camp under escort — Road to Greenmist (road) quiet tonight.
2026-01-06T18:00:00.000Z [system] The world turns (January 6th, 2026) — 2 parties traveling, 0 resting. 1 threats lurk.
2026-01-06T19:00:00.000Z [town] @ Belfos The Wandering Peddlers arrives at Belfos — Bringing grain/textiles from Azmarin with escorts.
2026-01-06T19:00:00.000Z [town] @ Belfos Katixa arrives in Belfos — guard from Myrrka
2026-01-06T19:00:00.000Z [town] @ Belfos Gawyne arrives in Belfos — bard from Myrrka
2026-01-06T20:00:00.000Z [road] @ Myrrka [The Grim Wolves, orc raiders] orc raiders follow The Grim Wolves at a safe distance — As the stars emerged one by one stone walls dividing hill farms. The hilltops stand sharp against the blue. A handful of night-hunting orc raiders, returning from a raid. An uneasy bargain was struck beneath wary eyes.
2026-01-06T20:00:00.000Z [town] @ Greenmist [Eadmund, Theodric] Eadmund demonstrates new skills learned from Theodric — Not every student surpasses the master, but hope remains.
2026-01-06T21:00:00.000Z [road] @ Greenmist [Parthenius's Band, orc raiders] Parthenius's Band counterattack orc raiders invaders — As the stars emerged one by one The peaks gleam with eternal snow. Several night-hunting orc raiders, returning from a raid. The fight was brief and brutal. The survivors withdrew.
2026-01-06T22:00:00.000Z [road] @ Myrrka [The Grim Wolves] The Grim Wolves spot signs of danger — Rockfall has blocked the easy path. An ambush site, perhaps.
2026-01-06T22:00:00.000Z [road] @ Greenmist [Parthenius's Band] Parthenius's Band spot signs of danger — The ruins of a dwarven waystation, recently looted.
2026-01-06T22:00:00.000Z [road] @ Greenmist [Parthenius's Band, goblins] Parthenius's Band move slowly to avoid alarming goblins — As the stars emerged one by one glaciers carving valleys below. Several shadow-cloaked goblins, carrying plunder. They slipped away while the enemy celebrated prematurely.
2026-01-06T23:00:00.000Z [road] @ Myrrka [The Grim Wolves] The Grim Wolves spot signs of danger — Caves in the hillside show signs of habitation.
2026-01-06T23:00:00.000Z [faction] @ Minasfeld [Sons of the Wolf] Sons of the Wolf eyes Minasfeld for its livestock — Desperate for livestock, the faction has decided to take the settlement by force.
2026-01-07T00:00:00.000Z [system] The world turns (January 7th, 2026) — 2 parties traveling, 0 resting. 1 threats lurk.
2026-01-07T00:00:00.000Z [town] @ Belfos Peli seen in Belfos markets — priest haggles and swaps news.
2026-01-07T00:00:00.000Z [town] @ Belfos Mainardus seen in Belfos markets — scout haggles and swaps news.
2026-01-07T00:00:00.000Z [road] @ Myrrka [The Grim Wolves] The Grim Wolves spot signs of danger — Caves in the hillside show signs of habitation.
2026-01-07T00:00:00.000Z [town] @ Belfos Belfos tempers frayed — Surplus grain/textiles/salt/fish.
2026-01-07T00:00:00.000Z [town] @ Windleigh Irantzu seen in Windleigh markets — guard haggles and swaps news.
2026-01-07T00:00:00.000Z [town] @ Windleigh Windleigh tempers frayed — Surplus grain/ore/fish and shortages in textiles/salt.
2026-01-07T00:00:00.000Z [town] @ Windleigh Rumor in Windleigh — The Storm Guild watches the markets quietly.
2026-01-07T00:00:00.000Z [town] @ Windleigh Rumor in Windleigh — Sons of the Wolf watches the markets quietly.
2026-01-07T00:00:00.000Z [town] @ Azmarin Azmarin tempers frayed — Surplus grain/textiles/salt and shortages in livestock.
2026-01-07T00:00:00.000Z [town] @ Azmarin Rumor in Azmarin — Levies rumored to secure livestock; officials say caravans delayed.
2026-01-07T00:00:00.000Z [town] @ Azmarin Rumor in Azmarin — Circle of the Dawn watches the markets quietly.
2026-01-07T00:00:00.000Z [town] @ Minasfeld Minasfeld tempers frayed — Surplus grain/textiles/livestock.
2026-01-07T00:00:00.000Z [town] @ Myrrka The Grim Wolves hailed in Myrrka — Locals toast their exploits.
2026-01-07T00:00:00.000Z [town] @ Myrrka Myrrka tempers frayed — Surplus ore/textiles/fish and shortages in salt.
2026-01-07T00:00:00.000Z [town] @ Myrrka Rumor in Myrrka — conflicting threat: a frantic merchant says Amopaon heard of fresh graves disturbed (from Myrrka).
2026-01-07T00:00:00.000Z [town] @ Greenmist Greenmist tempers frayed — Surplus grain/textiles and shortages in ore/livestock.
2026-01-07T00:00:00.000Z [town] @ Greenmist Rumor in Greenmist — Levies rumored to secure ore; officials say caravans delayed.
2026-01-07T00:00:00.000Z [town] @ Greenmist Rumor in Greenmist — Order of the Hawk watches the markets quietly.
2026-01-07T00:00:00.000Z [town] @ Greenmist Rumor in Greenmist — The Hawk Compact watches the markets quietly.
2026-01-07T01:00:00.000Z [road] @ Greenmist [Parthenius's Band, ogres] Parthenius's Band share songs and tales around the campfire — As owls hunted in darkness The peaks gleam with eternal snow. One hungry ogres, moving with purpose. An uneasy bargain was struck beneath wary eyes.
2026-01-07T01:00:00.000Z [road] @ Myrrka The Wandering Merchants makes camp under escort — Road to Belfos (road) quiet tonight.
⏰ Catch-up progress: 42% (300/708 turns)2026-01-07T02:00:00.000Z [road] @ Greenmist [Parthenius's Band] Parthenius's Band discovers The Eerie Altar — In the witching hour A eerie altar, vibrating when approached. They find a marking pointing toward a hidden cache.
2026-01-07T02:00:00.000Z [road] @ Greenmist [Parthenius's Band] Parthenius's Band spot goblins and avoid notice — They detour carefully, leaving only faint tracks.
2026-01-07T02:00:00.000Z [town] @ Belfos [Mainardus] Construction continues on Mainardus's stronghold — Masons and laborers work tirelessly. The foundations are deep and the walls rise.
2026-01-07T03:00:00.000Z [road] @ Greenmist [Parthenius's Band] Parthenius's Band spot signs of danger — A cairn of skulls marks a territorial boundary.
2026-01-07T03:00:00.000Z [road] @ Myrrka [The Grim Wolves] The Grim Wolves shadowed by goblins — Tense standoff; both sides withdraw before blades are drawn.
2026-01-07T04:00:00.000Z [road] @ Myrrka [The Grim Wolves] The Grim Wolves spot signs of danger — Rockfall has blocked the easy path. An ambush site, perhaps.
2026-01-07T05:00:00.000Z [road] @ Myrrka [The Grim Wolves, mountain lions] mountain lions test The Grim Wolves's resolve with challenges — As the world stirred from slumber zigzag paths climbing steep inclines. The hilltops stand sharp against the blue. Countless shadow-cloaked mountain lions, moving with purpose. A tactical withdrawal under covering fire. Stone circles on hilltops marked the scene.
2026-01-07T05:00:00.000Z [town] @ Windleigh Northbeach Traders arrives at Windleigh — Bringing grain/textiles from Belfos with escorts.
2026-01-07T05:00:00.000Z [town] @ Windleigh Emlyn arrives in Windleigh — scout from Minasfeld
2026-01-07T05:00:00.000Z [town] @ Windleigh Ilene arrives in Windleigh — bard from Windleigh
2026-01-07T06:00:00.000Z [system] The world turns (January 7th, 2026) — 2 parties traveling, 0 resting. 1 threats lurk.
2026-01-07T06:00:00.000Z [road] @ Myrrka [The Grim Wolves] The Grim Wolves discovers The Petrified Cairn — As rose light crept across the land ancient hill forts with crumbling walls. A petrified cairn, vibrating when approached. A light heart and swift feet follow them.
2026-01-07T06:00:00.000Z [road] @ Greenmist [Parthenius's Band] Parthenius's Band spot signs of danger — Eagle cries echo, but no birds are visible.
2026-01-07T06:00:00.000Z [road] @ Greenmist [Parthenius's Band, goblins] goblins guide Parthenius's Band to a hidden spring — While dew pearled on grass and stone wild berries ripening on bushes hung in the air. Two or three red-eyed in the dark goblins, tracking something. They traded information as valuable as gold.
2026-01-07T06:00:00.000Z [town] @ Minasfeld [Hans-Ruedi] Construction continues on Hans-Ruedi's stronghold — Masons and laborers work tirelessly. The foundations are deep and the walls rise.
2026-01-07T07:00:00.000Z [town] @ Belfos The New Caravan arrives at Belfos — Bringing grain/textiles from Minasfeld with escorts.
2026-01-07T07:00:00.000Z [town] @ Belfos Cybele arrives in Belfos — guard from Windleigh
2026-01-07T07:00:00.000Z [town] @ Belfos Wantelien arrives in Belfos — bard from Minasfeld
2026-01-07T08:00:00.000Z [faction] @ Myrrka [Mendia the Pallid] Mendia conducts a dark ritual — Strange lights in the sky. Animals flee.
2026-01-07T09:00:00.000Z [faction] @ the region [Wattie] The Bargain: Benefits emerge. Power shifts in subtle ways. — Wattie made a deal with powers best left alone.
2026-01-07T09:00:00.000Z [faction] @ hex:7,7 [Itzia] Itzia's Last Stand: The Itzia's patience wears thin. — Itzia stalks a dangerous quarry across the region.
2026-01-07T10:00:00.000Z [road] @ Belfos The New Caravan makes camp under escort — Road to Minasfeld (road) quiet tonight.
2026-01-07T10:00:00.000Z [town] @ Myrrka Mood darkens in Myrrka — Following recent events, the people's spirit sinks.
2026-01-07T11:00:00.000Z [road] @ Myrrka [The Grim Wolves] The Grim Wolves spot signs of danger — Crude totems mark a boundary. You have been warned.
2026-01-07T12:00:00.000Z [system] The world turns (January 7th, 2026) — 2 parties traveling, 0 resting. 1 threats lurk.
2026-01-07T12:00:00.000Z [road] @ Myrrka [The Grim Wolves] The Grim Wolves spot signs of danger — Bones litter a rock shelf. Not all are animal bones.
2026-01-07T12:00:00.000Z [road] @ Belfos Beroldus's Wagons makes camp under escort — Road to Greenmist (road) quiet tonight.
2026-01-07T12:00:00.000Z [road] @ Belfos Beroldus's Wagons reports losses — Supplies spoiled en route; banners of Circle of the Dawn tarnished.
2026-01-07T12:00:00.000Z [town] @ Belfos Rumor in Belfos — Beroldus's Wagons of Circle of the Dawn lost goods on the road; prices may shift.
2026-01-07T13:00:00.000Z [road] @ Myrrka [The Grim Wolves] The Grim Wolves discovers The Floating Cairn — In the drowsy heat of noon wild roses blooming on slopes hung in the air. A floating cairn, swarming with spectral, blue butterflies. They uncover a fragment of lost history.
2026-01-07T13:00:00.000Z [road] @ Belfos [The New Caravan, Sons of the Wolf] The New Caravan is raided! — Sons of the Wolf forces have intercepted the caravan en route to Minasfeld.
2026-01-07T13:00:00.000Z [town] @ Belfos Trade routes near Belfos grow dangerous — Merchants speak of losses. Some refuse to travel until the roads are secured.
2026-01-07T15:00:00.000Z [road] @ Greenmist [Parthenius's Band] Parthenius's Band spot signs of danger — Giant footprints in the snow, each as long as a man is tall.
2026-01-07T15:00:00.000Z [road] @ Greenmist [Parthenius's Band, giant eagles] giant eagles set traps for unwary Parthenius's Band — While the sun began its descent waterfalls roaring into gorges. A few dangerous giant eagles, emerging from concealment. Though wounds were taken, the day was won. Snow-capped peaks gleaming in sunlight marked the scene. A well-timed spell from their caster turned the tide.
2026-01-07T15:00:00.000Z [road] @ Belfos The New Caravan makes camp under escort — Road to Minasfeld (road) quiet tonight.
2026-01-07T15:00:00.000Z [town] @ Greenmist Beroldus's Wagons arrives at Greenmist — Bringing salt/fish from Belfos with escorts under banner of Circle of the Dawn.
2026-01-07T15:00:00.000Z [town] @ Greenmist Mainardus arrives in Greenmist — scout from Azmarin
2026-01-07T15:00:00.000Z [town] @ Greenmist Eurydamus arrives in Greenmist — merchant from Windleigh
2026-01-07T16:00:00.000Z [town] @ Myrrka Word spreads in Myrrka — Explorers speak of a strange discovery near Myrrka.
2026-01-07T17:00:00.000Z [road] @ Greenmist [Parthenius's Band, yeti] yeti demand tolls from passing Parthenius's Band — As purple shadows gathered A lone numerous yeti, emerging from concealment. They left the meeting with hope for peaceful coexistence. Condors circling high overhead marked the scene.
2026-01-07T18:00:00.000Z [system] The world turns (January 7th, 2026) — 2 parties traveling, 0 resting. 1 threats lurk.
2026-01-07T18:00:00.000Z [road] @ Myrrka [The Grim Wolves, orc raiders] Tense standoff between The Grim Wolves and orc raiders — As lanterns were kindled Several red-eyed in the dark orc raiders, performing war rituals. They left the meeting with hope for peaceful coexistence. Sheep grazing on steep slopes marked the scene.
2026-01-07T18:00:00.000Z [road] @ Greenmist [Parthenius's Band] Parthenius's Band ambushed by goblins — Forced retreat; they fall back to regroup.
2026-01-07T18:00:00.000Z [road] @ Windleigh [Northbeach Traders, Sons of the Wolf] Northbeach Traders is raided! — Sons of the Wolf forces have intercepted the caravan en route to Belfos.
2026-01-07T18:00:00.000Z [town] @ Windleigh Trade routes near Windleigh grow dangerous — Merchants speak of losses. Some refuse to travel until the roads are secured.
2026-01-07T18:00:00.000Z [faction] @ Greenmist [Kreon] Echoes of the Past: The haunting intensifies. Kreon remains seeks knowledge and wisdom. — The dead do not rest peacefully in Greenmist.
2026-01-07T18:00:00.000Z [faction] @ the region [Epistor] What Was Promised: New pacts are made. Epistor remains motivated by fear and survival. — In the region, ancient bargains come due.
⏰ Catch-up progress: 56% (400/708 turns)2026-01-07T19:00:00.000Z [road] @ Greenmist [Parthenius's Band] Parthenius's Band spot signs of danger — Giant footprints in the snow, each as long as a man is tall.
2026-01-07T19:00:00.000Z [road] @ Greenmist [Parthenius's Band] Parthenius's Band discovers The Shadowy Pillar — As lanterns were kindled copper deposits staining rock faces green. A shadowy pillar, swallowing all sound around it. The party feels a surge of mental clarity.
2026-01-07T19:00:00.000Z [town] @ Belfos The Wandering Merchants arrives at Belfos — Bringing livestock from Myrrka with escorts under banner of Order of the Hawk.
2026-01-07T19:00:00.000Z [town] @ Belfos Izot arrives in Belfos — bard from Belfos
2026-01-07T20:00:00.000Z [road] @ Myrrka [The Grim Wolves] The Grim Wolves spot signs of danger — Crude totems mark a boundary. You have been warned.
2026-01-07T21:00:00.000Z [road] @ Myrrka [The Grim Wolves, orc raiders] The Grim Wolves trade news with passing orc raiders — As songs rose from dim taverns The hilltops stand sharp against the blue. A handful of shadow-cloaked orc raiders, scouting for targets. Both sides gained knowledge that might prove useful.
2026-01-07T22:00:00.000Z [road] @ Greenmist [Parthenius's Band, goblins] Parthenius's Band hunt down marauding goblins — With ale flowing in taprooms wind whistling through cave entrances. The peaks gleam with eternal snow. Two or three night-hunting goblins, arguing among themselves. A well-timed feint created the opening they needed. A well-timed spell from their caster turned the tide. The victors claim 46 coin worth of plunder.
2026-01-07T22:00:00.000Z [road] @ Myrrka [The Grim Wolves] The Grim Wolves spot ogre and avoid notice — They detour carefully, leaving only faint tracks.
2026-01-07T22:00:00.000Z [town] @ Windleigh [Emlyn, Wantelien] Emlyn and Wantelien exchange pointed words — Onlookers sensed violence in the air, barely held back.
2026-01-07T22:00:00.000Z [road] @ Greenmist [Parthenius's Band] Parthenius's Band grows in power! — Through hardship and battle, the members of Parthenius's Band have reached level 3.
2026-01-07T23:00:00.000Z [road] @ Belfos The Wandering Peddlers makes camp under escort — Road to Azmarin (road) quiet tonight.
2026-01-08T00:00:00.000Z [system] The world turns (January 8th, 2026) — 2 parties traveling, 0 resting. 1 threats lurk.
2026-01-08T00:00:00.000Z [weather] @ Windleigh Snow blankets Windleigh — Children made sport while adults worried over firewood.
2026-01-08T00:00:00.000Z [town] @ Belfos Disease outbreak in Belfos! — Local healers have identified Gripsha among the populace. Fear spreads as quickly as the sickness.
2026-01-08T00:00:00.000Z [weather] @ Azmarin Cold weather isolates Azmarin — Heavy snow and cold limit movement and communication.
2026-01-08T00:00:00.000Z [town] @ Belfos Peli seen in Belfos markets — priest haggles and swaps news.
2026-01-08T00:00:00.000Z [town] @ Belfos Cybele seen in Belfos markets — guard haggles and swaps news.
2026-01-08T00:00:00.000Z [town] @ Belfos Belfos tempers frayed — Surplus grain/textiles/salt/fish.
2026-01-08T00:00:00.000Z [town] @ Belfos Rumor in Belfos — Sons of the Wolf watches the markets quietly.
2026-01-08T00:00:00.000Z [town] @ Windleigh Windleigh tempers frayed — Surplus grain/ore/fish and shortages in salt.
2026-01-08T00:00:00.000Z [town] @ Windleigh Rumor in Windleigh — Bargain prices on fish; traders racing to Windleigh.
2026-01-08T00:00:00.000Z [town] @ Azmarin Azmarin tempers frayed — Surplus grain/textiles/salt and shortages in timber/livestock.
2026-01-08T00:00:00.000Z [town] @ Azmarin Rumor in Azmarin — Levies rumored to secure livestock; officials say caravans delayed.
2026-01-08T00:00:00.000Z [town] @ Azmarin Rumor in Azmarin — The Storm Guild watches the markets quietly.
2026-01-08T00:00:00.000Z [town] @ Minasfeld Minasfeld tempers frayed — Surplus grain/textiles/livestock.
2026-01-08T00:00:00.000Z [town] @ Minasfeld Rumor in Minasfeld — Bargain prices on grain; traders racing to Minasfeld.
2026-01-08T00:00:00.000Z [town] @ Myrrka Molora seen in Myrrka markets — scout haggles and swaps news.
2026-01-08T00:00:00.000Z [town] @ Myrrka Myrrka tempers frayed — Surplus ore/textiles and shortages in salt.
2026-01-08T00:00:00.000Z [town] @ Myrrka Rumor in Myrrka — conflicting treasure: a frantic merchant says Jolicia heard of a sealed door that hums at night (from Myrrka).
2026-01-08T00:00:00.000Z [town] @ Myrrka Rumor in Myrrka — Sons of the Wolf watches the markets quietly.
2026-01-08T00:00:00.000Z [town] @ Greenmist Mainardus seen in Greenmist markets — scout haggles and swaps news.
2026-01-08T00:00:00.000Z [town] @ Greenmist Eurydamus seen in Greenmist markets — merchant haggles and swaps news.
2026-01-08T00:00:00.000Z [town] @ Greenmist Parthenius's Band hailed in Greenmist — Locals toast their exploits.
2026-01-08T00:00:00.000Z [town] @ Greenmist Greenmist tempers frayed — Surplus grain/textiles/salt/fish and shortages in ore/livestock.
2026-01-08T00:00:00.000Z [town] @ Greenmist Rumor in Greenmist — Levies rumored to secure livestock; officials say caravans delayed.
2026-01-08T01:00:00.000Z [road] @ Windleigh [Northbeach Traders, Sons of the Wolf] Northbeach Traders is raided! — Sons of the Wolf forces have intercepted the caravan en route to Belfos.
2026-01-08T01:00:00.000Z [town] @ Windleigh Trade routes near Windleigh grow dangerous — Merchants speak of losses. Some refuse to travel until the roads are secured.
2026-01-08T01:00:00.000Z [road] @ Belfos The Wandering Peddlers makes camp under escort — Road to Azmarin (road) quiet tonight.
2026-01-08T02:00:00.000Z [road] @ Greenmist [Parthenius's Band, orc raiders] Parthenius's Band assist orc raiders with a broken wagon — When shadows grew deepest mineral-rich hot springs hung in the air. Fresh snow makes every path treacherous. A lone night-hunting orc raiders, scouting for targets. The negotiation revealed unexpected shared values.
2026-01-08T03:00:00.000Z [road] @ Myrrka [The Grim Wolves, goblins] goblins shadow The Grim Wolves but keep their distance — When shadows grew deepest the mouth of a cave, dark and inviting. Two or three cunning goblins, tracking something. They found common ground in their mutual interests.
2026-01-08T03:00:00.000Z [road] @ Greenmist [Parthenius's Band, goblins] goblins guide Parthenius's Band to a hidden spring — When shadows grew deepest eagles screaming overhead. Fresh snow makes every path treacherous. A handful of mangy goblins, worshipping a crude idol. Neither side wished to die today. Terms were agreed.
2026-01-08T03:00:00.000Z [road] @ Myrrka [The Grim Wolves] The Grim Wolves shadowed by goblins — Tense standoff; both sides withdraw before blades are drawn.
2026-01-08T03:00:00.000Z [town] @ Azmarin The Wandering Peddlers arrives at Azmarin — Bringing grain/textiles from Belfos with escorts.
2026-01-08T03:00:00.000Z [town] @ Azmarin Katixa arrives in Azmarin — guard from Myrrka
2026-01-08T03:00:00.000Z [town] @ Azmarin Gawyne arrives in Azmarin — bard from Myrrka
2026-01-08T04:00:00.000Z [road] @ Myrrka [The Grim Wolves] The Grim Wolves spot signs of danger — Crude totems mark a boundary. You have been warned.
2026-01-08T04:00:00.000Z [road] @ Greenmist [Parthenius's Band] Parthenius's Band spot signs of danger — Eagle cries echo, but no birds are visible.
2026-01-08T04:00:00.000Z [road] @ Greenmist [Parthenius's Band, goblins] Parthenius's Band repel goblins raiding party — As the world held its breath the shriek of mountain winds. A group of night-hunting goblins, arguing among themselves. Their tactics turned the tide against overwhelming odds. The victors claim 57 coin worth of plunder.
2026-01-08T04:00:00.000Z [road] @ Myrrka [The Grim Wolves] The Grim Wolves completes rest — Ready to travel again.
2026-01-08T04:00:00.000Z [road] @ Greenmist [Yllaria] Yllaria flees Greenmist — Driven by Parthenius's Band ambushed by goblins, they take to the road toward Windleigh.
2026-01-08T04:00:00.000Z [town] @ Belfos Gripsha fades in Belfos — The worst of the sickness has passed. The bells ring in celebration.
2026-01-08T05:00:00.000Z [town] @ Myrrka Camp Fever fades in Myrrka — The worst of the sickness has passed. The bells ring in celebration.
2026-01-08T05:00:00.000Z [town] @ Greenmist Disease outbreak in Greenmist! — Local healers have identified Gripsha among the populace. Fear spreads as quickly as the sickness.
2026-01-08T06:00:00.000Z [system] The world turns (January 8th, 2026) — 2 parties traveling, 0 resting. 1 threats lurk.
2026-01-08T06:00:00.000Z [road] @ Greenmist [Parthenius's Band, ogres] Parthenius's Band signal peaceful intentions to ogres — As the world stirred from slumber eagles soaring on thermal winds. Several night-hunting ogres, blocking the path. They vanished into the shadows before the enemy could react.
2026-01-08T06:00:00.000Z [town] @ Azmarin Disease outbreak in Azmarin! — Local healers have identified Camp Fever among the populace. Fear spreads as quickly as the sickness.
2026-01-08T07:00:00.000Z [road] @ Myrrka [The Grim Wolves] The Grim Wolves spot signs of danger — Bones litter a rock shelf. Not all are animal bones.
2026-01-08T07:00:00.000Z [road] @ Belfos The New Caravan makes camp under escort — Road to Minasfeld (road) quiet tonight.
2026-01-08T07:00:00.000Z [town] @ Myrrka Word spreads in Myrrka — Explorers speak of a strange discovery near Myrrka.
2026-01-08T07:00:00.000Z [town] @ Greenmist [Eurydamus] Eurydamus vows vengeance — Following Parthenius's Band ambushed by goblins, the merchant swears an oath that cannot go unanswered.
2026-01-08T07:00:00.000Z [faction] @ Greenmist [Parthenius's Band] Blood on the Trail: The quarry seems to anticipate every move. — Parthenius's Band stalks a dangerous quarry across the region.
2026-01-08T07:00:00.000Z [town] @ Belfos [Izot] Izot masters a new spell: Shield — After weeks of intense study and meditation, the bard has unlocked new power.
2026-01-08T08:00:00.000Z [road] @ Myrrka [The Grim Wolves] The Grim Wolves spot signs of danger — Bones litter a rock shelf. Not all are animal bones.
2026-01-08T08:00:00.000Z [road] @ Greenmist [Parthenius's Band] Parthenius's Band discovers The Petrified Pillar — As smoke rose from breakfast fires the splash of mountain streams. A petrified pillar, swarming with spectral, blue butterflies. A sudden vision of what is to come flashes before them.
2026-01-08T09:00:00.000Z [road] @ Myrrka [The Grim Wolves] The Grim Wolves spot signs of danger — Crude totems mark a boundary. You have been warned.
2026-01-08T09:00:00.000Z [road] @ Greenmist [Parthenius's Band] Parthenius's Band clash with orc raiders — Brief skirmish; foes driven off with minor bruises.
2026-01-08T09:00:00.000Z [road] @ Greenmist Beroldus's Wagons makes camp under escort — Road to Belfos (road) quiet tonight.
2026-01-08T10:00:00.000Z [road] @ Greenmist [Parthenius's Band] Parthenius's Band spot signs of danger — Giant footprints in the snow, each as long as a man is tall.
2026-01-08T10:00:00.000Z [dungeon] @ Greenmist [Parthenius's Band] Parthenius's Band discovers Silver Vault — With the sun climbing steadily mountain goats leaping between boulders. They have found An ancient silver vault from the Empire of Dust. Silver Vault was once a center of faith before its fall.
2026-01-08T10:00:00.000Z [road] @ Windleigh Northbeach Traders makes camp under escort — Road to Belfos (road) quiet tonight.
2026-01-08T10:00:00.000Z [town] @ Greenmist Word spreads in Greenmist — Explorers speak of a strange discovery near Greenmist.
2026-01-08T11:00:00.000Z [road] @ Azmarin [The Grim Wolves] The Grim Wolves arrives at Azmarin — They find an inn and stable their mounts.
2026-01-08T11:00:00.000Z [road] @ Azmarin The Wandering Peddlers makes camp under escort — Road to Belfos (road) quiet tonight.
2026-01-08T11:00:00.000Z [faction] @ Myrrka [Mendia the Pallid] Mendia conducts a dark ritual — Strange lights in the sky. Animals flee.
2026-01-08T11:00:00.000Z [road] @ Azmarin [The Grim Wolves, Mendia] The Grim Wolves tracks Mendia — Their quarry was last seen near Myrrka. The hunt continues.
⏰ Catch-up progress: 70% (500/708 turns)2026-01-08T12:00:00.000Z [system] The world turns (January 8th, 2026) — 1 parties traveling, 1 resting. 1 threats lurk.
2026-01-08T12:00:00.000Z [road] @ Greenmist [Parthenius's Band, orc raiders] orc raiders display weapons as a warning — In the drowsy heat of noon Fresh snow makes every path treacherous. One shadow-cloaked orc raiders, returning from a raid. They parted as wary allies rather than bitter enemies.
2026-01-08T12:00:00.000Z [faction] @ the region [Wattie] The Bargain: The pact-maker reflects. — Wattie made a deal with powers best left alone.
2026-01-08T12:00:00.000Z [faction] @ hex:7,7 [Itzia] Itzia's Last Stand: Tracks are found. The quarry draws near. Itzia remains driven by curiosity and discovery. — Itzia stalks a dangerous quarry across the region.
2026-01-08T13:00:00.000Z [road] @ Greenmist [Parthenius's Band] Parthenius's Band spot signs of danger — The ruins of a dwarven waystation, recently looted.
2026-01-08T13:00:00.000Z [town] @ Minasfeld Word spreads in Minasfeld — Thieves struck near Belfos. The roads grow dangerous.
2026-01-08T13:00:00.000Z [town] @ Minasfeld Word spreads in Minasfeld — A valuable shipment was lost near Windleigh.
2026-01-08T13:00:00.000Z [faction] @ Belfos [Circle of the Dawn] Circle of the Dawn eyes Belfos for its grain — Desperate for grain, the faction has decided to take the settlement by force.
2026-01-08T14:00:00.000Z [road] @ Belfos The Wandering Merchants makes camp under escort — Road to Myrrka (road) quiet tonight.
2026-01-08T14:00:00.000Z [town] @ Azmarin Word spreads in Azmarin — Travelers speak of Mendia the Pallid. The roads grow dangerous.
2026-01-08T14:00:00.000Z [faction] @ Myrrka [Mendia the Pallid] Mendia curses a village — Crops wither. Wells run foul. Prayers go unanswered.
2026-01-08T14:00:00.000Z [weather] @ Greenmist [Mainardus] Mainardus alters the weather — Through ancient incantations, the Elf calls forth snow over the region.
2026-01-08T15:00:00.000Z [road] @ Greenmist [Parthenius's Band] Parthenius's Band parley with goblins — Trade news and share a quick meal before parting ways.
2026-01-08T15:00:00.000Z [town] @ Greenmist [Mainardus] Mainardus spreads tales — The scout speaks openly of Parthenius's Band ambushed by goblins. The story grows in the telling.
2026-01-08T15:00:00.000Z [town] @ Greenmist Word spreads in Greenmist — Mainardus tells all who will listen: "Parthenius's Band ambushed by goblins." The tale spreads.
2026-01-08T15:00:00.000Z [faction] @ Greenmist [Parthenius's Band, orc raiders] Fire in Greenmist: Defenses are hastily reinforced. — Parthenius's Band strikes fast at Greenmist and withdraws before retaliation.
2026-01-08T16:00:00.000Z [town] @ Belfos Word spreads in Belfos — Thieves struck near Windleigh. The roads grow dangerous.
2026-01-08T17:00:00.000Z [town] @ Belfos Word spreads in Belfos — Travelers speak of Mendia the Pallid. The roads grow dangerous.
2026-01-08T18:00:00.000Z [system] The world turns (January 8th, 2026) — 1 parties traveling, 1 resting. 1 threats lurk.
2026-01-08T18:00:00.000Z [road] @ Azmarin The Wandering Peddlers makes camp under escort — Road to Belfos (road) quiet tonight.
2026-01-08T18:00:00.000Z [town] @ Belfos Word spreads in Belfos — Travelers speak of Mendia the Pallid. The roads grow dangerous.
2026-01-08T19:00:00.000Z [town] @ Windleigh Word spreads in Windleigh — Travelers speak of Mendia the Pallid. The roads grow dangerous.
2026-01-08T19:00:00.000Z [town] @ Azmarin Word spreads in Azmarin — Travelers speak of Mendia the Pallid. The roads grow dangerous.
2026-01-08T21:00:00.000Z [town] @ Minasfeld The New Caravan arrives at Minasfeld — Bringing grain/textiles from Belfos with escorts.
2026-01-08T21:00:00.000Z [town] @ Minasfeld Cybele arrives in Minasfeld — guard from Windleigh
2026-01-08T21:00:00.000Z [town] @ Minasfeld Wantelien arrives in Minasfeld — bard from Minasfeld
2026-01-08T21:00:00.000Z [road] @ Greenmist Beroldus's Wagons makes camp under escort — Road to Belfos (road) quiet tonight.
2026-01-08T21:00:00.000Z [town] @ Minasfeld Word spreads in Minasfeld — Travelers speak of Mendia the Pallid. The roads grow dangerous.
2026-01-08T22:00:00.000Z [road] @ Azmarin The Wandering Peddlers makes camp under escort — Road to Belfos (road) quiet tonight.
2026-01-08T23:00:00.000Z [town] @ Belfos Beroldus's Wagons arrives at Belfos — Bringing salt/fish from Greenmist with escorts under banner of Circle of the Dawn.
2026-01-08T23:00:00.000Z [town] @ Belfos Mainardus arrives in Belfos — scout from Azmarin
2026-01-08T23:00:00.000Z [town] @ Belfos Eurydamus arrives in Belfos — merchant from Windleigh
2026-01-08T23:00:00.000Z [road] @ Azmarin The Wandering Peddlers makes camp under escort — Road to Belfos (road) quiet tonight.
2026-01-09T00:00:00.000Z [road] @ Azmarin [The Grim Wolves] The Grim Wolves departs Azmarin — Bound for Myrrka across hills (~30 miles).
2026-01-09T00:00:00.000Z [system] The world turns (January 9th, 2026) — 1 parties traveling, 1 resting. 1 threats lurk.
2026-01-09T00:00:00.000Z [town] @ Belfos Belfos tempers frayed — Surplus grain/textiles/salt/fish.
2026-01-09T00:00:00.000Z [road] @ Azmarin [The Grim Wolves] The Grim Wolves spot signs of danger — Crude totems mark a boundary. You have been warned.
2026-01-09T00:00:00.000Z [town] @ Belfos Rumor in Belfos — Sons of the Wolf watches the markets quietly.
2026-01-09T00:00:00.000Z [town] @ Azmarin Word spreads in Azmarin — A valuable shipment was lost near Windleigh.
2026-01-09T00:00:00.000Z [town] @ Belfos Rumor in Belfos — The Hawk Compact watches the markets quietly.
2026-01-09T00:00:00.000Z [town] @ Windleigh Ilene seen in Windleigh markets — bard haggles and swaps news.
2026-01-09T00:00:00.000Z [town] @ Windleigh Emlyn seen in Windleigh markets — scout haggles and swaps news.
2026-01-09T00:00:00.000Z [town] @ Windleigh Windleigh tempers frayed — Surplus grain/ore/fish and shortages in salt.
2026-01-09T00:00:00.000Z [town] @ Windleigh Rumor in Windleigh — Levies rumored to secure salt; officials say caravans delayed.
2026-01-09T00:00:00.000Z [town] @ Azmarin The Grim Wolves hailed in Azmarin — Locals toast their exploits.
2026-01-09T00:00:00.000Z [town] @ Azmarin Azmarin tempers frayed — Surplus grain/textiles/salt and shortages in timber/livestock.
2026-01-09T00:00:00.000Z [town] @ Minasfeld Minasfeld tempers frayed — Surplus grain/textiles/livestock.
2026-01-09T00:00:00.000Z [town] @ Minasfeld Rumor in Minasfeld — urgent missing: a frantic merchant says Stacy heard of fresh graves disturbed (from Minasfeld).
2026-01-09T00:00:00.000Z [town] @ Myrrka Myrrka tempers frayed — Surplus textiles and shortages in salt.
2026-01-09T00:00:00.000Z [town] @ Myrrka Rumor in Myrrka — Levies rumored to secure salt; officials say caravans delayed.
2026-01-09T00:00:00.000Z [town] @ Myrrka Rumor in Myrrka — The Storm Guild watches the markets quietly.
2026-01-09T00:00:00.000Z [town] @ Myrrka Rumor in Myrrka — Sons of the Wolf watches the markets quietly.
2026-01-09T00:00:00.000Z [town] @ Myrrka Rumor in Myrrka — Order of the Hawk offers protection for caravans.
2026-01-09T00:00:00.000Z [town] @ Myrrka Rumor in Myrrka — The Hawk Compact watches the markets quietly.
2026-01-09T00:00:00.000Z [town] @ Greenmist Greenmist tempers frayed — Surplus grain/textiles/fish and shortages in ore/livestock.
2026-01-09T00:00:00.000Z [town] @ Greenmist Rumor in Greenmist — Circle of the Dawn offers protection for caravans.
2026-01-09T00:00:00.000Z [town] @ Azmarin Whispers of Nighthawk the Betrayer — A traveler speaks of a legendary bow of god-touched. Forged from the chains that bound an ancient god. 
2026-01-09T01:00:00.000Z [road] @ Azmarin [The Grim Wolves] The Grim Wolves clash with brigands — Brief skirmish; foes driven off with minor bruises.
2026-01-09T02:00:00.000Z [road] @ Greenmist [Parthenius's Band, goblins] goblins eye Parthenius's Band suspiciously — As even the taverns fell silent mineral-rich hot springs hung in the air. Fresh snow makes every path treacherous. Several feral goblins, setting crude traps. The negotiation revealed unexpected shared values.
2026-01-09T02:00:00.000Z [faction] @ the region [Epistor] What Was Promised: Costs become apparent. — In the region, ancient bargains come due.
2026-01-09T03:00:00.000Z [town] @ Myrrka The Wandering Merchants arrives at Myrrka — Bringing livestock from Belfos with escorts under banner of Order of the Hawk.
2026-01-09T03:00:00.000Z [town] @ Myrrka Izot arrives in Myrrka — bard from Belfos
2026-01-09T03:00:00.000Z [town] @ Windleigh [Yllaria] Yllaria arrives in Windleigh — The refugee finds uncertain welcome in their new home.
2026-01-09T03:00:00.000Z [town] @ Azmarin [Katixa, Cybele] Katixa negotiates terms with creditor Cybele — The debt strains whatever else exists between them.
⏰ Catch-up progress: 84% (600/708 turns)2026-01-09T04:00:00.000Z [road] @ Azmarin The Grim Wolves falls ill in Azmarin — The Camp Fever has claimed members of the company. They must rest to recover.
2026-01-09T05:00:00.000Z [road] @ Azmarin The Wandering Peddlers makes camp under escort — Road to Belfos (road) quiet tonight.
2026-01-09T06:00:00.000Z [system] The world turns (January 9th, 2026) — 2 parties traveling, 0 resting. 1 threats lurk.
2026-01-09T06:00:00.000Z [road] @ Azmarin The Wandering Peddlers makes camp under escort — Road to Belfos (road) quiet tonight.
2026-01-09T06:00:00.000Z [town] @ Greenmist Word spreads in Greenmist — Explorers speak of a strange discovery near Greenmist.
2026-01-09T07:00:00.000Z [road] @ Greenmist [Parthenius's Band] Parthenius's Band clash with orc raiders — Brief skirmish; foes driven off with minor bruises.
2026-01-09T07:00:00.000Z [road] @ Azmarin The Wandering Peddlers makes camp under escort — Road to Belfos (road) quiet tonight.
2026-01-09T08:00:00.000Z [town] @ Myrrka [Izot] Izot masters a new spell: Web — After weeks of intense study and meditation, the bard has unlocked new power.
2026-01-09T09:00:00.000Z [road] @ Greenmist [Parthenius's Band] Parthenius's Band parley with giant bats — Trade news and share a quick meal before parting ways.
2026-01-09T09:00:00.000Z [town] @ Belfos Northbeach Traders arrives at Belfos — Bringing grain/textiles from Windleigh with escorts.
2026-01-09T09:00:00.000Z [town] @ Belfos Emlyn arrives in Belfos — scout from Minasfeld
2026-01-09T09:00:00.000Z [town] @ Belfos Ilene arrives in Belfos — bard from Windleigh
2026-01-09T10:00:00.000Z [road] @ Greenmist [Parthenius's Band] Parthenius's Band completes rest — Ready to travel again.
2026-01-09T10:00:00.000Z [road] @ Azmarin [The Grim Wolves] The Grim Wolves spot goblins and avoid notice — They detour carefully, leaving only faint tracks.
2026-01-09T10:00:00.000Z [road] @ Myrrka The Wandering Merchants makes camp under escort — Road to Belfos (road) quiet tonight.
2026-01-09T10:00:00.000Z [road] @ Myrrka The Wandering Merchants reports losses — Supplies spoiled en route; banners of Order of the Hawk tarnished.
2026-01-09T10:00:00.000Z [town] @ Myrrka Rumor in Myrrka — The Wandering Merchants of Order of the Hawk lost goods on the road; prices may shift.
2026-01-09T10:00:00.000Z [road] @ Azmarin The Wandering Peddlers makes camp under escort — Road to Belfos (road) quiet tonight.
2026-01-09T11:00:00.000Z [road] @ Azmarin [The Grim Wolves] The Grim Wolves spot signs of danger — Crude totems mark a boundary. You have been warned.
2026-01-09T11:00:00.000Z [town] @ Belfos The Wandering Peddlers arrives at Belfos — Bringing grain/textiles from Azmarin with escorts.
2026-01-09T11:00:00.000Z [town] @ Belfos Katixa arrives in Belfos — guard from Myrrka
2026-01-09T11:00:00.000Z [town] @ Belfos Gawyne arrives in Belfos — bard from Myrrka
2026-01-09T11:00:00.000Z [road] @ Greenmist Parthenius's Band falls ill in Greenmist — The Gripsha has claimed members of the company. They must rest to recover.
2026-01-09T12:00:00.000Z [system] The world turns (January 9th, 2026) — 2 parties traveling, 0 resting. 1 threats lurk.
2026-01-09T12:00:00.000Z [road] @ Minasfeld The New Caravan makes camp under escort — Road to Belfos (road) quiet tonight.
2026-01-09T12:00:00.000Z [town] @ Greenmist [Eurydamus] Eurydamus makes their move — The vengeance long promised by the merchant comes to pass.
2026-01-09T12:00:00.000Z [town] @ Greenmist [Eadmund] Eadmund vows vengeance — Following Parthenius's Band clash with orc raiders, the laborer swears an oath that cannot go unanswered.
2026-01-09T13:00:00.000Z [road] @ Azmarin [The Grim Wolves] The Grim Wolves spot signs of danger — Caves in the hillside show signs of habitation.
2026-01-09T14:00:00.000Z [road] @ Azmarin [The Grim Wolves] The Grim Wolves spot signs of danger — Rockfall has blocked the easy path. An ambush site, perhaps.
2026-01-09T14:00:00.000Z [road] @ Azmarin [The Grim Wolves] The Grim Wolves discovers The Blood-stained Monolith — In the golden afternoon light church bells from valley villages. A blood-stained monolith, humming a low, vibrating note. They find a marking pointing toward a hidden cache.
2026-01-09T14:00:00.000Z [town] @ Myrrka [Izot] Izot masters a new spell: Lightning Bolt — After weeks of intense study and meditation, the bard has unlocked new power.
2026-01-09T14:00:00.000Z [town] @ Belfos Disease outbreak in Belfos! — Local healers have identified Gripsha among the populace. Fear spreads as quickly as the sickness.
2026-01-09T15:00:00.000Z [faction] @ Myrrka [The Hawk Compact] The Hawk Compact increases patrols — Traders from The Hawk Compact organize mutual protection pacts near Myrrka.
2026-01-09T16:00:00.000Z [town] @ Minasfeld [Wantelien, Mainardus] Violence threatened between Wantelien and Mainardus — Blood may yet be spilled between them.
2026-01-09T16:00:00.000Z [faction] @ Greenmist [Kreon] Echoes of the Past: The story continues. — The dead do not rest peacefully in Greenmist.
2026-01-09T16:00:00.000Z [faction] @ the region [Wattie] The Bargain: Benefits emerge. — Wattie made a deal with powers best left alone.
2026-01-09T16:00:00.000Z [faction] @ Greenmist [Parthenius's Band] Blood on the Trail: The quarry seems to anticipate every move. — Parthenius's Band stalks a dangerous quarry across the region.
2026-01-09T17:00:00.000Z [road] @ Greenmist [Parthenius's Band, yeti] yeti set traps for unwary Parthenius's Band — In the gloaming hour thunder rolling between peaks. One red-eyed in the dark yeti, apparently startled. They pressed their advantage until the enemy fled. Avalanche scars on rocky faces marked the scene.
2026-01-09T17:00:00.000Z [road] @ Belfos The Wandering Peddlers makes camp under escort — Road to Azmarin (road) quiet tonight.
2026-01-09T17:00:00.000Z [town] @ Greenmist [Eryalus] Eryalus spreads tales — The laborer speaks openly of Parthenius's Band falls ill in Greenmist. The story grows in the telling.
2026-01-09T17:00:00.000Z [town] @ Greenmist Word spreads in Greenmist — Eryalus tells all who will listen: "Parthenius's Band falls ill in Greenmist." The tale spreads.
2026-01-09T17:00:00.000Z [faction] @ Belfos [Sons of the Wolf] Sons of the Wolf eyes Belfos for its salt — Desperate for salt, the faction has decided to take the settlement by force.
2026-01-09T18:00:00.000Z [system] The world turns (January 9th, 2026) — 2 parties traveling, 0 resting. 1 threats lurk.
2026-01-09T18:00:00.000Z [road] @ Greenmist [Parthenius's Band] Parthenius's Band discovers The Weeping Altar — In the gloaming hour ancient petroglyphs on cliff walls. A weeping altar, bearing the marks of a thousand years. A light heart and swift feet follow them.
2026-01-09T18:00:00.000Z [road] @ Myrrka The Wandering Merchants makes camp under escort — Road to Belfos (road) quiet tonight.
2026-01-09T19:00:00.000Z [road] @ Greenmist [Parthenius's Band] Parthenius's Band spot signs of danger — The ruins of a dwarven waystation, recently looted.
2026-01-09T19:00:00.000Z [road] @ Belfos [Beroldus's Wagons, Sons of the Wolf] Beroldus's Wagons is raided! — Sons of the Wolf forces have intercepted the caravan en route to Greenmist.
2026-01-09T19:00:00.000Z [town] @ Belfos Trade routes near Belfos grow dangerous — Merchants speak of losses. Some refuse to travel until the roads are secured.
2026-01-09T19:00:00.000Z [faction] @ Belfos [Order of the Hawk] Order of the Hawk eyes Belfos for its fish — Desperate for fish, the faction has decided to take the settlement by force.
⏰ Catch-up progress: 98% (700/708 turns)2026-01-09T22:00:00.000Z [road] @ Myrrka [Parthenius's Band] Parthenius's Band arrives at Myrrka — They slip through the gates as lanterns are lit.
2026-01-09T22:00:00.000Z [town] @ Myrrka Parthenius's Band gain renown — Locals share tales of their exploits.
2026-01-09T22:00:00.000Z [town] @ Belfos [Katixa] Katixa vows vengeance — Following The Grim Wolves clash with brigands, the guard swears an oath that cannot go unanswered.
2026-01-09T22:00:00.000Z [faction] @ Windleigh [Dionysios] Seals Breaking: Ancient runes glow with power. — Ancient wards fail. What they imprisoned walks again.
2026-01-09T22:00:00.000Z [faction] @ hex:7,7 [Itzia] Itzia's Last Stand: Ancient ruins hold clues to the prey's location. — Itzia stalks a dangerous quarry across the region.

✓ Caught up! World time is now synchronized.

╔════════════════════════════════════════════════════════════════╗
║  BECMI Real-Time Simulator                                     ║
║  January 1st, 2026                                             ║
╠════════════════════════════════════════════════════════════════╣
║  Seed: gator                                                   ║
║  Time Scale: 1x (turn every 600000ms)                          ║
║  Settlements: 6   Parties: 2   Antagonists: 1                  ║
║  Active Stories: 8                                             ║
╚════════════════════════════════════════════════════════════════╝

