2026-01-05T21:46:33.691Z [system] The chronicle begins: Golden Age — January 5th, 2026. The simulation awakens in an era known as the Golden Age.
2026-01-05T21:46:33.691Z [town] @ Mensfield Mensfield stirs to life — Rumors of plague set folk on edge under an indigo sky.
2026-01-05T21:46:33.691Z [town] @ Rochdale Rochdale stirs to life — Doors were barred and shutters drawn as songs rose from dim taverns.
2026-01-05T21:46:33.691Z [town] @ Finham Hill Finham Hill stirs to life — A gibbet creaked in the village square as songs rose from dim taverns.
2026-01-05T21:46:33.691Z [town] @ Pontingham Pontingham stirs to life — Whispered conversations fell silent at approach by candlelight and hearth-glow.
2026-01-05T21:46:33.691Z [town] @ Newwald Newwald stirs to life — Doors were barred and shutters drawn as the stars emerged one by one.
2026-01-05T21:46:33.691Z [town] @ Waterhedge Waterhedge stirs to life — Doors were barred and shutters drawn with ale flowing in taprooms.
2026-01-05T21:46:33.691Z [town] @ Norsay Norsay stirs to life — A gibbet creaked in the village square as the stars emerged one by one.
2026-01-05T21:46:33.691Z [faction] @ Pontingham [Utsune of the Charnel House] Word spreads of Utsune of the Charnel House — Graves disturbed. The dead walk. Children have nightmares.
2026-01-05T21:46:33.691Z [faction] @ Mensfield [Oianko Silvertongue] Word spreads of Oianko Silvertongue — Those who speak against them disappear. Those who comply grow poor.
2026-01-05T21:46:33.691Z [road] @ Mensfield The Wandering Traders makes camp under escort — Road to Finham Hill (road) quiet tonight.
2026-01-05T21:46:33.691Z [town] @ Mensfield Word spreads in Mensfield — Travelers speak of Oianko Silvertongue. Ascending to royalty.
2026-01-05T21:46:33.691Z [road] @ hex:0,1 animated-armor and drake tensions rise — Two populations eye the same territory. Conflict seems inevitable.
2026-01-05T21:46:33.691Z [road] @ hex:6,1 half-orc-bandit and couatl tensions rise — Two populations eye the same territory. Conflict seems inevitable.
2026-01-05T21:46:33.691Z [road] @ hex:9,6 troll-rock wiped out in hex:9,6 — The last of the troll-rock have fallen. The region grows quieter—for now.
2026-01-05T21:46:33.691Z [road] @ Norsay [Jossy's Blades] Jossy's Blades departs Norsay — Bound for Mensfield across road (~18 miles).
2026-01-05T21:46:33.691Z [town] @ Mensfield Unrest simmers in Mensfield — a crier announced the day's proclamations Adula the priest was seen about town.
2026-01-05T21:46:33.691Z [town] @ Finham Hill Unrest simmers in Finham Hill — the blacksmith's hammer rang out steadily Wally the bard was seen about town.
2026-01-05T21:46:33.691Z [town] @ Pontingham Trouble brewing in Pontingham — chickens scattered before approaching travelers Cheldric the laborer was seen about town.
2026-01-05T21:46:33.691Z [town] @ Newwald Trouble brewing in Newwald — farmers argued over the price of grain Gazeta the merchant was seen about town.
2026-01-05T21:46:33.691Z [town] @ Waterhedge Tensions run high in Waterhedge's streets — chickens scattered before approaching travelers Genofeva the merchant was seen about town.
2026-01-05T21:46:33.691Z [town] @ Norsay Tensions run high in Norsay's streets — the blacksmith's hammer rang out steadily Hique the scout was seen about town.
2026-01-05T21:46:33.691Z [town] @ Mensfield Adula seen in Mensfield markets — priest haggles and swaps news.
2026-01-05T21:46:33.691Z [town] @ Mensfield Jilfte seen in Mensfield markets — bard haggles and swaps news.
2026-01-05T21:46:33.691Z [town] @ Mensfield Mensfield folk watchful — Surplus grain/salt/fish/livestock and shortages in ore/textiles.
2026-01-05T21:46:33.691Z [town] @ Mensfield Rumor in Mensfield — Levies rumored to secure textiles; officials say caravans delayed.
2026-01-05T21:46:33.691Z [town] @ Mensfield Rumor in Mensfield — Merciful Council of Langton watches the markets quietly.
2026-01-05T21:46:33.691Z [town] @ Mensfield Rumor in Mensfield — Sons of the Wheel watches the markets quietly.
2026-01-05T21:46:33.691Z [town] @ Mensfield Rumor in Mensfield — The Steadfast Covenant watches the markets quietly.
2026-01-05T21:46:33.691Z [town] @ Mensfield Rumor in Mensfield — Keepers of the Chalice watches the markets quietly.
2026-01-05T21:46:33.691Z [town] @ Mensfield Rumor in Mensfield — Guild of Lions watches the markets quietly.
2026-01-05T21:46:33.691Z [town] @ Rochdale Rochdale folk watchful — Surplus grain/livestock and shortages in textiles.
2026-01-05T21:46:33.691Z [town] @ Rochdale Rumor in Rochdale — Levies rumored to secure textiles; officials say caravans delayed.
2026-01-05T21:46:33.691Z [town] @ Rochdale Rumor in Rochdale — Guild of Lions watches the markets quietly.
2026-01-05T21:46:33.691Z [town] @ Finham Hill Wally seen in Finham Hill markets — bard haggles and swaps news.
2026-01-05T21:46:33.691Z [town] @ Finham Hill Athelflead seen in Finham Hill markets — scout haggles and swaps news.
2026-01-05T21:46:33.691Z [town] @ Finham Hill Finham Hill folk watchful — Surplus grain/ore/fish and shortages in livestock.
2026-01-05T21:46:33.691Z [town] @ Finham Hill Rumor in Finham Hill — Levies rumored to secure livestock; officials say caravans delayed.
2026-01-05T21:46:33.691Z [town] @ Pontingham Pontingham folk watchful — Shortages in timber/fish/livestock.
2026-01-05T21:46:33.691Z [town] @ Pontingham Rumor in Pontingham — Levies rumored to secure livestock; officials say caravans delayed.
2026-01-05T21:46:33.691Z [town] @ Pontingham Rumor in Pontingham — Sons of the Wheel watches the markets quietly.
2026-01-05T21:46:33.691Z [town] @ Newwald Newwald folk watchful — Surplus grain/ore/textiles and shortages in fish.
2026-01-05T21:46:33.691Z [town] @ Newwald Rumor in Newwald — Levies rumored to secure fish; officials say caravans delayed.
2026-01-05T21:46:33.691Z [town] @ Newwald Rumor in Newwald — Merciful Council of Langton watches the markets quietly.
2026-01-05T21:46:33.691Z [town] @ Waterhedge Waterhedge spirits high — Surplus grain/salt.
2026-01-05T21:46:33.691Z [town] @ Waterhedge Rumor in Waterhedge — Bargain prices on salt; traders racing to Waterhedge.
2026-01-05T21:46:33.691Z [town] @ Waterhedge Rumor in Waterhedge — Merciful Council of Langton watches the markets quietly.
2026-01-05T21:46:33.691Z [town] @ Norsay Norsay folk watchful — Surplus grain/timber/textiles.
