Sun Jan  4 14:21:38 CST 2026: Starting fantasy-log simulation with auto-restart...
Sun Jan  4 14:21:38 CST 2026: Launching process...
Sun Jan  4 14:21:38 CST 2026: Using bun...
✓ World loaded successfully (schema v2)

⏰ Catching up 363d 9h of missed time (1008 turns)...
2025-01-06T12:00:00.000Z [system] The world turns (20th of Deepwinter, Year 1055) — 1 parties traveling, 1 resting. 0 threats lurk.
2025-01-06T12:00:00.000Z [road] @ Belfos The Wandering Merchants makes camp under escort — Road to Myrrka (road) quiet tonight.
2025-01-06T12:00:00.000Z [town] @ Belfos Katixa arrives in Belfos — guard from Myrrka
2025-01-06T12:00:00.000Z [town] @ Belfos Rumor in Belfos — The Wandering Merchants of Order of the Hawk lost goods on the road; prices may shift.
2025-01-06T12:00:00.000Z [road] @ Belfos The Wandering Peddlers makes camp under escort — Road to Azmarin (road) quiet tonight.
2025-01-06T13:00:00.000Z [road] @ Greenmist [Parthenius's Band] Parthenius's Band spot signs of danger — A cairn of skulls marks a territorial boundary.
2025-01-06T13:00:00.000Z [road] @ Belfos [The Wandering Peddlers, Sons of the Wolf] The Wandering Peddlers is raided! — Sons of the Wolf forces have intercepted the caravan en route to Azmarin.
2025-01-06T13:00:00.000Z [town] @ Belfos Trade routes near Belfos grow dangerous — Merchants speak of losses. Some refuse to travel until the roads are secured.
2025-01-06T13:00:00.000Z [town] @ Minasfeld Word spreads in Minasfeld — Thieves struck near Belfos. The roads grow dangerous.
2025-01-06T14:00:00.000Z [faction] @ Azmarin [Sons of the Wolf] Sons of the Wolf eyes Azmarin for its grain — Desperate for grain, the faction has decided to take the settlement by force.
2025-01-06T15:00:00.000Z [road] @ Minasfeld The New Caravan makes camp under escort — Road to Belfos (road) quiet tonight.
2025-01-06T15:00:00.000Z [faction] @ Belfos [Circle of the Dawn] Circle of the Dawn eyes Belfos for its textiles — Desperate for textiles, the faction has decided to take the settlement by force.
2025-01-06T15:00:00.000Z [town] @ Azmarin Disease outbreak in Azmarin! — Local healers have identified Yellow Plague among the populace. Fear spreads as quickly as the sickness.
2025-01-06T16:00:00.000Z [road] @ Minasfeld The New Caravan makes camp under escort — Road to Belfos (road) quiet tonight.
2025-01-06T16:00:00.000Z [town] @ Greenmist Word spreads in Greenmist — Explorers speak of a strange discovery near Greenmist.
2025-01-06T16:00:00.000Z [town] @ Belfos [Izot] Magical mist chokes Belfos — A toxic green cloud, conjured by Izot, rolls through the streets. Panic ensues.
2025-01-06T17:00:00.000Z [road] @ Greenmist [Parthenius's Band, giant eagles] giant eagles invite Parthenius's Band to their encampment — As purple shadows gathered The peaks gleam with eternal snow. A solitary territorial giant eagles, blocking the path. They agreed to respect each other's territories.
2025-01-06T17:00:00.000Z [road] @ Belfos [The Wandering Merchants, Sons of the Wolf] The Wandering Merchants is raided! — Sons of the Wolf forces have intercepted the caravan en route to Myrrka.
2025-01-06T17:00:00.000Z [town] @ Belfos Trade routes near Belfos grow dangerous — Merchants speak of losses. Some refuse to travel until the roads are secured.
2025-01-06T17:00:00.000Z [faction] @ the region [Merilda] Payment Due: Terms are tested. — The terms seemed fair once. They do not seem fair now.
2025-01-06T17:00:00.000Z [faction] @ Greenmist [Parthenius's Band] Malediction: Consequences remain. — The terms of breaking the curse seem impossible.
2025-01-06T17:00:00.000Z [faction] @ Greenmist [Parthenius's Band] The Hunt for Parthenius's Band: A witness points the way. — Parthenius's Band stalks a dangerous quarry across the region.
2025-01-06T17:00:00.000Z [faction] @ Belfos [The Wandering Peddlers, Sons of the Wolf] Strike and Vanish concludes — The raid succeeds with heavy plunder.
2025-01-06T18:00:00.000Z [system] The world turns (20th of Deepwinter, Year 1055) — 1 parties traveling, 1 resting. 0 threats lurk.
2025-01-06T18:00:00.000Z [road] @ Belfos [Northbeach Traders, Sons of the Wolf] Northbeach Traders is raided! — Sons of the Wolf forces have intercepted the caravan en route to Windleigh.
2025-01-06T18:00:00.000Z [town] @ Belfos Trade routes near Belfos grow dangerous — Merchants speak of losses. Some refuse to travel until the roads are secured.
2025-01-06T18:00:00.000Z [town] @ Azmarin Word spreads in Azmarin — A valuable shipment was lost near Belfos.
2025-01-06T18:00:00.000Z [town] @ Minasfeld [Ilene] Construction continues on Ilene's stronghold — Masons and laborers work tirelessly. The foundations are deep and the walls rise.
2025-01-06T19:00:00.000Z [road] @ Greenmist [Parthenius's Band, goblins] Parthenius's Band skirt around wary goblins — As bats took wing the clean smell of glacial melt hung in the air. A swarm of red-eyed in the dark goblins, tracking something. Cultural misunderstandings were resolved through patience.
2025-01-06T19:00:00.000Z [road] @ Greenmist [Parthenius's Band] Parthenius's Band spot goblins and avoid notice — They detour carefully, leaving only faint tracks.
2025-01-06T19:00:00.000Z [road] @ Belfos Northbeach Traders makes camp under escort — Road to Windleigh (road) quiet tonight.
2025-01-06T19:00:00.000Z [town] @ Belfos Disease outbreak in Belfos! — Local healers have identified Yellow Plague among the populace. Fear spreads as quickly as the sickness.
2025-01-06T20:00:00.000Z [road] @ Greenmist [Parthenius's Band] Parthenius's Band discovers The Silver Spring — As the stars emerged one by one A silver spring, smelling of summer rain and ozone. The party feels a surge of mental clarity.
2025-01-06T20:00:00.000Z [town] @ Belfos Beroldus's Wagons arrives at Belfos — Bringing salt/fish from Greenmist with escorts under banner of Circle of the Dawn.
2025-01-06T20:00:00.000Z [town] @ Belfos Mainardus arrives in Belfos — scout from Azmarin
2025-01-06T20:00:00.000Z [town] @ Belfos Eurydamus arrives in Belfos — merchant from Windleigh
2025-01-06T20:00:00.000Z [road] @ Belfos The Wandering Peddlers makes camp under escort — Road to Azmarin (road) quiet tonight.
2025-01-06T21:00:00.000Z [road] @ Belfos [Northbeach Traders, Sons of the Wolf] Northbeach Traders is raided! — Sons of the Wolf forces have intercepted the caravan en route to Windleigh.
2025-01-06T21:00:00.000Z [town] @ Belfos Trade routes near Belfos grow dangerous — Merchants speak of losses. Some refuse to travel until the roads are secured.
2025-01-06T22:00:00.000Z [road] @ Greenmist [Parthenius's Band] Parthenius's Band spot signs of danger — Eagle cries echo, but no birds are visible.
2025-01-06T22:00:00.000Z [town] @ Greenmist Yellow Plague fades in Greenmist — The worst of the sickness has passed. The bells ring in celebration.
2025-01-06T22:00:00.000Z [faction] @ Greenmist [Gotteschalk] A new tale begins: "The Greenmist Plague" — A deadly sickness sweeps through Greenmist.
2025-01-06T23:00:00.000Z [road] @ Greenmist [Parthenius's Band] Parthenius's Band spot signs of danger — A cairn of skulls marks a territorial boundary.
2025-01-06T23:00:00.000Z [road] @ Belfos The Wandering Merchants makes camp under escort — Road to Myrrka (road) quiet tonight.
2025-01-06T23:00:00.000Z [town] @ Azmarin Word spreads in Azmarin — A valuable shipment was lost near Belfos.
2025-01-07T00:00:00.000Z [system] The world turns (20th of Deepwinter, Year 1055) — 1 parties traveling, 1 resting. 0 threats lurk.
2025-01-07T01:00:00.000Z [road] @ Greenmist [Parthenius's Band] Parthenius's Band spot signs of danger — A cairn of skulls marks a territorial boundary.
2025-01-07T01:00:00.000Z [road] @ Minasfeld The New Caravan makes camp under escort — Road to Belfos (road) quiet tonight.
2025-01-07T01:00:00.000Z [town] @ Windleigh Word spreads in Windleigh — Thieves struck near Belfos. The roads grow dangerous.
2025-01-07T02:00:00.000Z [road] @ Greenmist [Parthenius's Band, giant eagles] Parthenius's Band watch giant eagles warily from cover — In the cold hours before dawn the crack of splitting rock. The peaks gleam with eternal snow. A lone red-eyed in the dark giant eagles, moving with purpose. Coin changed hands. Honor was satisfied, barely. Condors circling high overhead marked the scene.
2025-01-07T02:00:00.000Z [road] @ Greenmist [Parthenius's Band] Parthenius's Band completes rest — Ready to travel again.
2025-01-07T03:00:00.000Z [road] @ Greenmist [Parthenius's Band, goblins] goblins ambush Parthenius's Band — As even the taverns fell silent copper deposits staining rock faces green. The peaks gleam with eternal snow. Several shadow-cloaked goblins, arguing among themselves. Steel rang and blood was spilled, but they prevailed. A well-timed spell from their caster turned the tide.
2025-01-07T03:00:00.000Z [town] @ Greenmist Word spreads in Greenmist — Thieves struck near Belfos. The roads grow dangerous.
⏰ Catch-up progress: 9% (100/1008 turns)2025-01-07T04:00:00.000Z [town] @ Minasfeld Disease outbreak in Minasfeld! — Local healers have identified Gripsha among the populace. Fear spreads as quickly as the sickness.
2025-01-07T05:00:00.000Z [town] @ Myrrka Word spreads in Myrrka — Thieves struck near Belfos. The roads grow dangerous.
2025-01-07T06:00:00.000Z [system] The world turns (20th of Deepwinter, Year 1055) — 1 parties traveling, 1 resting. 0 threats lurk.
2025-01-07T06:00:00.000Z [town] @ Myrrka Word spreads in Myrrka — A valuable shipment was lost near Belfos.
2025-01-07T07:00:00.000Z [town] @ Myrrka Word spreads in Myrrka — Thieves struck near Belfos. The roads grow dangerous.
2025-01-07T07:00:00.000Z [town] @ Azmarin Word spreads in Azmarin — Thieves struck near Belfos. The roads grow dangerous.
2025-01-07T08:00:00.000Z [road] @ Minasfeld The New Caravan makes camp under escort — Road to Belfos (road) quiet tonight.
2025-01-07T08:00:00.000Z [road] @ Belfos The Wandering Peddlers makes camp under escort — Road to Azmarin (road) quiet tonight.
2025-01-07T08:00:00.000Z [town] @ Windleigh Word spreads in Windleigh — Thieves struck near Belfos. The roads grow dangerous.
2025-01-07T10:00:00.000Z [town] @ Myrrka [Gawyne] Construction continues on Gawyne's stronghold — Masons and laborers work tirelessly. The foundations are deep and the walls rise.
2025-01-07T11:00:00.000Z [weather] @ Belfos Grey skies hang over Belfos — Old wounds ached with the change in pressure.
2025-01-07T11:00:00.000Z [road] @ Belfos Beroldus's Wagons makes camp under escort — Road to Greenmist (road) quiet tonight.
2025-01-07T11:00:00.000Z [town] @ Belfos Belfos enjoys prosperous trade — the town watch marched in ordered formation Peli the priest was seen about town.
2025-01-07T11:00:00.000Z [town] @ Minasfeld Commerce flows through Minasfeld — the blacksmith's hammer rang out steadily Ilene the bard was seen about town.
2025-01-07T11:00:00.000Z [town] @ Myrrka The usual business in Myrrka — a crier announced the day's proclamations Eadmund the laborer was seen about town.
2025-01-07T11:00:00.000Z [town] @ Greenmist Peace reigns in the markets of Greenmist — the blacksmith's hammer rang out steadily Hans-Ruedi the laborer was seen about town. Folk whispered of Parthenius's Band's exploits.
2025-01-07T11:00:00.000Z [town] @ Belfos Belfos tempers frayed — Surplus grain/textiles/fish and shortages in ore.
2025-01-07T11:00:00.000Z [town] @ Belfos Rumor in Belfos — Levies rumored to secure ore; officials say caravans delayed.
2025-01-07T11:00:00.000Z [town] @ Windleigh Windleigh folk watchful — Surplus grain/ore/fish and shortages in timber/salt.
2025-01-07T11:00:00.000Z [town] @ Windleigh Rumor in Windleigh — Bargain prices on grain; traders racing to Windleigh.
2025-01-07T11:00:00.000Z [town] @ Azmarin Azmarin folk watchful — Surplus grain/textiles/salt and shortages in timber/ore/livestock.
2025-01-07T11:00:00.000Z [town] @ Azmarin Rumor in Azmarin — Bargain prices on textiles; traders racing to Azmarin.
2025-01-07T11:00:00.000Z [town] @ Minasfeld Minasfeld tempers frayed — Surplus textiles/livestock.
2025-01-07T11:00:00.000Z [town] @ Minasfeld Rumor in Minasfeld — Order of the Hawk watches the markets quietly.
2025-01-07T11:00:00.000Z [town] @ Minasfeld Rumor in Minasfeld — Circle of the Dawn watches the markets quietly.
2025-01-07T11:00:00.000Z [town] @ Minasfeld Rumor in Minasfeld — The Hawk Compact watches the markets quietly.
2025-01-07T11:00:00.000Z [town] @ Myrrka Myrrka folk watchful — Surplus textiles and shortages in salt.
2025-01-07T11:00:00.000Z [town] @ Myrrka Rumor in Myrrka — Levies rumored to secure salt; officials say caravans delayed.
2025-01-07T11:00:00.000Z [town] @ Myrrka Rumor in Myrrka — Order of the Hawk watches the markets quietly.
2025-01-07T11:00:00.000Z [town] @ Greenmist Greenmist tempers frayed — Surplus grain/textiles and shortages in livestock.
2025-01-07T11:00:00.000Z [town] @ Greenmist Rumor in Greenmist — Levies rumored to secure livestock; officials say caravans delayed.
2025-01-07T11:00:00.000Z [town] @ Greenmist Rumor in Greenmist — The Hawk Compact watches the markets quietly.
2025-01-07T11:00:00.000Z [weather] A great omen: snow falls in summer — Across the land, snow falls in summer. The wise prepare for what comes next.
2025-01-07T12:00:00.000Z [system] The world turns (21st of Deepwinter, Year 1055) — 1 parties traveling, 1 resting. 0 threats lurk.
2025-01-07T12:00:00.000Z [road] @ Greenmist [Parthenius's Band] Parthenius's Band discovers The Shadowy Altar — In the drowsy heat of noon A shadowy altar, etched with shifting, golden runes. A sudden vision of what is to come flashes before them.
2025-01-07T12:00:00.000Z [town] @ Myrrka The Wandering Merchants arrives at Myrrka — Bringing livestock from Belfos with escorts under banner of Order of the Hawk.
2025-01-07T12:00:00.000Z [town] @ Myrrka Katixa arrives in Myrrka — guard from Myrrka
2025-01-07T12:00:00.000Z [town] @ Myrrka Wantelien arrives in Myrrka — bard from Minasfeld
2025-01-07T12:00:00.000Z [town] @ Myrrka Rumor in Myrrka — Word spreads that The Wandering Merchants of Order of the Hawk reached Myrrka with livestock.
2025-01-07T12:00:00.000Z [town] @ Belfos The New Caravan arrives at Belfos — Bringing grain/textiles from Minasfeld with escorts.
2025-01-07T12:00:00.000Z [town] @ Belfos Emlyn arrives in Belfos — scout from Minasfeld
2025-01-07T12:00:00.000Z [town] @ Belfos Ilene arrives in Belfos — bard from Windleigh
2025-01-07T13:00:00.000Z [road] @ Belfos [Northbeach Traders, Sons of the Wolf] Northbeach Traders is raided! — Sons of the Wolf forces have intercepted the caravan en route to Windleigh.
2025-01-07T13:00:00.000Z [town] @ Belfos Trade routes near Belfos grow dangerous — Merchants speak of losses. Some refuse to travel until the roads are secured.
2025-01-07T14:00:00.000Z [road] @ Greenmist [Parthenius's Band, orc raiders] Parthenius's Band counterattack orc raiders invaders — With lengthening shadows vast chasms with no visible bottom. A single frenzied orc raiders, quarreling over spoils. Superior positioning gave them the advantage they needed.
2025-01-07T15:00:00.000Z [faction] @ Greenmist [Parthenius's Band, ogres] Starvation and Steel: Weather hampers siege operations. — Every day without relief, hope fades inside the walls.
2025-01-07T16:00:00.000Z [road] @ Greenmist [Parthenius's Band] Parthenius's Band spot signs of danger — A cairn of skulls marks a territorial boundary.
2025-01-07T18:00:00.000Z [system] The world turns (21st of Deepwinter, Year 1055) — 1 parties traveling, 1 resting. 0 threats lurk.
2025-01-07T18:00:00.000Z [road] @ Belfos The Wandering Peddlers makes camp under escort — Road to Azmarin (road) quiet tonight.
2025-01-07T19:00:00.000Z [road] @ Belfos [The New Caravan, Sons of the Wolf] The New Caravan is raided! — Sons of the Wolf forces have intercepted the caravan en route to Minasfeld.
2025-01-07T19:00:00.000Z [town] @ Belfos Trade routes near Belfos grow dangerous — Merchants speak of losses. Some refuse to travel until the roads are secured.
⏰ Catch-up progress: 19% (200/1008 turns)2025-01-07T21:00:00.000Z [road] @ Greenmist [Parthenius's Band, ogres] ogres shadow Parthenius's Band but keep their distance — As the stars emerged one by one Clouds obscure all but the lowest slopes. One dim-witted ogres, emerging from concealment. A calculated withdrawal to more favorable ground. Eagles soaring on thermal winds marked the scene.
2025-01-07T21:00:00.000Z [town] @ Azmarin The Wandering Peddlers arrives at Azmarin — Bringing grain/textiles from Belfos with escorts.
2025-01-07T21:00:00.000Z [town] @ Azmarin Molora arrives in Azmarin — scout from Myrrka
2025-01-07T21:00:00.000Z [town] @ Azmarin Izot arrives in Azmarin — bard from Belfos
2025-01-07T21:00:00.000Z [town] @ Minasfeld Word spreads in Minasfeld — Thieves struck near Belfos. The roads grow dangerous.
2025-01-07T22:00:00.000Z [faction] @ Minasfeld [Sons of the Wolf] Sons of the Wolf increases patrols — Warriors from Sons of the Wolf stand guard along the highways near Minasfeld.
2025-01-07T22:00:00.000Z [faction] @ Greenmist [Parthenius's Band] Malediction: Ancient knowledge is consulted. Parthenius's Band remains driven by ambition and status. — The terms of breaking the curse seem impossible.
2025-01-07T23:00:00.000Z [road] @ Greenmist [Parthenius's Band, ogres] Parthenius's Band battle ogres for control of the path — While decent folk lay sleeping A single kin to giants ogres, watching warily. Victory came at great cost, but the path was secured.
2025-01-07T23:00:00.000Z [road] @ Belfos [The Grim Wolves] The Grim Wolves completes rest — Ready to travel again.
2025-01-08T00:00:00.000Z [system] The world turns (21st of Deepwinter, Year 1055) — 1 parties traveling, 1 resting. 0 threats lurk.
2025-01-08T00:00:00.000Z [road] @ Belfos [The New Caravan, Sons of the Wolf] The New Caravan is raided! — Sons of the Wolf forces have intercepted the caravan en route to Minasfeld.
2025-01-08T00:00:00.000Z [town] @ Belfos Trade routes near Belfos grow dangerous — Merchants speak of losses. Some refuse to travel until the roads are secured.
2025-01-08T00:00:00.000Z [town] @ Windleigh Word spreads in Windleigh — A valuable shipment was lost near Belfos.
2025-01-08T00:00:00.000Z [town] @ Windleigh Word spreads in Windleigh — Thieves struck near Belfos. The roads grow dangerous.
2025-01-08T00:00:00.000Z [town] @ Greenmist Mood darkens in Greenmist — Following recent events, the people's spirit sinks.
2025-01-08T01:00:00.000Z [road] @ Greenmist [Parthenius's Band, goblins] Parthenius's Band hunt down marauding goblins — Under a canopy of stars condors circling high overhead. A handful of shadow-cloaked goblins, setting crude traps. Magic and steel combined to turn certain defeat into victory. Vast chasms with no visible bottom marked the scene. The victors claim 32 coin worth of plunder.
2025-01-08T01:00:00.000Z [road] @ Greenmist [Parthenius's Band] Parthenius's Band shadowed by ogre — Tense standoff; both sides withdraw before blades are drawn.
2025-01-08T01:00:00.000Z [town] @ Myrrka [Gawyne] Construction continues on Gawyne's stronghold — Masons and laborers work tirelessly. The foundations are deep and the walls rise.
2025-01-08T01:00:00.000Z [town] @ Myrrka [Wantelien] Magical mist chokes Myrrka — A toxic green cloud, conjured by Wantelien, rolls through the streets. Panic ensues.
2025-01-08T01:00:00.000Z [town] @ Windleigh Disease outbreak in Windleigh! — Local healers have identified Yellow Plague among the populace. Fear spreads as quickly as the sickness.
2025-01-08T02:00:00.000Z [road] @ Belfos The Grim Wolves falls ill in Belfos — The Yellow Plague has claimed members of the company. They must rest to recover.
2025-01-08T03:00:00.000Z [faction] @ Belfos [Circle of the Dawn] Circle of the Dawn eyes Belfos for its textiles — Desperate for textiles, the faction has decided to take the settlement by force.
2025-01-08T04:00:00.000Z [town] @ Greenmist Beroldus's Wagons arrives at Greenmist — Bringing salt/fish from Belfos with escorts under banner of Circle of the Dawn.
2025-01-08T04:00:00.000Z [town] @ Greenmist Mainardus arrives in Greenmist — scout from Azmarin
2025-01-08T04:00:00.000Z [town] @ Greenmist Eurydamus arrives in Greenmist — merchant from Windleigh
2025-01-08T04:00:00.000Z [town] @ Belfos Mood darkens in Belfos — Following recent events, the people's spirit sinks.
2025-01-08T06:00:00.000Z [system] The world turns (21st of Deepwinter, Year 1055) — 1 parties traveling, 1 resting. 0 threats lurk.
2025-01-08T06:00:00.000Z [town] @ Azmarin Yellow Plague fades in Azmarin — The worst of the sickness has passed. The bells ring in celebration.
2025-01-08T07:00:00.000Z [road] @ Greenmist Beroldus's Wagons makes camp under escort — Road to Belfos (road) quiet tonight.
2025-01-08T07:00:00.000Z [road] @ Greenmist Beroldus's Wagons reports losses — Supplies spoiled en route; banners of Circle of the Dawn tarnished.
2025-01-08T07:00:00.000Z [town] @ Greenmist Rumor in Greenmist — Beroldus's Wagons of Circle of the Dawn lost goods on the road; prices may shift.
2025-01-08T07:00:00.000Z [road] @ Azmarin The Wandering Peddlers makes camp under escort — Road to Belfos (road) quiet tonight.
2025-01-08T07:00:00.000Z [town] @ Azmarin [Molora, Eurydamus] Molora instructs Eurydamus — The student shows promise—or perhaps stubborn foolishness. Amidst the growing danger in Azmarin, their mentor feels all the more pressing.
2025-01-08T09:00:00.000Z [road] @ Belfos [Ilene] Ilene flees Belfos — Driven by The Grim Wolves falls ill in Belfos, they take to the road toward Minasfeld.
2025-01-08T10:00:00.000Z [road] @ Belfos The New Caravan makes camp under escort — Road to Minasfeld (road) quiet tonight.
2025-01-08T10:00:00.000Z [town] @ Myrrka [Katixa, Emlyn] Katixa grows impatient with Emlyn's excuses — Patience has limits, even for gold.
2025-01-08T10:00:00.000Z [town] @ Greenmist [Mainardus] Magical mist chokes Greenmist — A toxic green cloud, conjured by Mainardus, rolls through the streets. Panic ensues.
2025-01-08T11:00:00.000Z [road] @ Greenmist [Parthenius's Band, goblins] goblins test Parthenius's Band's resolve with challenges — In the drowsy heat of noon Clouds obscure all but the lowest slopes. Two or three red-eyed in the dark goblins, tracking something. They established rules for future encounters.
2025-01-08T11:00:00.000Z [town] @ Belfos Fair weather and fair dealing in Belfos — a crier announced the day's proclamations Peli the priest was seen about town.
2025-01-08T11:00:00.000Z [town] @ Windleigh Peace reigns in the markets of Windleigh — the town watch marched in ordered formation
2025-01-08T11:00:00.000Z [town] @ Azmarin Azmarin sees steady trade — a crier announced the day's proclamations Molora the scout was seen about town.
2025-01-08T11:00:00.000Z [town] @ Minasfeld Minasfeld sees steady trade — farmers argued over the price of grain Ilene the bard was seen about town.
2025-01-08T11:00:00.000Z [town] @ Myrrka Myrrka sees steady trade — merchants hawked wares in crowded market squares Katixa the guard was seen about town.
2025-01-08T11:00:00.000Z [town] @ Greenmist Fair weather and fair dealing in Greenmist — farmers argued over the price of grain Mainardus the scout was seen about town. Folk whispered of Parthenius's Band's exploits.
2025-01-08T11:00:00.000Z [town] @ Belfos Peli seen in Belfos markets — priest haggles and swaps news.
2025-01-08T11:00:00.000Z [town] @ Belfos Cybele seen in Belfos markets — guard haggles and swaps news.
2025-01-08T11:00:00.000Z [town] @ Belfos Belfos tempers frayed — Surplus grain/textiles/fish and shortages in ore.
2025-01-08T11:00:00.000Z [town] @ Belfos Rumor in Belfos — Bargain prices on grain; traders racing to Belfos.
2025-01-08T11:00:00.000Z [town] @ Belfos Rumor in Belfos — Sons of the Wolf watches the markets quietly.
2025-01-08T11:00:00.000Z [town] @ Windleigh Windleigh tempers frayed — Surplus grain/ore and shortages in timber/salt.
2025-01-08T11:00:00.000Z [town] @ Windleigh Rumor in Windleigh — cryptic threat: a border scout says Alot heard of old map showing 3 levels and barred doors (from Windleigh).
2025-01-08T11:00:00.000Z [town] @ Windleigh Rumor in Windleigh — The Hawk Compact watches the markets quietly.
2025-01-08T11:00:00.000Z [town] @ Azmarin Azmarin folk watchful — Surplus grain/textiles/salt and shortages in timber/ore/livestock.
2025-01-08T11:00:00.000Z [town] @ Azmarin Rumor in Azmarin — urgent plot: a border scout says Gale heard of bandits offering odd coins (from Azmarin).
2025-01-08T11:00:00.000Z [town] @ Minasfeld Ilene seen in Minasfeld markets — bard haggles and swaps news.
2025-01-08T11:00:00.000Z [town] @ Minasfeld Minasfeld tempers frayed — Surplus grain/textiles/livestock.
2025-01-08T11:00:00.000Z [town] @ Myrrka Myrrka folk watchful — Surplus textiles and shortages in salt.
2025-01-08T11:00:00.000Z [town] @ Myrrka Rumor in Myrrka — The Storm Guild watches the markets quietly.
2025-01-08T11:00:00.000Z [town] @ Greenmist Greenmist tempers frayed — Surplus grain/textiles/salt and shortages in livestock.
2025-01-08T11:00:00.000Z [town] @ Greenmist Rumor in Greenmist — Levies rumored to secure livestock; officials say caravans delayed.
2025-01-08T11:00:00.000Z [town] @ Greenmist Rumor in Greenmist — Sons of the Wolf watches the markets quietly.
2025-01-08T11:00:00.000Z [town] @ Greenmist Rumor in Greenmist — Order of the Hawk watches the markets quietly.
2025-01-08T11:00:00.000Z [town] @ Greenmist Rumor in Greenmist — The Hawk Compact watches the markets quietly.
2025-01-08T12:00:00.000Z [system] The world turns (22nd of Deepwinter, Year 1055) — 1 parties traveling, 1 resting. 0 threats lurk.
2025-01-08T12:00:00.000Z [faction] @ Belfos [Polydamna] Tracking the Polydamna: The chase crosses into forbidden sacred temple. Polydamna remains driven by ambition and status. Justice demands its due. — The hunt enters its final phase. One will not survive.
2025-01-08T12:00:00.000Z [faction] @ Greenmist [Parthenius's Band] The Hunt for Parthenius's Band: Supplies dwindle; the hunt becomes desperate. — Parthenius's Band stalks a dangerous quarry across the region.
2025-01-08T12:00:00.000Z [faction] @ Greenmist [Gotteschalk] The Greenmist Plague: Heroes emerge. Gotteschalk remains motivated by duty and honor. — A deadly sickness sweeps through Greenmist.
⏰ Catch-up progress: 29% (300/1008 turns)2025-01-08T14:00:00.000Z [road] @ Greenmist [Parthenius's Band] Parthenius's Band parley with giant bats — Trade news and share a quick meal before parting ways.
2025-01-08T14:00:00.000Z [road] @ Myrrka The Wandering Merchants makes camp under escort — Road to Belfos (road) quiet tonight.
2025-01-08T15:00:00.000Z [town] @ Myrrka Word spreads in Myrrka — Thieves struck near Belfos. The roads grow dangerous.
2025-01-08T15:00:00.000Z [weather] @ Azmarin [Izot] Izot alters the weather — Through ancient incantations, the Magic-User calls forth cloudy over the region.
2025-01-08T16:00:00.000Z [road] @ Greenmist [Parthenius's Band, the yeti called Babs] Parthenius's Band detour to avoid the yeti called Babs's territory — In the golden afternoon light Clouds obscure all but the lowest slopes. One red-eyed in the dark yeti, watching warily. A hostage exchange ensured good behavior.
2025-01-08T16:00:00.000Z [road] @ Azmarin The Wandering Peddlers makes camp under escort — Road to Belfos (road) quiet tonight.
2025-01-08T16:00:00.000Z [town] @ Minasfeld Word spreads in Minasfeld — A valuable shipment was lost near Belfos.
2025-01-08T17:00:00.000Z [town] @ Windleigh Northbeach Traders arrives at Windleigh — Bringing grain/textiles from Belfos with escorts.
2025-01-08T17:00:00.000Z [town] @ Windleigh Cybele arrives in Windleigh — guard from Windleigh
2025-01-08T17:00:00.000Z [town] @ Windleigh Yllaria arrives in Windleigh — merchant from Greenmist
2025-01-08T18:00:00.000Z [system] The world turns (22nd of Deepwinter, Year 1055) — 1 parties traveling, 1 resting. 0 threats lurk.
2025-01-08T18:00:00.000Z [road] @ Greenmist [Parthenius's Band, ogres] Parthenius's Band offer small gifts to appease ogres — As lanterns were kindled the shriek of mountain winds. Clouds obscure all but the lowest slopes. A lone hungry ogres, blocking the path. They withdrew to fight another day.
2025-01-08T19:00:00.000Z [road] @ Azmarin The Wandering Peddlers makes camp under escort — Road to Belfos (road) quiet tonight.
2025-01-08T19:00:00.000Z [town] @ Greenmist [Mainardus] Magical mist chokes Greenmist — A toxic green cloud, conjured by Mainardus, rolls through the streets. Panic ensues.
2025-01-08T20:00:00.000Z [road] @ Greenmist [Parthenius's Band, dwarven patrols] Parthenius's Band keep their distance from armed dwarven patrols — Under an indigo sky the crack of splitting rock. A swarm of scarce dwarven patrols, apparently startled. An uneasy bargain was struck beneath wary eyes.
2025-01-08T20:00:00.000Z [town] @ Belfos The Wandering Merchants arrives at Belfos — Bringing livestock from Myrrka with escorts under banner of Order of the Hawk.
2025-01-08T20:00:00.000Z [town] @ Belfos Katixa arrives in Belfos — guard from Myrrka
2025-01-08T20:00:00.000Z [town] @ Belfos Wantelien arrives in Belfos — bard from Minasfeld
2025-01-08T20:00:00.000Z [town] @ Greenmist Word spreads in Greenmist — Explorers speak of a strange discovery near Greenmist.
2025-01-08T20:00:00.000Z [faction] @ Belfos [Sons of the Wolf] Sons of the Wolf eyes Belfos for its fish — Desperate for fish, the faction has decided to take the settlement by force.
2025-01-08T21:00:00.000Z [road] @ Greenmist [Parthenius's Band, dwarven patrols] dwarven patrols eye Parthenius's Band suspiciously — As songs rose from dim taverns mountain goats leaping between boulders. A few numerous dwarven patrols, apparently startled. A hostage exchange ensured good behavior.
2025-01-08T22:00:00.000Z [road] @ Greenmist [Parthenius's Band, orc raiders] orc raiders block the path but allow passage — By candlelight and hearth-glow waterfalls plunging into deep pools. A solitary red-eyed in the dark orc raiders, scouting for targets. They slipped away while the enemy celebrated prematurely.
2025-01-08T22:00:00.000Z [road] @ Belfos The Wandering Merchants makes camp under escort — Road to Myrrka (road) quiet tonight.
2025-01-08T22:00:00.000Z [faction] @ Greenmist [Parthenius's Band, ogres] Starvation and Steel: Catapults hurl flaming projectiles. — Every day without relief, hope fades inside the walls.
2025-01-08T22:00:00.000Z [faction] @ Belfos [Saloua] The Hunt for Saloua: A storm hampers the pursuit. Saloua remains seeks power and influence. — A deadly game of cat and mouse unfolds near Belfos.
2025-01-09T00:00:00.000Z [system] The world turns (22nd of Deepwinter, Year 1055) — 1 parties traveling, 1 resting. 0 threats lurk.
2025-01-09T00:00:00.000Z [road] @ Greenmist [Parthenius's Band, orc raiders] orc raiders teach Parthenius's Band a useful survival skill — While decent folk lay sleeping lightning-blasted trees at timberline. Many war-painted orc raiders, performing war rituals. They left the meeting with hope for peaceful coexistence. Meteor impact craters on peaks marked the scene.
2025-01-09T01:00:00.000Z [road] @ Azmarin The Wandering Peddlers makes camp under escort — Road to Belfos (road) quiet tonight.
2025-01-09T01:00:00.000Z [town] @ Windleigh Yellow Plague fades in Windleigh — The worst of the sickness has passed. The bells ring in celebration.
2025-01-09T03:00:00.000Z [road] @ Greenmist [Parthenius's Band] Parthenius's Band spot signs of danger — Giant footprints in the snow, each as long as a man is tall.
2025-01-09T03:00:00.000Z [road] @ Greenmist [Parthenius's Band, wyverns] Parthenius's Band offer small gifts to appease wyverns — As the world held its breath waterfalls roaring into gorges. One red-eyed in the dark wyverns, moving with purpose. They withdrew to fight another day. Snow-capped peaks gleaming in sunlight marked the scene.
2025-01-09T03:00:00.000Z [road] @ Windleigh [Northbeach Traders, Sons of the Wolf] Northbeach Traders is raided! — Sons of the Wolf forces have intercepted the caravan en route to Belfos.
2025-01-09T03:00:00.000Z [town] @ Windleigh Trade routes near Windleigh grow dangerous — Merchants speak of losses. Some refuse to travel until the roads are secured.
2025-01-09T03:00:00.000Z [town] @ Belfos [Wantelien] Construction continues on Wantelien's stronghold — Masons and laborers work tirelessly. The foundations are deep and the walls rise.
2025-01-09T04:00:00.000Z [town] @ Belfos Yellow Plague fades in Belfos — The worst of the sickness has passed. The bells ring in celebration.
2025-01-09T05:00:00.000Z [town] @ Belfos The Wandering Peddlers arrives at Belfos — Bringing grain/textiles from Azmarin with escorts.
2025-01-09T05:00:00.000Z [town] @ Belfos Molora arrives in Belfos — scout from Myrrka
2025-01-09T05:00:00.000Z [town] @ Belfos Izot arrives in Belfos — bard from Belfos
⏰ Catch-up progress: 39% (400/1008 turns)2025-01-09T06:00:00.000Z [system] The world turns (22nd of Deepwinter, Year 1055) — 1 parties traveling, 1 resting. 0 threats lurk.
2025-01-09T06:00:00.000Z [faction] @ the region [Merilda] Payment Due: New pacts are made. — The terms seemed fair once. They do not seem fair now.
2025-01-09T06:00:00.000Z [faction] @ Greenmist [Parthenius's Band, Hab's orc raiders] Strike and Vanish: Ambushes are set along expected routes. Parthenius's Band remains driven by curiosity and discovery. — Hit and run tactics terrorize Greenmist.
2025-01-09T07:00:00.000Z [road] @ Greenmist [Parthenius's Band, Walt the numerous] Parthenius's Band hunt down marauding Walt the numerous — As folk went about their labors the crunch of boots on gravel. A few night-hunting trolls, apparently startled. They exploited a momentary weakness in the enemy line. Condors circling high overhead marked the scene.
2025-01-09T07:00:00.000Z [road] @ Belfos [The Wandering Peddlers, Sons of the Wolf] The Wandering Peddlers is raided! — Sons of the Wolf forces have intercepted the caravan en route to Azmarin.
2025-01-09T07:00:00.000Z [town] @ Belfos Trade routes near Belfos grow dangerous — Merchants speak of losses. Some refuse to travel until the roads are secured.
2025-01-09T08:00:00.000Z [town] @ Minasfeld The New Caravan arrives at Minasfeld — Bringing grain/textiles from Belfos with escorts.
2025-01-09T08:00:00.000Z [town] @ Minasfeld Emlyn arrives in Minasfeld — scout from Minasfeld
2025-01-09T08:00:00.000Z [town] @ Minasfeld Ilene arrives in Minasfeld — bard from Windleigh
2025-01-09T08:00:00.000Z [faction] @ Belfos [Order of the Hawk] Order of the Hawk sends relief to Belfos — Wagons of grain and medicine roll toward the suffering. Compassion—or calculated politics?
2025-01-09T09:00:00.000Z [road] @ Greenmist [Parthenius's Band] Parthenius's Band spot signs of danger — Eagle cries echo, but no birds are visible.
2025-01-09T10:00:00.000Z [road] @ Greenmist [Parthenius's Band] Parthenius's Band spot orc raiders and avoid notice — They detour carefully, leaving only faint tracks.
2025-01-09T11:00:00.000Z [road] @ Greenmist [Parthenius's Band] Parthenius's Band spot signs of danger — Giant footprints in the snow, each as long as a man is tall.
2025-01-09T11:00:00.000Z [town] @ Belfos Peace reigns in the markets of Belfos — a crier announced the day's proclamations Peli the priest was seen about town.
2025-01-09T11:00:00.000Z [road] @ Greenmist Beroldus's Wagons makes camp under escort — Road to Belfos (road) quiet tonight.
2025-01-09T11:00:00.000Z [town] @ Windleigh Peace reigns in the markets of Windleigh — merchants hawked wares in crowded market squares Cybele the guard was seen about town.
2025-01-09T11:00:00.000Z [road] @ Greenmist Beroldus's Wagons reports losses — Supplies spoiled en route; banners of Circle of the Dawn tarnished.
2025-01-09T11:00:00.000Z [town] @ Azmarin Azmarin sees steady trade — merchants hawked wares in crowded market squares
2025-01-09T11:00:00.000Z [town] @ Greenmist Rumor in Greenmist — Beroldus's Wagons of Circle of the Dawn lost goods on the road; prices may shift.
2025-01-09T11:00:00.000Z [town] @ Minasfeld Fair weather and fair dealing in Minasfeld — children chased each other through muddy lanes Ilene the bard was seen about town.
2025-01-09T11:00:00.000Z [town] @ Myrrka The usual business in Myrrka — a crier announced the day's proclamations Eadmund the laborer was seen about town.
2025-01-09T11:00:00.000Z [town] @ Greenmist Peace reigns in the markets of Greenmist — chickens scattered before approaching travelers Mainardus the scout was seen about town. Folk whispered of Parthenius's Band's exploits.
2025-01-09T11:00:00.000Z [town] @ Belfos Peli seen in Belfos markets — priest haggles and swaps news.
2025-01-09T11:00:00.000Z [town] @ Belfos Katixa seen in Belfos markets — guard haggles and swaps news.
2025-01-09T11:00:00.000Z [town] @ Belfos Belfos tempers frayed — Surplus grain/textiles/fish and shortages in ore.
2025-01-09T11:00:00.000Z [town] @ Windleigh Windleigh tempers frayed — Surplus grain/ore and shortages in timber.
2025-01-09T11:00:00.000Z [town] @ Windleigh Rumor in Windleigh — Order of the Hawk watches the markets quietly.
2025-01-09T11:00:00.000Z [town] @ Azmarin Azmarin tempers frayed — Surplus grain/textiles/salt and shortages in timber/ore/livestock.
2025-01-09T11:00:00.000Z [town] @ Azmarin Rumor in Azmarin — Levies rumored to secure livestock; officials say caravans delayed.
2025-01-09T11:00:00.000Z [town] @ Azmarin Rumor in Azmarin — Circle of the Dawn watches the markets quietly.
2025-01-09T11:00:00.000Z [town] @ Azmarin Rumor in Azmarin — The Hawk Compact watches the markets quietly.
2025-01-09T11:00:00.000Z [town] @ Minasfeld Minasfeld tempers frayed — Surplus grain/textiles/livestock.
2025-01-09T11:00:00.000Z [town] @ Minasfeld Rumor in Minasfeld — Bargain prices on grain; traders racing to Minasfeld.
2025-01-09T11:00:00.000Z [town] @ Myrrka Myrrka folk watchful — Surplus textiles and shortages in timber/salt.
2025-01-09T11:00:00.000Z [town] @ Myrrka Rumor in Myrrka — Levies rumored to secure timber; officials say caravans delayed.
2025-01-09T11:00:00.000Z [town] @ Myrrka Rumor in Myrrka — The Hawk Compact watches the markets quietly.
2025-01-09T11:00:00.000Z [town] @ Greenmist Greenmist tempers frayed — Surplus grain/textiles/salt and shortages in livestock.
2025-01-09T11:00:00.000Z [town] @ Greenmist Rumor in Greenmist — Bargain prices on salt; traders racing to Greenmist.
2025-01-09T11:00:00.000Z [town] @ Greenmist Rumor in Greenmist — The Storm Guild watches the markets quietly.
2025-01-09T11:00:00.000Z [town] @ Greenmist Rumor in Greenmist — Circle of the Dawn offers protection for caravans.
2025-01-09T11:00:00.000Z [town] @ Greenmist Tales of The Armory of the Gods surface in Greenmist — Weapons forged for wars that ended the world. A dying explorer spoke of treasures beyond imagining. Legends warn that the restless dead protects it.
2025-01-09T12:00:00.000Z [system] The world turns (23rd of Deepwinter, Year 1055) — 1 parties traveling, 1 resting. 0 threats lurk.
2025-01-09T12:00:00.000Z [road] @ Greenmist [Parthenius's Band] Parthenius's Band spot signs of danger — A cairn of skulls marks a territorial boundary.
2025-01-09T12:00:00.000Z [town] @ Belfos Beroldus's Wagons arrives at Belfos — Bringing salt/fish from Greenmist with escorts under banner of Circle of the Dawn.
2025-01-09T12:00:00.000Z [town] @ Belfos Mainardus arrives in Belfos — scout from Azmarin
2025-01-09T12:00:00.000Z [town] @ Belfos Eurydamus arrives in Belfos — merchant from Windleigh
2025-01-09T13:00:00.000Z [road] @ Greenmist [Parthenius's Band, giant eagles] giant eagles test Parthenius's Band's resolve with challenges — Under the high sun avalanches rumbling in the distance. A few night-hunting giant eagles, watching warily. A calculated withdrawal to more favorable ground.
2025-01-09T15:00:00.000Z [road] @ Greenmist [Parthenius's Band] Parthenius's Band clash with goblins — Brief skirmish; foes driven off with minor bruises.
2025-01-09T16:00:00.000Z [road] @ Greenmist [Parthenius's Band, yeti] yeti mark their territory with warning signs — As travelers grew road-weary stone cairns marking safe paths. A single shadow-cloaked yeti, apparently startled. Discretion proved the better part of valor.
2025-01-09T16:00:00.000Z [road] @ Greenmist [Parthenius's Band] Parthenius's Band shadowed by orc raiders — Tense standoff; both sides withdraw before blades are drawn.
2025-01-09T16:00:00.000Z [town] @ Greenmist Mood darkens in Greenmist — Following recent events, the people's spirit sinks.
2025-01-09T17:00:00.000Z [road] @ Greenmist [Parthenius's Band, giant eagles] giant eagles offer Parthenius's Band aid on the road — As bats took wing bridges spanning raging torrents. Two or three shadow-cloaked giant eagles, blocking the path. A non-aggression pact was established.
2025-01-09T17:00:00.000Z [road] @ Belfos The Wandering Merchants makes camp under escort — Road to Myrrka (road) quiet tonight.
2025-01-09T17:00:00.000Z [town] @ Minasfeld [Ilene] Ilene arrives in Minasfeld — The refugee finds uncertain welcome in their new home.
2025-01-09T17:00:00.000Z [town] @ Minasfeld Gripsha fades in Minasfeld — The worst of the sickness has passed. The bells ring in celebration.
2025-01-09T18:00:00.000Z [system] The world turns (23rd of Deepwinter, Year 1055) — 1 parties traveling, 1 resting. 0 threats lurk.
2025-01-09T20:00:00.000Z [road] @ Minasfeld The New Caravan makes camp under escort — Road to Belfos (road) quiet tonight.
2025-01-09T21:00:00.000Z [road] @ Greenmist [Parthenius's Band] Parthenius's Band spot signs of danger — A cairn of skulls marks a territorial boundary.
2025-01-09T21:00:00.000Z [faction] @ Greenmist [The Storm Guild] The Storm Guild seeks retribution — Mercantile houses of The Storm Guild cut ties with Greenmist.
2025-01-09T21:00:00.000Z [faction] @ Greenmist [Circle of the Dawn] Circle of the Dawn seeks retribution — Circle of the Dawn weaves curses against Greenmist.
2025-01-09T21:00:00.000Z [road] @ Belfos [Mainardus] Mainardus flees Belfos — Driven by Strike and Vanish: Ambushes are set along expected routes. Parthenius's Band remains driven by curiosity and discovery., they take to the road toward Myrrka.
2025-01-09T21:00:00.000Z [town] @ Belfos [Wantelien, Yllaria] Wantelien demands repayment from Yllaria — Patience has limits, even for gold. Amidst the growing danger in Belfos, their creditor feels all the more pressing.
2025-01-09T22:00:00.000Z [faction] @ Belfos [Circle of the Dawn] Circle of the Dawn eyes Belfos for its grain — Desperate for grain, the faction has decided to take the settlement by force.
⏰ Catch-up progress: 49% (500/1008 turns)2025-01-09T23:00:00.000Z [road] @ Greenmist [Parthenius's Band, dwarven patrols] Parthenius's Band trade news with passing dwarven patrols — In the hush of late night glaciers carving valleys below. Several night-hunting dwarven patrols, blocking the path. They established rules for future encounters. Crystal formations in cave mouths marked the scene.
2025-01-10T00:00:00.000Z [system] The world turns (23rd of Deepwinter, Year 1055) — 1 parties traveling, 1 resting. 0 threats lurk.
2025-01-10T00:00:00.000Z [road] @ Greenmist [Parthenius's Band, giant eagles] Parthenius's Band detour to avoid giant eagles's territory — With only moonlight for company avalanche scars on rocky faces. One red-eyed in the dark giant eagles, watching warily. They ran. There was no shame in it—only survival.
2025-01-10T00:00:00.000Z [road] @ Belfos [Beroldus's Wagons, Sons of the Wolf] Beroldus's Wagons is raided! — Sons of the Wolf forces have intercepted the caravan en route to Greenmist.
2025-01-10T00:00:00.000Z [town] @ Belfos Trade routes near Belfos grow dangerous — Merchants speak of losses. Some refuse to travel until the roads are secured.
2025-01-10T01:00:00.000Z [faction] @ Greenmist [Sons of the Wolf] Sons of the Wolf seeks retribution — Sons of the Wolf declares a blood feud against Greenmist.
2025-01-10T01:00:00.000Z [town] @ Belfos [Peli] Divine blessing upon Belfos — Peli performs a grand ritual of sanctification. A sense of peace fills the air.
2025-01-10T02:00:00.000Z [road] @ Belfos [The Grim Wolves] The Grim Wolves completes rest — Ready to travel again.
2025-01-10T02:00:00.000Z [road] @ Belfos The Wandering Merchants makes camp under escort — Road to Myrrka (road) quiet tonight.
2025-01-10T02:00:00.000Z [road] @ Minasfeld The New Caravan makes camp under escort — Road to Belfos (road) quiet tonight.
2025-01-10T02:00:00.000Z [town] @ Greenmist Word spreads in Greenmist — Travelers speak of eflead's giant eagles gathers strength and swears revenge on the roads near Greenmist.
2025-01-10T02:00:00.000Z [town] @ Minasfeld Word spreads in Minasfeld — Thieves struck near Belfos. The roads grow dangerous.
2025-01-10T03:00:00.000Z [road] @ Greenmist [Parthenius's Band] Parthenius's Band discovers The Obsidian Altar — In the witching hour waterfalls plunging into deep pools. A obsidian altar, home to a silent, white-haired hermit. A sudden vision of what is to come flashes before them.
2025-01-10T03:00:00.000Z [road] @ Windleigh [Northbeach Traders, Sons of the Wolf] Northbeach Traders is raided! — Sons of the Wolf forces have intercepted the caravan en route to Belfos.
2025-01-10T03:00:00.000Z [town] @ Windleigh Trade routes near Windleigh grow dangerous — Merchants speak of losses. Some refuse to travel until the roads are secured.
2025-01-10T03:00:00.000Z [town] @ Belfos [Peli] Construction continues on Peli's stronghold — Masons and laborers work tirelessly. The foundations are deep and the walls rise.
2025-01-10T04:00:00.000Z [town] @ Myrrka The Wandering Merchants arrives at Myrrka — Bringing livestock from Belfos with escorts under banner of Order of the Hawk.
2025-01-10T04:00:00.000Z [town] @ Myrrka Katixa arrives in Myrrka — guard from Myrrka
2025-01-10T04:00:00.000Z [town] @ Myrrka Wantelien arrives in Myrrka — bard from Minasfeld
2025-01-10T05:00:00.000Z [road] @ Greenmist [Parthenius's Band] Parthenius's Band clash with goblins — Brief skirmish; foes driven off with minor bruises.
2025-01-10T05:00:00.000Z [town] @ Greenmist Word spreads in Greenmist — A valuable shipment was lost near Belfos.
2025-01-10T06:00:00.000Z [system] The world turns (23rd of Deepwinter, Year 1055) — 1 parties traveling, 1 resting. 0 threats lurk.
2025-01-10T06:00:00.000Z [road] @ Greenmist [Parthenius's Band] Parthenius's Band completes rest — Ready to travel again.
2025-01-10T06:00:00.000Z [road] @ Windleigh Northbeach Traders makes camp under escort — Road to Belfos (road) quiet tonight.
2025-01-10T07:00:00.000Z [town] @ Minasfeld Word spreads in Minasfeld — A valuable shipment was lost near Belfos.
2025-01-10T08:00:00.000Z [road] @ Greenmist [Parthenius's Band, yeti] Parthenius's Band offer small gifts to appease yeti — Under a brightening sky mountain goats leaping between boulders. A single scarce yeti, moving with purpose. The meeting ended with mutual respect, if not friendship. Switchback paths climbing steep slopes marked the scene.
2025-01-10T08:00:00.000Z [road] @ Belfos [The Wandering Peddlers, Sons of the Wolf] The Wandering Peddlers is raided! — Sons of the Wolf forces have intercepted the caravan en route to Azmarin.
2025-01-10T08:00:00.000Z [town] @ Belfos Trade routes near Belfos grow dangerous — Merchants speak of losses. Some refuse to travel until the roads are secured.
2025-01-10T08:00:00.000Z [faction] @ the region [Merilda] Payment Due: The pact-maker reflects. — The terms seemed fair once. They do not seem fair now.
2025-01-10T08:00:00.000Z [faction] @ Belfos [Polydamna] Tracking the Polydamna: The quarry seems to anticipate every move. — The hunt enters its final phase. One will not survive.
2025-01-10T08:00:00.000Z [faction] @ Greenmist [Parthenius's Band, ogres] Starvation and Steel: Negotiations occur under a flag of truce. — Every day without relief, hope fades inside the walls.
2025-01-10T08:00:00.000Z [faction] @ Greenmist [Parthenius's Band] The Hunt for Parthenius's Band: Supplies dwindle; the hunt becomes desperate. Parthenius's Band remains driven by ambition and status. — Parthenius's Band stalks a dangerous quarry across the region.
2025-01-10T11:00:00.000Z [road] @ Myrrka The Wandering Merchants makes camp under escort — Road to Belfos (road) quiet tonight.
2025-01-10T11:00:00.000Z [town] @ Belfos Peace reigns in the markets of Belfos — merchants hawked wares in crowded market squares Peli the priest was seen about town.
2025-01-10T11:00:00.000Z [road] @ Belfos Beroldus's Wagons makes camp under escort — Road to Greenmist (road) quiet tonight.
2025-01-10T11:00:00.000Z [town] @ Windleigh Fair weather and fair dealing in Windleigh — merchants hawked wares in crowded market squares Cybele the guard was seen about town.
2025-01-10T11:00:00.000Z [faction] @ Belfos [The Storm Guild] The Storm Guild eyes Belfos for its textiles — Desperate for textiles, the faction has decided to take the settlement by force.
2025-01-10T11:00:00.000Z [town] @ Minasfeld Fair weather and fair dealing in Minasfeld — farmers argued over the price of grain Ilene the bard was seen about town.
2025-01-10T11:00:00.000Z [town] @ Myrrka Commerce flows through Myrrka — a crier announced the day's proclamations Mainardus the scout was seen about town.
2025-01-10T11:00:00.000Z [town] @ Greenmist Fair weather and fair dealing in Greenmist — the blacksmith's hammer rang out steadily Hans-Ruedi the laborer was seen about town. Folk whispered of Parthenius's Band's exploits.
2025-01-10T11:00:00.000Z [town] @ Belfos Belfos tempers frayed — Surplus grain/textiles/salt/fish and shortages in ore.
2025-01-10T11:00:00.000Z [town] @ Belfos Rumor in Belfos — Sons of the Wolf watches the markets quietly.
2025-01-10T11:00:00.000Z [town] @ Belfos Rumor in Belfos — Order of the Hawk offers protection for caravans.
2025-01-10T11:00:00.000Z [town] @ Belfos Rumor in Belfos — Circle of the Dawn watches the markets quietly.
2025-01-10T11:00:00.000Z [town] @ Windleigh Cybele seen in Windleigh markets — guard haggles and swaps news.
2025-01-10T11:00:00.000Z [town] @ Windleigh Yllaria seen in Windleigh markets — merchant haggles and swaps news.
2025-01-10T11:00:00.000Z [town] @ Windleigh Windleigh tempers frayed — Surplus grain/ore and shortages in timber.
2025-01-10T11:00:00.000Z [town] @ Windleigh Rumor in Windleigh — Levies rumored to secure timber; officials say caravans delayed.
2025-01-10T11:00:00.000Z [town] @ Windleigh Rumor in Windleigh — Circle of the Dawn watches the markets quietly.
2025-01-10T11:00:00.000Z [town] @ Azmarin Azmarin tempers frayed — Surplus grain/textiles/salt and shortages in ore/livestock.
2025-01-10T11:00:00.000Z [town] @ Azmarin Rumor in Azmarin — Circle of the Dawn watches the markets quietly.
2025-01-10T11:00:00.000Z [town] @ Minasfeld Minasfeld tempers frayed — Surplus grain/textiles/livestock.
2025-01-10T11:00:00.000Z [town] @ Minasfeld Rumor in Minasfeld — The Storm Guild watches the markets quietly.
2025-01-10T11:00:00.000Z [town] @ Minasfeld Rumor in Minasfeld — Order of the Hawk watches the markets quietly.
2025-01-10T11:00:00.000Z [town] @ Minasfeld Rumor in Minasfeld — The Hawk Compact watches the markets quietly.
2025-01-10T11:00:00.000Z [town] @ Myrrka Mainardus seen in Myrrka markets — scout haggles and swaps news.
2025-01-10T11:00:00.000Z [town] @ Myrrka Katixa seen in Myrrka markets — guard haggles and swaps news.
2025-01-10T11:00:00.000Z [town] @ Myrrka Myrrka folk watchful — Surplus textiles/livestock and shortages in timber/salt.
2025-01-10T11:00:00.000Z [town] @ Myrrka Rumor in Myrrka — Order of the Hawk offers protection for caravans.
2025-01-10T11:00:00.000Z [town] @ Myrrka Rumor in Myrrka — Circle of the Dawn watches the markets quietly.
2025-01-10T11:00:00.000Z [town] @ Myrrka Rumor in Myrrka — The Hawk Compact watches the markets quietly.
2025-01-10T11:00:00.000Z [town] @ Greenmist Greenmist tempers frayed — Surplus grain/textiles/salt and shortages in livestock.
2025-01-10T11:00:00.000Z [town] @ Greenmist Rumor in Greenmist — Levies rumored to secure livestock; officials say caravans delayed.
2025-01-10T11:00:00.000Z [town] @ Greenmist Rumor in Greenmist — Order of the Hawk watches the markets quietly.
2025-01-10T11:00:00.000Z [town] @ Greenmist Whispers of Headswoman the Kingmaker — A traveler speaks of a legendary axe of mithril. Cursed by a dying witch-queen, blessed by a saint. 
2025-01-10T12:00:00.000Z [system] The world turns (24th of Deepwinter, Year 1055) — 1 parties traveling, 1 resting. 0 threats lurk.
2025-01-10T12:00:00.000Z [faction] @ Belfos [Saloua] The Hunt for Saloua: The quarry turns the tables, becoming the Saloua. — A deadly game of cat and mouse unfolds near Belfos.
2025-01-10T12:00:00.000Z [faction] @ Belfos [The Storm Guild] The Storm Guild sends relief to Belfos — Wagons of grain and medicine roll toward the suffering. Compassion—or calculated politics?
2025-01-10T13:00:00.000Z [road] @ Greenmist [Parthenius's Band, goblins] Parthenius's Band detour to avoid goblins's territory — While sensible folk sought shade A lone cunning goblins, carrying plunder. The odds were insurmountable; they chose life over glory.
2025-01-10T13:00:00.000Z [road] @ Windleigh [Northbeach Traders, Sons of the Wolf] Northbeach Traders is raided! — Sons of the Wolf forces have intercepted the caravan en route to Belfos.
2025-01-10T13:00:00.000Z [town] @ Windleigh Trade routes near Windleigh grow dangerous — Merchants speak of losses. Some refuse to travel until the roads are secured.
⏰ Catch-up progress: 59% (600/1008 turns)2025-01-10T15:00:00.000Z [town] @ Myrrka [Mainardus] Mainardus arrives in Myrrka — The refugee finds uncertain welcome in their new home.
2025-01-10T15:00:00.000Z [faction] @ Greenmist [Parthenius's Band, Hab's orc raiders] Strike and Vanish: War cries echo through the valleys. Parthenius's Band remains driven by ambition and status. — Hit and run tactics terrorize Greenmist.
2025-01-10T16:00:00.000Z [town] @ Belfos The New Caravan arrives at Belfos — Bringing grain/textiles from Minasfeld with escorts.
2025-01-10T16:00:00.000Z [town] @ Belfos Emlyn arrives in Belfos — scout from Minasfeld
2025-01-10T16:00:00.000Z [town] @ Belfos Ilene arrives in Belfos — bard from Windleigh
2025-01-10T17:00:00.000Z [road] @ Greenmist [Parthenius's Band] Parthenius's Band clash with ogre — Brief skirmish; foes driven off with minor bruises.
2025-01-10T17:00:00.000Z [road] @ Myrrka The Wandering Merchants makes camp under escort — Road to Belfos (road) quiet tonight.
2025-01-10T17:00:00.000Z [town] @ Myrrka Word spreads in Myrrka — Thieves struck near Belfos. The roads grow dangerous.
2025-01-10T18:00:00.000Z [system] The world turns (24th of Deepwinter, Year 1055) — 1 parties traveling, 1 resting. 0 threats lurk.
2025-01-10T18:00:00.000Z [town] @ Greenmist Mood darkens in Greenmist — Following recent events, the people's spirit sinks.
2025-01-10T19:00:00.000Z [road] @ Greenmist [Parthenius's Band, dwarven patrols] Parthenius's Band trade crafted goods with dwarven patrols — With the setting of the sun switchback paths climbing steep slopes. A swarm of night-hunting dwarven patrols, apparently startled. An uneasy bargain was struck beneath wary eyes.
2025-01-10T20:00:00.000Z [road] @ Greenmist [Parthenius's Band] Parthenius's Band clash with ogre — Brief skirmish; foes driven off with minor bruises.
2025-01-10T21:00:00.000Z [road] @ Greenmist [Parthenius's Band, goblins] Parthenius's Band siege goblins's encampment — As songs rose from dim taverns One shadow-cloaked goblins, setting crude traps. Their tactics turned the tide against overwhelming odds. Ancient petroglyphs on cliff walls marked the scene.
2025-01-10T21:00:00.000Z [town] @ Greenmist [Eryalus] Construction continues on Eryalus's stronghold — Masons and laborers work tirelessly. The foundations are deep and the walls rise.
2025-01-10T23:00:00.000Z [road] @ Greenmist [Parthenius's Band] Parthenius's Band spot signs of danger — Giant footprints in the snow, each as long as a man is tall.
2025-01-10T23:00:00.000Z [road] @ Greenmist [Parthenius's Band, orc raiders] Parthenius's Band share trail rations with hungry orc raiders — Under a canopy of stars mountain goats leaping between boulders. A lone night-hunting orc raiders, quarreling over spoils. Neither side wished to die today. Terms were agreed.
2025-01-11T00:00:00.000Z [system] The world turns (24th of Deepwinter, Year 1055) — 1 parties traveling, 1 resting. 0 threats lurk.
2025-01-11T01:00:00.000Z [road] @ Greenmist [Parthenius's Band, goblins] Parthenius's Band exchange stories with curious goblins — In the hush of late night eagles screaming overhead. Clouds obscure all but the lowest slopes. Many sneaky goblins, arguing among themselves. Cultural misunderstandings were resolved through patience.
2025-01-11T01:00:00.000Z [faction] @ Greenmist [Circle of the Dawn] Circle of the Dawn increases patrols — Circle of the Dawn summons guardians to watch over travelers around Greenmist.
2025-01-11T01:00:00.000Z [town] @ Belfos Word spreads in Belfos — Thieves struck near Windleigh. The roads grow dangerous.
2025-01-11T03:00:00.000Z [road] @ Greenmist [Parthenius's Band] Parthenius's Band spot signs of danger — Giant footprints in the snow, each as long as a man is tall.
2025-01-11T03:00:00.000Z [road] @ Greenmist [Parthenius's Band, ogres] Parthenius's Band watch ogres warily from cover — When shadows grew deepest a glacier grinding slowly downward. A horde of night-hunting ogres, moving with purpose. They retreated with honor intact.
2025-01-11T03:00:00.000Z [town] @ Azmarin The Wandering Peddlers arrives at Azmarin — Bringing grain/textiles from Belfos with escorts.
2025-01-11T03:00:00.000Z [town] @ Azmarin Molora arrives in Azmarin — scout from Myrrka
2025-01-11T03:00:00.000Z [town] @ Azmarin Izot arrives in Azmarin — bard from Belfos
2025-01-11T03:00:00.000Z [town] @ Azmarin [Molora, Eurydamus] Molora takes Eurydamus under their wing — Wisdom passed from one generation to the next.
2025-01-11T04:00:00.000Z [road] @ Greenmist [Parthenius's Band, orc raiders] orc raiders burn Parthenius's Band's supplies — In the witching hour charred wood from forest fires hung in the air. Two or three battle-scarred orc raiders, quarreling over spoils. The foe's formation broke under relentless pressure. The victors claim 10 coin worth of plunder.
2025-01-11T04:00:00.000Z [road] @ Azmarin [The Wandering Peddlers, Sons of the Wolf] The Wandering Peddlers is raided! — Sons of the Wolf forces have intercepted the caravan en route to Belfos.
2025-01-11T04:00:00.000Z [town] @ Azmarin Trade routes near Azmarin grow dangerous — Merchants speak of losses. Some refuse to travel until the roads are secured.
2025-01-11T04:00:00.000Z [road] @ Greenmist [Parthenius's Band] Parthenius's Band grows in power! — Through hardship and battle, the members of Parthenius's Band have reached level 4.
2025-01-11T05:00:00.000Z [road] @ Greenmist [Parthenius's Band, ogres] Parthenius's Band defend against ogres assault — As the world stirred from slumber the crunch of boots on gravel. A horde of night-hunting ogres, emerging from concealment. They fought like cornered lions, driving back the attackers. A well-timed spell from their caster turned the tide.
2025-01-11T05:00:00.000Z [road] @ Windleigh Northbeach Traders makes camp under escort — Road to Belfos (road) quiet tonight.
2025-01-11T05:00:00.000Z [town] @ Greenmist Word spreads in Greenmist — Explorers speak of a strange discovery near Greenmist.
2025-01-11T06:00:00.000Z [system] The world turns (24th of Deepwinter, Year 1055) — 1 parties traveling, 1 resting. 0 threats lurk.
2025-01-11T06:00:00.000Z [town] @ Myrrka [Wantelien] Construction continues on Wantelien's stronghold — Masons and laborers work tirelessly. The foundations are deep and the walls rise.
2025-01-11T06:00:00.000Z [weather] @ Myrrka [Wantelien] Wantelien alters the weather — Through ancient incantations, the Magic-User calls forth fog over the region.
2025-01-11T07:00:00.000Z [town] @ Windleigh Word spreads in Windleigh — Thieves struck near Belfos. The roads grow dangerous.
⏰ Catch-up progress: 69% (700/1008 turns)2025-01-11T08:00:00.000Z [town] @ Greenmist Beroldus's Wagons arrives at Greenmist — Bringing salt/fish from Belfos with escorts under banner of Circle of the Dawn.
2025-01-11T08:00:00.000Z [town] @ Greenmist Mainardus arrives in Greenmist — scout from Azmarin
2025-01-11T08:00:00.000Z [town] @ Greenmist Eurydamus arrives in Greenmist — merchant from Windleigh
2025-01-11T08:00:00.000Z [town] @ Greenmist Rumor in Greenmist — Word spreads that Beroldus's Wagons of Circle of the Dawn reached Greenmist with salt/fish.
2025-01-11T09:00:00.000Z [road] @ Windleigh [Northbeach Traders, Sons of the Wolf] Northbeach Traders is raided! — Sons of the Wolf forces have intercepted the caravan en route to Belfos.
2025-01-11T09:00:00.000Z [town] @ Windleigh Trade routes near Windleigh grow dangerous — Merchants speak of losses. Some refuse to travel until the roads are secured.
2025-01-11T10:00:00.000Z [road] @ Windleigh Northbeach Traders makes camp under escort — Road to Belfos (road) quiet tonight.
2025-01-11T10:00:00.000Z [faction] @ Greenmist [Parthenius's Band, ogres] Starvation and Steel: A sortie attempts to break the ring. — Every day without relief, hope fades inside the walls.
2025-01-11T11:00:00.000Z [weather] @ Minasfeld Clouds gather over Minasfeld — Old wounds ached with the change in pressure.
2025-01-11T11:00:00.000Z [road] @ Greenmist [Parthenius's Band] Parthenius's Band ambushed by giant bats — Forced retreat; they fall back to regroup.
2025-01-11T11:00:00.000Z [town] @ Belfos Belfos enjoys prosperous trade — the town watch marched in ordered formation Peli the priest was seen about town.
2025-01-11T11:00:00.000Z [road] @ Belfos [The New Caravan, Sons of the Wolf] The New Caravan is raided! — Sons of the Wolf forces have intercepted the caravan en route to Minasfeld.
2025-01-11T11:00:00.000Z [town] @ Windleigh Windleigh enjoys prosperous trade — merchants hawked wares in crowded market squares Cybele the guard was seen about town.
2025-01-11T11:00:00.000Z [town] @ Belfos Trade routes near Belfos grow dangerous — Merchants speak of losses. Some refuse to travel until the roads are secured.
2025-01-11T11:00:00.000Z [town] @ Azmarin Azmarin enjoys prosperous trade — a crier announced the day's proclamations Molora the scout was seen about town.
2025-01-11T11:00:00.000Z [faction] @ Greenmist [Order of the Hawk] Order of the Hawk seeks retribution — The pious faction marshals the faithful against Greenmist.
2025-01-11T11:00:00.000Z [town] @ Myrrka Word spreads in Myrrka — Thieves struck near Belfos. The roads grow dangerous.
2025-01-11T11:00:00.000Z [town] @ Myrrka The usual business in Myrrka — the town watch marched in ordered formation Katixa the guard was seen about town.
2025-01-11T11:00:00.000Z [town] @ Greenmist Greenmist enjoys prosperous trade — chickens scattered before approaching travelers Mainardus the scout was seen about town. Folk whispered of Parthenius's Band's exploits.
2025-01-11T11:00:00.000Z [town] @ Belfos Belfos tempers frayed — Surplus grain/textiles/salt/fish and shortages in ore.
2025-01-11T11:00:00.000Z [town] @ Belfos Rumor in Belfos — Bargain prices on salt; traders racing to Belfos.
2025-01-11T11:00:00.000Z [town] @ Windleigh Cybele seen in Windleigh markets — guard haggles and swaps news.
2025-01-11T11:00:00.000Z [town] @ Windleigh Yllaria seen in Windleigh markets — merchant haggles and swaps news.
2025-01-11T11:00:00.000Z [town] @ Windleigh Windleigh folk watchful — Surplus grain/ore and shortages in timber.
2025-01-11T11:00:00.000Z [town] @ Windleigh Rumor in Windleigh — Levies rumored to secure timber; officials say caravans delayed.
2025-01-11T11:00:00.000Z [town] @ Azmarin Molora seen in Azmarin markets — scout haggles and swaps news.
2025-01-11T11:00:00.000Z [town] @ Azmarin Izot seen in Azmarin markets — bard haggles and swaps news.
2025-01-11T11:00:00.000Z [town] @ Azmarin Azmarin tempers frayed — Surplus grain/textiles/salt and shortages in ore/livestock.
2025-01-11T11:00:00.000Z [town] @ Azmarin Rumor in Azmarin — whispered threat: a bard fresh from the road says Nazubal heard of bandits offering odd coins (from Azmarin).
2025-01-11T11:00:00.000Z [town] @ Azmarin Rumor in Azmarin — The Storm Guild watches the markets quietly.
2025-01-11T11:00:00.000Z [town] @ Azmarin Rumor in Azmarin — The Hawk Compact watches the markets quietly.
2025-01-11T11:00:00.000Z [town] @ Minasfeld Minasfeld tempers frayed — Surplus grain/textiles/livestock.
2025-01-11T11:00:00.000Z [town] @ Minasfeld Rumor in Minasfeld — Bargain prices on grain; traders racing to Minasfeld.
2025-01-11T11:00:00.000Z [town] @ Myrrka Katixa seen in Myrrka markets — guard haggles and swaps news.
2025-01-11T11:00:00.000Z [town] @ Myrrka Eadmund seen in Myrrka markets — laborer haggles and swaps news.
2025-01-11T11:00:00.000Z [town] @ Myrrka Myrrka folk watchful — Surplus textiles/livestock and shortages in timber/salt.
2025-01-11T11:00:00.000Z [town] @ Myrrka Rumor in Myrrka — Levies rumored to secure timber; officials say caravans delayed.
2025-01-11T11:00:00.000Z [town] @ Myrrka Rumor in Myrrka — Sons of the Wolf watches the markets quietly.
2025-01-11T11:00:00.000Z [town] @ Myrrka Rumor in Myrrka — Circle of the Dawn watches the markets quietly.
2025-01-11T11:00:00.000Z [town] @ Greenmist Parthenius's Band hailed in Greenmist — Locals toast their exploits.
2025-01-11T11:00:00.000Z [town] @ Greenmist Greenmist tempers frayed — Surplus grain/textiles/salt and shortages in ore/livestock.
2025-01-11T11:00:00.000Z [town] @ Greenmist Rumor in Greenmist — Levies rumored to secure ore; officials say caravans delayed.
2025-01-11T11:00:00.000Z [town] @ Greenmist Rumor in Greenmist — Order of the Hawk watches the markets quietly.
2025-01-11T12:00:00.000Z [system] The world turns (25th of Deepwinter, Year 1055) — 1 parties traveling, 1 resting. 0 threats lurk.
2025-01-11T12:00:00.000Z [road] @ Greenmist [Parthenius's Band, dwarven patrols] dwarven patrols show Parthenius's Band a shortcut through the wilds — In the drowsy heat of noon eagles soaring on thermal winds. Clouds obscure all but the lowest slopes. A group of night-hunting dwarven patrols, blocking the path. Neither side wished to die today. Terms were agreed.
2025-01-11T12:00:00.000Z [town] @ Belfos The Wandering Merchants arrives at Belfos — Bringing livestock from Myrrka with escorts under banner of Order of the Hawk.
2025-01-11T12:00:00.000Z [town] @ Belfos Katixa arrives in Belfos — guard from Myrrka
2025-01-11T12:00:00.000Z [town] @ Belfos Wantelien arrives in Belfos — bard from Minasfeld
2025-01-11T12:00:00.000Z [town] @ Belfos Rumor in Belfos — Word spreads that The Wandering Merchants of Order of the Hawk reached Belfos with livestock.
2025-01-11T12:00:00.000Z [road] @ Azmarin [The Wandering Peddlers, Sons of the Wolf] The Wandering Peddlers is raided! — Sons of the Wolf forces have intercepted the caravan en route to Belfos.
2025-01-11T12:00:00.000Z [town] @ Azmarin Trade routes near Azmarin grow dangerous — Merchants speak of losses. Some refuse to travel until the roads are secured.
2025-01-11T13:00:00.000Z [faction] @ Belfos [The Hawk Compact] The Hawk Compact eyes Belfos for its textiles — Desperate for textiles, the faction has decided to take the settlement by force.
2025-01-11T14:00:00.000Z [road] @ Greenmist [Parthenius's Band] Parthenius's Band spot signs of danger — A cairn of skulls marks a territorial boundary.
2025-01-11T14:00:00.000Z [town] @ Minasfeld Word spreads in Minasfeld — Thieves struck near Azmarin. The roads grow dangerous.
2025-01-11T14:00:00.000Z [town] @ Belfos [Peli] Construction continues on Peli's stronghold — Masons and laborers work tirelessly. The foundations are deep and the walls rise.
2025-01-11T15:00:00.000Z [road] @ Greenmist [Parthenius's Band] Parthenius's Band spot signs of danger — A cairn of skulls marks a territorial boundary.
2025-01-11T16:00:00.000Z [road] @ Greenmist [Parthenius's Band, giant eagles] Parthenius's Band hunt down marauding giant eagles — With lengthening shadows waterfalls roaring into gorges. A few shadow-cloaked giant eagles, moving with purpose. They stood their ground against the charging enemy. A well-timed spell from their caster turned the tide.
2025-01-11T17:00:00.000Z [road] @ Windleigh Northbeach Traders makes camp under escort — Road to Belfos (road) quiet tonight.
2025-01-11T17:00:00.000Z [road] @ Greenmist Beroldus's Wagons makes camp under escort — Road to Belfos (road) quiet tonight.
2025-01-11T18:00:00.000Z [system] The world turns (25th of Deepwinter, Year 1055) — 1 parties traveling, 1 resting. 0 threats lurk.
2025-01-11T18:00:00.000Z [road] @ Greenmist [Parthenius's Band, yeti] yeti offer Parthenius's Band aid on the road — As lanterns were kindled the crack of splitting rock. Clouds obscure all but the lowest slopes. A solitary night-hunting yeti, blocking the path. They agreed to respect each other's territories.
2025-01-11T18:00:00.000Z [town] @ Azmarin [Molora, Eurydamus] Molora instructs Eurydamus — The student shows promise—or perhaps stubborn foolishness. Amidst the growing danger in Azmarin, their mentor feels all the more pressing.
2025-01-11T18:00:00.000Z [town] @ Belfos [Wantelien] Magical mist chokes Belfos — A toxic green cloud, conjured by Wantelien, rolls through the streets. Panic ensues.
2025-01-11T19:00:00.000Z [dungeon] @ Greenmist [Parthenius's Band] Parthenius's Band discovers Cursed Citadel — As lanterns were kindled the crack of splitting rock. They have found An ancient cursed citadel from the First Age. Cursed Citadel was once a center of faith before its fall.
2025-01-11T20:00:00.000Z [town] @ Myrrka [Irantzu, Eryalus] Irantzu demonstrates new skills learned from Eryalus — Not every student surpasses the master, but hope remains.
2025-01-11T21:00:00.000Z [road] @ Greenmist [Parthenius's Band, the dwarven patrols called Melodie] the dwarven patrols called Melodie provide shelter from the weather — As songs rose from dim taverns stone cairns marking safe paths. Several shadow-cloaked dwarven patrols, apparently startled. An uneasy bargain was struck beneath wary eyes.
2025-01-11T21:00:00.000Z [town] @ Minasfeld Word spreads in Minasfeld — A valuable shipment was lost near Azmarin.
2025-01-11T21:00:00.000Z [town] @ Myrrka Word spreads in Myrrka — A valuable shipment was lost near Azmarin.
2025-01-11T22:00:00.000Z [road] @ Greenmist Beroldus's Wagons makes camp under escort — Road to Belfos (road) quiet tonight.
2025-01-11T22:00:00.000Z [road] @ Azmarin The Wandering Peddlers makes camp under escort — Road to Belfos (road) quiet tonight.
2025-01-11T23:00:00.000Z [road] @ Belfos The Wandering Merchants makes camp under escort — Road to Myrrka (road) quiet tonight.
2025-01-11T23:00:00.000Z [town] @ Belfos Northbeach Traders arrives at Belfos — Bringing grain/textiles from Windleigh with escorts.
2025-01-11T23:00:00.000Z [town] @ Belfos Cybele arrives in Belfos — guard from Windleigh
2025-01-11T23:00:00.000Z [town] @ Belfos Yllaria arrives in Belfos — merchant from Greenmist
2025-01-11T23:00:00.000Z [town] @ Azmarin Word spreads in Azmarin — Thieves struck near Belfos. The roads grow dangerous.
2025-01-12T00:00:00.000Z [system] The world turns (25th of Deepwinter, Year 1055) — 1 parties traveling, 1 resting. 0 threats lurk.
2025-01-12T00:00:00.000Z [road] @ Greenmist [Parthenius's Band, goblins] goblins guide Parthenius's Band to a hidden spring — While decent folk lay sleeping the ruins of a dwarven gatehouse. Clouds obscure all but the lowest slopes. A handful of night-hunting goblins, arguing among themselves. Both sides gained knowledge that might prove useful.
2025-01-12T00:00:00.000Z [road] @ Belfos [The Wandering Merchants, Sons of the Wolf] The Wandering Merchants is raided! — Sons of the Wolf forces have intercepted the caravan en route to Myrrka.
2025-01-12T00:00:00.000Z [town] @ Belfos Trade routes near Belfos grow dangerous — Merchants speak of losses. Some refuse to travel until the roads are secured.
2025-01-12T00:00:00.000Z [faction] @ Greenmist [The Hawk Compact] The Hawk Compact increases patrols — The Hawk Compact establishes toll stations to fund road security around Greenmist.
⏰ Catch-up progress: 79% (800/1008 turns)2025-01-12T01:00:00.000Z [road] @ Greenmist [Parthenius's Band, Cordylion's goblins] Parthenius's Band prepare defenses against potential Cordylion's goblins attack — Under a canopy of stars charred wood from forest fires hung in the air. Clouds obscure all but the lowest slopes. A swarm of night-hunting goblins, setting crude traps. They lived to fight—and win—another battle.
2025-01-12T01:00:00.000Z [town] @ Azmarin [Izot] Magical mist chokes Azmarin — A toxic green cloud, conjured by Izot, rolls through the streets. Panic ensues.
2025-01-12T02:00:00.000Z [road] @ Greenmist [Parthenius's Band, goblins] Parthenius's Band face goblins in deadly combat — In the cold hours before dawn a frozen waterfall. Clouds obscure all but the lowest slopes. A band of night-hunting goblins, carrying plunder. The fight was brief and brutal. The survivors withdrew. The victors claim 27 coin worth of plunder.
2025-01-12T03:00:00.000Z [road] @ Greenmist [Parthenius's Band] Parthenius's Band spot signs of danger — A cairn of skulls marks a territorial boundary.
2025-01-12T03:00:00.000Z [dungeon] @ Greenmist [Parthenius's Band] Parthenius's Band discovers Cursed Citadel — As the world held its breath smoke from signal fires hung in the air. They have found An ancient cursed citadel from the First Age. Cursed Citadel was once a center of faith before its fall.
2025-01-12T03:00:00.000Z [faction] @ Greenmist [Circle of the Dawn] Circle of the Dawn increases patrols — Circle of the Dawn enchants the roads against unlawful passage around Greenmist.
2025-01-12T03:00:00.000Z [town] @ Greenmist Word spreads in Greenmist — A valuable shipment was lost near Belfos.
2025-01-12T03:00:00.000Z [faction] @ Belfos [The Hawk Compact] The Hawk Compact sends relief to Belfos — Wagons of grain and medicine roll toward the suffering. Compassion—or calculated politics?
2025-01-12T04:00:00.000Z [town] @ Greenmist [Hans-Ruedi] Hans-Ruedi spreads tales — The laborer speaks openly of Parthenius's Band ambushed by giant bats. The story grows in the telling.
2025-01-12T04:00:00.000Z [town] @ Greenmist Word spreads in Greenmist — Hans-Ruedi tells all who will listen: "Parthenius's Band ambushed by giant bats." The tale spreads.
2025-01-12T05:00:00.000Z [town] @ Greenmist [Hans-Ruedi] Hans-Ruedi vows vengeance — Following Parthenius's Band clash with ogre, the laborer swears an oath that cannot go unanswered.
2025-01-12T05:00:00.000Z [town] @ Windleigh Word spreads in Windleigh — A valuable shipment was lost near Belfos.
2025-01-12T05:00:00.000Z [town] @ Greenmist [Hans-Ruedi, Cybele] Hans-Ruedi grows impatient with Cybele's excuses — Patience has limits, even for gold.
2025-01-12T06:00:00.000Z [system] The world turns (25th of Deepwinter, Year 1055) — 1 parties traveling, 1 resting. 0 threats lurk.
2025-01-12T06:00:00.000Z [faction] @ Belfos [Polydamna] Tracking the Polydamna: The Polydamna discover they are not alone in the chase. — The hunt enters its final phase. One will not survive.
2025-01-12T06:00:00.000Z [faction] @ Belfos [Saloua] The Hunt for Saloua: The Saloua's patience wears thin. — A deadly game of cat and mouse unfolds near Belfos.
2025-01-12T06:00:00.000Z [town] @ Belfos Disease outbreak in Belfos! — Local healers have identified The Red Ache among the populace. Fear spreads as quickly as the sickness.
2025-01-12T07:00:00.000Z [town] @ Greenmist Word spreads in Greenmist — A valuable shipment was lost near Azmarin.
2025-01-12T07:00:00.000Z [town] @ Belfos The Red Ache fades in Belfos — The worst of the sickness has passed. The bells ring in celebration.
2025-01-12T09:00:00.000Z [road] @ Greenmist [Parthenius's Band] Parthenius's Band shadowed by goblins — Tense standoff; both sides withdraw before blades are drawn.
2025-01-12T10:00:00.000Z [town] @ Myrrka Word spreads in Myrrka — Thieves struck near Belfos. The roads grow dangerous.
2025-01-12T11:00:00.000Z [weather] @ Windleigh The frozen roads isolate Windleigh — No word in or out. What happens in the settlement, stays there.
2025-01-12T11:00:00.000Z [road] @ Belfos The Wandering Merchants makes camp under escort — Road to Myrrka (road) quiet tonight.
2025-01-12T11:00:00.000Z [town] @ Belfos Peace reigns in the markets of Belfos — a crier announced the day's proclamations Peli the priest was seen about town.
2025-01-12T11:00:00.000Z [road] @ Belfos The New Caravan makes camp under escort — Road to Minasfeld (road) quiet tonight.
2025-01-12T11:00:00.000Z [town] @ Azmarin Fair weather and fair dealing in Azmarin — guild banners snapped in the breeze Molora the scout was seen about town.
2025-01-12T11:00:00.000Z [road] @ Azmarin [The Wandering Peddlers, Sons of the Wolf] The Wandering Peddlers is raided! — Sons of the Wolf forces have intercepted the caravan en route to Belfos.
2025-01-12T11:00:00.000Z [town] @ Myrrka Myrrka sees steady trade — a crier announced the day's proclamations Eadmund the laborer was seen about town.
2025-01-12T11:00:00.000Z [town] @ Azmarin Trade routes near Azmarin grow dangerous — Merchants speak of losses. Some refuse to travel until the roads are secured.
2025-01-12T11:00:00.000Z [town] @ Greenmist Peace reigns in the markets of Greenmist — chickens scattered before approaching travelers Mainardus the scout was seen about town. Folk whispered of Parthenius's Band's exploits.
2025-01-12T11:00:00.000Z [town] @ Greenmist [Eryalus, Irantzu] Eryalus takes Irantzu under their wing — Wisdom passed from one generation to the next.
2025-01-12T11:00:00.000Z [town] @ Belfos Peli seen in Belfos markets — priest haggles and swaps news.
2025-01-12T11:00:00.000Z [town] @ Belfos Cybele seen in Belfos markets — guard haggles and swaps news.
2025-01-12T11:00:00.000Z [town] @ Belfos Belfos folk watchful — Surplus grain/textiles/salt/fish and shortages in ore.
2025-01-12T11:00:00.000Z [town] @ Belfos Rumor in Belfos — The Storm Guild watches the markets quietly.
2025-01-12T11:00:00.000Z [town] @ Windleigh Windleigh tempers frayed — Surplus grain/ore and shortages in timber.
2025-01-12T11:00:00.000Z [town] @ Windleigh Rumor in Windleigh — Levies rumored to secure timber; officials say caravans delayed.
2025-01-12T11:00:00.000Z [town] @ Azmarin Azmarin tempers frayed — Surplus grain/textiles/salt and shortages in ore.
2025-01-12T11:00:00.000Z [town] @ Azmarin Rumor in Azmarin — The Storm Guild watches the markets quietly.
2025-01-12T11:00:00.000Z [town] @ Minasfeld Minasfeld tempers frayed — Surplus grain/textiles.
2025-01-12T11:00:00.000Z [town] @ Minasfeld Rumor in Minasfeld — Bargain prices on grain; traders racing to Minasfeld.
2025-01-12T11:00:00.000Z [town] @ Minasfeld Rumor in Minasfeld — Circle of the Dawn watches the markets quietly.
2025-01-12T11:00:00.000Z [town] @ Myrrka Eadmund seen in Myrrka markets — laborer haggles and swaps news.
2025-01-12T11:00:00.000Z [town] @ Myrrka Irantzu seen in Myrrka markets — guard haggles and swaps news.
2025-01-12T11:00:00.000Z [town] @ Myrrka Myrrka folk watchful — Surplus textiles/livestock and shortages in timber/salt.
2025-01-12T11:00:00.000Z [town] @ Myrrka Rumor in Myrrka — Levies rumored to secure timber; officials say caravans delayed.
2025-01-12T11:00:00.000Z [town] @ Myrrka Rumor in Myrrka — Circle of the Dawn watches the markets quietly.
2025-01-12T11:00:00.000Z [town] @ Greenmist Greenmist tempers frayed — Surplus grain/textiles/salt/fish and shortages in ore/livestock.
2025-01-12T11:00:00.000Z [town] @ Greenmist Rumor in Greenmist — Circle of the Dawn offers protection for caravans.
2025-01-12T11:00:00.000Z [weather] A great omen: snow falls in summer — Across the land, snow falls in summer. The old tales speak of such signs before great change.
2025-01-12T12:00:00.000Z [system] The world turns (26th of Deepwinter, Year 1055) — 1 parties traveling, 1 resting. 0 threats lurk.
2025-01-12T12:00:00.000Z [road] @ Greenmist [Parthenius's Band] Parthenius's Band spot giant bats and avoid notice — They detour carefully, leaving only faint tracks.
2025-01-12T12:00:00.000Z [town] @ Minasfeld The New Caravan arrives at Minasfeld — Bringing grain/textiles from Belfos with escorts.
2025-01-12T12:00:00.000Z [town] @ Minasfeld Emlyn arrives in Minasfeld — scout from Minasfeld
2025-01-12T12:00:00.000Z [town] @ Minasfeld Ilene arrives in Minasfeld — bard from Windleigh
2025-01-12T12:00:00.000Z [road] @ Azmarin The Wandering Peddlers makes camp under escort — Road to Belfos (road) quiet tonight.
2025-01-12T12:00:00.000Z [faction] @ Greenmist [Sons of the Wolf] Sons of the Wolf increases patrols — Warriors from Sons of the Wolf stand guard along the highways near Greenmist.
2025-01-12T13:00:00.000Z [road] @ Greenmist [Parthenius's Band] Parthenius's Band spot signs of danger — Eagle cries echo, but no birds are visible.
2025-01-12T13:00:00.000Z [road] @ Greenmist [Parthenius's Band, orc raiders] orc raiders shadow Parthenius's Band but keep their distance — While sensible folk sought shade vast chasms with no visible bottom. Clouds obscure all but the lowest slopes. A few battle-scarred orc raiders, dragging captives. A calculated withdrawal to more favorable ground.
2025-01-12T13:00:00.000Z [road] @ Greenmist [Parthenius's Band] Parthenius's Band ambushed by giant bats — Forced retreat; they fall back to regroup.
2025-01-12T14:00:00.000Z [road] @ Greenmist [Parthenius's Band, wyverns] wyverns follow Parthenius's Band at a safe distance — With lengthening shadows ominous silence after an avalanche. Two or three night-hunting wyverns, apparently startled. Sometimes wisdom is knowing when to flee.
2025-01-12T14:00:00.000Z [town] @ Greenmist Mood darkens in Greenmist — Following recent events, the people's spirit sinks.
2025-01-12T14:00:00.000Z [faction] @ Greenmist [Parthenius's Band] The Hunt for Parthenius's Band: The chase crosses into forbidden territory. — Parthenius's Band stalks a dangerous quarry across the region.
2025-01-12T14:00:00.000Z [faction] @ Greenmist [Parthenius's Band, Hab's orc raiders] Strike and Vanish: Smoke signals warn of the advance. — Hit and run tactics terrorize Greenmist.
2025-01-12T15:00:00.000Z [road] @ Greenmist [Parthenius's Band] Parthenius's Band completes rest — Ready to travel again.
2025-01-12T16:00:00.000Z [road] @ Belfos The Wandering Merchants makes camp under escort — Road to Myrrka (road) quiet tonight.
2025-01-12T16:00:00.000Z [town] @ Belfos Beroldus's Wagons arrives at Belfos — Bringing salt/fish from Greenmist with escorts under banner of Circle of the Dawn.
2025-01-12T16:00:00.000Z [town] @ Belfos Mainardus arrives in Belfos — scout from Azmarin
2025-01-12T16:00:00.000Z [town] @ Belfos Eurydamus arrives in Belfos — merchant from Windleigh
2025-01-12T16:00:00.000Z [town] @ Belfos Rumor in Belfos — Word spreads that Beroldus's Wagons of Circle of the Dawn reached Belfos with salt/fish.
⏰ Catch-up progress: 89% (900/1008 turns)2025-01-12T17:00:00.000Z [road] @ Belfos The Wandering Merchants makes camp under escort — Road to Myrrka (road) quiet tonight.
2025-01-12T18:00:00.000Z [system] The world turns (26th of Deepwinter, Year 1055) — 1 parties traveling, 1 resting. 0 threats lurk.
2025-01-12T18:00:00.000Z [road] @ Belfos Northbeach Traders makes camp under escort — Road to Windleigh (road) quiet tonight.
2025-01-12T18:00:00.000Z [faction] @ Belfos [Sons of the Wolf] Sons of the Wolf eyes Belfos for its grain — Desperate for grain, the faction has decided to take the settlement by force.
2025-01-12T19:00:00.000Z [road] @ Greenmist [Parthenius's Band] Parthenius's Band spot signs of danger — Eagle cries echo, but no birds are visible.
2025-01-12T19:00:00.000Z [road] @ Belfos Northbeach Traders makes camp under escort — Road to Windleigh (road) quiet tonight.
2025-01-12T21:00:00.000Z [road] @ Greenmist [Parthenius's Band] Parthenius's Band spot signs of danger — Giant footprints in the snow, each as long as a man is tall.
2025-01-12T21:00:00.000Z [town] @ Greenmist [Eryalus] Construction continues on Eryalus's stronghold — Masons and laborers work tirelessly. The foundations are deep and the walls rise.
2025-01-12T22:00:00.000Z [road] @ Belfos [Northbeach Traders, Sons of the Wolf] Northbeach Traders is raided! — Sons of the Wolf forces have intercepted the caravan en route to Windleigh.
2025-01-12T22:00:00.000Z [town] @ Belfos Trade routes near Belfos grow dangerous — Merchants speak of losses. Some refuse to travel until the roads are secured.
2025-01-12T22:00:00.000Z [road] @ Azmarin The Wandering Peddlers makes camp under escort — Road to Belfos (road) quiet tonight.
2025-01-12T23:00:00.000Z [road] @ Greenmist [Parthenius's Band] Parthenius's Band spot signs of danger — A cairn of skulls marks a territorial boundary.
2025-01-12T23:00:00.000Z [road] @ Greenmist [Parthenius's Band, yeti] Parthenius's Band trade news with passing yeti — In the hush of late night eagles screaming overhead. Clouds obscure all but the lowest slopes. One red-eyed in the dark yeti, watching warily. An uneasy bargain was struck beneath wary eyes.
2025-01-12T23:00:00.000Z [town] @ Windleigh Disease outbreak in Windleigh! — Local healers have identified Gripsha among the populace. Fear spreads as quickly as the sickness.
2025-01-13T00:00:00.000Z [system] The world turns (26th of Deepwinter, Year 1055) — 1 parties traveling, 1 resting. 0 threats lurk.
2025-01-13T00:00:00.000Z [road] @ Greenmist [Parthenius's Band] Parthenius's Band ambushed by orc raiders — Forced retreat; they fall back to regroup.
2025-01-13T00:00:00.000Z [town] @ Azmarin Word spreads in Azmarin — A valuable shipment was lost near Belfos.
2025-01-13T01:00:00.000Z [road] @ Greenmist [Parthenius's Band] Parthenius's Band clash with giant bats — Brief skirmish; foes driven off with minor bruises.
2025-01-13T02:00:00.000Z [road] @ Greenmist [Parthenius's Band] Parthenius's Band spot signs of danger — The ruins of a dwarven waystation, recently looted.
2025-01-13T02:00:00.000Z [road] @ Greenmist [Parthenius's Band, trolls] Parthenius's Band siege trolls's encampment — In the cold hours before dawn crystal formations in cave mouths. Countless shadow-cloaked trolls, emerging from concealment. The foe's weapons glanced off enchanted armor. A well-timed spell from their caster turned the tide.
2025-01-13T02:00:00.000Z [road] @ Greenmist [Parthenius's Band] Parthenius's Band grows in power! — Through hardship and battle, the members of Parthenius's Band have reached level 5.
2025-01-13T03:00:00.000Z [road] @ Greenmist [Parthenius's Band, goblins] goblins offer Parthenius's Band aid on the road — In the witching hour eagles soaring on thermal winds. Many night-hunting goblins, worshipping a crude idol. Words proved mightier than steel on this occasion. A glacier grinding slowly downward marked the scene.
2025-01-13T03:00:00.000Z [road] @ Belfos Northbeach Traders makes camp under escort — Road to Windleigh (road) quiet tonight.
2025-01-13T03:00:00.000Z [town] @ Myrrka [Gawyne] Construction continues on Gawyne's stronghold — Masons and laborers work tirelessly. The foundations are deep and the walls rise.
2025-01-13T04:00:00.000Z [road] @ Greenmist [Parthenius's Band, ogres] ogres charge Parthenius's Band with weapons drawn — In the witching hour avalanche scars on rocky faces. A lone dim-witted ogres, emerging from concealment. The foe's weapons glanced off enchanted armor. A well-timed spell from their caster turned the tide.
2025-01-13T04:00:00.000Z [town] @ Greenmist Word spreads in Greenmist — A valuable shipment was lost near Belfos.
2025-01-13T04:00:00.000Z [town] @ Belfos [Mainardus] Magical mist chokes Belfos — A toxic green cloud, conjured by Mainardus, rolls through the streets. Panic ensues.
2025-01-13T05:00:00.000Z [road] @ Greenmist [Parthenius's Band] Parthenius's Band parley with orc raiders — Trade news and share a quick meal before parting ways.
2025-01-13T06:00:00.000Z [system] The world turns (26th of Deepwinter, Year 1055) — 1 parties traveling, 1 resting. 0 threats lurk.
2025-01-13T06:00:00.000Z [road] @ Greenmist [Parthenius's Band] Parthenius's Band discovers The Sun-bleached Altar — With the first cock-crow wild mint growing in cracks hung in the air. A sun-bleached altar, home to a silent, white-haired hermit. They find a marking pointing toward a hidden cache.
2025-01-13T06:00:00.000Z [weather] @ Belfos [Wantelien] Wantelien alters the weather — Through ancient incantations, the Magic-User calls forth cloudy over the region.
2025-01-13T07:00:00.000Z [faction] @ Greenmist [Gotteschalk] The Greenmist Plague: Traditional remedies are tried. — A deadly sickness sweeps through Greenmist.
2025-01-13T08:00:00.000Z [town] @ Myrrka The Wandering Merchants arrives at Myrrka — Bringing livestock from Belfos with escorts under banner of Order of the Hawk.
2025-01-13T08:00:00.000Z [town] @ Myrrka Katixa arrives in Myrrka — guard from Myrrka
2025-01-13T08:00:00.000Z [town] @ Myrrka Wantelien arrives in Myrrka — bard from Minasfeld
2025-01-13T08:00:00.000Z [town] @ Myrrka Rumor in Myrrka — Word spreads that The Wandering Merchants of Order of the Hawk reached Myrrka with livestock.
2025-01-13T08:00:00.000Z [town] @ Belfos The Wandering Peddlers arrives at Belfos — Bringing grain/textiles from Azmarin with escorts.
2025-01-13T08:00:00.000Z [town] @ Belfos Molora arrives in Belfos — scout from Myrrka
2025-01-13T08:00:00.000Z [town] @ Belfos Izot arrives in Belfos — bard from Belfos
2025-01-13T09:00:00.000Z [road] @ Greenmist [Parthenius's Band, yeti] yeti teach Parthenius's Band a useful survival skill — As folk went about their labors lightning-blasted trees at timberline. Clouds obscure all but the lowest slopes. A few shadow-cloaked yeti, blocking the path. Coin changed hands. Honor was satisfied, barely.
2025-01-13T09:00:00.000Z [road] @ Belfos [Northbeach Traders, Sons of the Wolf] Northbeach Traders is raided! — Sons of the Wolf forces have intercepted the caravan en route to Windleigh.
2025-01-13T09:00:00.000Z [town] @ Belfos Trade routes near Belfos grow dangerous — Merchants speak of losses. Some refuse to travel until the roads are secured.
2025-01-13T09:00:00.000Z [road] @ Belfos [The Wandering Peddlers, Sons of the Wolf] The Wandering Peddlers is raided! — Sons of the Wolf forces have intercepted the caravan en route to Azmarin.
2025-01-13T09:00:00.000Z [town] @ Belfos Trade routes near Belfos grow dangerous — Merchants speak of losses. Some refuse to travel until the roads are secured.
⏰ Catch-up progress: 99% (1000/1008 turns)2025-01-13T10:00:00.000Z [town] @ Greenmist [Eryalus] Construction continues on Eryalus's stronghold — Masons and laborers work tirelessly. The foundations are deep and the walls rise.
2025-01-13T11:00:00.000Z [road] @ Belfos [Beroldus's Wagons, Sons of the Wolf] Beroldus's Wagons is raided! — Sons of the Wolf forces have intercepted the caravan en route to Greenmist.
2025-01-13T11:00:00.000Z [weather] @ Myrrka Winter's grip tightens on Myrrka — Sounds were muffled under the white covering.
2025-01-13T11:00:00.000Z [weather] @ Belfos Supplies run low in Belfos — Rations are cut. The granaries are watched. Theft becomes tempting.
2025-01-13T11:00:00.000Z [town] @ Belfos Trade routes near Belfos grow dangerous — Merchants speak of losses. Some refuse to travel until the roads are secured.
2025-01-13T11:00:00.000Z [town] @ Belfos Commerce flows through Belfos — the town watch marched in ordered formation Peli the priest was seen about town.
2025-01-13T11:00:00.000Z [town] @ Windleigh Word spreads in Windleigh — Thieves struck near Belfos. The roads grow dangerous.
2025-01-13T11:00:00.000Z [town] @ Windleigh The usual business in Windleigh — the town watch marched in ordered formation
2025-01-13T11:00:00.000Z [town] @ Myrrka [Wantelien, Yllaria] Wantelien grows impatient with Yllaria's excuses — Patience has limits, even for gold.
2025-01-13T11:00:00.000Z [town] @ Minasfeld Peace reigns in the markets of Minasfeld — the blacksmith's hammer rang out steadily Ilene the bard was seen about town.
2025-01-13T11:00:00.000Z [town] @ Myrrka Myrrka sees steady trade — merchants hawked wares in crowded market squares Katixa the guard was seen about town.
2025-01-13T11:00:00.000Z [town] @ Greenmist Peace reigns in the markets of Greenmist — chickens scattered before approaching travelers Hans-Ruedi the laborer was seen about town. Folk whispered of Parthenius's Band's exploits.
2025-01-13T11:00:00.000Z [town] @ Belfos Belfos folk watchful — Surplus grain/textiles/salt/fish and shortages in ore.
2025-01-13T11:00:00.000Z [town] @ Belfos Rumor in Belfos — Levies rumored to secure ore; officials say caravans delayed.
2025-01-13T11:00:00.000Z [town] @ Belfos Rumor in Belfos — The Storm Guild watches the markets quietly.
2025-01-13T11:00:00.000Z [town] @ Windleigh Windleigh tempers frayed — Surplus grain/ore and shortages in timber.
2025-01-13T11:00:00.000Z [town] @ Windleigh Rumor in Windleigh — Levies rumored to secure timber; officials say caravans delayed.
2025-01-13T11:00:00.000Z [town] @ Azmarin Azmarin tempers frayed — Surplus grain/textiles/salt.
2025-01-13T11:00:00.000Z [town] @ Azmarin Rumor in Azmarin — Bargain prices on salt; traders racing to Azmarin.
2025-01-13T11:00:00.000Z [town] @ Azmarin Rumor in Azmarin — Sons of the Wolf watches the markets quietly.
2025-01-13T11:00:00.000Z [town] @ Minasfeld Minasfeld tempers frayed — Surplus grain/textiles.
2025-01-13T11:00:00.000Z [town] @ Minasfeld Rumor in Minasfeld — cryptic mystery: a bard fresh from the road says Charilaus heard of strange lights near Wealdlock Crypt (from Minasfeld).
2025-01-13T11:00:00.000Z [town] @ Myrrka Katixa seen in Myrrka markets — guard haggles and swaps news.
2025-01-13T11:00:00.000Z [town] @ Myrrka Eadmund seen in Myrrka markets — laborer haggles and swaps news.
2025-01-13T11:00:00.000Z [town] @ Myrrka Myrrka folk watchful — Surplus textiles/livestock and shortages in timber/salt.
2025-01-13T11:00:00.000Z [town] @ Myrrka Rumor in Myrrka — Levies rumored to secure timber; officials say caravans delayed.
2025-01-13T11:00:00.000Z [town] @ Greenmist Parthenius's Band hailed in Greenmist — Locals toast their exploits.
2025-01-13T11:00:00.000Z [town] @ Greenmist Greenmist tempers frayed — Surplus grain/textiles/salt and shortages in ore/livestock.
2025-01-13T11:00:00.000Z [town] @ Greenmist Rumor in Greenmist — Levies rumored to secure livestock; officials say caravans delayed.

✓ Caught up! World time is now synchronized.

╔════════════════════════════════════════════════════════════════╗
║  BECMI Real-Time Simulator                                     ║
║  27th of Deepwinter, Year 1055                                 ║
╠════════════════════════════════════════════════════════════════╣
║  Seed: gator                                                   ║
║  Time Scale: 1x (turn every 600000ms)                          ║
║  Settlements: 6   Parties: 2   Antagonists: 0                  ║
║  Active Stories: 8                                             ║
╚════════════════════════════════════════════════════════════════╝

