2026-01-05T21:39:19.451Z [system] The chronicle begins: Standard — January 5th, 2026. The simulation awakens in an era known as the Standard.
2026-01-05T21:39:19.451Z [town] @ Belfos Belfos stirs to life — Guild banners snapped in the breeze under an indigo sky.
2026-01-05T21:39:19.451Z [town] @ Windleigh Windleigh stirs to life — Guild banners snapped in the breeze as songs rose from dim taverns.
2026-01-05T21:39:19.451Z [faction] @ Windleigh [Dionysios] A new tale begins: "Seals Breaking" — Ancient wards fail. What they imprisoned walks again.
2026-01-05T21:39:19.451Z [town] @ Azmarin Azmarin stirs to life — A crier announced the day's proclamations as songs rose from dim taverns.
2026-01-05T21:39:19.451Z [town] @ Minasfeld Minasfeld stirs to life — Children chased each other through muddy lanes under an indigo sky.
2026-01-05T21:39:19.451Z [town] @ Myrrka Myrrka stirs to life — A crier announced the day's proclamations with ale flowing in taprooms.
2026-01-05T21:39:19.451Z [faction] @ Myrrka [Engelwara] A new tale begins: "The Old Darkness Returns" — Engelwara races to prevent catastrophe.
2026-01-05T21:39:19.451Z [town] @ Greenmist Greenmist stirs to life — Chickens scattered before approaching travelers as the stars emerged one by one.
2026-01-05T21:39:19.451Z [faction] @ Myrrka [Mendia the Pallid] The shadow of Mendia the Pallid falls over the region — Wizards whisper of forbidden arts practiced in secret.
2026-01-05T21:39:19.451Z [road] @ Belfos [The Grim Wolves] The Grim Wolves departs Belfos — Bound for Windleigh across road (~12 miles).
2026-01-05T21:39:19.451Z [road] @ Greenmist [Parthenius's Band] Parthenius's Band departs Greenmist — Bound for Belfos across road (~36 miles).
2026-01-05T21:39:19.451Z [town] @ Belfos Commerce flows through Belfos — the town watch marched in ordered formation Peli the priest was seen about town.
2026-01-05T21:39:19.451Z [town] @ Windleigh The usual business in Windleigh — guild banners snapped in the breeze Cybele the guard was seen about town.
2026-01-05T21:39:19.451Z [town] @ Azmarin Azmarin sees steady trade — a crier announced the day's proclamations Mainardus the scout was seen about town.
2026-01-05T21:39:19.451Z [town] @ Minasfeld The usual business in Minasfeld — chickens scattered before approaching travelers Theodric the scout was seen about town.
2026-01-05T21:39:19.451Z [town] @ Myrrka Commerce flows through Myrrka — merchants hawked wares in crowded market squares Katixa the guard was seen about town.
2026-01-05T21:39:19.451Z [town] @ Greenmist Greenmist sees steady trade — children chased each other through muddy lanes Eryalus the laborer was seen about town.
2026-01-05T21:39:19.451Z [town] @ Belfos Peli seen in Belfos markets — priest haggles and swaps news.
2026-01-05T21:39:19.451Z [town] @ Belfos Izot seen in Belfos markets — bard haggles and swaps news.
2026-01-05T21:39:19.451Z [town] @ Belfos Belfos folk watchful — Shortages in grain/ore.
2026-01-05T21:39:19.451Z [town] @ Belfos Rumor in Belfos — Levies rumored to secure ore; officials say caravans delayed.
2026-01-05T21:39:19.451Z [town] @ Belfos Rumor in Belfos — The Storm Guild watches the markets quietly.
2026-01-05T21:39:19.451Z [town] @ Belfos Rumor in Belfos — Sons of the Wolf watches the markets quietly.
2026-01-05T21:39:19.451Z [town] @ Belfos Rumor in Belfos — Order of the Hawk watches the markets quietly.
2026-01-05T21:39:19.451Z [town] @ Belfos Rumor in Belfos — Circle of the Dawn watches the markets quietly.
2026-01-05T21:39:19.451Z [town] @ Belfos Rumor in Belfos — The Hawk Compact watches the markets quietly.
2026-01-05T21:39:19.451Z [town] @ Windleigh Cybele seen in Windleigh markets — guard haggles and swaps news.
2026-01-05T21:39:19.451Z [town] @ Windleigh Ilene seen in Windleigh markets — bard haggles and swaps news.
2026-01-05T21:39:19.451Z [town] @ Windleigh Windleigh folk watchful — Surplus ore/fish and shortages in textiles/salt/livestock.
2026-01-05T21:39:19.451Z [town] @ Windleigh Rumor in Windleigh — Levies rumored to secure salt; officials say caravans delayed.
2026-01-05T21:39:19.451Z [town] @ Azmarin Azmarin folk watchful — Surplus textiles/salt and shortages in livestock.
2026-01-05T21:39:19.451Z [town] @ Azmarin Rumor in Azmarin — Bargain prices on textiles; traders racing to Azmarin.
2026-01-05T21:39:19.451Z [town] @ Azmarin Rumor in Azmarin — Circle of the Dawn watches the markets quietly.
2026-01-05T21:39:19.451Z [town] @ Minasfeld Theodric seen in Minasfeld markets — scout haggles and swaps news.
2026-01-05T21:39:19.451Z [town] @ Minasfeld Hans-Ruedi seen in Minasfeld markets — laborer haggles and swaps news.
2026-01-05T21:39:19.451Z [town] @ Minasfeld Minasfeld folk watchful — Surplus livestock.
2026-01-05T21:39:19.451Z [town] @ Minasfeld Rumor in Minasfeld — Sons of the Wolf watches the markets quietly.
2026-01-05T21:39:19.451Z [town] @ Myrrka Myrrka spirits high — Surplus textiles and shortages in salt/livestock.
2026-01-05T21:39:19.451Z [town] @ Myrrka Rumor in Myrrka — Bargain prices on textiles; traders racing to Myrrka.
2026-01-05T21:39:19.451Z [town] @ Myrrka Rumor in Myrrka — Order of the Hawk watches the markets quietly.
2026-01-05T21:39:19.451Z [town] @ Greenmist Greenmist folk watchful — Surplus grain/timber/textiles and shortages in salt/fish/livestock.
2026-01-05T21:39:19.451Z [town] @ Greenmist Rumor in Greenmist — The Storm Guild watches the markets quietly.
