2026-01-01T00:00:00.000Z [system] The chronicle begins: Standard — January 1st, 2026. The simulation awakens in an era known as the Standard.
2026-01-01T00:00:00.000Z [town] @ Belfos Belfos stirs to life — Guild banners snapped in the breeze while decent folk lay sleeping.
2026-01-01T00:00:00.000Z [town] @ Windleigh Windleigh stirs to life — Guild banners snapped in the breeze in the hush of late night.
2026-01-01T00:00:00.000Z [faction] @ Windleigh [Dionysios] A new tale begins: "Seals Breaking" — Ancient wards fail. What they imprisoned walks again.
2026-01-01T00:00:00.000Z [town] @ Azmarin Azmarin stirs to life — A crier announced the day's proclamations in the hush of late night.
2026-01-01T00:00:00.000Z [town] @ Minasfeld Minasfeld stirs to life — Children chased each other through muddy lanes while decent folk lay sleeping.
2026-01-01T00:00:00.000Z [town] @ Myrrka Myrrka stirs to life — A crier announced the day's proclamations with only moonlight for company.
2026-01-01T00:00:00.000Z [faction] @ Myrrka [Engelwara] A new tale begins: "The Old Darkness Returns" — Engelwara races to prevent catastrophe.
2026-01-01T00:00:00.000Z [town] @ Greenmist Greenmist stirs to life — Chickens scattered before approaching travelers as owls hunted in darkness.
2026-01-01T00:00:00.000Z [faction] @ Myrrka [Mendia the Pallid] The shadow of Mendia the Pallid falls over the region — Wizards whisper of forbidden arts practiced in secret.
2026-01-01T00:00:00.000Z [town] Happy New Year: 2026 — Church bells ring across the land. A fresh page turns in the chronicle.
2026-01-01T00:00:00.000Z [town] @ Belfos The spirit of New Year fills Belfos — The start of a new year brings hope and renewal. The community comes together in celebration.
2026-01-01T00:00:00.000Z [town] @ Windleigh Windleigh observes New Year — The start of a new year brings hope and renewal. Visitors are welcomed with festive cheer.
2026-01-01T00:00:00.000Z [town] @ Azmarin Azmarin observes New Year — The start of a new year brings hope and renewal. People gather to mark this special occasion.
2026-01-01T00:00:00.000Z [town] @ Minasfeld New Year celebrations in Minasfeld — The start of a new year brings hope and renewal. Merchants offer special deals; the air smells of celebration.
2026-01-01T00:00:00.000Z [town] @ Myrrka New Year celebrations in Myrrka — The start of a new year brings hope and renewal. Visitors are welcomed with festive cheer.
2026-01-01T00:00:00.000Z [town] @ Greenmist The spirit of New Year fills Greenmist — The start of a new year brings hope and renewal. People gather to mark this special occasion.
2026-01-01T00:00:00.000Z [faction] @ Greenmist [Kreon] A new tale begins: "Echoes of the Past" — The dead do not rest peacefully in Greenmist.
2026-01-01T00:00:00.000Z [weather] @ Myrrka Snowfall covers Myrrka — Snow blankets everything. Travel becomes difficult.
2026-01-01T00:00:00.000Z [road] @ Belfos [The Grim Wolves] The Grim Wolves departs Belfos — Bound for Myrrka across road (~42 miles).
2026-01-01T00:00:00.000Z [road] @ Greenmist [Parthenius's Band] Parthenius's Band departs Greenmist — Bound for Myrrka across mountains (~36 miles).
2026-01-01T00:00:00.000Z [town] @ Belfos Peli seen in Belfos markets — priest haggles and swaps news.
2026-01-01T00:00:00.000Z [town] @ Belfos Izot seen in Belfos markets — bard haggles and swaps news.
2026-01-01T00:00:00.000Z [town] @ Belfos Belfos folk watchful — Shortages in grain/ore.
2026-01-01T00:00:00.000Z [town] @ Belfos Rumor in Belfos — Levies rumored to secure ore; officials say caravans delayed.
2026-01-01T00:00:00.000Z [town] @ Belfos Rumor in Belfos — The Storm Guild watches the markets quietly.
2026-01-01T00:00:00.000Z [town] @ Belfos Rumor in Belfos — Sons of the Wolf watches the markets quietly.
2026-01-01T00:00:00.000Z [town] @ Belfos Rumor in Belfos — Order of the Hawk watches the markets quietly.
2026-01-01T00:00:00.000Z [town] @ Belfos Rumor in Belfos — Circle of the Dawn watches the markets quietly.
2026-01-01T00:00:00.000Z [town] @ Belfos Rumor in Belfos — The Hawk Compact watches the markets quietly.
2026-01-01T00:00:00.000Z [town] @ Windleigh Windleigh folk watchful — Surplus ore/fish and shortages in textiles/salt.
2026-01-01T00:00:00.000Z [town] @ Windleigh Rumor in Windleigh — Bargain prices on fish; traders racing to Windleigh.
2026-01-01T00:00:00.000Z [town] @ Windleigh Rumor in Windleigh — Order of the Hawk watches the markets quietly.
2026-01-01T00:00:00.000Z [town] @ Azmarin Mainardus seen in Azmarin markets — scout haggles and swaps news.
2026-01-01T00:00:00.000Z [town] @ Azmarin Azmarin spirits high — Surplus textiles/salt and shortages in ore/livestock.
2026-01-01T00:00:00.000Z [town] @ Azmarin Rumor in Azmarin — whispered mystery: a bard fresh from the road says Millesenta heard of whispers of depth 3 halls (from Azmarin).
2026-01-01T00:00:00.000Z [town] @ Azmarin Rumor in Azmarin — Sons of the Wolf watches the markets quietly.
2026-01-01T00:00:00.000Z [town] @ Azmarin Rumor in Azmarin — The Hawk Compact watches the markets quietly.
2026-01-01T00:00:00.000Z [town] @ Minasfeld Minasfeld folk watchful — Surplus textiles/livestock.
2026-01-01T00:00:00.000Z [town] @ Minasfeld Rumor in Minasfeld — Circle of the Dawn watches the markets quietly.
2026-01-01T00:00:00.000Z [town] @ Myrrka Myrrka folk watchful — Surplus textiles and shortages in salt/livestock.
2026-01-01T00:00:00.000Z [town] @ Myrrka Rumor in Myrrka — The Hawk Compact watches the markets quietly.
2026-01-01T00:00:00.000Z [town] @ Greenmist Greenmist folk watchful — Surplus grain/textiles and shortages in salt/fish.
2026-01-01T01:00:00.000Z [town] @ Myrrka Word spreads in Myrrka — Travelers speak of Mendia the Pallid. Ascending to godhood.
2026-01-01T01:00:00.000Z [town] @ Myrrka Mood darkens in Myrrka — Following recent events, the people's spirit sinks.
2026-01-01T01:00:00.000Z [faction] The Storm Guild declares a shortage of fish — Their stockpiles are low. They will seek fish by any means necessary.
2026-01-01T01:00:00.000Z [faction] Circle of the Dawn declares a shortage of grain — Their stockpiles are low. They will seek grain by any means necessary.
2026-01-01T01:00:00.000Z [road] @ hex:0,9 glabrezu and giant-centipede tensions rise — Two populations eye the same territory. Conflict seems inevitable.
2026-01-01T01:00:00.000Z [road] @ hex:4,5 drow and goblin tensions rise — Two populations eye the same territory. Conflict seems inevitable.
2026-01-01T01:00:00.000Z [road] @ hex:7,6 su-monster and goblin tensions rise — Two populations eye the same territory. Conflict seems inevitable.
2026-01-01T02:00:00.000Z [road] @ Greenmist [Parthenius's Band] Parthenius's Band spot signs of danger — Eagle cries echo, but no birds are visible.
2026-01-01T02:00:00.000Z [town] @ Minasfeld [Hans-Ruedi, Cybele] Hans-Ruedi grows impatient with Cybele's excuses — The ledger must balance, one way or another.
2026-01-01T02:00:00.000Z [faction] The Storm Guild declares a shortage of grain — Their stockpiles are low. They will seek grain by any means necessary.
2026-01-01T02:00:00.000Z [faction] The Hawk Compact declares a shortage of livestock — Their stockpiles are low. They will seek livestock by any means necessary.
2026-01-01T02:00:00.000Z [faction] @ the region [Wattie] A new tale begins: "The Bargain" — Wattie made a deal with powers best left alone.
2026-01-01T02:00:00.000Z [road] @ hex:3,2 bear and skeleton tensions rise — Two populations eye the same territory. Conflict seems inevitable.
2026-01-01T02:00:00.000Z [road] @ hex:3,7 giant-snake and bear tensions rise — Two populations eye the same territory. Conflict seems inevitable.
2026-01-01T03:00:00.000Z [road] @ Greenmist [Parthenius's Band] Parthenius's Band spot signs of danger — Giant footprints in the snow, each as long as a man is tall.
2026-01-01T03:00:00.000Z [faction] @ Greenmist [Parthenius's Band] A new tale begins: "Blood on the Trail" — Parthenius's Band stalks a dangerous quarry across the region.
2026-01-01T03:00:00.000Z [road] @ Greenmist [Parthenius's Band, orc raiders] orc raiders follow Parthenius's Band at a safe distance — In the witching hour Clouds obscure all but the lowest slopes. A group of frenzied orc raiders, performing war rituals. They established rules for future encounters. Eagles soaring on thermal winds marked the scene.
2026-01-01T03:00:00.000Z [faction] @ Greenmist [Parthenius's Band, orc raiders] A new tale begins: "Fire in Greenmist" — Parthenius's Band strikes fast at Greenmist and withdraws before retaliation.
2026-01-01T03:00:00.000Z [faction] Sons of the Wolf declares a shortage of ore — Their stockpiles are low. They will seek ore by any means necessary.
2026-01-01T03:00:00.000Z [faction] The Hawk Compact declares a shortage of textiles — Their stockpiles are low. They will seek textiles by any means necessary.
2026-01-01T03:00:00.000Z [road] @ hex:3,9 bear and orc tensions rise — Two populations eye the same territory. Conflict seems inevitable.
2026-01-01T04:00:00.000Z [road] @ Belfos [The Grim Wolves] The Grim Wolves discovers The Cracked Statue — When shadows grew deepest the creak of wagon wheels. A cracked statue, whispering in an unknown, melodic tongue. A sudden vision of what is to come flashes before them.
2026-01-01T04:00:00.000Z [road] @ Greenmist [Parthenius's Band] Parthenius's Band spot signs of danger — Giant footprints in the snow, each as long as a man is tall.
2026-01-01T04:00:00.000Z [faction] The Storm Guild declares a shortage of textiles — Their stockpiles are low. They will seek textiles by any means necessary.
2026-01-01T04:00:00.000Z [faction] Order of the Hawk declares a shortage of timber — Their stockpiles are low. They will seek timber by any means necessary.
2026-01-01T04:00:00.000Z [faction] The Hawk Compact declares a shortage of salt — Their stockpiles are low. They will seek salt by any means necessary.
2026-01-01T04:00:00.000Z [road] @ hex:5,3 giant-raven and skeleton tensions rise — Two populations eye the same territory. Conflict seems inevitable.
2026-01-01T05:00:00.000Z [road] @ Greenmist [Parthenius's Band, giant eagles] giant eagles share hunting tips with Parthenius's Band — As rose light crept across the land bridges spanning raging torrents. A horde of dangerous giant eagles, apparently startled. They established rules for future encounters.
2026-01-01T05:00:00.000Z [faction] [Order of the Hawk, The Storm Guild] Order of the Hawk proposes marriage alliance with The Storm Guild — Envoys are sent. Dowries discussed. A political wedding could reshape alliances.
2026-01-01T05:00:00.000Z [faction] The Storm Guild declares a shortage of livestock — Their stockpiles are low. They will seek livestock by any means necessary.
2026-01-01T05:00:00.000Z [faction] Circle of the Dawn declares a shortage of livestock — Their stockpiles are low. They will seek livestock by any means necessary.
2026-01-01T05:00:00.000Z [road] @ hex:3,7 giant-snake and goblin tensions rise — Two populations eye the same territory. Conflict seems inevitable.
2026-01-01T05:00:00.000Z [road] @ hex:4,8 rakshasa and pegasus tensions rise — Two populations eye the same territory. Conflict seems inevitable.
2026-01-01T05:00:00.000Z [road] @ hex:7,8 pyrolisk and revenant tensions rise — Two populations eye the same territory. Conflict seems inevitable.
2026-01-01T06:00:00.000Z [road] @ Greenmist [Parthenius's Band, dwarven patrols] Parthenius's Band keep their distance from armed dwarven patrols — As mist still clung to low places the crack of splitting rock. A solitary shadow-cloaked dwarven patrols, blocking the path. They traded information as valuable as gold.
2026-01-01T06:00:00.000Z [faction] Order of the Hawk declares a shortage of ore — Their stockpiles are low. They will seek ore by any means necessary.
2026-01-01T06:00:00.000Z [road] @ hex:9,0 sea-drake and giant-eel tensions rise — Two populations eye the same territory. Conflict seems inevitable.
2026-01-01T07:00:00.000Z [road] @ Belfos The New Caravan makes camp under escort — Road to Minasfeld (road) quiet tonight.
2026-01-01T07:00:00.000Z [faction] The Storm Guild declares a shortage of timber — Their stockpiles are low. They will seek timber by any means necessary.
2026-01-01T07:00:00.000Z [faction] Sons of the Wolf declares a shortage of salt — Their stockpiles are low. They will seek salt by any means necessary.
2026-01-01T07:00:00.000Z [faction] The Hawk Compact declares a shortage of grain — Their stockpiles are low. They will seek grain by any means necessary.
2026-01-01T07:00:00.000Z [faction] @ the region [Epistor] A new tale begins: "What Was Promised" — In the region, ancient bargains come due.
2026-01-01T08:00:00.000Z [road] @ Belfos [The Grim Wolves, bandits] bandits launch arrows at The Grim Wolves from hiding — As folk went about their labors a hanging sign creaking in the wind. Several desperate bandits, demanding toll. The foe's weapons glanced off enchanted armor. A well-timed spell from their caster turned the tide.
2026-01-01T08:00:00.000Z [road] @ Greenmist [Parthenius's Band] Parthenius's Band spot signs of danger — The ruins of a dwarven waystation, recently looted.
2026-01-01T08:00:00.000Z [faction] Circle of the Dawn declares a shortage of ore — Their stockpiles are low. They will seek ore by any means necessary.
2026-01-01T08:00:00.000Z [road] @ hex:3,7 giant-snake and drow tensions rise — Two populations eye the same territory. Conflict seems inevitable.
2026-01-01T09:00:00.000Z [road] @ Belfos [The Grim Wolves] The Grim Wolves spot signs of danger — Crows gather ahead. They scatter at your approach.
2026-01-01T09:00:00.000Z [faction] [The Hawk Compact, The Storm Guild] The Hawk Compact proposes marriage alliance with The Storm Guild — Envoys are sent. Dowries discussed. A political wedding could reshape alliances.
2026-01-01T10:00:00.000Z [road] @ Greenmist [Parthenius's Band] Parthenius's Band spot signs of danger — Giant footprints in the snow, each as long as a man is tall.
2026-01-01T10:00:00.000Z [town] @ Minasfeld [Theodric, Eadmund] Theodric instructs Eadmund — Wisdom passed from one generation to the next.
2026-01-01T11:00:00.000Z [road] @ Greenmist [Parthenius's Band] Parthenius's Band parley with ogre — Trade news and share a quick meal before parting ways.
2026-01-01T11:00:00.000Z [faction] Order of the Hawk declares a shortage of fish — Their stockpiles are low. They will seek fish by any means necessary.
2026-01-01T11:00:00.000Z [faction] Circle of the Dawn declares a shortage of timber — Their stockpiles are low. They will seek timber by any means necessary.
2026-01-01T11:00:00.000Z [town] @ Azmarin [The Shadow Hand, Zemarchus] The Shadow Hand plans a job against The Wandering Peddlers — The rulers of the shadows have set their sights on a caravan. Zemarchus leads the planning. It will take approximately 2 days to prepare.
2026-01-01T11:00:00.000Z [road] @ hex:2,7 golem-stone and chimera tensions rise — Two populations eye the same territory. Conflict seems inevitable.
2026-01-01T12:00:00.000Z [faction] Circle of the Dawn declares a shortage of fish — Their stockpiles are low. They will seek fish by any means necessary.
2026-01-01T12:00:00.000Z [road] @ hex:2,5 giant-raven and giant-centipede tensions rise — Two populations eye the same territory. Conflict seems inevitable.
2026-01-01T12:00:00.000Z [road] @ hex:3,7 giant-snake and sylph clash — Territorial war erupts! The sylph triumph, but 2 fall. The giant-snake lose 17 and retreat.
2026-01-01T13:00:00.000Z [road] @ Greenmist [Parthenius's Band] Parthenius's Band discovers The Sun-bleached Altar — As the bell tolled the sixth hour vast chasms with no visible bottom. A sun-bleached altar, whispering in an unknown, melodic tongue. They uncover a fragment of lost history.
2026-01-01T13:00:00.000Z [road] @ hex:0,9 glabrezu and giant-centipede clash — Territorial war erupts! The glabrezu triumph, but 3 fall. The giant-centipede lose 16 and retreat.
2026-01-01T13:00:00.000Z [road] @ hex:5,3 giant-raven and skeleton clash — Territorial war erupts! The skeleton triumph, but 4 fall. The giant-raven lose 11 and retreat.
2026-01-01T14:00:00.000Z [road] @ Greenmist [Parthenius's Band] Parthenius's Band spot signs of danger — The ruins of a dwarven waystation, recently looted.
2026-01-01T14:00:00.000Z [faction] The Storm Guild declares a shortage of ore — Their stockpiles are low. They will seek ore by any means necessary.
2026-01-01T14:00:00.000Z [faction] Order of the Hawk declares a shortage of salt — Their stockpiles are low. They will seek salt by any means necessary.
2026-01-01T14:00:00.000Z [town] @ Myrrka [Guinemat, The Dead Man's Purse] Merchant refuses The Dead Man's Purse's "protection" — Guinemat stands up to the guild. A brave but perhaps foolish act.
2026-01-01T14:00:00.000Z [road] @ hex:3,4 living-statue and nightwalker tensions rise — Two populations eye the same territory. Conflict seems inevitable.
2026-01-01T14:00:00.000Z [road] @ hex:4,5 drow and pyrohydra tensions rise — Two populations eye the same territory. Conflict seems inevitable.
2026-01-01T14:00:00.000Z [road] @ hex:7,7 rust-monster and chaos-beast tensions rise — Two populations eye the same territory. Conflict seems inevitable.
2026-01-01T14:00:00.000Z [faction] @ hex:7,7 [Itzia] A new tale begins: "Itzia's Last Stand" — Itzia stalks a dangerous quarry across the region.
2026-01-01T15:00:00.000Z [road] @ Greenmist [Parthenius's Band] Parthenius's Band shadowed by orc raiders — Tense standoff; both sides withdraw before blades are drawn.
2026-01-01T15:00:00.000Z [town] @ Belfos Word spreads in Belfos — Explorers speak of a strange discovery near Belfos.
2026-01-01T15:00:00.000Z [road] @ hex:2,7 giant-centipede and golem-stone clash — Territorial war erupts! The golem-stone triumph, but 1 fall. The giant-centipede lose 13 and retreat.
2026-01-01T15:00:00.000Z [road] @ hex:3,4 living-statue and drow tensions rise — Two populations eye the same territory. Conflict seems inevitable.
2026-01-01T15:00:00.000Z [road] @ hex:4,8 rakshasa and pegasus tensions rise — Two populations eye the same territory. Conflict seems inevitable.
2026-01-01T16:00:00.000Z [road] @ Greenmist [Parthenius's Band] Parthenius's Band spot signs of danger — Eagle cries echo, but no birds are visible.
2026-01-01T16:00:00.000Z [road] @ Greenmist [Parthenius's Band] Parthenius's Band spot goblins and avoid notice — They detour carefully, leaving only faint tracks.
2026-01-01T16:00:00.000Z [road] @ Windleigh Northbeach Traders makes camp under escort — Road to Belfos (road) quiet tonight.
2026-01-01T16:00:00.000Z [faction] Sons of the Wolf declares a shortage of textiles — Their stockpiles are low. They will seek textiles by any means necessary.
2026-01-01T16:00:00.000Z [road] @ hex:9,7 nereid and giant-eel tensions rise — Two populations eye the same territory. Conflict seems inevitable.
2026-01-01T17:00:00.000Z [town] @ Belfos [Peli] Construction continues on Peli's stronghold — Masons and laborers work tirelessly. The foundations are deep and the walls rise.
2026-01-01T17:00:00.000Z [road] @ hex:4,3 nightwalker and skeleton tensions rise — Two populations eye the same territory. Conflict seems inevitable.
2026-01-01T18:00:00.000Z [road] @ Greenmist [Parthenius's Band, goblins] Parthenius's Band hide their valuables from view — As lanterns were kindled A band of sneaky goblins, arguing among themselves. The negotiation revealed unexpected shared values.
2026-01-01T18:00:00.000Z [road] @ Belfos The Wandering Peddlers makes camp under escort — Road to Azmarin (road) quiet tonight.
2026-01-01T18:00:00.000Z [town] @ Belfos [Izot, Theodric] Izot seeks guidance from Theodric — The lessons take root.
2026-01-01T18:00:00.000Z [road] @ hex:3,9 bear and orc clash — Territorial war erupts! The orc triumph, but 5 fall. The bear lose 1 and retreat.
2026-01-01T18:00:00.000Z [road] @ hex:7,8 pyrolisk and giant-eel tensions rise — Two populations eye the same territory. Conflict seems inevitable.
2026-01-01T18:00:00.000Z [road] @ hex:7,8 chaos-beast and giant-eel clash — Territorial war erupts! The chaos-beast triumph, but 1 fall. The giant-eel lose 15 and retreat.
2026-01-01T18:00:00.000Z [road] @ hex:9,2 giant-eel and kelpie clash — Territorial war erupts! The kelpie triumph, but 0 fall. The giant-eel lose 5 and retreat.
2026-01-01T19:00:00.000Z [road] @ hex:2,7 giant-centipede and chimera tensions rise — Two populations eye the same territory. Conflict seems inevitable.
2026-01-01T20:00:00.000Z [road] @ Greenmist [Parthenius's Band] Parthenius's Band discovers The Cracked Cave — As the stars emerged one by one the faint metallic tang of ore hung in the air. A cracked cave, humming a low, vibrating note. The party feels a surge of mental clarity.
2026-01-01T20:00:00.000Z [town] @ Minasfeld [Theodric, Eadmund] Theodric takes Eadmund under their wing — The student shows promise—or perhaps stubborn foolishness.
2026-01-01T20:00:00.000Z [faction] [Sons of the Wolf, The Storm Guild] Sons of the Wolf proposes marriage alliance with The Storm Guild — Envoys are sent. Dowries discussed. A political wedding could reshape alliances.
2026-01-01T20:00:00.000Z [road] @ hex:5,6 sylph and phantom tensions rise — Two populations eye the same territory. Conflict seems inevitable.
2026-01-01T21:00:00.000Z [faction] Sons of the Wolf declares a shortage of fish — Their stockpiles are low. They will seek fish by any means necessary.
2026-01-01T21:00:00.000Z [faction] Circle of the Dawn declares a shortage of textiles — Their stockpiles are low. They will seek textiles by any means necessary.
2026-01-01T21:00:00.000Z [road] @ hex:3,9 bear and rakshasa clash — Territorial war erupts! The rakshasa triumph, but 2 fall. The bear lose 1 and retreat.
2026-01-01T21:00:00.000Z [road] @ hex:3,9 bear submit to rakshasa — The beaten bear now serve their conquerors.
2026-01-01T21:00:00.000Z [road] @ hex:7,7 rust-monster and pyrolisk tensions rise — Two populations eye the same territory. Conflict seems inevitable.
2026-01-01T21:00:00.000Z [road] @ hex:7,8 pyrolisk and chaos-beast tensions rise — Two populations eye the same territory. Conflict seems inevitable.
2026-01-01T21:00:00.000Z [road] @ hex:9,0 sea-drake and giant-eel clash — Territorial war erupts! The sea-drake triumph, but 0 fall. The giant-eel lose 7 and retreat.
2026-01-01T22:00:00.000Z [road] @ Greenmist [Parthenius's Band, giant eagles] giant eagles poison Parthenius's Band's water supply — With ale flowing in taprooms condors circling high overhead. Clouds obscure all but the lowest slopes. A handful of red-eyed in the dark giant eagles, watching warily. A decisive strike ended the conflict before it could escalate. The victors claim 40 coin worth of plunder.
2026-01-01T22:00:00.000Z [faction] Sons of the Wolf declares a shortage of livestock — Their stockpiles are low. They will seek livestock by any means necessary.
2026-01-01T22:00:00.000Z [road] @ hex:4,5 drow and grell clash — Territorial war erupts! The drow triumph, but 0 fall. The grell lose 1 and retreat.
2026-01-01T22:00:00.000Z [road] @ hex:4,8 rakshasa and goblin clash — Territorial war erupts! The rakshasa triumph, but 1 fall. The goblin lose 16 and retreat.
2026-01-01T23:00:00.000Z [road] @ hex:2,8 chimera and giant-snake clash — Territorial war erupts! The chimera triumph, but 0 fall. The giant-snake lose 5 and retreat.
2026-01-01T23:00:00.000Z [road] @ hex:3,1 half-orc-bandit and skeleton tensions rise — Two populations eye the same territory. Conflict seems inevitable.
2026-01-01T23:00:00.000Z [road] @ hex:5,3 giant-raven and grell clash — Territorial war erupts! The grell triumph, but 0 fall. The giant-raven lose 8 and retreat.
2026-01-02T00:00:00.000Z [road] @ Belfos [The Grim Wolves] The Grim Wolves spot signs of danger — Crows gather ahead. They scatter at your approach.
2026-01-02T00:00:00.000Z [town] @ Greenmist Word spreads in Greenmist — Explorers speak of a strange discovery near Greenmist.
2026-01-02T00:00:00.000Z [town] @ Azmarin [The Shadow Hand, Heromenes] The Shadow Hand plans a job against The Wandering Peddlers — The rulers of the shadows have set their sights on a caravan. Heromenes leads the planning. It will take approximately 2 days to prepare.
2026-01-02T00:00:00.000Z [road] @ hex:1,8 glabrezu and chimera tensions rise — Two populations eye the same territory. Conflict seems inevitable.
2026-01-02T00:00:00.000Z [road] @ hex:5,8 pegasus and goblin clash — Territorial war erupts! The pegasus triumph, but 1 fall. The goblin lose 15 and retreat.
2026-01-02T00:00:00.000Z [road] @ hex:4,5 drow wiped out in hex:4,5 — The last of the drow have fallen. The region grows quieter—for now.
2026-01-02T00:00:00.000Z [town] @ Minasfeld [Theodric] Theodric falls ill — The scout takes to their bed. Healers are summoned.
2026-01-02T00:00:00.000Z [town] @ Belfos Belfos folk watchful — Shortages in grain/ore.
2026-01-02T00:00:00.000Z [town] @ Belfos Rumor in Belfos — Levies rumored to secure grain; officials say caravans delayed.
2026-01-02T00:00:00.000Z [town] @ Belfos Rumor in Belfos — The Storm Guild watches the markets quietly.
2026-01-02T00:00:00.000Z [town] @ Belfos Rumor in Belfos — Sons of the Wolf watches the markets quietly.
2026-01-02T00:00:00.000Z [town] @ Windleigh Windleigh folk watchful — Surplus ore/fish and shortages in textiles/salt.
2026-01-02T00:00:00.000Z [town] @ Windleigh Rumor in Windleigh — Circle of the Dawn watches the markets quietly.
2026-01-02T00:00:00.000Z [town] @ Azmarin Mainardus seen in Azmarin markets — scout haggles and swaps news.
2026-01-02T00:00:00.000Z [town] @ Azmarin Azmarin spirits high — Surplus textiles/salt and shortages in ore/livestock.
2026-01-02T00:00:00.000Z [town] @ Azmarin Rumor in Azmarin — Levies rumored to secure livestock; officials say caravans delayed.
2026-01-02T00:00:00.000Z [town] @ Azmarin Rumor in Azmarin — Circle of the Dawn watches the markets quietly.
2026-01-02T00:00:00.000Z [town] @ Azmarin Rumor in Azmarin — The Hawk Compact watches the markets quietly.
2026-01-02T00:00:00.000Z [town] @ Minasfeld Theodric seen in Minasfeld markets — scout haggles and swaps news.
2026-01-02T00:00:00.000Z [town] @ Minasfeld Hans-Ruedi seen in Minasfeld markets — laborer haggles and swaps news.
2026-01-02T00:00:00.000Z [town] @ Minasfeld Minasfeld folk watchful — Surplus textiles/livestock.
2026-01-02T00:00:00.000Z [town] @ Minasfeld Rumor in Minasfeld — whispered threat: a frantic merchant says Audrey heard of strange lights near Windleigh (from Minasfeld).
2026-01-02T00:00:00.000Z [town] @ Minasfeld Rumor in Minasfeld — Sons of the Wolf watches the markets quietly.
2026-01-02T00:00:00.000Z [town] @ Minasfeld Rumor in Minasfeld — Circle of the Dawn watches the markets quietly.
2026-01-02T00:00:00.000Z [town] @ Myrrka Katixa seen in Myrrka markets — guard haggles and swaps news.
2026-01-02T00:00:00.000Z [town] @ Myrrka Molora seen in Myrrka markets — scout haggles and swaps news.
2026-01-02T00:00:00.000Z [town] @ Myrrka Myrrka folk watchful — Surplus textiles and shortages in salt/livestock.
2026-01-02T00:00:00.000Z [town] @ Myrrka Rumor in Myrrka — cryptic missing: a frantic merchant says Babitt heard of villagers hearing chanting at dusk (from Myrrka).
2026-01-02T00:00:00.000Z [town] @ Myrrka Rumor in Myrrka — The Storm Guild watches the markets quietly.
2026-01-02T00:00:00.000Z [town] @ Myrrka Rumor in Myrrka — Circle of the Dawn watches the markets quietly.
2026-01-02T00:00:00.000Z [town] @ Myrrka Rumor in Myrrka — The Hawk Compact watches the markets quietly.
2026-01-02T00:00:00.000Z [town] @ Greenmist Greenmist folk watchful — Surplus grain/textiles and shortages in salt/fish/livestock.
2026-01-02T00:00:00.000Z [town] @ Greenmist Rumor in Greenmist — Levies rumored to secure fish; officials say caravans delayed.
2026-01-02T00:00:00.000Z [town] @ Greenmist Rumor in Greenmist — Order of the Hawk watches the markets quietly.
2026-01-02T01:00:00.000Z [road] @ Belfos [The Grim Wolves] The Grim Wolves spot signs of danger — Crows gather ahead. They scatter at your approach.
2026-01-02T01:00:00.000Z [road] @ Belfos [The Grim Wolves, the merchants called Searl] The Grim Wolves clash with the merchants called Searl — With only moonlight for company a stone bridge arching over a muddy stream. Two or three night-hunting merchants, blocking the path. Courage and quick thinking saved the day. A well-timed spell from their caster turned the tide.
2026-01-02T01:00:00.000Z [road] @ Greenmist [Parthenius's Band, goblins] Parthenius's Band watch goblins warily from cover — In the hush of late night thunder echoing between peaks. A group of mangy goblins, tracking something. An uneasy bargain was struck beneath wary eyes.
2026-01-02T01:00:00.000Z [road] @ hex:0,9 glabrezu and giant-centipede tensions rise — Two populations eye the same territory. Conflict seems inevitable.
2026-01-02T01:00:00.000Z [road] @ hex:2,5 giant-raven and giant-centipede clash — Territorial war erupts! The giant-raven triumph, but 1 fall. The giant-centipede lose 17 and retreat.
2026-01-02T02:00:00.000Z [road] @ Greenmist [Parthenius's Band, yeti] Parthenius's Band storm yeti's stronghold — As even the taverns fell silent a frozen waterfall. Clouds obscure all but the lowest slopes. A lone shadow-cloaked yeti, moving with purpose. They pressed their advantage until the enemy fled.
2026-01-02T02:00:00.000Z [town] @ Minasfeld Mood darkens in Minasfeld — Following recent events, the people's spirit sinks.
2026-01-02T02:00:00.000Z [town] @ Belfos Mood darkens in Belfos — Following recent events, the people's spirit sinks.
2026-01-02T02:00:00.000Z [town] @ Belfos Mood darkens in Belfos — Following recent events, the people's spirit sinks.
2026-01-02T02:00:00.000Z [faction] @ Azmarin [Sons of the Wolf] Sons of the Wolf eyes Azmarin for its textiles — Desperate for textiles, the faction has decided to take the settlement by force.
2026-01-02T02:00:00.000Z [road] @ hex:2,7 giant-centipede and worg tensions rise — Two populations eye the same territory. Conflict seems inevitable.
2026-01-02T02:00:00.000Z [road] @ hex:3,7 giant-snake and goblin clash — Territorial war erupts! The giant-snake triumph, but 3 fall. The goblin lose 9 and retreat.
2026-01-02T03:00:00.000Z [faction] @ Azmarin [The Hawk Compact] The Hawk Compact eyes Azmarin for its salt — Desperate for salt, the faction has decided to take the settlement by force.
2026-01-02T03:00:00.000Z [road] @ hex:7,8 pyrolisk and chaos-beast clash — Territorial war erupts! The chaos-beast triumph, but 0 fall. The pyrolisk lose 3 and retreat.
2026-01-02T04:00:00.000Z [road] @ Greenmist [Parthenius's Band, dwarven patrols] Parthenius's Band observe dwarven patrols from a distance — When shadows grew deepest wind whistling through cave entrances. Clouds obscure all but the lowest slopes. Two or three shadow-cloaked dwarven patrols, watching warily. Cultural misunderstandings were resolved through patience.
2026-01-02T04:00:00.000Z [road] @ Myrrka [The Grim Wolves] The Grim Wolves arrives at Myrrka — They slip through the gates as lanterns are lit.
2026-01-02T04:00:00.000Z [road] @ Belfos The New Caravan makes camp under escort — Road to Minasfeld (road) quiet tonight.
2026-01-02T04:00:00.000Z [faction] @ Myrrka [Mendia] skeleton rally to Mendia — The skeleton of The Sanctum of Blighted Death swear allegiance to Mendia the Pallid. Their numbers swell the villain's forces.
2026-01-02T05:00:00.000Z [road] @ Belfos The New Caravan makes camp under escort — Road to Minasfeld (road) quiet tonight.
2026-01-02T05:00:00.000Z [road] @ hex:3,9 bear and orc tensions rise — Two populations eye the same territory. Conflict seems inevitable.
2026-01-02T05:00:00.000Z [road] @ hex:4,8 orc and goblin clash — Territorial war erupts! The orc triumph, but 4 fall. The goblin lose 3 and retreat.
2026-01-02T05:00:00.000Z [road] @ The Whispers Tower goblin submit to orc — The beaten goblin now serve their conquerors.
2026-01-02T06:00:00.000Z [road] @ Greenmist [Parthenius's Band, Elizamendi's dwarven patrols] Elizamendi's dwarven patrols test Parthenius's Band's resolve with challenges — While dew pearled on grass and stone the distant toll of monastery bells. Clouds obscure all but the lowest slopes. A handful of red-eyed in the dark dwarven patrols, blocking the path. Words proved mightier than steel on this occasion.
2026-01-02T06:00:00.000Z [faction] @ Myrrka [The Hawk Compact] The Hawk Compact sends relief to Myrrka — Wagons of grain and medicine roll toward the suffering. Compassion—or calculated politics?
2026-01-02T06:00:00.000Z [road] @ hex:2,7 giant-centipede and chimera clash — Territorial war erupts! The chimera triumph, but 1 fall. The giant-centipede lose 4 and retreat.
2026-01-02T06:00:00.000Z [road] @ hex:6,1 golem-bronze and skeleton tensions rise — Two populations eye the same territory. Conflict seems inevitable.
2026-01-02T07:00:00.000Z [town] @ Myrrka The Wandering Merchants arrives at Myrrka — Bringing livestock from Belfos with escorts under banner of Order of the Hawk.
2026-01-02T07:00:00.000Z [town] @ Myrrka Theodric arrives in Myrrka — scout from Minasfeld
2026-01-02T07:00:00.000Z [town] @ Myrrka Izot arrives in Myrrka — bard from Belfos
2026-01-02T07:00:00.000Z [town] @ Minasfeld The New Caravan arrives at Minasfeld — Bringing grain/textiles from Belfos with escorts.
2026-01-02T07:00:00.000Z [town] @ Minasfeld Cybele arrives in Minasfeld — guard from Windleigh
2026-01-02T07:00:00.000Z [town] @ Minasfeld Wantelien arrives in Minasfeld — bard from Minasfeld
2026-01-02T07:00:00.000Z [town] @ Belfos Northbeach Traders arrives at Belfos — Bringing grain/textiles from Windleigh with escorts.
2026-01-02T07:00:00.000Z [town] @ Belfos Emlyn arrives in Belfos — scout from Minasfeld
2026-01-02T07:00:00.000Z [town] @ Belfos Ilene arrives in Belfos — bard from Windleigh
2026-01-02T07:00:00.000Z [town] @ Greenmist Beroldus's Wagons arrives at Greenmist — Bringing salt/fish from Belfos with escorts under banner of Circle of the Dawn.
2026-01-02T07:00:00.000Z [town] @ Greenmist Mainardus arrives in Greenmist — scout from Azmarin
2026-01-02T07:00:00.000Z [town] @ Greenmist Eurydamus arrives in Greenmist — merchant from Windleigh
2026-01-02T07:00:00.000Z [town] @ Greenmist Rumor in Greenmist — Word spreads that Beroldus's Wagons of Circle of the Dawn reached Greenmist with salt/fish.
2026-01-02T07:00:00.000Z [town] @ Azmarin The Wandering Peddlers arrives at Azmarin — Bringing grain/textiles from Belfos with escorts.
2026-01-02T07:00:00.000Z [town] @ Azmarin Katixa arrives in Azmarin — guard from Myrrka
2026-01-02T07:00:00.000Z [town] @ Azmarin Gawyne arrives in Azmarin — bard from Myrrka
2026-01-02T07:00:00.000Z [faction] @ Myrrka [Mendia the Pallid] Mendia conducts a dark ritual — Strange lights in the sky. Animals flee.
2026-01-02T07:00:00.000Z [road] @ hex:5,4 pyrohydra and grell clash — Territorial war erupts! The pyrohydra triumph, but 0 fall. The grell lose 0 and retreat.
2026-01-02T08:00:00.000Z [road] @ Greenmist [Parthenius's Band, goblins] goblins share hunting tips with Parthenius's Band — With the sun climbing steadily wind chimes made of bone. A handful of mangy goblins, tracking something. They parted as wary allies rather than bitter enemies.
2026-01-02T08:00:00.000Z [road] @ hex:5,3 giant-raven and phantom clash — Territorial war erupts! The giant-raven triumph, but 1 fall. The phantom lose 22 and retreat.
2026-01-02T08:00:00.000Z [road] @ hex:7,8 pyrolisk and revenant tensions rise — Two populations eye the same territory. Conflict seems inevitable.
2026-01-02T09:00:00.000Z [road] @ Greenmist [Beroldus's Wagons, Sons of the Wolf] Beroldus's Wagons is raided! — Sons of the Wolf forces have intercepted the caravan en route to Belfos.
2026-01-02T09:00:00.000Z [town] @ Greenmist Trade routes near Greenmist grow dangerous — Merchants speak of losses. Some refuse to travel until the roads are secured.
2026-01-02T09:00:00.000Z [town] @ Myrrka Mood darkens in Myrrka — Following recent events, the people's spirit sinks.
2026-01-02T09:00:00.000Z [road] @ hex:6,4 phantom and goblin clash — Territorial war erupts! The goblin triumph, but 1 fall. The phantom lose 14 and retreat.
2026-01-02T10:00:00.000Z [road] @ Greenmist [Parthenius's Band] Parthenius's Band spot signs of danger — Giant footprints in the snow, each as long as a man is tall.
2026-01-02T10:00:00.000Z [road] @ Greenmist [Parthenius's Band, dwarven patrols] Parthenius's Band duel dwarven patrols champions — As folk went about their labors avalanche scars on rocky faces. Several shadow-cloaked dwarven patrols, apparently startled. Steel rang and blood was spilled, but they prevailed.
2026-01-02T10:00:00.000Z [road] @ hex:7,9 revenant and giant-eel tensions rise — Two populations eye the same territory. Conflict seems inevitable.
2026-01-02T11:00:00.000Z [road] @ Greenmist [Parthenius's Band] Parthenius's Band shadowed by orc raiders — Tense standoff; both sides withdraw before blades are drawn.
2026-01-02T11:00:00.000Z [road] @ hex:1,8 glabrezu and chimera clash — Territorial war erupts! The chimera triumph, but 0 fall. The glabrezu lose 7 and retreat.
2026-01-02T11:00:00.000Z [road] @ hex:7,6 su-monster and giant-eel tensions rise — Two populations eye the same territory. Conflict seems inevitable.
2026-01-02T12:00:00.000Z [road] @ Greenmist [Parthenius's Band] Parthenius's Band spot giant bats and avoid notice — They detour carefully, leaving only faint tracks.
2026-01-02T12:00:00.000Z [road] @ Minasfeld [The New Caravan, Sons of the Wolf] The New Caravan is raided! — Sons of the Wolf forces have intercepted the caravan en route to Belfos.
2026-01-02T12:00:00.000Z [town] @ Minasfeld Trade routes near Minasfeld grow dangerous — Merchants speak of losses. Some refuse to travel until the roads are secured.
2026-01-02T12:00:00.000Z [road] @ hex:7,8 chaos-beast and revenant clash — Territorial war erupts! The revenant triumph, but 5 fall. The chaos-beast lose 3 and retreat.
2026-01-02T12:00:00.000Z [road] @ hex:7,8 chaos-beast submit to revenant — The beaten chaos-beast now serve their conquerors.
2026-01-02T13:00:00.000Z [road] @ Greenmist [Parthenius's Band] Parthenius's Band discovers The Silver Monolith — As shadows pooled beneath eaves lightning-blasted trees at timberline. A silver monolith, surrounded by a thin, unnerving mist. They find a marking pointing toward a hidden cache.
2026-01-02T13:00:00.000Z [road] @ Greenmist Beroldus's Wagons makes camp under escort — Road to Belfos (road) quiet tonight.
2026-01-02T13:00:00.000Z [road] @ Greenmist Beroldus's Wagons reports losses — Supplies spoiled en route; banners of Circle of the Dawn tarnished.
2026-01-02T13:00:00.000Z [town] @ Greenmist Rumor in Greenmist — Beroldus's Wagons of Circle of the Dawn lost goods on the road; prices may shift.
2026-01-02T13:00:00.000Z [faction] @ the region [Wattie] The Bargain: Allies emerge. — Wattie made a deal with powers best left alone.
2026-01-02T13:00:00.000Z [road] @ hex:2,7 giant-centipede and worg clash — Territorial war erupts! The worg triumph, but 0 fall. The giant-centipede lose 2 and retreat.
2026-01-02T13:00:00.000Z [road] @ hex:4,8 rakshasa and goblin tensions rise — Two populations eye the same territory. Conflict seems inevitable.
2026-01-02T13:00:00.000Z [road] @ hex:5,3 giant-raven and skeleton tensions rise — Two populations eye the same territory. Conflict seems inevitable.
2026-01-02T14:00:00.000Z [faction] @ Myrrka [The Storm Guild] The Storm Guild sends relief to Myrrka — Wagons of grain and medicine roll toward the suffering. Compassion—or calculated politics?
2026-01-02T14:00:00.000Z [road] @ hex:5,3 giant-raven and pyrohydra clash — Territorial war erupts! The pyrohydra triumph, but 0 fall. The giant-raven lose 3 and retreat.
2026-01-02T14:00:00.000Z [road] @ hex:6,4 phantom and goblin tensions rise — Two populations eye the same territory. Conflict seems inevitable.
2026-01-02T14:00:00.000Z [road] @ hex:7,6 su-monster and rust-monster clash — Territorial war erupts! The su-monster triumph, but 0 fall. The rust-monster lose 1 and retreat.
2026-01-02T14:00:00.000Z [road] @ hex:7,7 rust-monster and pyrolisk tensions rise — Two populations eye the same territory. Conflict seems inevitable.
2026-01-02T14:00:00.000Z [faction] @ Myrrka [Mendia] sea-drake rally to Mendia — The sea-drake of hex:9,0 swear allegiance to Mendia the Pallid. Their numbers swell the villain's forces.
2026-01-02T15:00:00.000Z [road] @ Minasfeld The New Caravan makes camp under escort — Road to Belfos (road) quiet tonight.
2026-01-02T15:00:00.000Z [town] @ Windleigh Word spreads in Windleigh — Thieves struck near Greenmist. The roads grow dangerous.
2026-01-02T15:00:00.000Z [faction] @ Greenmist [Kreon] Echoes of the Past: Lessons are learned. — The dead do not rest peacefully in Greenmist.
2026-01-02T15:00:00.000Z [faction] @ Greenmist [Parthenius's Band] Blood on the Trail: A storm hampers the pursuit. — Parthenius's Band stalks a dangerous quarry across the region.
2026-01-02T15:00:00.000Z [road] @ hex:1,8 glabrezu and golem-stone tensions rise — Two populations eye the same territory. Conflict seems inevitable.
2026-01-02T16:00:00.000Z [road] @ hex:7,8 chaos-beast and giant-eel clash — Territorial war erupts! The chaos-beast triumph, but 0 fall. The giant-eel lose 10 and retreat.
2026-01-02T17:00:00.000Z [road] @ Greenmist [Parthenius's Band, goblins] goblins provide shelter from the weather — With the setting of the sun the distant toll of monastery bells. Clouds obscure all but the lowest slopes. A company of night-hunting goblins, setting crude traps. They parted as wary allies rather than bitter enemies. Condors circling high overhead marked the scene.
2026-01-02T17:00:00.000Z [town] @ Greenmist Word spreads in Greenmist — A valuable shipment was lost near Minasfeld.
2026-01-02T17:00:00.000Z [town] @ Myrrka Disease outbreak in Myrrka! — Local healers have identified Camp Fever among the populace. Fear spreads as quickly as the sickness.
2026-01-02T17:00:00.000Z [road] @ hex:0,9 glabrezu and giant-centipede clash — Territorial war erupts! The glabrezu triumph, but 0 fall. The giant-centipede lose 4 and retreat.
2026-01-02T17:00:00.000Z [road] @ hex:6,1 golem-bronze and skeleton tensions rise — Two populations eye the same territory. Conflict seems inevitable.
2026-01-02T17:00:00.000Z [road] @ hex:7,8 chaos-beast and giant-eel tensions rise — Two populations eye the same territory. Conflict seems inevitable.
2026-01-02T17:00:00.000Z [road] @ hex:9,2 giant-eel and kelpie clash — Territorial war erupts! The kelpie triumph, but 2 fall. The giant-eel lose 3 and retreat.
2026-01-02T18:00:00.000Z [road] @ hex:3,4 living-statue and nightwalker tensions rise — Two populations eye the same territory. Conflict seems inevitable.
2026-01-02T18:00:00.000Z [road] @ hex:7,8 pyrolisk and revenant clash — Territorial war erupts! The revenant triumph, but 6 fall. The pyrolisk lose 3 and retreat.
2026-01-02T18:00:00.000Z [road] @ hex:7,8 pyrolisk submit to revenant — The beaten pyrolisk now serve their conquerors.
2026-01-02T19:00:00.000Z [road] @ Myrrka The Wandering Merchants makes camp under escort — Road to Belfos (road) quiet tonight.
2026-01-02T19:00:00.000Z [town] @ Greenmist [Mainardus] Construction continues on Mainardus's stronghold — Masons and laborers work tirelessly. The foundations are deep and the walls rise.
2026-01-02T21:00:00.000Z [road] @ Greenmist [Parthenius's Band, dwarven patrols] dwarven patrols test Parthenius's Band's resolve with challenges — Under an indigo sky Clouds obscure all but the lowest slopes. A lone aggressive dwarven patrols, watching warily. They vanished into the shadows before the enemy could react.
2026-01-02T21:00:00.000Z [faction] @ Windleigh A new band appears near Windleigh — Tiede's Band takes to the byways.
2026-01-02T21:00:00.000Z [road] @ hex:4,8 rakshasa and orc tensions rise — Two populations eye the same territory. Conflict seems inevitable.
2026-01-02T22:00:00.000Z [road] @ Myrrka The Wandering Merchants makes camp under escort — Road to Belfos (road) quiet tonight.
2026-01-02T22:00:00.000Z [road] @ Myrrka The Wandering Merchants reports losses — Supplies spoiled en route; banners of Order of the Hawk tarnished.
2026-01-02T22:00:00.000Z [town] @ Myrrka Rumor in Myrrka — The Wandering Merchants of Order of the Hawk lost goods on the road; prices may shift.
2026-01-02T23:00:00.000Z [road] @ Greenmist [Parthenius's Band] Parthenius's Band shadowed by goblins — Tense standoff; both sides withdraw before blades are drawn.
2026-01-02T23:00:00.000Z [road] @ hex:5,3 giant-raven and golem-bronze tensions rise — Two populations eye the same territory. Conflict seems inevitable.
2026-01-03T00:00:00.000Z [road] @ Myrrka [The Grim Wolves] The Grim Wolves completes rest — Ready to travel again.
2026-01-03T00:00:00.000Z [road] @ Belfos Northbeach Traders makes camp under escort — Road to Windleigh (road) quiet tonight.
2026-01-03T00:00:00.000Z [faction] @ Myrrka [Engelwara] The Old Darkness Returns: Dreams of darkness plague the populace. — Engelwara races to prevent catastrophe.
2026-01-03T00:00:00.000Z [faction] @ Greenmist [Parthenius's Band, orc raiders] Fire in Greenmist: Local heroes organize resistance. — Parthenius's Band strikes fast at Greenmist and withdraws before retaliation.
2026-01-03T00:00:00.000Z [road] @ Myrrka [The Grim Wolves, Mendia] The Grim Wolves decides to confront Mendia — Mendia the Pallid's reign of terror must end. They prepare for battle.
2026-01-03T00:00:00.000Z [faction] [Circle of the Dawn, The Storm Guild] Circle of the Dawn proposes marriage alliance with The Storm Guild — Envoys are sent. Dowries discussed. A political wedding could reshape alliances.
2026-01-03T00:00:00.000Z [road] @ hex:5,4 pyrohydra and phantom tensions rise — Two populations eye the same territory. Conflict seems inevitable.
2026-01-03T00:00:00.000Z [road] @ hex:5,6 sylph and orc clash — Territorial war erupts! The orc triumph, but 7 fall. The sylph lose 4 and retreat.
2026-01-03T00:00:00.000Z [weather] @ Minasfeld Cold weather isolates Minasfeld — Heavy snow and cold limit movement and communication.
2026-01-03T00:00:00.000Z [road] @ Myrrka [The Grim Wolves] The Grim Wolves departs Myrrka — Bound for Minasfeld across mountains (~36 miles).
2026-01-03T00:00:00.000Z [road] @ Windleigh [Tiede's Band] Tiede's Band departs Windleigh — Bound for The Whispers Tower across hills (~6 miles).
2026-01-03T00:00:00.000Z [town] @ Belfos Belfos folk watchful — Shortages in ore.
2026-01-03T00:00:00.000Z [town] @ Belfos Rumor in Belfos — Levies rumored to secure ore; officials say caravans delayed.
2026-01-03T00:00:00.000Z [town] @ Windleigh Windleigh folk watchful — Surplus ore/fish and shortages in textiles/salt.
2026-01-03T00:00:00.000Z [town] @ Windleigh Rumor in Windleigh — conflicting mystery: a wandering priest says Eraric heard of strange lights near Greenmist (from Windleigh).
2026-01-03T00:00:00.000Z [town] @ Windleigh Rumor in Windleigh — Sons of the Wolf watches the markets quietly.
2026-01-03T00:00:00.000Z [town] @ Azmarin Azmarin folk watchful — Surplus grain/textiles/salt and shortages in timber/ore/livestock.
2026-01-03T00:00:00.000Z [town] @ Azmarin Rumor in Azmarin — The Storm Guild watches the markets quietly.
2026-01-03T00:00:00.000Z [town] @ Azmarin Rumor in Azmarin — Circle of the Dawn watches the markets quietly.
2026-01-03T00:00:00.000Z [town] @ Minasfeld Cybele seen in Minasfeld markets — guard haggles and swaps news.
2026-01-03T00:00:00.000Z [town] @ Minasfeld Hans-Ruedi seen in Minasfeld markets — laborer haggles and swaps news.
2026-01-03T00:00:00.000Z [town] @ Minasfeld Minasfeld folk watchful — Surplus grain/textiles/livestock.
2026-01-03T00:00:00.000Z [town] @ Minasfeld Rumor in Minasfeld — Bargain prices on livestock; traders racing to Minasfeld.
2026-01-03T00:00:00.000Z [town] @ Minasfeld Rumor in Minasfeld — The Storm Guild watches the markets quietly.
2026-01-03T00:00:00.000Z [town] @ Minasfeld Rumor in Minasfeld — Sons of the Wolf watches the markets quietly.
2026-01-03T00:00:00.000Z [town] @ Myrrka Myrrka tempers frayed — Surplus textiles and shortages in timber/salt.
2026-01-03T00:00:00.000Z [town] @ Myrrka Rumor in Myrrka — official plot: a drunken soldier says Milbrer heard of a caravan late by two days (from Myrrka).
2026-01-03T00:00:00.000Z [town] @ Myrrka Rumor in Myrrka — Sons of the Wolf watches the markets quietly.
2026-01-03T00:00:00.000Z [town] @ Myrrka Rumor in Myrrka — The Hawk Compact watches the markets quietly.
2026-01-03T00:00:00.000Z [town] @ Greenmist Greenmist folk watchful — Surplus grain and shortages in livestock.
2026-01-03T00:00:00.000Z [town] @ Greenmist Rumor in Greenmist — Levies rumored to secure livestock; officials say caravans delayed.
2026-01-03T00:00:00.000Z [town] @ Greenmist Rumor in Greenmist — Sons of the Wolf watches the markets quietly.
2026-01-03T00:00:00.000Z [town] @ Greenmist Rumor in Greenmist — Order of the Hawk watches the markets quietly.
2026-01-03T00:00:00.000Z [town] @ Greenmist Rumor in Greenmist — Circle of the Dawn watches the markets quietly.
2026-01-03T00:00:00.000Z [town] @ Greenmist Rumor in Greenmist — The Hawk Compact watches the markets quietly.
2026-01-03T01:00:00.000Z [road] @ Greenmist [Parthenius's Band, giant eagles] Parthenius's Band face giant eagles in deadly combat — With only moonlight for company Clouds obscure all but the lowest slopes. A band of aggressive giant eagles, blocking the path. They fought like cornered lions, driving back the attackers. Glaciers carving valleys below marked the scene.
2026-01-03T01:00:00.000Z [town] @ Azmarin [Katixa, Emlyn] Katixa grows impatient with Emlyn's excuses — The ledger must balance, one way or another.
2026-01-03T01:00:00.000Z [road] @ hex:3,4 living-statue and nightwalker clash — Territorial war erupts! The nightwalker triumph, but 1 fall. The living-statue lose 6 and retreat.
2026-01-03T01:00:00.000Z [road] @ hex:5,6 sylph and phantom clash — Territorial war erupts! The sylph triumph, but 0 fall. The phantom lose 11 and retreat.
2026-01-03T02:00:00.000Z [road] @ hex:2,7 golem-stone and chimera tensions rise — Two populations eye the same territory. Conflict seems inevitable.
2026-01-03T02:00:00.000Z [road] @ hex:7,7 rust-monster and revenant clash — Territorial war erupts! The rust-monster triumph, but 0 fall. The revenant lose 11 and retreat.
2026-01-03T03:00:00.000Z [dungeon] @ The Whispers Tower [Tiede's Band] The Whispers Tower: Tiede's Band hear skeletons nearby — Footsteps fade into the dark.
2026-01-03T03:00:00.000Z [town] @ Belfos Disease outbreak in Belfos! — Local healers have identified Camp Fever among the populace. Fear spreads as quickly as the sickness.
2026-01-03T04:00:00.000Z [road] @ Greenmist [Parthenius's Band, goblins] goblins surround Parthenius's Band in a coordinated attack — As the world held its breath eagles screaming overhead. A few shadow-cloaked goblins, carrying plunder. A well-timed feint created the opening they needed.
2026-01-03T04:00:00.000Z [road] @ Myrrka The Wandering Merchants makes camp under escort — Road to Belfos (road) quiet tonight.
2026-01-03T04:00:00.000Z [faction] @ Windleigh [Dionysios] Seals Breaking: Strange creatures appear at night. — Ancient wards fail. What they imprisoned walks again.
2026-01-03T04:00:00.000Z [road] @ Greenmist [Parthenius's Band] Parthenius's Band grows in power! — Through hardship and battle, the members of Parthenius's Band have reached level 2.
2026-01-03T04:00:00.000Z [road] @ hex:4,8 rakshasa and orc clash — Territorial war erupts! The rakshasa triumph, but 0 fall. The orc lose 12 and retreat.
2026-01-03T04:00:00.000Z [road] @ hex:5,8 pegasus and golem-stone clash — Territorial war erupts! The golem-stone triumph, but 0 fall. The pegasus lose 2 and retreat.
2026-01-03T04:00:00.000Z [road] @ hex:7,9 revenant and giant-eel tensions rise — Two populations eye the same territory. Conflict seems inevitable.
2026-01-03T05:00:00.000Z [road] @ Myrrka [The Grim Wolves, dwarven patrols] The Grim Wolves offer small gifts to appease dwarven patrols — As the world stirred from slumber the distant toll of monastery bells. Clouds obscure all but the lowest slopes. A solitary red-eyed in the dark dwarven patrols, watching warily. A compromise was hammered out after tense negotiations.
2026-01-03T05:00:00.000Z [road] @ Windleigh [Tiede's Band] Tiede's Band discovers The Weather-worn Statue — As rose light crept across the land wind keening through rocky passes. A weather-worn statue, whispering in an unknown, melodic tongue. A light heart and swift feet follow them.
2026-01-03T05:00:00.000Z [road] @ Myrrka [The Grim Wolves] The Grim Wolves spot ogre and avoid notice — They detour carefully, leaving only faint tracks.
2026-01-03T05:00:00.000Z [faction] @ Azmarin [The Storm Guild] The Storm Guild eyes Azmarin for its textiles — Desperate for textiles, the faction has decided to take the settlement by force.
2026-01-03T06:00:00.000Z [road] @ Myrrka [The Grim Wolves, giant eagles] Battle joined between The Grim Wolves and giant eagles — As the world stirred from slumber condors circling high overhead. A few red-eyed in the dark giant eagles, blocking the path. Victory came at great cost, but the path was secured. The victors claim 17 coin worth of plunder.
2026-01-03T06:00:00.000Z [faction] @ Myrrka [Mendia the Pallid] Agents of Mendia gather components — Graverobbing. Herb theft. Missing children.
2026-01-03T07:00:00.000Z [road] @ Myrrka [The Grim Wolves, orc raiders] The Grim Wolves hunt down marauding orc raiders — As smoke rose from breakfast fires the shriek of mountain winds. A few night-hunting orc raiders, performing war rituals. The enemy's tactics were simply too clever.
2026-01-03T07:00:00.000Z [road] @ Greenmist [Parthenius's Band] Parthenius's Band spot signs of danger — Eagle cries echo, but no birds are visible.
2026-01-03T07:00:00.000Z [road] @ Greenmist [Parthenius's Band, yeti] yeti attack Parthenius's Band without warning — Under a brightening sky avalanches rumbling in the distance. Clouds obscure all but the lowest slopes. A few red-eyed in the dark yeti, blocking the path. A well-timed feint created the opening they needed. A well-timed spell from their caster turned the tide.
2026-01-03T07:00:00.000Z [road] @ Myrrka The Wandering Merchants makes camp under escort — Road to Belfos (road) quiet tonight.
2026-01-03T07:00:00.000Z [town] @ Windleigh Word spreads in Windleigh — A valuable shipment was lost near Minasfeld.
2026-01-03T07:00:00.000Z [town] @ Myrrka Mood darkens in Myrrka — Following recent events, the people's spirit sinks.
2026-01-03T07:00:00.000Z [road] @ hex:5,3 giant-raven and skeleton clash — Territorial war erupts! The skeleton triumph, but 3 fall. The giant-raven lose 2 and retreat.
2026-01-03T07:00:00.000Z [road] @ hex:5,9 golem-stone and orc clash — Territorial war erupts! The golem-stone triumph, but 0 fall. The orc lose 8 and retreat.
2026-01-03T08:00:00.000Z [road] @ Windleigh [Tiede's Band] Tiede's Band discovers The Glowing Cairn — With the sun climbing steadily farmers calling to livestock. A glowing cairn, whispering in an unknown, melodic tongue. The party feels a surge of mental clarity.
2026-01-03T08:00:00.000Z [town] @ Greenmist Word spreads in Greenmist — Explorers speak of a strange discovery near Greenmist.
2026-01-03T08:00:00.000Z [town] @ Windleigh Disease outbreak in Windleigh! — Local healers have identified Camp Fever among the populace. Fear spreads as quickly as the sickness.
2026-01-03T08:00:00.000Z [road] @ hex:5,6 sylph and goblin tensions rise — Two populations eye the same territory. Conflict seems inevitable.
2026-01-03T08:00:00.000Z [road] @ hex:6,1 golem-bronze and skeleton clash — Territorial war erupts! The skeleton triumph, but 4 fall. The golem-bronze lose 4 and retreat.
2026-01-03T08:00:00.000Z [road] @ hex:6,1 golem-bronze submit to skeleton — The beaten golem-bronze now serve their conquerors.
2026-01-03T08:00:00.000Z [road] @ hex:7,9 revenant and nereid clash — Territorial war erupts! The nereid triumph, but 1 fall. The revenant lose 5 and retreat.
2026-01-03T09:00:00.000Z [road] @ Myrrka [The Grim Wolves] The Grim Wolves spot signs of danger — Giant footprints in the snow, each as long as a man is tall.
2026-01-03T09:00:00.000Z [road] @ Greenmist [Parthenius's Band] Parthenius's Band spot signs of danger — The ruins of a dwarven waystation, recently looted.
2026-01-03T09:00:00.000Z [road] @ Greenmist [Parthenius's Band] Parthenius's Band completes rest — Ready to travel again.
2026-01-03T09:00:00.000Z [town] @ Myrrka Guinemat's shop burns — A midnight fire. No one is surprised. The message is clear.
2026-01-03T10:00:00.000Z [road] @ Myrrka [The Grim Wolves] The Grim Wolves spot signs of danger — A cairn of skulls marks a territorial boundary.
2026-01-03T10:00:00.000Z [road] @ Windleigh [Tiede's Band] Tiede's Band spot signs of danger — Bones litter a rock shelf. Not all are animal bones.
2026-01-03T10:00:00.000Z [road] @ Windleigh [Tiede's Band, Pandonia the disciplined] Tiede's Band hide their valuables from view — Under a brightening sky quarries carved into hillside rock. Several battle-scarred orc raiders, dragging captives. They ran. There was no shame in it—only survival.
2026-01-03T10:00:00.000Z [town] @ Windleigh Word spreads in Windleigh — Travelers speak of Mendia the Pallid. The roads grow dangerous.
2026-01-03T10:00:00.000Z [road] @ hex:0,9 glabrezu and giant-centipede clash — Territorial war erupts! The glabrezu triumph, but 1 fall. The giant-centipede lose 2 and retreat.
2026-01-03T10:00:00.000Z [road] @ hex:4,8 rakshasa and pegasus tensions rise — Two populations eye the same territory. Conflict seems inevitable.
2026-01-03T10:00:00.000Z [road] @ hex:7,6 su-monster and goblin clash — Territorial war erupts! The su-monster triumph, but 0 fall. The goblin lose 1 and retreat.
2026-01-03T11:00:00.000Z [road] @ Myrrka [The Grim Wolves, trolls] trolls ambush The Grim Wolves — While sensible folk sought shade condors circling high overhead. A lone shadow-cloaked trolls, apparently startled. They stood their ground as long as they could.
2026-01-03T11:00:00.000Z [road] @ Greenmist [Parthenius's Band] Parthenius's Band discovers The Silver Pillar — As the bell tolled the sixth hour A silver pillar, swallowing all sound around it. The party feels a surge of mental clarity.
2026-01-03T11:00:00.000Z [road] @ Minasfeld The New Caravan makes camp under escort — Road to Belfos (road) quiet tonight.
2026-01-03T11:00:00.000Z [road] @ hex:2,5 giant-raven and golem-stone tensions rise — Two populations eye the same territory. Conflict seems inevitable.
2026-01-03T11:00:00.000Z [road] @ hex:3,1 half-orc-bandit and skeleton clash — Territorial war erupts! The skeleton triumph, but 2 fall. The half-orc-bandit lose 4 and retreat.
2026-01-03T12:00:00.000Z [road] @ Myrrka [The Grim Wolves] The Grim Wolves spot signs of danger — Eagle cries echo, but no birds are visible.
2026-01-03T12:00:00.000Z [road] @ Windleigh [Tiede's Band] Tiede's Band spot signs of danger — Bones litter a rock shelf. Not all are animal bones.
2026-01-03T12:00:00.000Z [road] @ Windleigh [Tiede's Band, goblins] goblins blockade Tiede's Band's route — As shadows pooled beneath eaves the occasional crack of splitting rock. Clouds cling to the higher peaks. Two or three night-hunting goblins, tracking something. Sometimes wisdom is knowing when to flee.
2026-01-03T13:00:00.000Z [road] @ Greenmist [Parthenius's Band, yeti] Parthenius's Band trade news with passing yeti — As the bell tolled the sixth hour glaciers carving valleys below. Clouds obscure all but the lowest slopes. A solitary shadow-cloaked yeti, moving with purpose. A non-aggression pact was established.
2026-01-03T13:00:00.000Z [road] @ Windleigh [Tiede's Band] Tiede's Band spot signs of danger — Caves in the hillside show signs of habitation.
2026-01-03T13:00:00.000Z [road] @ Belfos [Northbeach Traders, Sons of the Wolf] Northbeach Traders is raided! — Sons of the Wolf forces have intercepted the caravan en route to Windleigh.
2026-01-03T13:00:00.000Z [town] @ Belfos Trade routes near Belfos grow dangerous — Merchants speak of losses. Some refuse to travel until the roads are secured.
2026-01-03T13:00:00.000Z [road] @ Greenmist Beroldus's Wagons makes camp under escort — Road to Belfos (road) quiet tonight.
2026-01-03T13:00:00.000Z [town] @ Minasfeld Word spreads in Minasfeld — Travelers speak of Mendia the Pallid. The roads grow dangerous.
2026-01-03T14:00:00.000Z [road] @ Greenmist [Parthenius's Band] Parthenius's Band spot signs of danger — Giant footprints in the snow, each as long as a man is tall.
2026-01-03T14:00:00.000Z [town] @ Azmarin Disease outbreak in Azmarin! — Local healers have identified Gripsha among the populace. Fear spreads as quickly as the sickness.
2026-01-03T14:00:00.000Z [road] @ hex:0,9 glabrezu and giant-centipede tensions rise — Two populations eye the same territory. Conflict seems inevitable.
2026-01-03T14:00:00.000Z [road] @ hex:9,3 kelpie and giant-eel clash — Territorial war erupts! The kelpie triumph, but 3 fall. The giant-eel lose 14 and retreat.
2026-01-03T15:00:00.000Z [road] @ Windleigh [Tiede's Band] Tiede's Band spot signs of danger — Rockfall has blocked the easy path. An ambush site, perhaps.
2026-01-03T15:00:00.000Z [road] @ Myrrka [The Grim Wolves] The Grim Wolves clash with giant bats — Brief skirmish; foes driven off with minor bruises.
2026-01-03T15:00:00.000Z [town] @ Belfos The Wandering Merchants arrives at Belfos — Bringing livestock from Myrrka with escorts under banner of Order of the Hawk.
2026-01-03T15:00:00.000Z [town] @ Belfos Theodric arrives in Belfos — scout from Minasfeld
2026-01-03T15:00:00.000Z [town] @ Belfos Izot arrives in Belfos — bard from Belfos
2026-01-03T15:00:00.000Z [town] @ Belfos The Wandering Peddlers arrives at Belfos — Bringing grain/textiles from Azmarin with escorts.
2026-01-03T15:00:00.000Z [town] @ Belfos Katixa arrives in Belfos — guard from Myrrka
2026-01-03T15:00:00.000Z [town] @ Belfos Gawyne arrives in Belfos — bard from Myrrka
2026-01-03T15:00:00.000Z [road] @ hex:2,9 worg and bear clash — Territorial war erupts! The worg triumph, but 0 fall. The bear lose 1 and retreat.
2026-01-03T15:00:00.000Z [road] @ hex:3,9 bear submit to worg — The beaten bear now serve their conquerors.
2026-01-03T16:00:00.000Z [road] @ Greenmist [Parthenius's Band] Parthenius's Band spot signs of danger — The ruins of a dwarven waystation, recently looted.
2026-01-03T16:00:00.000Z [town] @ Belfos [Gawyne] Construction continues on Gawyne's stronghold — Masons and laborers work tirelessly. The foundations are deep and the walls rise.
2026-01-03T17:00:00.000Z [road] @ Greenmist [Parthenius's Band] Parthenius's Band spot signs of danger — The ruins of a dwarven waystation, recently looted.
2026-01-03T17:00:00.000Z [road] @ Greenmist [Parthenius's Band, dwarven patrols] dwarven patrols set traps for unwary Parthenius's Band — As bats took wing eagles soaring on thermal winds. A handful of red-eyed in the dark dwarven patrols, blocking the path. Superior positioning gave them the advantage they needed. The ruins of a dwarven gatehouse marked the scene. A well-timed spell from their caster turned the tide.
2026-01-03T17:00:00.000Z [road] @ Windleigh [Tiede's Band] Tiede's Band spot signs of danger — Bones litter a rock shelf. Not all are animal bones.
2026-01-03T17:00:00.000Z [road] @ Greenmist [Parthenius's Band] Parthenius's Band shadowed by goblins — Tense standoff; both sides withdraw before blades are drawn.
2026-01-03T17:00:00.000Z [town] @ Belfos Beroldus's Wagons arrives at Belfos — Bringing salt/fish from Greenmist with escorts under banner of Circle of the Dawn.
2026-01-03T17:00:00.000Z [town] @ Belfos Mainardus arrives in Belfos — scout from Azmarin
2026-01-03T17:00:00.000Z [town] @ Belfos Eurydamus arrives in Belfos — merchant from Windleigh
2026-01-03T17:00:00.000Z [faction] @ Myrrka [Mendia the Pallid] Mendia curses a village — Crops wither. Wells run foul. Prayers go unanswered.
2026-01-03T17:00:00.000Z [road] @ hex:3,4 living-statue and nightwalker clash — Territorial war erupts! The nightwalker triumph, but 0 fall. The living-statue lose 2 and retreat.
2026-01-03T18:00:00.000Z [road] @ Greenmist [Parthenius's Band] Parthenius's Band spot signs of danger — Giant footprints in the snow, each as long as a man is tall.
2026-01-03T18:00:00.000Z [road] @ Greenmist [Parthenius's Band, goblins] goblins shadow Parthenius's Band but keep their distance — In the gloaming hour Clouds obscure all but the lowest slopes. A few night-hunting goblins, arguing among themselves. Both sides gained knowledge that might prove useful. Mountain goats leaping between boulders marked the scene.
2026-01-03T18:00:00.000Z [road] @ Greenmist [Parthenius's Band] Parthenius's Band ambushed by ogre — Forced retreat; they fall back to regroup.
2026-01-03T18:00:00.000Z [road] @ Belfos The Wandering Merchants makes camp under escort — Road to Myrrka (road) quiet tonight.
2026-01-03T18:00:00.000Z [town] @ Belfos Theodric arrives in Belfos — scout from Minasfeld
2026-01-03T18:00:00.000Z [town] @ Belfos Rumor in Belfos — The Wandering Merchants of Order of the Hawk lost goods on the road; prices may shift.
2026-01-03T18:00:00.000Z [town] @ Azmarin [The Shadow Hand] The Shadow Hand pulls off a heist on The Wandering Peddlers — 190 gold worth of goods vanish in the night. The perpetrators leave no trace.
2026-01-03T18:00:00.000Z [road] @ hex:1,8 glabrezu and giant-snake clash — Territorial war erupts! The glabrezu triumph, but 0 fall. The giant-snake lose 6 and retreat.
2026-01-03T18:00:00.000Z [road] @ hex:3,2 bear and skeleton clash — Territorial war erupts! The bear triumph, but 0 fall. The skeleton lose 4 and retreat.
2026-01-03T19:00:00.000Z [road] @ Myrrka [The Grim Wolves] The Grim Wolves discovers The Moss-covered Pillar — As purple shadows gathered stone cairns marking safe paths. A moss-covered pillar, surrounded by a thin, unnerving mist. The party feels a surge of mental clarity.
2026-01-03T19:00:00.000Z [road] @ Greenmist [Parthenius's Band, dwarven patrols] dwarven patrols test Parthenius's Band's resolve with challenges — As bats took wing mountain goats leaping between boulders. A handful of red-eyed in the dark dwarven patrols, watching warily. They traded information as valuable as gold.
2026-01-03T19:00:00.000Z [town] @ Greenmist Mood darkens in Greenmist — Following recent events, the people's spirit sinks.
2026-01-03T19:00:00.000Z [road] @ hex:9,3 kelpie and giant-eel tensions rise — Two populations eye the same territory. Conflict seems inevitable.
2026-01-03T20:00:00.000Z [road] @ Greenmist [Parthenius's Band, giant eagles] giant eagles invite Parthenius's Band to their encampment — With ale flowing in taprooms Clouds obscure all but the lowest slopes. A group of territorial giant eagles, blocking the path. The exchange of gifts sealed the temporary truce.
2026-01-03T20:00:00.000Z [road] @ Windleigh [Tiede's Band, prospectors] Tiede's Band assist prospectors with a broken wagon — With ale flowing in taprooms zigzag paths climbing steep inclines. One red-eyed in the dark prospectors, emerging from concealment. Diplomacy prevailed where force might have failed.
2026-01-03T20:00:00.000Z [town] @ Belfos The New Caravan arrives at Belfos — Bringing grain/textiles from Minasfeld with escorts.
2026-01-03T20:00:00.000Z [town] @ Belfos Cybele arrives in Belfos — guard from Windleigh
2026-01-03T20:00:00.000Z [town] @ Belfos Wantelien arrives in Belfos — bard from Minasfeld
2026-01-03T20:00:00.000Z [road] @ Belfos Northbeach Traders makes camp under escort — Road to Windleigh (road) quiet tonight.
2026-01-03T20:00:00.000Z [road] @ hex:1,8 glabrezu and giant-centipede tensions rise — Two populations eye the same territory. Conflict seems inevitable.
2026-01-03T20:00:00.000Z [road] @ hex:5,8 pegasus and orc clash — Territorial war erupts! The pegasus triumph, but 0 fall. The orc lose 1 and retreat.
2026-01-03T21:00:00.000Z [road] @ Myrrka [The Grim Wolves] The Grim Wolves spot signs of danger — Eagle cries echo, but no birds are visible.
2026-01-03T21:00:00.000Z [road] @ Greenmist [Parthenius's Band] Parthenius's Band discovers The Perfectly smooth Cave — Under an indigo sky ozone from lightning strikes hung in the air. A perfectly smooth cave, pulsing with a faint, rhythmic light. A sudden vision of what is to come flashes before them.
2026-01-03T21:00:00.000Z [road] @ Belfos Northbeach Traders makes camp under escort — Road to Windleigh (road) quiet tonight.
2026-01-03T21:00:00.000Z [road] @ hex:5,6 sylph and orc clash — Territorial war erupts! The orc triumph, but 0 fall. The sylph lose 2 and retreat.
2026-01-03T21:00:00.000Z [road] @ hex:7,7 rust-monster and chaos-beast clash — Territorial war erupts! The chaos-beast triumph, but 0 fall. The rust-monster lose 1 and retreat.
2026-01-03T22:00:00.000Z [road] @ Greenmist [Parthenius's Band] Parthenius's Band spot signs of danger — A cairn of skulls marks a territorial boundary.
2026-01-03T22:00:00.000Z [road] @ Windleigh [Tiede's Band] Tiede's Band shadowed by goblins — Tense standoff; both sides withdraw before blades are drawn.
2026-01-03T22:00:00.000Z [road] @ Belfos The Wandering Merchants makes camp under escort — Road to Myrrka (road) quiet tonight.
2026-01-03T22:00:00.000Z [town] @ Windleigh Word spreads in Windleigh — A valuable shipment was lost near Belfos.
2026-01-03T23:00:00.000Z [road] @ Greenmist [Parthenius's Band, the giant eagles called Harri] the giant eagles called Harri warn Parthenius's Band of dangers ahead — As owls hunted in darkness eagles screaming overhead. Clouds obscure all but the lowest slopes. A handful of red-eyed in the dark giant eagles, apparently startled. The meeting ended with mutual respect, if not friendship.
2026-01-03T23:00:00.000Z [road] @ hex:0,9 glabrezu and giant-centipede clash — Territorial war erupts! The glabrezu triumph, but 1 fall. The giant-centipede lose 2 and retreat.
2026-01-04T00:00:00.000Z [town] @ Belfos Peli seen in Belfos markets — priest haggles and swaps news.
2026-01-04T00:00:00.000Z [town] @ Belfos Theodric seen in Belfos markets — scout haggles and swaps news.
2026-01-04T00:00:00.000Z [town] @ Belfos Belfos folk watchful — Surplus textiles and shortages in ore.
2026-01-04T00:00:00.000Z [town] @ Belfos Rumor in Belfos — The Storm Guild watches the markets quietly.
2026-01-04T00:00:00.000Z [town] @ Windleigh Windleigh tempers frayed — Surplus ore/fish and shortages in textiles/salt.
2026-01-04T00:00:00.000Z [town] @ Windleigh Rumor in Windleigh — Bargain prices on fish; traders racing to Windleigh.
2026-01-04T00:00:00.000Z [town] @ Windleigh Rumor in Windleigh — Order of the Hawk watches the markets quietly.
2026-01-04T00:00:00.000Z [town] @ Azmarin Azmarin folk watchful — Surplus grain/textiles/salt and shortages in timber/ore/livestock.
2026-01-04T00:00:00.000Z [town] @ Azmarin Rumor in Azmarin — Bargain prices on grain; traders racing to Azmarin.
2026-01-04T00:00:00.000Z [town] @ Azmarin Rumor in Azmarin — Order of the Hawk watches the markets quietly.
2026-01-04T00:00:00.000Z [town] @ Azmarin Rumor in Azmarin — The Hawk Compact watches the markets quietly.
2026-01-04T00:00:00.000Z [town] @ Minasfeld Minasfeld folk watchful — Surplus grain/textiles/livestock.
2026-01-04T00:00:00.000Z [town] @ Minasfeld Rumor in Minasfeld — whispered threat: an old map fragment says Raoulin heard of bandits offering odd coins (from Minasfeld).
2026-01-04T00:00:00.000Z [town] @ Myrrka Myrrka tempers frayed — Surplus textiles and shortages in timber/salt.
2026-01-04T00:00:00.000Z [town] @ Myrrka Rumor in Myrrka — Levies rumored to secure timber; officials say caravans delayed.
2026-01-04T00:00:00.000Z [town] @ Greenmist Greenmist folk watchful — Surplus grain/textiles and shortages in livestock.
2026-01-04T00:00:00.000Z [town] @ Greenmist Rumor in Greenmist — The Storm Guild watches the markets quietly.
2026-01-04T01:00:00.000Z [road] @ Windleigh [Tiede's Band] Tiede's Band spot signs of danger — Bones litter a rock shelf. Not all are animal bones.
2026-01-04T01:00:00.000Z [faction] @ Azmarin [Order of the Hawk] Order of the Hawk eyes Azmarin for its salt — Desperate for salt, the faction has decided to take the settlement by force.
2026-01-04T01:00:00.000Z [road] @ hex:3,7 giant-snake and rakshasa tensions rise — Two populations eye the same territory. Conflict seems inevitable.
2026-01-04T01:00:00.000Z [road] @ hex:7,8 pyrolisk and chaos-beast clash — Territorial war erupts! The chaos-beast triumph, but 0 fall. The pyrolisk lose 0 and retreat.
2026-01-04T02:00:00.000Z [road] @ hex:2,9 worg and giant-snake tensions rise — Two populations eye the same territory. Conflict seems inevitable.
2026-01-04T02:00:00.000Z [road] @ hex:6,3 grell and phantom tensions rise — Two populations eye the same territory. Conflict seems inevitable.
2026-01-04T03:00:00.000Z [road] @ Myrrka [The Grim Wolves] The Grim Wolves spot signs of danger — Eagle cries echo, but no birds are visible.
2026-01-04T03:00:00.000Z [road] @ Windleigh [Tiede's Band] Tiede's Band spot signs of danger — Rockfall has blocked the easy path. An ambush site, perhaps.
2026-01-04T03:00:00.000Z [road] @ The Whispers Tower [Tiede's Band] Tiede's Band arrives at The Whispers Tower — They slip through the gates as lanterns are lit.
2026-01-04T03:00:00.000Z [town] @ Windleigh Northbeach Traders arrives at Windleigh — Bringing grain/textiles from Belfos with escorts.
2026-01-04T03:00:00.000Z [town] @ Windleigh Emlyn arrives in Windleigh — scout from Minasfeld
2026-01-04T03:00:00.000Z [town] @ Windleigh Ilene arrives in Windleigh — bard from Windleigh
2026-01-04T03:00:00.000Z [town] @ Azmarin Heromenes slain during botched heist — The caravan was better protected than expected. Heromenes paid the ultimate price.
2026-01-04T03:00:00.000Z [town] @ Azmarin Laurin slain during botched heist — The caravan was better protected than expected. Laurin paid the ultimate price.
2026-01-04T03:00:00.000Z [road] @ hex:2,5 giant-raven and golem-stone clash — Territorial war erupts! The golem-stone triumph, but 0 fall. The giant-raven lose 9 and retreat.
2026-01-04T03:00:00.000Z [road] @ hex:5,3 giant-raven and grell clash — Territorial war erupts! The grell triumph, but 0 fall. The giant-raven lose 0 and retreat.
2026-01-04T03:00:00.000Z [road] @ hex:5,6 sylph and goblin clash — Territorial war erupts! The sylph triumph, but 0 fall. The goblin lose 1 and retreat.
2026-01-04T03:10:00.000Z [dungeon] @ The Whispers Tower [Tiede's Band] The Whispers Tower: Tiede's Band trigger a trap — Bruised and shaken, they press on.
2026-01-04T03:20:00.000Z [dungeon] @ The Whispers Tower [Tiede's Band] The Whispers Tower: Tiede's Band discover a treasure cache — Type D treasure found in the depths.
2026-01-04T03:20:00.000Z [dungeon] @ The Whispers Tower [Tiede's Band] Tiede's Band discovers and claims a cache worth 22,131 gold — 6,000 gold. 8 pieces of jewelry. Light enough to carry out immediately.
2026-01-04T03:20:00.000Z [town] @ Windleigh Rumor in Windleigh — urgent treasure: a temple acolyte whispers of Tiede's Band discovering a hoard worth 22,131 gold. Fortune-seekers gather.
2026-01-04T03:20:00.000Z [town] @ Belfos Rumor in Belfos — urgent treasure: a temple acolyte whispers of Tiede's Band discovering a hoard worth 22,131 gold. Fortune-seekers gather.
2026-01-04T03:20:00.000Z [town] @ Azmarin Rumor in Azmarin — urgent treasure: a temple acolyte whispers of Tiede's Band discovering a hoard worth 22,131 gold. Fortune-seekers gather.
2026-01-04T03:30:00.000Z [dungeon] @ The Whispers Tower [Tiede's Band] The Whispers Tower: Tiede's Band trigger a trap — Bruised and shaken, they press on.
2026-01-04T03:40:00.000Z [dungeon] @ The Whispers Tower [Tiede's Band] The Whispers Tower: Tiede's Band uncover a shrine — Strange glyphs and relics hint at deeper secrets.
2026-01-04T03:50:00.000Z [dungeon] @ The Whispers Tower [Tiede's Band] The Whispers Tower: Tiede's Band uncover a shrine — Strange glyphs and relics hint at deeper secrets.
2026-01-04T04:00:00.000Z [dungeon] @ The Whispers Tower [Tiede's Band] The Whispers Tower: Tiede's Band trigger a trap — Bruised and shaken, they press on.
2026-01-04T04:00:00.000Z [road] @ Myrrka [The Grim Wolves] The Grim Wolves spot signs of danger — Eagle cries echo, but no birds are visible.
2026-01-04T04:00:00.000Z [road] @ Myrrka [The Grim Wolves, dwarven patrols] dwarven patrols mark their territory with warning signs — In the cold hours before dawn charred wood from forest fires hung in the air. Two or three shadow-cloaked dwarven patrols, apparently startled. Words proved mightier than steel on this occasion.
2026-01-04T04:00:00.000Z [road] @ Greenmist [Parthenius's Band, Pausanius the red-eyed in the dark] Pausanius the red-eyed in the dark warn Parthenius's Band of dangers ahead — When shadows grew deepest Many night-hunting goblins, arguing among themselves. An uneasy bargain was struck beneath wary eyes.
2026-01-04T04:00:00.000Z [town] @ Greenmist [Eadmund, Cybele] Cybele presses Eadmund for payment — Gold owed sits heavy on both parties.
2026-01-04T04:00:00.000Z [town] @ Belfos [Wantelien] Construction continues on Wantelien's stronghold — Masons and laborers work tirelessly. The foundations are deep and the walls rise.
2026-01-04T04:00:00.000Z [road] @ hex:2,5 giant-raven and living-statue clash — Territorial war erupts! The living-statue triumph, but 0 fall. The giant-raven lose 6 and retreat.
2026-01-04T04:00:00.000Z [road] @ hex:5,4 pyrohydra and phantom tensions rise — Two populations eye the same territory. Conflict seems inevitable.
2026-01-04T04:00:00.000Z [faction] @ Myrrka [Mendia] golem-bronze rally to Mendia — The golem-bronze of hex:6,1 swear allegiance to Mendia the Pallid. Their numbers swell the villain's forces.
2026-01-04T04:10:00.000Z [dungeon] @ The Whispers Tower [Tiede's Band] The Whispers Tower: Tiede's Band trigger a trap — Bruised and shaken, they press on.
2026-01-04T04:20:00.000Z [dungeon] @ The Whispers Tower [Tiede's Band] The Whispers Tower: Tiede's Band discover a treasure cache — Type D treasure found in the depths.
2026-01-04T04:30:00.000Z [dungeon] @ The Whispers Tower [Tiede's Band] The Whispers Tower: Tiede's Band comb dusty halls — Old bones and silence.
2026-01-04T04:40:00.000Z [dungeon] @ The Whispers Tower [Tiede's Band] The Whispers Tower: Tiede's Band battle lair denizens — Beasts broken after a grim melee. Their hoard is claimed.
2026-01-04T04:40:00.000Z [dungeon] @ The Whispers Tower [Tiede's Band] Tiede's Band discovers and claims a cache worth 100 gold —  Light enough to carry out immediately.
2026-01-04T04:50:00.000Z [dungeon] @ The Whispers Tower [Tiede's Band] The Whispers Tower: Tiede's Band uncover a laboratory — Strange glyphs and relics hint at deeper secrets.
2026-01-04T05:00:00.000Z [dungeon] @ The Whispers Tower [Tiede's Band] The Whispers Tower: Tiede's Band battle lair denizens — They withdraw, leaving fallen behind.
2026-01-04T05:00:00.000Z [road] @ Myrrka [The Grim Wolves, giant eagles] The Grim Wolves exchange stories with curious giant eagles — As the world stirred from slumber waterfalls plunging into deep pools. Clouds obscure all but the lowest slopes. A solitary red-eyed in the dark giant eagles, watching warily. They found common ground in their mutual interests. Vast chasms with no visible bottom marked the scene.
2026-01-04T05:00:00.000Z [road] @ Windleigh Northbeach Traders makes camp under escort — Road to Belfos (road) quiet tonight.
2026-01-04T05:00:00.000Z [road] @ hex:1,8 glabrezu and giant-snake tensions rise — Two populations eye the same territory. Conflict seems inevitable.
2026-01-04T06:00:00.000Z [road] @ Greenmist [Parthenius's Band, ogres] ogres poison Parthenius's Band's water supply — While dew pearled on grass and stone the occasional boom of falling ice. A lone solitary ogres, watching warily. The battle raged fiercely, but their resolve never wavered. The victors claim 24 coin worth of plunder.
2026-01-04T06:00:00.000Z [road] @ hex:4,3 nightwalker and giant-raven clash — Territorial war erupts! The nightwalker triumph, but 0 fall. The giant-raven lose 0 and retreat.
2026-01-04T06:00:00.000Z [road] @ hex:5,3 giant-raven and skeleton clash — Territorial war erupts! The giant-raven triumph, but 0 fall. The skeleton lose 4 and retreat.
2026-01-04T06:00:00.000Z [road] @ hex:7,6 su-monster and giant-eel clash — Territorial war erupts! The su-monster triumph, but 0 fall. The giant-eel lose 7 and retreat.
2026-01-04T07:00:00.000Z [road] @ Myrrka [The Grim Wolves] The Grim Wolves discovers The Crystalline Cave — Under a brightening sky vast chasms with no visible bottom. A crystalline cave, pulsing with a faint, rhythmic light. The party feels a surge of mental clarity.
2026-01-04T07:00:00.000Z [town] @ Belfos [Izot] Izot vows vengeance — Following Battle joined between The Grim Wolves and giant eagles, the bard swears an oath that cannot go unanswered.
2026-01-04T07:00:00.000Z [road] @ hex:5,9 golem-stone and revenant clash — Territorial war erupts! The golem-stone triumph, but 1 fall. The revenant lose 2 and retreat.
2026-01-04T08:00:00.000Z [road] @ Myrrka [The Grim Wolves, orc raiders] orc raiders share hunting tips with The Grim Wolves — As folk went about their labors stone cairns marking safe paths. Many disciplined orc raiders, scouting for targets. Cultural misunderstandings were resolved through patience. Crystal formations in cave mouths marked the scene.
2026-01-04T08:00:00.000Z [road] @ hex:3,2 bear and skeleton tensions rise — Two populations eye the same territory. Conflict seems inevitable.
2026-01-04T08:00:00.000Z [road] @ hex:7,6 su-monster and giant-eel tensions rise — Two populations eye the same territory. Conflict seems inevitable.
2026-01-04T08:00:00.000Z [road] @ hex:7,7 rust-monster and chaos-beast tensions rise — Two populations eye the same territory. Conflict seems inevitable.
2026-01-04T08:00:00.000Z [road] @ hex:7,8 pyrolisk and giant-eel clash — Territorial war erupts! The pyrolisk triumph, but 0 fall. The giant-eel lose 2 and retreat.
2026-01-04T10:00:00.000Z [road] @ Myrrka [The Grim Wolves] The Grim Wolves completes rest — Ready to travel again.
2026-01-04T10:00:00.000Z [road] @ Belfos The New Caravan makes camp under escort — Road to Minasfeld (road) quiet tonight.
2026-01-04T10:00:00.000Z [road] @ Myrrka The Grim Wolves falls ill in Myrrka — The Camp Fever has claimed members of the company. They must rest to recover.
2026-01-04T10:00:00.000Z [road] @ hex:2,7 golem-stone and chimera clash — Territorial war erupts! The chimera triumph, but 0 fall. The golem-stone lose 1 and retreat.
2026-01-04T11:00:00.000Z [road] @ Myrrka [The Grim Wolves] The Grim Wolves spot signs of danger — A cairn of skulls marks a territorial boundary.
2026-01-04T11:00:00.000Z [road] @ Belfos Beroldus's Wagons makes camp under escort — Road to Greenmist (road) quiet tonight.
2026-01-04T11:00:00.000Z [town] @ Belfos [Gawyne, Mainardus] Gawyne seen leaving Mainardus's lodgings at dawn — Some say passion; others say scandal.
2026-01-04T12:00:00.000Z [town] @ Greenmist [Eadmund, Theodric] Eadmund seeks guidance from Theodric — The lessons take root.
2026-01-04T12:00:00.000Z [road] @ hex:4,8 rakshasa and goblin clash — Territorial war erupts! The rakshasa triumph, but 0 fall. The goblin lose 1 and retreat.
2026-01-04T12:00:00.000Z [road] @ hex:7,8 chaos-beast and giant-eel clash — Territorial war erupts! The chaos-beast triumph, but 0 fall. The giant-eel lose 4 and retreat.
2026-01-04T13:00:00.000Z [road] @ hex:4,8 rakshasa and goblin tensions rise — Two populations eye the same territory. Conflict seems inevitable.
2026-01-04T13:00:00.000Z [road] @ hex:5,8 pegasus and golem-stone clash — Territorial war erupts! The golem-stone triumph, but 0 fall. The pegasus lose 2 and retreat.
2026-01-04T14:00:00.000Z [road] @ Myrrka [The Grim Wolves] The Grim Wolves spot signs of danger — The ruins of a dwarven waystation, recently looted.
2026-01-04T14:00:00.000Z [road] @ Greenmist [Parthenius's Band] Parthenius's Band spot signs of danger — A cairn of skulls marks a territorial boundary.
2026-01-04T14:00:00.000Z [road] @ Greenmist [Parthenius's Band] Parthenius's Band shadowed by orc raiders — Tense standoff; both sides withdraw before blades are drawn.
2026-01-04T14:00:00.000Z [town] @ Myrrka Word spreads in Myrrka — Thieves struck near Belfos. The roads grow dangerous.
2026-01-04T14:00:00.000Z [road] @ hex:0,9 glabrezu and giant-centipede clash — Territorial war erupts! The glabrezu triumph, but 0 fall. The giant-centipede lose 1 and retreat.
2026-01-04T14:00:00.000Z [road] @ hex:3,7 giant-snake and orc clash — Territorial war erupts! The orc triumph, but 0 fall. The giant-snake lose 3 and retreat.
2026-01-04T14:00:00.000Z [road] @ hex:4,3 nightwalker and skeleton clash — Territorial war erupts! The nightwalker triumph, but 0 fall. The skeleton lose 5 and retreat.
2026-01-04T14:00:00.000Z [road] @ hex:6,3 grell and phantom clash — Territorial war erupts! The grell triumph, but 0 fall. The phantom lose 5 and retreat.
2026-01-04T15:00:00.000Z [road] @ Greenmist [Parthenius's Band] Parthenius's Band spot signs of danger — The ruins of a dwarven waystation, recently looted.
2026-01-04T15:00:00.000Z [road] @ hex:2,8 chimera and worg tensions rise — Two populations eye the same territory. Conflict seems inevitable.
2026-01-04T16:00:00.000Z [road] @ Greenmist [Parthenius's Band, trolls] Battle joined between Parthenius's Band and trolls — In the golden afternoon light ozone from lightning strikes hung in the air. Two or three red-eyed in the dark trolls, emerging from concealment. The foe's weapons glanced off enchanted armor. Snow-capped peaks gleaming in sunlight marked the scene.
2026-01-04T16:00:00.000Z [road] @ Greenmist [Parthenius's Band] Parthenius's Band completes rest — Ready to travel again.
2026-01-04T16:00:00.000Z [road] @ Myrrka [The Grim Wolves] The Grim Wolves spot ogre and avoid notice — They detour carefully, leaving only faint tracks.
2026-01-04T16:00:00.000Z [road] @ Belfos [Izot] Izot flees Belfos — Driven by trolls ambush The Grim Wolves, they take to the road toward Azmarin.
2026-01-04T16:00:00.000Z [road] @ hex:5,4 pyrohydra and phantom clash — Territorial war erupts! The pyrohydra triumph, but 0 fall. The phantom lose 3 and retreat.
2026-01-04T16:00:00.000Z [road] @ hex:6,4 phantom and goblin tensions rise — Two populations eye the same territory. Conflict seems inevitable.
2026-01-04T17:00:00.000Z [town] @ Greenmist Mood darkens in Greenmist — Following recent events, the people's spirit sinks.
2026-01-04T17:00:00.000Z [town] @ Greenmist Mood darkens in Greenmist — Following recent events, the people's spirit sinks.
2026-01-04T17:00:00.000Z [road] @ hex:5,8 pegasus and goblin clash — Territorial war erupts! The goblin triumph, but 0 fall. The pegasus lose 3 and retreat.
2026-01-04T18:00:00.000Z [road] @ Greenmist [Parthenius's Band] Parthenius's Band spot signs of danger — The ruins of a dwarven waystation, recently looted.
2026-01-04T18:00:00.000Z [dungeon] @ Greenmist [Parthenius's Band] Parthenius's Band discovers Forgotten Archives — As bats took wing They have found An ancient forgotten archives from the First Age. Forgotten Archives was once a center of faith before its fall.
2026-01-04T18:00:00.000Z [road] @ Belfos Beroldus's Wagons makes camp under escort — Road to Greenmist (road) quiet tonight.
2026-01-04T18:00:00.000Z [road] @ Belfos Mainardus falls defending the caravan — Loss shakes Circle of the Dawn.
2026-01-04T18:00:00.000Z [town] @ Belfos Rumor in Belfos — Beroldus's Wagons of Circle of the Dawn lost goods on the road; prices may shift.
2026-01-04T18:00:00.000Z [road] @ hex:4,3 nightwalker and giant-raven tensions rise — Two populations eye the same territory. Conflict seems inevitable.
2026-01-04T18:00:00.000Z [road] @ hex:5,3 giant-raven and skeleton tensions rise — Two populations eye the same territory. Conflict seems inevitable.
2026-01-04T18:00:00.000Z [road] @ hex:7,9 revenant and nereid tensions rise — Two populations eye the same territory. Conflict seems inevitable.
2026-01-04T19:00:00.000Z [town] @ Belfos Mood darkens in Belfos — Following recent events, the people's spirit sinks.
2026-01-04T19:00:00.000Z [faction] @ Belfos [The Storm Guild] The Storm Guild eyes Belfos for its textiles — Desperate for textiles, the faction has decided to take the settlement by force.
2026-01-04T19:00:00.000Z [road] @ hex:3,1 half-orc-bandit and skeleton tensions rise — Two populations eye the same territory. Conflict seems inevitable.
2026-01-04T19:00:00.000Z [road] @ hex:5,3 giant-raven and grell tensions rise — Two populations eye the same territory. Conflict seems inevitable.
2026-01-04T20:00:00.000Z [road] @ Greenmist [Parthenius's Band, goblins] Parthenius's Band battle goblins for control of the path — Under an indigo sky the splash of mountain streams. Clouds obscure all but the lowest slopes. A solitary red-eyed in the dark goblins, worshipping a crude idol. With discipline and fury, the foe was broken. A well-timed spell from their caster turned the tide. The victors claim 47 coin worth of plunder.
2026-01-04T20:00:00.000Z [road] @ Belfos The Wandering Merchants makes camp under escort — Road to Myrrka (road) quiet tonight.
2026-01-04T20:00:00.000Z [road] @ Greenmist [Parthenius's Band] Parthenius's Band grows in power! — Through hardship and battle, the members of Parthenius's Band have reached level 3.
2026-01-04T20:00:00.000Z [town] @ Azmarin [The Shadow Hand] The Shadow Hand moves stolen goods — The trade goods from The Wandering Peddlers finally finds a buyer. 71 gold changes hands in a shadowy transaction.
2026-01-04T21:00:00.000Z [road] @ Greenmist [Parthenius's Band, orc raiders] Parthenius's Band hide their valuables from view — Under an indigo sky the ruins of a dwarven gatehouse. Clouds obscure all but the lowest slopes. Two or three red-eyed in the dark orc raiders, returning from a raid. They found common ground in their mutual interests.
2026-01-04T21:00:00.000Z [road] @ Azmarin [Izot] Izot flees Azmarin — Driven by The Grim Wolves clash with giant bats, they take to the road toward Greenmist.
2026-01-04T21:00:00.000Z [town] @ Greenmist Mood darkens in Greenmist — Following recent events, the people's spirit sinks.
2026-01-04T21:00:00.000Z [town] @ Greenmist Mood darkens in Greenmist — Following recent events, the people's spirit sinks.
2026-01-04T21:00:00.000Z [town] @ Greenmist [Eadmund, Hans-Ruedi] Eadmund instructs Hans-Ruedi — The student shows promise—or perhaps stubborn foolishness.
2026-01-04T22:00:00.000Z [road] @ Myrrka [The Grim Wolves] The Grim Wolves spot signs of danger — The ruins of a dwarven waystation, recently looted.
2026-01-04T22:00:00.000Z [road] @ Myrrka [The Grim Wolves, ogres] The Grim Wolves storm ogres's stronghold — By candlelight and hearth-glow the ruins of a dwarven gatehouse. A lone shadow-cloaked ogres, blocking the path. They exploited a momentary weakness in the enemy line. Vast chasms with no visible bottom marked the scene. The victors claim 45 coin worth of plunder.
2026-01-04T22:00:00.000Z [road] @ Belfos [The Wandering Peddlers, Sons of the Wolf] The Wandering Peddlers is raided! — Sons of the Wolf forces have intercepted the caravan en route to Azmarin.
2026-01-04T22:00:00.000Z [town] @ Belfos Trade routes near Belfos grow dangerous — Merchants speak of losses. Some refuse to travel until the roads are secured.
2026-01-04T22:00:00.000Z [weather] @ Greenmist [Izot] Izot alters the weather — Through ancient incantations, the Magic-User calls forth fog over the region.
2026-01-04T22:00:00.000Z [road] @ hex:7,8 pyrolisk and chaos-beast clash — Territorial war erupts! The pyrolisk triumph, but 0 fall. The chaos-beast lose 2 and retreat.
2026-01-04T23:00:00.000Z [road] @ Greenmist [Parthenius's Band] Parthenius's Band parley with giant bats — Trade news and share a quick meal before parting ways.
2026-01-04T23:00:00.000Z [town] @ Myrrka The Wandering Merchants arrives at Myrrka — Bringing livestock from Belfos with escorts under banner of Order of the Hawk.
2026-01-04T23:00:00.000Z [town] @ Myrrka Theodric arrives in Myrrka — scout from Minasfeld
2026-01-04T23:00:00.000Z [town] @ Myrrka Izot arrives in Myrrka — bard from Belfos
2026-01-04T23:00:00.000Z [road] @ Belfos The Wandering Peddlers makes camp under escort — Road to Azmarin (road) quiet tonight.
2026-01-04T23:00:00.000Z [town] @ Belfos [Wantelien, Mainardus] Violence threatened between Wantelien and Mainardus — Blood may yet be spilled between them.
2026-01-04T23:00:00.000Z [road] @ hex:2,8 chimera and giant-snake tensions rise — Two populations eye the same territory. Conflict seems inevitable.
2026-01-04T23:00:00.000Z [road] @ hex:3,4 living-statue and giant-raven clash — Territorial war erupts! The living-statue triumph, but 1 fall. The giant-raven lose 1 and retreat.
2026-01-04T23:00:00.000Z [road] @ hex:5,6 sylph and goblin tensions rise — Two populations eye the same territory. Conflict seems inevitable.
2026-01-05T00:00:00.000Z [road] @ Greenmist [Parthenius's Band, goblins] Parthenius's Band detour to avoid goblins's territory — As owls hunted in darkness the sharp crack of ice breaking. A few night-hunting goblins, tracking something. They retreated in good order, minimizing losses.
2026-01-05T00:00:00.000Z [road] @ Greenmist [Parthenius's Band] Parthenius's Band clash with giant bats — Brief skirmish; foes driven off with minor bruises.
2026-01-05T00:00:00.000Z [faction] @ Myrrka [Mendia the Pallid] Mendia conducts a dark ritual — Strange lights in the sky. Animals flee.
2026-01-05T00:00:00.000Z [road] @ hex:5,4 pyrohydra and phantom tensions rise — Two populations eye the same territory. Conflict seems inevitable.
2026-01-05T00:00:00.000Z [town] @ Myrrka [Theodric] Theodric is dying — The end approaches for the scout. Family and rivals alike watch and wait.
2026-01-05T00:00:00.000Z [town] @ Belfos Peli seen in Belfos markets — priest haggles and swaps news.
2026-01-05T00:00:00.000Z [town] @ Belfos Cybele seen in Belfos markets — guard haggles and swaps news.
2026-01-05T00:00:00.000Z [town] @ Belfos Belfos folk watchful — Surplus textiles and shortages in ore.
2026-01-05T00:00:00.000Z [town] @ Windleigh Ilene seen in Windleigh markets — bard haggles and swaps news.
2026-01-05T00:00:00.000Z [town] @ Windleigh Emlyn seen in Windleigh markets — scout haggles and swaps news.
2026-01-05T00:00:00.000Z [town] @ Windleigh Windleigh tempers frayed — Surplus grain/ore/fish and shortages in textiles/salt.
2026-01-05T00:00:00.000Z [town] @ Windleigh Rumor in Windleigh — urgent treasure: a caravan guard says Halie heard of old map showing 3 levels and barred doors (from Windleigh).
2026-01-05T00:00:00.000Z [town] @ Azmarin Azmarin tempers frayed — Surplus grain/textiles/salt and shortages in timber/ore/livestock.
2026-01-05T00:00:00.000Z [town] @ Azmarin Rumor in Azmarin — Levies rumored to secure ore; officials say caravans delayed.
2026-01-05T00:00:00.000Z [town] @ Azmarin Rumor in Azmarin — The Hawk Compact watches the markets quietly.
2026-01-05T00:00:00.000Z [town] @ Minasfeld Hans-Ruedi seen in Minasfeld markets — laborer haggles and swaps news.
2026-01-05T00:00:00.000Z [town] @ Minasfeld Minasfeld tempers frayed — Surplus grain/textiles/livestock.
2026-01-05T00:00:00.000Z [town] @ Minasfeld Rumor in Minasfeld — conflicting missing: a caravan guard says Apal heard of villagers hearing chanting at dusk (from Minasfeld).
2026-01-05T00:00:00.000Z [town] @ Minasfeld Rumor in Minasfeld — The Storm Guild watches the markets quietly.
2026-01-05T00:00:00.000Z [town] @ Minasfeld Rumor in Minasfeld — Order of the Hawk watches the markets quietly.
2026-01-05T00:00:00.000Z [town] @ Myrrka Myrrka tempers frayed — Surplus textiles and shortages in timber/salt.
2026-01-05T00:00:00.000Z [town] @ Myrrka Rumor in Myrrka — Levies rumored to secure timber; officials say caravans delayed.
2026-01-05T00:00:00.000Z [town] @ Greenmist Greenmist tempers frayed — Surplus textiles and shortages in livestock.
2026-01-05T00:00:00.000Z [town] @ Greenmist Rumor in Greenmist — Levies rumored to secure livestock; officials say caravans delayed.
2026-01-05T00:00:00.000Z [town] @ Greenmist Rumor in Greenmist — The Storm Guild watches the markets quietly.
2026-01-05T00:00:00.000Z [town] @ Greenmist Rumor in Greenmist — Sons of the Wolf watches the markets quietly.
2026-01-05T00:00:00.000Z [town] @ Greenmist Rumor in Greenmist — Order of the Hawk watches the markets quietly.
2026-01-05T00:00:00.000Z [town] @ Greenmist Rumor in Greenmist — Circle of the Dawn watches the markets quietly.
2026-01-05T00:00:00.000Z [town] @ Greenmist Rumor in Greenmist — The Hawk Compact watches the markets quietly.
