2026-01-01T00:00:00.000Z [system] The chronicle begins: Standard — 15th of Deepwinter, Year 1056. The simulation awakens in an era known as the Standard.
2026-01-01T00:00:00.000Z [town] @ Belfos Belfos stirs to life — Guild banners snapped in the breeze while decent folk lay sleeping.
2026-01-01T00:00:00.000Z [town] @ Windleigh Windleigh stirs to life — Guild banners snapped in the breeze in the hush of late night.
2026-01-01T00:00:00.000Z [faction] @ Windleigh [Dionysios] A new tale begins: "Seals Breaking" — Ancient wards fail. What they imprisoned walks again.
2026-01-01T00:00:00.000Z [town] @ Azmarin Azmarin stirs to life — A crier announced the day's proclamations in the hush of late night.
2026-01-01T00:00:00.000Z [town] @ Minasfeld Minasfeld stirs to life — Children chased each other through muddy lanes while decent folk lay sleeping.
2026-01-01T00:00:00.000Z [town] @ Myrrka Myrrka stirs to life — A crier announced the day's proclamations with only moonlight for company.
2026-01-01T00:00:00.000Z [faction] @ Myrrka [Engelwara] A new tale begins: "The Old Darkness Returns" — Engelwara races to prevent catastrophe.
2026-01-01T00:00:00.000Z [town] @ Greenmist Greenmist stirs to life — Chickens scattered before approaching travelers as owls hunted in darkness.
2026-01-01T00:00:00.000Z [faction] @ Myrrka [Mendia the Pallid] The shadow of Mendia the Pallid falls over the region — Wizards whisper of forbidden arts practiced in secret.
2026-01-01T00:00:00.000Z [road] @ Belfos [The Grim Wolves] The Grim Wolves departs Belfos — Bound for Azmarin across road (~12 miles).
2026-01-01T00:00:00.000Z [town] @ Belfos Belfos folk watchful — Shortages in grain/ore.
2026-01-01T00:00:00.000Z [town] @ Belfos Rumor in Belfos — Levies rumored to secure grain; officials say caravans delayed.
2026-01-01T00:00:00.000Z [town] @ Belfos Rumor in Belfos — The Storm Guild watches the markets quietly.
2026-01-01T00:00:00.000Z [town] @ Belfos Rumor in Belfos — Sons of the Wolf watches the markets quietly.
2026-01-01T00:00:00.000Z [town] @ Belfos Rumor in Belfos — Order of the Hawk watches the markets quietly.
2026-01-01T00:00:00.000Z [town] @ Belfos Rumor in Belfos — Circle of the Dawn watches the markets quietly.
2026-01-01T00:00:00.000Z [town] @ Belfos Rumor in Belfos — The Hawk Compact watches the markets quietly.
2026-01-01T00:00:00.000Z [town] @ Windleigh Windleigh folk watchful — Surplus ore/fish and shortages in textiles/salt.
2026-01-01T00:00:00.000Z [town] @ Windleigh Rumor in Windleigh — Levies rumored to secure textiles; officials say caravans delayed.
2026-01-01T00:00:00.000Z [town] @ Azmarin Azmarin spirits high — Surplus textiles/salt and shortages in ore.
2026-01-01T00:00:00.000Z [town] @ Azmarin Rumor in Azmarin — official mystery: a wounded messenger says Gabrielia heard of villagers hearing chanting at dusk (from Azmarin).
2026-01-01T00:00:00.000Z [town] @ Azmarin Rumor in Azmarin — Sons of the Wolf watches the markets quietly.
2026-01-01T00:00:00.000Z [town] @ Minasfeld Minasfeld folk watchful — Surplus livestock.
2026-01-01T00:00:00.000Z [town] @ Minasfeld Rumor in Minasfeld — Sons of the Wolf watches the markets quietly.
2026-01-01T00:00:00.000Z [town] @ Minasfeld Rumor in Minasfeld — Circle of the Dawn watches the markets quietly.
2026-01-01T00:00:00.000Z [town] @ Myrrka Katixa seen in Myrrka markets — guard haggles and swaps news.
2026-01-01T00:00:00.000Z [town] @ Myrrka Molora seen in Myrrka markets — scout haggles and swaps news.
2026-01-01T00:00:00.000Z [town] @ Myrrka Myrrka folk watchful — Surplus textiles and shortages in salt.
2026-01-01T00:00:00.000Z [town] @ Myrrka Rumor in Myrrka — conflicting mystery: a wandering priest says Gisila heard of missing heirlooms traced toward Wealdlock Crypt (from Myrrka).
2026-01-01T00:00:00.000Z [town] @ Greenmist Eryalus seen in Greenmist markets — laborer haggles and swaps news.
2026-01-01T00:00:00.000Z [town] @ Greenmist Eadmund seen in Greenmist markets — laborer haggles and swaps news.
2026-01-01T00:00:00.000Z [town] @ Greenmist Greenmist tempers frayed — Surplus grain/textiles and shortages in ore/salt/fish/livestock.
2026-01-01T00:00:00.000Z [town] @ Greenmist Rumor in Greenmist — Levies rumored to secure salt; officials say caravans delayed.
2026-01-01T00:00:00.000Z [weather] A great omen: shadows move against the light — Across the land, shadows move against the light. Some weep with joy; others weep with terror.
2026-01-01T01:00:00.000Z [town] @ Myrrka Word spreads in Myrrka — Travelers speak of Mendia the Pallid. Ascending to godhood.
2026-01-01T01:00:00.000Z [town] @ Myrrka Mood darkens in Myrrka — Following recent events, the people's spirit sinks.
2026-01-01T01:00:00.000Z [road] @ hex:2,8 chimera and giant-snake tensions rise — Two populations eye the same territory. Conflict seems inevitable.
2026-01-01T01:00:00.000Z [road] @ hex:5,9 golem-stone and orc tensions rise — Two populations eye the same territory. Conflict seems inevitable.
2026-01-01T02:00:00.000Z [road] @ hex:7,7 rust-monster and pyrolisk tensions rise — Two populations eye the same territory. Conflict seems inevitable.
2026-01-01T02:00:00.000Z [faction] @ hex:7,7 [Orsola] A new tale begins: "Tracking the Orsola" — Orsola stalks a dangerous quarry across the region.
2026-01-01T02:00:00.000Z [road] @ hex:7,8 pyrolisk and revenant tensions rise — Two populations eye the same territory. Conflict seems inevitable.
2026-01-01T03:00:00.000Z [road] @ Belfos [The Grim Wolves, patrol guards] The Grim Wolves skirt around wary patrol guards — As even the taverns fell silent an abandoned cart with broken axles. The road stretches grey beneath grey skies. A handful of territorial patrol guards, watching warily. Sometimes wisdom is knowing when to flee. Merchant stalls lined along the roadside marked the scene.
2026-01-01T03:00:00.000Z [road] @ Belfos [The Grim Wolves] The Grim Wolves parley with patrolling guards — Trade news and share a quick meal before parting ways.
2026-01-01T03:00:00.000Z [town] @ Minasfeld [Theodric] Construction continues on Theodric's stronghold — Masons and laborers work tirelessly. The foundations are deep and the walls rise.
2026-01-01T03:00:00.000Z [town] @ Minasfeld [Wantelien] Magical mist chokes Minasfeld — A toxic green cloud, conjured by Wantelien, rolls through the streets. Panic ensues.
2026-01-01T03:00:00.000Z [faction] The Storm Guild declares a shortage of grain — Their stockpiles are low. They will seek grain by any means necessary.
2026-01-01T03:00:00.000Z [faction] Sons of the Wolf declares a shortage of timber — Their stockpiles are low. They will seek timber by any means necessary.
2026-01-01T04:00:00.000Z [road] @ Belfos Beroldus's Wagons makes camp under escort — Road to Greenmist (road) quiet tonight.
2026-01-01T04:00:00.000Z [town] @ Windleigh [Gabone, The Crimson Purse] Merchant refuses The Crimson Purse's "protection" — Gabone stands up to the guild. A brave but perhaps foolish act.
2026-01-01T04:00:00.000Z [road] @ hex:2,7 golem-stone and chimera tensions rise — Two populations eye the same territory. Conflict seems inevitable.
2026-01-01T04:00:00.000Z [road] @ hex:7,6 su-monster and giant-eel tensions rise — Two populations eye the same territory. Conflict seems inevitable.
2026-01-01T05:00:00.000Z [faction] The Storm Guild declares a shortage of livestock — Their stockpiles are low. They will seek livestock by any means necessary.
2026-01-01T05:00:00.000Z [road] @ hex:2,5 giant-raven and golem-stone tensions rise — Two populations eye the same territory. Conflict seems inevitable.
2026-01-01T06:00:00.000Z [road] @ Belfos Beroldus's Wagons makes camp under escort — Road to Greenmist (road) quiet tonight.
2026-01-01T06:00:00.000Z [faction] Sons of the Wolf declares a shortage of fish — Their stockpiles are low. They will seek fish by any means necessary.
2026-01-01T06:00:00.000Z [faction] The Hawk Compact declares a shortage of grain — Their stockpiles are low. They will seek grain by any means necessary.
2026-01-01T06:00:00.000Z [road] @ hex:2,8 chimera and worg tensions rise — Two populations eye the same territory. Conflict seems inevitable.
2026-01-01T07:00:00.000Z [road] @ Belfos [The Grim Wolves] The Grim Wolves shadowed by merchants — Tense standoff; both sides withdraw before blades are drawn.
2026-01-01T07:00:00.000Z [faction] Order of the Hawk declares a shortage of fish — Their stockpiles are low. They will seek fish by any means necessary.
2026-01-01T07:00:00.000Z [faction] Circle of the Dawn declares a shortage of timber — Their stockpiles are low. They will seek timber by any means necessary.
2026-01-01T07:00:00.000Z [road] @ hex:1,8 glabrezu and giant-centipede tensions rise — Two populations eye the same territory. Conflict seems inevitable.
2026-01-01T07:00:00.000Z [road] @ hex:2,9 worg and bear tensions rise — Two populations eye the same territory. Conflict seems inevitable.
2026-01-01T07:00:00.000Z [road] @ hex:7,6 su-monster and goblin tensions rise — Two populations eye the same territory. Conflict seems inevitable.
2026-01-01T08:00:00.000Z [road] @ hex:7,6 su-monster and rust-monster tensions rise — Two populations eye the same territory. Conflict seems inevitable.
2026-01-01T08:00:00.000Z [road] @ hex:4,5 drow wiped out in hex:4,5 — The last of the drow have fallen. The region grows quieter—for now.
2026-01-01T09:00:00.000Z [road] @ Belfos The Wandering Merchants makes camp under escort — Road to Myrrka (road) quiet tonight.
2026-01-01T09:00:00.000Z [road] @ hex:1,8 glabrezu and giant-snake tensions rise — Two populations eye the same territory. Conflict seems inevitable.
2026-01-01T10:00:00.000Z [faction] [The Storm Guild, Sons of the Wolf] The Storm Guild proposes marriage alliance with Sons of the Wolf — Envoys are sent. Dowries discussed. A political wedding could reshape alliances.
2026-01-01T10:00:00.000Z [faction] Order of the Hawk declares a shortage of timber — Their stockpiles are low. They will seek timber by any means necessary.
2026-01-01T10:00:00.000Z [faction] Circle of the Dawn declares a shortage of livestock — Their stockpiles are low. They will seek livestock by any means necessary.
2026-01-01T10:00:00.000Z [town] @ Windleigh [Katherne, The Crimson Purse] Merchant refuses The Crimson Purse's "protection" — Katherne stands up to the guild. A brave but perhaps foolish act.
2026-01-01T11:00:00.000Z [road] @ Belfos [The New Caravan, Sons of the Wolf] The New Caravan is raided! — Sons of the Wolf forces have intercepted the caravan en route to Minasfeld.
2026-01-01T11:00:00.000Z [faction] @ Belfos [The New Caravan, Sons of the Wolf] A new tale begins: "Burning Dawn" — The New Caravan strikes fast at Belfos and withdraws before retaliation.
2026-01-01T11:00:00.000Z [town] @ Belfos Trade routes near Belfos grow dangerous — Merchants speak of losses. Some refuse to travel until the roads are secured.
2026-01-01T11:00:00.000Z [faction] @ Belfos [Iraia] A new tale begins: "Tracking the Iraia" — Iraia stalks a dangerous quarry across the region.
2026-01-01T11:00:00.000Z [road] @ Belfos The Wandering Peddlers makes camp under escort — Road to Azmarin (road) quiet tonight.
2026-01-01T11:00:00.000Z [town] @ Myrrka [Katixa, Irantzu] Katixa barely avoids confrontation with Irantzu — The feud grows more dangerous by the day.
2026-01-01T11:00:00.000Z [faction] Sons of the Wolf declares a shortage of textiles — Their stockpiles are low. They will seek textiles by any means necessary.
2026-01-01T12:00:00.000Z [road] @ Azmarin [The Grim Wolves] The Grim Wolves arrives at Azmarin — They find an inn and stable their mounts.
2026-01-01T12:00:00.000Z [faction] Order of the Hawk declares a shortage of salt — Their stockpiles are low. They will seek salt by any means necessary.
2026-01-01T12:00:00.000Z [town] @ Azmarin [Danaus, The Shadow Hand] Merchant refuses The Shadow Hand's "protection" — Danaus stands up to the guild. A brave but perhaps foolish act.
2026-01-01T12:00:00.000Z [road] @ hex:2,9 worg and giant-snake tensions rise — Two populations eye the same territory. Conflict seems inevitable.
2026-01-01T12:00:00.000Z [road] @ hex:4,3 nightwalker and giant-raven tensions rise — Two populations eye the same territory. Conflict seems inevitable.
2026-01-01T13:00:00.000Z [road] @ Belfos The New Caravan makes camp under escort — Road to Minasfeld (road) quiet tonight.
2026-01-01T13:00:00.000Z [town] @ Windleigh [The Crimson Purse, Rogerus] The Crimson Purse plans a job against Northbeach Traders — The princes of thieves have set their sights on a caravan. Rogerus leads the planning. It will take approximately 2 days to prepare.
2026-01-01T14:00:00.000Z [faction] Sons of the Wolf declares a shortage of livestock — Their stockpiles are low. They will seek livestock by any means necessary.
2026-01-01T14:00:00.000Z [faction] Circle of the Dawn declares a shortage of textiles — Their stockpiles are low. They will seek textiles by any means necessary.
2026-01-01T15:00:00.000Z [faction] Circle of the Dawn declares a shortage of fish — Their stockpiles are low. They will seek fish by any means necessary.
2026-01-01T16:00:00.000Z [town] @ Belfos [Izot] Izot masters a new spell: Lightning Bolt — After weeks of intense study and meditation, the bard has unlocked new power.
2026-01-01T16:00:00.000Z [faction] [Order of the Hawk, The Storm Guild] Order of the Hawk proposes marriage alliance with The Storm Guild — Envoys are sent. Dowries discussed. A political wedding could reshape alliances.
2026-01-01T16:00:00.000Z [faction] The Storm Guild declares a shortage of textiles — Their stockpiles are low. They will seek textiles by any means necessary.
2026-01-01T16:00:00.000Z [road] @ hex:5,3 giant-raven and phantom clash — Territorial war erupts! The phantom triumph, but 4 fall. The giant-raven lose 9 and retreat.
2026-01-01T16:00:00.000Z [road] @ hex:7,6 su-monster and giant-eel clash — Territorial war erupts! The giant-eel triumph, but 4 fall. The su-monster lose 1 and retreat.
2026-01-01T16:00:00.000Z [faction] @ Myrrka [Mendia] half-orc-bandit rally to Mendia — The half-orc-bandit of hex:3,1 swear allegiance to Mendia the Pallid. Their numbers swell the villain's forces.
2026-01-01T17:00:00.000Z [faction] The Storm Guild declares a shortage of salt — Their stockpiles are low. They will seek salt by any means necessary.
2026-01-01T17:00:00.000Z [faction] Order of the Hawk declares a shortage of livestock — Their stockpiles are low. They will seek livestock by any means necessary.
2026-01-01T17:00:00.000Z [faction] @ Myrrka [Mendia] skeleton rally to Mendia — The skeleton of The Sanctum of Blighted Death swear allegiance to Mendia the Pallid. Their numbers swell the villain's forces.
2026-01-01T18:00:00.000Z [faction] The Hawk Compact declares a shortage of ore — Their stockpiles are low. They will seek ore by any means necessary.
2026-01-01T18:00:00.000Z [road] @ hex:7,7 rust-monster and revenant tensions rise — Two populations eye the same territory. Conflict seems inevitable.
2026-01-01T19:00:00.000Z [faction] Sons of the Wolf declares a shortage of salt — Their stockpiles are low. They will seek salt by any means necessary.
2026-01-01T19:00:00.000Z [road] @ hex:5,8 pegasus and golem-stone tensions rise — Two populations eye the same territory. Conflict seems inevitable.
2026-01-01T20:00:00.000Z [faction] Circle of the Dawn declares a shortage of grain — Their stockpiles are low. They will seek grain by any means necessary.
2026-01-01T20:00:00.000Z [road] @ hex:2,8 chimera and giant-snake clash — Territorial war erupts! The chimera triumph, but 0 fall. The giant-snake lose 16 and retreat.
2026-01-01T20:00:00.000Z [road] @ hex:3,2 bear and skeleton clash — Territorial war erupts! The skeleton triumph, but 2 fall. The bear lose 0 and retreat.
2026-01-01T21:00:00.000Z [road] @ Windleigh [Northbeach Traders, Sons of the Wolf] Northbeach Traders is raided! — Sons of the Wolf forces have intercepted the caravan en route to Belfos.
2026-01-01T21:00:00.000Z [town] @ Windleigh Trade routes near Windleigh grow dangerous — Merchants speak of losses. Some refuse to travel until the roads are secured.
2026-01-01T21:00:00.000Z [road] @ Belfos The Wandering Peddlers makes camp under escort — Road to Azmarin (road) quiet tonight.
2026-01-01T21:00:00.000Z [road] @ hex:3,7 giant-snake and orc clash — Territorial war erupts! The orc triumph, but 6 fall. The giant-snake lose 9 and retreat.
2026-01-01T21:00:00.000Z [road] @ hex:7,7 rust-monster and pyrolisk clash — Territorial war erupts! The pyrolisk triumph, but 0 fall. The rust-monster lose 3 and retreat.
2026-01-01T22:00:00.000Z [road] @ Belfos The New Caravan makes camp under escort — Road to Minasfeld (road) quiet tonight.
2026-01-01T22:00:00.000Z [faction] Order of the Hawk declares a shortage of grain — Their stockpiles are low. They will seek grain by any means necessary.
2026-01-01T22:00:00.000Z [road] @ hex:2,7 giant-centipede and chimera tensions rise — Two populations eye the same territory. Conflict seems inevitable.
2026-01-01T22:00:00.000Z [road] @ hex:2,8 chimera and orc clash — Territorial war erupts! The orc triumph, but 4 fall. The chimera lose 2 and retreat.
2026-01-01T22:00:00.000Z [road] @ hex:9,2 giant-eel and kelpie clash — Territorial war erupts! The kelpie triumph, but 3 fall. The giant-eel lose 10 and retreat.
2026-01-01T23:00:00.000Z [faction] The Storm Guild declares a shortage of timber — Their stockpiles are low. They will seek timber by any means necessary.
2026-01-01T23:00:00.000Z [road] @ hex:5,9 golem-stone and revenant clash — Territorial war erupts! The revenant triumph, but 3 fall. The golem-stone lose 2 and retreat.
2026-01-02T00:00:00.000Z [faction] [Sons of the Wolf, The Storm Guild] Sons of the Wolf proposes marriage alliance with The Storm Guild — Envoys are sent. Dowries discussed. A political wedding could reshape alliances.
2026-01-02T00:00:00.000Z [road] @ hex:2,8 chimera and worg tensions rise — Two populations eye the same territory. Conflict seems inevitable.
2026-01-02T00:00:00.000Z [faction] @ Myrrka [Mendia] sea-drake rally to Mendia — The sea-drake of hex:9,0 swear allegiance to Mendia the Pallid. Their numbers swell the villain's forces.
2026-01-02T00:00:00.000Z [weather] @ Minasfeld Blue skies over Minasfeld — Farmers gave thanks for the gentle weather.
2026-01-02T00:00:00.000Z [road] @ Azmarin [The Grim Wolves] The Grim Wolves departs Azmarin — Bound for Minasfeld across mountains (~18 miles).
2026-01-02T00:00:00.000Z [road] @ Greenmist [Parthenius's Band] Parthenius's Band departs Greenmist — Bound for Azmarin across mountains (~30 miles).
2026-01-02T00:00:00.000Z [town] @ Belfos Peli seen in Belfos markets — priest haggles and swaps news.
2026-01-02T00:00:00.000Z [town] @ Belfos Izot seen in Belfos markets — bard haggles and swaps news.
2026-01-02T00:00:00.000Z [town] @ Belfos Belfos tempers frayed — Shortages in grain/ore.
2026-01-02T00:00:00.000Z [town] @ Belfos Rumor in Belfos — Levies rumored to secure grain; officials say caravans delayed.
2026-01-02T00:00:00.000Z [town] @ Belfos Rumor in Belfos — Circle of the Dawn watches the markets quietly.
2026-01-02T00:00:00.000Z [town] @ Windleigh Cybele seen in Windleigh markets — guard haggles and swaps news.
2026-01-02T00:00:00.000Z [town] @ Windleigh Ilene seen in Windleigh markets — bard haggles and swaps news.
2026-01-02T00:00:00.000Z [town] @ Windleigh Windleigh spirits high — Surplus ore and shortages in textiles/salt.
2026-01-02T00:00:00.000Z [town] @ Windleigh Rumor in Windleigh — Levies rumored to secure textiles; officials say caravans delayed.
2026-01-02T00:00:00.000Z [town] @ Windleigh Rumor in Windleigh — The Hawk Compact watches the markets quietly.
2026-01-02T00:00:00.000Z [town] @ Azmarin Azmarin spirits high — Surplus textiles/salt and shortages in ore.
2026-01-02T00:00:00.000Z [town] @ Azmarin Rumor in Azmarin — Levies rumored to secure ore; officials say caravans delayed.
2026-01-02T00:00:00.000Z [town] @ Azmarin Rumor in Azmarin — The Storm Guild watches the markets quietly.
2026-01-02T00:00:00.000Z [town] @ Minasfeld Minasfeld folk watchful — Surplus livestock and shortages in grain.
2026-01-02T00:00:00.000Z [town] @ Myrrka Katixa seen in Myrrka markets — guard haggles and swaps news.
2026-01-02T00:00:00.000Z [town] @ Myrrka Molora seen in Myrrka markets — scout haggles and swaps news.
2026-01-02T00:00:00.000Z [town] @ Myrrka Myrrka folk watchful — Surplus textiles and shortages in salt.
2026-01-02T00:00:00.000Z [town] @ Myrrka Rumor in Myrrka — Levies rumored to secure salt; officials say caravans delayed.
2026-01-02T00:00:00.000Z [town] @ Myrrka Rumor in Myrrka — Sons of the Wolf watches the markets quietly.
2026-01-02T00:00:00.000Z [town] @ Myrrka Rumor in Myrrka — Order of the Hawk watches the markets quietly.
2026-01-02T00:00:00.000Z [town] @ Greenmist Greenmist tempers frayed — Surplus grain/textiles and shortages in ore/salt/fish/livestock.
2026-01-02T00:00:00.000Z [town] @ Greenmist Rumor in Greenmist — Levies rumored to secure livestock; officials say caravans delayed.
2026-01-02T00:00:00.000Z [town] @ Greenmist Rumor in Greenmist — The Storm Guild watches the markets quietly.
2026-01-02T00:00:00.000Z [town] @ Greenmist Rumor in Greenmist — Order of the Hawk watches the markets quietly.
2026-01-02T01:00:00.000Z [road] @ Greenmist [Parthenius's Band] Parthenius's Band spot signs of danger — The ruins of a dwarven waystation, recently looted.
2026-01-02T01:00:00.000Z [road] @ Greenmist [Parthenius's Band, orc raiders] Parthenius's Band repel orc raiders raiding party — In the hush of late night avalanches rumbling in the distance. A group of frenzied orc raiders, dragging captives. Courage and quick thinking saved the day. A well-timed spell from their caster turned the tide.
2026-01-02T01:00:00.000Z [road] @ hex:5,6 sylph and phantom clash — Territorial war erupts! The phantom triumph, but 7 fall. The sylph lose 4 and retreat.
2026-01-02T01:00:00.000Z [road] @ hex:5,6 sylph submit to phantom — The beaten sylph now serve their conquerors.
2026-01-02T01:00:00.000Z [road] @ hex:3,2 bear wiped out in hex:3,2 — The last of the bear have fallen. The region grows quieter—for now.
2026-01-02T02:00:00.000Z [road] @ Azmarin [The Grim Wolves, goblins] goblins shadow The Grim Wolves but keep their distance — In the witching hour the distant toll of monastery bells. The peaks gleam with eternal snow. A group of shadow-cloaked goblins, tracking something. Cultural misunderstandings were resolved through patience. Crystal formations in cave mouths marked the scene.
2026-01-02T02:00:00.000Z [faction] @ Azmarin [The Grim Wolves, goblins] A new tale begins: "Crown and Contenders" — Multiple claimants vie for power. The Grim Wolves makes their move.
2026-01-02T02:00:00.000Z [road] @ Greenmist [Parthenius's Band] Parthenius's Band spot signs of danger — Eagle cries echo, but no birds are visible.
2026-01-02T02:00:00.000Z [road] @ Windleigh Northbeach Traders makes camp under escort — Road to Belfos (road) quiet tonight.
2026-01-02T02:00:00.000Z [faction] @ Windleigh [Dionysios] Seals Breaking: The evil influences local politics. Darkness spreads its influence. — Ancient wards fail. What they imprisoned walks again.
2026-01-02T02:00:00.000Z [faction] @ hex:7,7 [Orsola] Tracking the Orsola: Supplies dwindle; the hunt becomes desperate. Orsola remains motivated by duty and honor. — Orsola stalks a dangerous quarry across the region.
2026-01-02T02:00:00.000Z [road] @ hex:2,5 giant-raven and golem-stone clash — Territorial war erupts! The golem-stone triumph, but 0 fall. The giant-raven lose 15 and retreat.
2026-01-02T02:00:00.000Z [road] @ hex:5,4 pyrohydra and phantom tensions rise — Two populations eye the same territory. Conflict seems inevitable.
2026-01-02T03:00:00.000Z [road] @ Greenmist [Parthenius's Band] Parthenius's Band ambushed by goblins — Forced retreat; they fall back to regroup.
2026-01-02T03:00:00.000Z [road] @ hex:3,4 living-statue and giant-raven clash — Territorial war erupts! The living-statue triumph, but 2 fall. The giant-raven lose 3 and retreat.
2026-01-02T03:00:00.000Z [road] @ hex:4,3 nightwalker and giant-raven clash — Territorial war erupts! The nightwalker triumph, but 0 fall. The giant-raven lose 3 and retreat.
2026-01-02T04:00:00.000Z [road] @ Windleigh [Northbeach Traders, Sons of the Wolf] Northbeach Traders is raided! — Sons of the Wolf forces have intercepted the caravan en route to Belfos.
2026-01-02T04:00:00.000Z [town] @ Windleigh Trade routes near Windleigh grow dangerous — Merchants speak of losses. Some refuse to travel until the roads are secured.
2026-01-02T04:00:00.000Z [faction] @ Windleigh [Chernubles] A new tale begins: "The Hunt for Chernubles" — The hunt enters its final phase. One will not survive.
2026-01-02T04:00:00.000Z [road] @ Belfos Beroldus's Wagons makes camp under escort — Road to Greenmist (road) quiet tonight.
2026-01-02T04:00:00.000Z [town] @ Greenmist Mood darkens in Greenmist — Following recent events, the people's spirit sinks.
2026-01-02T04:00:00.000Z [road] @ hex:2,8 chimera and orc tensions rise — Two populations eye the same territory. Conflict seems inevitable.
2026-01-02T04:00:00.000Z [road] @ hex:3,7 giant-snake and sylph clash — Territorial war erupts! The sylph triumph, but 1 fall. The giant-snake lose 5 and retreat.
2026-01-02T05:00:00.000Z [road] @ Azmarin [The Grim Wolves, Edid's dwarven patrols] Edid's dwarven patrols poison The Grim Wolves's water supply — While dew pearled on grass and stone snow-capped peaks gleaming in sunlight. Countless numerous dwarven patrols, emerging from concealment. Superior positioning gave them the advantage they needed. Divine favor shielded them from the worst of the blows. The victors claim 33 coin worth of plunder.
2026-01-02T05:00:00.000Z [road] @ hex:3,9 bear and orc tensions rise — Two populations eye the same territory. Conflict seems inevitable.
2026-01-02T05:00:00.000Z [road] @ hex:7,7 rust-monster and revenant clash — Territorial war erupts! The revenant triumph, but 3 fall. The rust-monster lose 1 and retreat.
2026-01-02T06:00:00.000Z [road] @ Azmarin [The Grim Wolves, goblins] The Grim Wolves hunt down marauding goblins — As rose light crept across the land the distant toll of monastery bells. The peaks gleam with eternal snow. A handful of cowardly goblins, carrying plunder. They pressed their advantage until the enemy fled. A frozen waterfall marked the scene. A well-timed spell from their caster turned the tide.
2026-01-02T06:00:00.000Z [road] @ hex:1,8 glabrezu and golem-stone clash — Territorial war erupts! The golem-stone triumph, but 0 fall. The glabrezu lose 4 and retreat.
2026-01-02T06:00:00.000Z [road] @ hex:3,4 living-statue and nightwalker clash — Territorial war erupts! The living-statue triumph, but 1 fall. The nightwalker lose 2 and retreat.
2026-01-02T06:00:00.000Z [road] @ hex:9,0 sea-drake and giant-eel clash — Territorial war erupts! The sea-drake triumph, but 0 fall. The giant-eel lose 5 and retreat.
2026-01-02T07:00:00.000Z [road] @ Greenmist [Parthenius's Band] Parthenius's Band discovers The Shadowy Spring — As smoke rose from breakfast fires ominous silence after an avalanche. A shadowy spring, home to a silent, white-haired hermit. They uncover a fragment of lost history.
2026-01-02T07:00:00.000Z [road] @ Azmarin [The Grim Wolves] The Grim Wolves ambushed by goblins — Casualties suffered in the rout.
2026-01-02T07:00:00.000Z [town] @ Myrrka The Wandering Merchants arrives at Myrrka — Bringing livestock from Belfos with escorts under banner of Order of the Hawk.
2026-01-02T07:00:00.000Z [town] @ Myrrka Theodric arrives in Myrrka — scout from Minasfeld
2026-01-02T07:00:00.000Z [town] @ Myrrka Izot arrives in Myrrka — bard from Belfos
2026-01-02T07:00:00.000Z [town] @ Greenmist Beroldus's Wagons arrives at Greenmist — Bringing salt/fish from Belfos with escorts under banner of Circle of the Dawn.
2026-01-02T07:00:00.000Z [town] @ Greenmist Mainardus arrives in Greenmist — scout from Azmarin
2026-01-02T07:00:00.000Z [town] @ Greenmist Eurydamus arrives in Greenmist — merchant from Windleigh
2026-01-02T07:00:00.000Z [town] @ Greenmist Rumor in Greenmist — Word spreads that Beroldus's Wagons of Circle of the Dawn reached Greenmist with salt/fish.
2026-01-02T07:00:00.000Z [town] @ Azmarin The Wandering Peddlers arrives at Azmarin — Bringing grain/textiles from Belfos with escorts.
2026-01-02T07:00:00.000Z [town] @ Azmarin Katixa arrives in Azmarin — guard from Myrrka
2026-01-02T07:00:00.000Z [town] @ Azmarin Gawyne arrives in Azmarin — bard from Myrrka
2026-01-02T07:00:00.000Z [town] @ Myrrka Word spreads in Myrrka — A valuable shipment was lost near Windleigh.
2026-01-02T07:00:00.000Z [town] @ Greenmist [Yllaria, Cybele] Yllaria backs Cybele in public dispute — Their alliance is noted—and envied—by others.
2026-01-02T08:00:00.000Z [town] @ Azmarin Mood darkens in Azmarin — Following recent events, the people's spirit sinks.
2026-01-02T08:00:00.000Z [town] @ Windleigh [The Crimson Purse, Rogerus] The Crimson Purse plans a job against Northbeach Traders — The princes of thieves have set their sights on a caravan. Rogerus leads the planning. It will take approximately 4 days to prepare.
2026-01-02T08:00:00.000Z [road] @ hex:3,7 giant-snake and rakshasa clash — Territorial war erupts! The rakshasa triumph, but 1 fall. The giant-snake lose 2 and retreat.
2026-01-02T08:00:00.000Z [road] @ hex:3,7 giant-snake submit to rakshasa — The beaten giant-snake now serve their conquerors.
2026-01-02T08:00:00.000Z [road] @ hex:7,9 revenant and giant-eel clash — Territorial war erupts! The revenant triumph, but 3 fall. The giant-eel lose 14 and retreat.
2026-01-02T09:00:00.000Z [road] @ Azmarin [The Grim Wolves] The Grim Wolves spot goblins and avoid notice — They detour carefully, leaving only faint tracks.
2026-01-02T09:00:00.000Z [road] @ hex:2,8 chimera and worg tensions rise — Two populations eye the same territory. Conflict seems inevitable.
2026-01-02T09:00:00.000Z [road] @ hex:6,3 grell and phantom clash — Territorial war erupts! The phantom triumph, but 6 fall. The grell lose 1 and retreat.
2026-01-02T09:00:00.000Z [road] @ hex:6,4 phantom and goblin tensions rise — Two populations eye the same territory. Conflict seems inevitable.
2026-01-02T11:00:00.000Z [road] @ hex:5,3 giant-raven and golem-bronze clash — Territorial war erupts! The golem-bronze triumph, but 1 fall. The giant-raven lose 2 and retreat.
2026-01-02T11:00:00.000Z [road] @ hex:5,3 giant-raven and phantom tensions rise — Two populations eye the same territory. Conflict seems inevitable.
2026-01-02T11:00:00.000Z [road] @ hex:7,6 su-monster and rust-monster clash — Territorial war erupts! The su-monster triumph, but 0 fall. The rust-monster lose 0 and retreat.
2026-01-02T12:00:00.000Z [road] @ hex:2,7 giant-centipede and golem-stone clash — Territorial war erupts! The golem-stone triumph, but 1 fall. The giant-centipede lose 23 and retreat.
2026-01-02T13:00:00.000Z [road] @ hex:2,7 golem-stone and giant-snake tensions rise — Two populations eye the same territory. Conflict seems inevitable.
2026-01-02T13:00:00.000Z [road] @ hex:9,2 giant-eel and kelpie tensions rise — Two populations eye the same territory. Conflict seems inevitable.
2026-01-02T13:00:00.000Z [faction] @ Myrrka [Mendia] golem-bronze rally to Mendia — The golem-bronze of hex:6,1 swear allegiance to Mendia the Pallid. Their numbers swell the villain's forces.
2026-01-02T14:00:00.000Z [road] @ Greenmist [Parthenius's Band] Parthenius's Band spot signs of danger — The ruins of a dwarven waystation, recently looted.
2026-01-02T14:00:00.000Z [faction] @ Azmarin [Sons of the Wolf] Sons of the Wolf eyes Azmarin for its textiles — Desperate for textiles, the faction has decided to take the settlement by force.
2026-01-02T14:00:00.000Z [town] @ Belfos Disease outbreak in Belfos! — Local healers have identified Gripsha among the populace. Fear spreads as quickly as the sickness.
2026-01-02T14:00:00.000Z [road] @ hex:3,7 giant-snake and goblin clash — Territorial war erupts! The giant-snake triumph, but 0 fall. The goblin lose 11 and retreat.
2026-01-02T14:00:00.000Z [road] @ hex:7,7 rust-monster and revenant tensions rise — Two populations eye the same territory. Conflict seems inevitable.
2026-01-02T15:00:00.000Z [road] @ Azmarin [The Grim Wolves] The Grim Wolves spot giant bats and avoid notice — They detour carefully, leaving only faint tracks.
2026-01-02T15:00:00.000Z [road] @ Myrrka The Wandering Merchants makes camp under escort — Road to Belfos (road) quiet tonight.
2026-01-02T15:00:00.000Z [road] @ Myrrka The Wandering Merchants reports losses — Supplies spoiled en route; banners of Order of the Hawk tarnished.
2026-01-02T15:00:00.000Z [town] @ Myrrka Rumor in Myrrka — The Wandering Merchants of Order of the Hawk lost goods on the road; prices may shift.
2026-01-02T15:00:00.000Z [road] @ Azmarin The Wandering Peddlers makes camp under escort — Road to Belfos (road) quiet tonight.
2026-01-02T15:00:00.000Z [town] @ Minasfeld Word spreads in Minasfeld — A valuable shipment was lost near Windleigh.
2026-01-02T15:00:00.000Z [road] @ hex:1,8 glabrezu and chimera tensions rise — Two populations eye the same territory. Conflict seems inevitable.
2026-01-02T15:00:00.000Z [road] @ hex:3,9 bear and orc clash — Territorial war erupts! The orc triumph, but 7 fall. The bear lose 2 and retreat.
2026-01-02T15:00:00.000Z [road] @ hex:5,8 pegasus and orc clash — Territorial war erupts! The orc triumph, but 3 fall. The pegasus lose 5 and retreat.
2026-01-02T15:00:00.000Z [road] @ hex:5,8 pegasus submit to orc — The beaten pegasus now serve their conquerors.
2026-01-02T16:00:00.000Z [road] @ Azmarin [The Grim Wolves] The Grim Wolves discovers The Silver Monolith — With lengthening shadows lightning-blasted trees at timberline. A silver monolith, surrounded by a thin, unnerving mist. They find a marking pointing toward a hidden cache.
2026-01-02T16:00:00.000Z [road] @ Greenmist [Parthenius's Band] Parthenius's Band clash with goblins — Brief skirmish; foes driven off with minor bruises.
2026-01-02T16:00:00.000Z [road] @ Greenmist Beroldus's Wagons makes camp under escort — Road to Belfos (road) quiet tonight.
2026-01-02T16:00:00.000Z [road] @ hex:3,9 bear and orc tensions rise — Two populations eye the same territory. Conflict seems inevitable.
2026-01-02T16:00:00.000Z [road] @ hex:4,3 nightwalker and giant-raven tensions rise — Two populations eye the same territory. Conflict seems inevitable.
2026-01-02T17:00:00.000Z [road] @ hex:5,3 giant-raven and skeleton clash — Territorial war erupts! The skeleton triumph, but 2 fall. The giant-raven lose 3 and retreat.
2026-01-02T17:00:00.000Z [road] @ hex:5,3 giant-raven submit to skeleton — The beaten giant-raven now serve their conquerors.
2026-01-02T17:00:00.000Z [road] @ hex:5,4 pyrohydra and phantom clash — Territorial war erupts! The phantom triumph, but 6 fall. The pyrohydra lose 0 and retreat.
2026-01-02T17:00:00.000Z [road] @ hex:5,8 pegasus and golem-stone clash — Territorial war erupts! The golem-stone triumph, but 1 fall. The pegasus lose 1 and retreat.
2026-01-02T17:00:00.000Z [road] @ hex:5,9 golem-stone and orc tensions rise — Two populations eye the same territory. Conflict seems inevitable.
2026-01-02T17:00:00.000Z [road] @ hex:7,7 rust-monster and pyrolisk tensions rise — Two populations eye the same territory. Conflict seems inevitable.
2026-01-02T18:00:00.000Z [road] @ Azmarin [The Grim Wolves] The Grim Wolves spot signs of danger — Eagle cries echo, but no birds are visible.
2026-01-02T18:00:00.000Z [road] @ Azmarin [The Grim Wolves, wyverns] wyverns communicate through gestures and signs — As bats took wing the occasional boom of falling ice. Many night-hunting wyverns, watching warily. A calculated withdrawal to more favorable ground. Lightning-blasted trees at timberline marked the scene.
2026-01-02T19:00:00.000Z [road] @ Greenmist [Parthenius's Band, trolls] trolls blockade Parthenius's Band's route — As lanterns were kindled thunder echoing between peaks. The peaks gleam with eternal snow. One red-eyed in the dark trolls, moving with purpose. The fight was brief and brutal. The survivors withdrew. A well-timed spell from their caster turned the tide. The victors claim 38 coin worth of plunder.
2026-01-02T19:00:00.000Z [road] @ Myrrka [The Wandering Merchants, Sons of the Wolf] The Wandering Merchants is raided! — Sons of the Wolf forces have intercepted the caravan en route to Belfos.
2026-01-02T19:00:00.000Z [town] @ Myrrka Trade routes near Myrrka grow dangerous — Merchants speak of losses. Some refuse to travel until the roads are secured.
2026-01-02T19:00:00.000Z [faction] @ Myrrka [Adere] A new tale begins: "Tracking the Adere" — The hunt enters its final phase. One will not survive.
2026-01-02T19:00:00.000Z [town] @ Minasfeld The New Caravan arrives at Minasfeld — Bringing grain/textiles from Belfos with escorts.
2026-01-02T19:00:00.000Z [town] @ Minasfeld Cybele arrives in Minasfeld — guard from Windleigh
2026-01-02T19:00:00.000Z [town] @ Minasfeld Wantelien arrives in Minasfeld — bard from Minasfeld
2026-01-02T19:00:00.000Z [town] @ Greenmist Word spreads in Greenmist — A valuable shipment was lost near Windleigh.
2026-01-02T19:00:00.000Z [road] @ hex:4,8 rakshasa and orc clash — Territorial war erupts! The rakshasa triumph, but 1 fall. The orc lose 11 and retreat.
2026-01-02T19:00:00.000Z [road] @ hex:6,4 phantom and goblin clash — Territorial war erupts! The phantom triumph, but 2 fall. The goblin lose 15 and retreat.
2026-01-02T19:00:00.000Z [road] @ hex:7,6 su-monster and goblin tensions rise — Two populations eye the same territory. Conflict seems inevitable.
2026-01-02T20:00:00.000Z [road] @ Azmarin [The Grim Wolves, orc raiders] The Grim Wolves assist orc raiders with a broken wagon — With ale flowing in taprooms The peaks gleam with eternal snow. A handful of red-eyed in the dark orc raiders, returning from a raid. They traded information as valuable as gold.
2026-01-02T20:00:00.000Z [town] @ Windleigh Gabone's shop burns — A midnight fire. No one is surprised. The message is clear.
2026-01-02T20:00:00.000Z [road] @ hex:2,9 worg and giant-snake clash — Territorial war erupts! The worg triumph, but 0 fall. The giant-snake lose 1 and retreat.
2026-01-02T20:00:00.000Z [road] @ hex:3,7 giant-snake and sylph clash — Territorial war erupts! The giant-snake triumph, but 0 fall. The sylph lose 3 and retreat.
2026-01-02T21:00:00.000Z [road] @ Azmarin [The Grim Wolves, goblins] goblins invite The Grim Wolves to their encampment — As songs rose from dim taverns streams bubbling over smooth stones. A band of night-hunting goblins, worshipping a crude idol. Neither side wished to die today. Terms were agreed.
2026-01-02T21:00:00.000Z [road] @ Greenmist [Parthenius's Band] Parthenius's Band clash with orc raiders — Brief skirmish; foes driven off with minor bruises.
2026-01-02T21:00:00.000Z [town] @ Greenmist Word spreads in Greenmist — Thieves struck near Windleigh. The roads grow dangerous.
2026-01-02T21:00:00.000Z [town] @ Minasfeld [Wantelien] Construction continues on Wantelien's stronghold — Masons and laborers work tirelessly. The foundations are deep and the walls rise.
2026-01-02T21:00:00.000Z [road] @ hex:1,8 glabrezu and chimera clash — Territorial war erupts! The chimera triumph, but 1 fall. The glabrezu lose 5 and retreat.
2026-01-02T21:00:00.000Z [road] @ hex:5,4 pyrohydra and grell clash — Territorial war erupts! The pyrohydra triumph, but 0 fall. The grell lose 1 and retreat.
2026-01-02T22:00:00.000Z [road] @ Azmarin [The Grim Wolves, yeti] The Grim Wolves prepare defenses against potential yeti attack — By candlelight and hearth-glow streams bubbling over smooth stones. A single red-eyed in the dark yeti, blocking the path. Both sides gained knowledge that might prove useful.
2026-01-02T22:00:00.000Z [road] @ hex:2,7 giant-centipede and worg clash — Territorial war erupts! The worg triumph, but 0 fall. The giant-centipede lose 8 and retreat.
2026-01-02T23:00:00.000Z [road] @ Azmarin [The Grim Wolves, giant eagles] giant eagles poison The Grim Wolves's water supply — While decent folk lay sleeping mountain goats leaping between boulders. The peaks gleam with eternal snow. A handful of night-hunting giant eagles, apparently startled. The foe's weapons glanced off enchanted armor. A well-timed spell from their caster turned the tide. The victors claim 24 coin worth of plunder.
2026-01-02T23:00:00.000Z [road] @ Azmarin The Wandering Peddlers makes camp under escort — Road to Belfos (road) quiet tonight.
2026-01-02T23:00:00.000Z [town] @ Azmarin Word spreads in Azmarin — A valuable shipment was lost near Windleigh.
2026-01-02T23:00:00.000Z [faction] @ Belfos [Order of the Hawk] Order of the Hawk sends relief to Belfos — Wagons of grain and medicine roll toward the suffering. Compassion—or calculated politics?
2026-01-03T00:00:00.000Z [road] @ Azmarin [The Grim Wolves, goblins] The Grim Wolves move slowly to avoid alarming goblins — With only moonlight for company The peaks gleam with eternal snow. A band of cunning goblins, carrying plunder. The meeting ended with mutual respect, if not friendship.
2026-01-03T00:00:00.000Z [road] @ Minasfeld The New Caravan makes camp under escort — Road to Belfos (road) quiet tonight.
2026-01-03T00:00:00.000Z [road] @ hex:7,9 revenant and nereid tensions rise — Two populations eye the same territory. Conflict seems inevitable.
2026-01-03T00:00:00.000Z [town] @ Belfos Belfos tempers frayed — Shortages in grain/ore.
2026-01-03T00:00:00.000Z [town] @ Belfos Rumor in Belfos — Sons of the Wolf watches the markets quietly.
2026-01-03T00:00:00.000Z [town] @ Belfos Rumor in Belfos — Circle of the Dawn watches the markets quietly.
2026-01-03T00:00:00.000Z [town] @ Windleigh Windleigh folk watchful — Surplus ore and shortages in textiles/salt.
2026-01-03T00:00:00.000Z [town] @ Windleigh Rumor in Windleigh — Levies rumored to secure textiles; officials say caravans delayed.
2026-01-03T00:00:00.000Z [town] @ Azmarin The Grim Wolves hailed in Azmarin — Locals toast their exploits.
2026-01-03T00:00:00.000Z [town] @ Azmarin Azmarin folk watchful — Surplus textiles/salt and shortages in ore.
2026-01-03T00:00:00.000Z [town] @ Azmarin Rumor in Azmarin — The Hawk Compact watches the markets quietly.
2026-01-03T00:00:00.000Z [town] @ Minasfeld Cybele seen in Minasfeld markets — guard haggles and swaps news.
2026-01-03T00:00:00.000Z [town] @ Minasfeld Hans-Ruedi seen in Minasfeld markets — laborer haggles and swaps news.
2026-01-03T00:00:00.000Z [town] @ Minasfeld Minasfeld folk watchful — Surplus livestock.
2026-01-03T00:00:00.000Z [town] @ Myrrka Myrrka tempers frayed — Surplus textiles and shortages in timber/salt.
2026-01-03T00:00:00.000Z [town] @ Myrrka Rumor in Myrrka — Levies rumored to secure timber; officials say caravans delayed.
2026-01-03T00:00:00.000Z [town] @ Myrrka Rumor in Myrrka — Order of the Hawk watches the markets quietly.
2026-01-03T00:00:00.000Z [town] @ Greenmist Mainardus seen in Greenmist markets — scout haggles and swaps news.
2026-01-03T00:00:00.000Z [town] @ Greenmist Eurydamus seen in Greenmist markets — merchant haggles and swaps news.
2026-01-03T00:00:00.000Z [town] @ Greenmist Greenmist tempers frayed — Surplus grain/textiles and shortages in ore/livestock.
2026-01-03T00:00:00.000Z [town] @ Greenmist Rumor in Greenmist — Levies rumored to secure ore; officials say caravans delayed.
2026-01-03T00:00:00.000Z [town] @ Greenmist Rumor in Greenmist — Sons of the Wolf watches the markets quietly.
2026-01-03T01:00:00.000Z [road] @ Greenmist [Parthenius's Band, wyverns] Parthenius's Band exchange stories with curious wyverns — With only moonlight for company the occasional boom of falling ice. A single shadow-cloaked wyverns, moving with purpose. Both sides gained knowledge that might prove useful.
2026-01-03T01:00:00.000Z [road] @ Azmarin The Wandering Peddlers makes camp under escort — Road to Belfos (road) quiet tonight.
2026-01-03T01:00:00.000Z [faction] @ Greenmist [The Hawk Compact] The Hawk Compact eyes Greenmist for its grain — Desperate for grain, the faction has decided to take the settlement by force.
2026-01-03T02:00:00.000Z [road] @ Azmarin [The Grim Wolves, Apollophanes the numerous] The Grim Wolves assist Apollophanes the numerous with a broken wagon — When shadows grew deepest ominous silence after an avalanche. Many numerous dwarven patrols, emerging from concealment. Cultural misunderstandings were resolved through patience. Copper deposits staining rock faces green marked the scene.
2026-01-03T02:00:00.000Z [road] @ Azmarin [The Grim Wolves] The Grim Wolves ambushed by goblins — Forced retreat; they fall back to regroup.
2026-01-03T02:00:00.000Z [road] @ hex:1,8 glabrezu and giant-snake clash — Territorial war erupts! The giant-snake triumph, but 0 fall. The glabrezu lose 3 and retreat.
2026-01-03T02:00:00.000Z [road] @ hex:5,3 giant-raven and pyrohydra clash — Territorial war erupts! The pyrohydra triumph, but 0 fall. The giant-raven lose 2 and retreat.
2026-01-03T03:00:00.000Z [road] @ Azmarin [The Grim Wolves] The Grim Wolves spot signs of danger — Giant footprints in the snow, each as long as a man is tall.
2026-01-03T03:00:00.000Z [town] @ Azmarin Mood darkens in Azmarin — Following recent events, the people's spirit sinks.
2026-01-03T03:00:00.000Z [road] @ hex:2,7 giant-centipede and giant-snake tensions rise — Two populations eye the same territory. Conflict seems inevitable.
2026-01-03T03:00:00.000Z [road] @ hex:4,3 nightwalker and giant-raven clash — Territorial war erupts! The nightwalker triumph, but 0 fall. The giant-raven lose 1 and retreat.
2026-01-03T04:00:00.000Z [road] @ Greenmist Beroldus's Wagons makes camp under escort — Road to Belfos (road) quiet tonight.
2026-01-03T04:00:00.000Z [road] @ hex:2,7 golem-stone and giant-snake clash — Territorial war erupts! The golem-stone triumph, but 0 fall. The giant-snake lose 0 and retreat.
2026-01-03T05:00:00.000Z [town] @ Greenmist Word spreads in Greenmist — Explorers speak of a strange discovery near Greenmist.
2026-01-03T05:00:00.000Z [town] @ Belfos Word spreads in Belfos — A valuable shipment was lost near Myrrka.
2026-01-03T06:00:00.000Z [road] @ Myrrka The Wandering Merchants makes camp under escort — Road to Belfos (road) quiet tonight.
2026-01-03T06:00:00.000Z [weather] @ Greenmist [Mainardus] Mainardus alters the weather — Through ancient incantations, the Elf calls forth snow over the region.
2026-01-03T06:00:00.000Z [road] @ hex:7,6 su-monster and goblin clash — Territorial war erupts! The su-monster triumph, but 0 fall. The goblin lose 7 and retreat.
2026-01-03T06:00:00.000Z [road] @ hex:7,8 chaos-beast and giant-eel tensions rise — Two populations eye the same territory. Conflict seems inevitable.
2026-01-03T07:00:00.000Z [town] @ Belfos Northbeach Traders arrives at Belfos — Bringing grain/textiles from Windleigh with escorts.
2026-01-03T07:00:00.000Z [town] @ Belfos Emlyn arrives in Belfos — scout from Minasfeld
2026-01-03T07:00:00.000Z [town] @ Belfos Ilene arrives in Belfos — bard from Windleigh
2026-01-03T07:00:00.000Z [road] @ hex:4,3 nightwalker and giant-raven tensions rise — Two populations eye the same territory. Conflict seems inevitable.
2026-01-03T08:00:00.000Z [road] @ Greenmist [Parthenius's Band] Parthenius's Band spot signs of danger — Giant footprints in the snow, each as long as a man is tall.
2026-01-03T08:00:00.000Z [road] @ Greenmist [Parthenius's Band] Parthenius's Band ambushed by giant bats — Forced retreat; they fall back to regroup.
2026-01-03T08:00:00.000Z [road] @ hex:5,4 pyrohydra and goblin clash — Territorial war erupts! The pyrohydra triumph, but 0 fall. The goblin lose 3 and retreat.
2026-01-03T09:00:00.000Z [road] @ Minasfeld The New Caravan makes camp under escort — Road to Belfos (road) quiet tonight.
2026-01-03T09:00:00.000Z [town] @ Azmarin Danaus's shop burns — A midnight fire. No one is surprised. The message is clear.
2026-01-03T09:00:00.000Z [faction] [The Hawk Compact, The Storm Guild] The Hawk Compact proposes marriage alliance with The Storm Guild — Envoys are sent. Dowries discussed. A political wedding could reshape alliances.
2026-01-03T09:00:00.000Z [road] @ hex:5,3 giant-raven and phantom clash — Territorial war erupts! The giant-raven triumph, but 0 fall. The phantom lose 13 and retreat.
2026-01-03T09:00:00.000Z [road] @ hex:7,7 rust-monster and chaos-beast tensions rise — Two populations eye the same territory. Conflict seems inevitable.
2026-01-03T10:00:00.000Z [road] @ Azmarin [The Grim Wolves, wyverns] The Grim Wolves keep their distance from armed wyverns — Amid the bustle of morning trade stone cairns marking safe paths. A company of shadow-cloaked wyverns, emerging from concealment. Discretion proved the better part of valor.
2026-01-03T10:00:00.000Z [road] @ Greenmist [Parthenius's Band] Parthenius's Band shadowed by goblins — Tense standoff; both sides withdraw before blades are drawn.
2026-01-03T10:00:00.000Z [town] @ Greenmist [Yllaria] Yllaria vows vengeance — Following Parthenius's Band ambushed by goblins, the merchant swears an oath that cannot go unanswered.
2026-01-03T10:00:00.000Z [faction] @ Azmarin [Circle of the Dawn] Circle of the Dawn eyes Azmarin for its textiles — Desperate for textiles, the faction has decided to take the settlement by force.
2026-01-03T10:00:00.000Z [road] @ hex:4,3 nightwalker and skeleton clash — Territorial war erupts! The nightwalker triumph, but 0 fall. The skeleton lose 5 and retreat.
2026-01-03T10:00:00.000Z [road] @ hex:6,3 grell and phantom clash — Territorial war erupts! The grell triumph, but 0 fall. The phantom lose 11 and retreat.
2026-01-03T11:00:00.000Z [road] @ Azmarin [The Grim Wolves] The Grim Wolves spot signs of danger — Eagle cries echo, but no birds are visible.
2026-01-03T11:00:00.000Z [road] @ Greenmist [Parthenius's Band] Parthenius's Band spot signs of danger — A cairn of skulls marks a territorial boundary.
2026-01-03T11:00:00.000Z [town] @ Azmarin Word spreads in Azmarin — Explorers speak of a strange discovery near Azmarin.
2026-01-03T11:00:00.000Z [road] @ hex:1,8 glabrezu and golem-stone clash — Territorial war erupts! The golem-stone triumph, but 0 fall. The glabrezu lose 1 and retreat.
2026-01-03T11:00:00.000Z [road] @ hex:3,9 bear and rakshasa clash — Territorial war erupts! The bear triumph, but 0 fall. The rakshasa lose 4 and retreat.
2026-01-03T11:00:00.000Z [road] @ hex:7,9 revenant and nereid clash — Territorial war erupts! The revenant triumph, but 3 fall. The nereid lose 1 and retreat.
2026-01-03T11:00:00.000Z [road] @ hex:5,3 giant-raven wiped out in hex:5,3 — The last of the giant-raven have fallen. The region grows quieter—for now.
2026-01-03T13:00:00.000Z [road] @ hex:2,8 chimera and orc clash — Territorial war erupts! The chimera triumph, but 0 fall. The orc lose 5 and retreat.
2026-01-03T13:00:00.000Z [road] @ hex:3,7 giant-snake and orc clash — Territorial war erupts! The giant-snake triumph, but 0 fall. The orc lose 2 and retreat.
2026-01-03T13:00:00.000Z [road] @ hex:7,8 pyrolisk and revenant tensions rise — Two populations eye the same territory. Conflict seems inevitable.
2026-01-03T14:00:00.000Z [road] @ Belfos Northbeach Traders makes camp under escort — Road to Windleigh (road) quiet tonight.
2026-01-03T14:00:00.000Z [road] @ hex:3,7 giant-snake and sylph tensions rise — Two populations eye the same territory. Conflict seems inevitable.
2026-01-03T14:00:00.000Z [road] @ hex:7,7 rust-monster and pyrolisk clash — Territorial war erupts! The pyrolisk triumph, but 1 fall. The rust-monster lose 0 and retreat.
2026-01-03T15:00:00.000Z [road] @ Azmarin [The Grim Wolves] The Grim Wolves discovers The Petrified Altar — As travelers grew road-weary vast chasms with no visible bottom. A petrified altar, dripping with a thick, dark sap. They uncover a fragment of lost history.
2026-01-03T15:00:00.000Z [road] @ Greenmist [Parthenius's Band] Parthenius's Band discovers The Glowing Spring — While the sun began its descent rockslides clattering down slopes. A glowing spring, swallowing all sound around it. The party feels a surge of mental clarity.
2026-01-03T15:00:00.000Z [town] @ Belfos Beroldus's Wagons arrives at Belfos — Bringing salt/fish from Greenmist with escorts under banner of Circle of the Dawn.
2026-01-03T15:00:00.000Z [town] @ Belfos Mainardus arrives in Belfos — scout from Azmarin
2026-01-03T15:00:00.000Z [town] @ Belfos Eurydamus arrives in Belfos — merchant from Windleigh
2026-01-03T15:00:00.000Z [town] @ Belfos The Wandering Peddlers arrives at Belfos — Bringing grain/textiles from Azmarin with escorts.
2026-01-03T15:00:00.000Z [town] @ Belfos Katixa arrives in Belfos — guard from Myrrka
2026-01-03T15:00:00.000Z [town] @ Belfos Gawyne arrives in Belfos — bard from Myrrka
2026-01-03T15:00:00.000Z [road] @ hex:2,8 chimera and giant-snake tensions rise — Two populations eye the same territory. Conflict seems inevitable.
2026-01-03T15:00:00.000Z [road] @ hex:2,9 worg and giant-snake tensions rise — Two populations eye the same territory. Conflict seems inevitable.
2026-01-03T15:00:00.000Z [road] @ hex:3,7 giant-snake and bear clash — Territorial war erupts! The bear triumph, but 0 fall. The giant-snake lose 0 and retreat.
2026-01-03T15:00:00.000Z [road] @ hex:5,9 golem-stone and revenant clash — Territorial war erupts! The revenant triumph, but 1 fall. The golem-stone lose 1 and retreat.
2026-01-03T15:00:00.000Z [road] @ hex:7,7 rust-monster and pyrolisk tensions rise — Two populations eye the same territory. Conflict seems inevitable.
2026-01-03T16:00:00.000Z [road] @ Azmarin [The Grim Wolves] The Grim Wolves spot signs of danger — Eagle cries echo, but no birds are visible.
2026-01-03T16:00:00.000Z [road] @ Greenmist [Parthenius's Band, orc raiders] Parthenius's Band prepare defenses against potential orc raiders attack — As travelers grew road-weary the ruins of a dwarven gatehouse. The peaks gleam with eternal snow. One shadow-cloaked orc raiders, dragging captives. They left the field but not their dignity.
2026-01-03T17:00:00.000Z [road] @ Greenmist [Parthenius's Band] Parthenius's Band spot signs of danger — The ruins of a dwarven waystation, recently looted.
2026-01-03T17:00:00.000Z [road] @ Minasfeld [The New Caravan, Sons of the Wolf] The New Caravan is raided! — Sons of the Wolf forces have intercepted the caravan en route to Belfos.
2026-01-03T17:00:00.000Z [town] @ Minasfeld Trade routes near Minasfeld grow dangerous — Merchants speak of losses. Some refuse to travel until the roads are secured.
2026-01-03T18:00:00.000Z [road] @ Greenmist [Parthenius's Band, orc raiders] Parthenius's Band help orc raiders gather firewood — As bats took wing freshly quarried stone dust hung in the air. One night-hunting orc raiders, performing war rituals. The meeting ended with mutual respect, if not friendship.
2026-01-03T18:00:00.000Z [faction] @ Azmarin [The Grim Wolves, goblins] Crown and Contenders: Foreign powers become involved. — Multiple claimants vie for power. The Grim Wolves makes their move.
2026-01-03T18:00:00.000Z [town] @ Belfos [Katixa] Construction continues on Katixa's stronghold — Masons and laborers work tirelessly. The foundations are deep and the walls rise.
2026-01-03T19:00:00.000Z [road] @ Greenmist [Parthenius's Band, giant eagles] Parthenius's Band assist giant eagles with a broken wagon — In the gloaming hour wind howling through rocky passes. Many night-hunting giant eagles, moving with purpose. The exchange of gifts sealed the temporary truce. Meteor impact craters on peaks marked the scene.
2026-01-03T20:00:00.000Z [road] @ Greenmist [Parthenius's Band] Parthenius's Band spot signs of danger — Eagle cries echo, but no birds are visible.
2026-01-03T20:00:00.000Z [road] @ hex:7,6 su-monster and giant-eel clash — Territorial war erupts! The su-monster triumph, but 0 fall. The giant-eel lose 11 and retreat.
2026-01-03T21:00:00.000Z [road] @ Greenmist [Parthenius's Band, giant eagles] Parthenius's Band aid injured giant eagles with healing herbs — With ale flowing in taprooms ominous silence after an avalanche. A company of night-hunting giant eagles, emerging from concealment. They traded information as valuable as gold.
2026-01-03T21:00:00.000Z [town] @ Azmarin Word spreads in Azmarin — A valuable shipment was lost near Myrrka.
2026-01-03T22:00:00.000Z [road] @ Greenmist [Parthenius's Band, ogres] ogres follow Parthenius's Band at a safe distance — By candlelight and hearth-glow ancient petroglyphs on cliff walls. One armored ogres, emerging from concealment. They left the field but not their dignity.
2026-01-03T22:00:00.000Z [road] @ Azmarin [The Grim Wolves] The Grim Wolves completes rest — Ready to travel again.
2026-01-03T22:00:00.000Z [town] @ Greenmist [Eryalus] Construction continues on Eryalus's stronghold — Masons and laborers work tirelessly. The foundations are deep and the walls rise.
2026-01-03T23:00:00.000Z [road] @ Greenmist [Parthenius's Band] Parthenius's Band spot signs of danger — Eagle cries echo, but no birds are visible.
2026-01-03T23:00:00.000Z [dungeon] @ Greenmist [Parthenius's Band] Parthenius's Band discovers Forgotten Catacombs — In the hush of late night avalanche scars on rocky faces. They have found An ancient forgotten catacombs from the First Age. Forgotten Catacombs was once a center of war before its fall.
2026-01-03T23:00:00.000Z [road] @ Greenmist [Parthenius's Band] Parthenius's Band clash with ogre — Brief skirmish; foes driven off with minor bruises.
2026-01-03T23:00:00.000Z [town] @ Windleigh [The Crimson Purse] The Crimson Purse's heist on Northbeach Traders fails — Alarms are raised. The thieves flee empty-handed into the night.
2026-01-04T00:00:00.000Z [road] @ Belfos The Wandering Peddlers makes camp under escort — Road to Azmarin (road) quiet tonight.
2026-01-04T00:00:00.000Z [weather] @ Greenmist Greenmist wakes to fresh snowfall — The cold drove all but the hardiest indoors.
2026-01-04T00:00:00.000Z [town] @ Belfos Belfos tempers frayed — Surplus textiles and shortages in ore.
2026-01-04T00:00:00.000Z [town] @ Belfos Rumor in Belfos — Bargain prices on textiles; traders racing to Belfos.
2026-01-04T00:00:00.000Z [town] @ Belfos Rumor in Belfos — Sons of the Wolf watches the markets quietly.
2026-01-04T00:00:00.000Z [town] @ Windleigh Windleigh folk watchful — Surplus ore and shortages in textiles/salt.
2026-01-04T00:00:00.000Z [town] @ Windleigh Rumor in Windleigh — Levies rumored to secure textiles; officials say caravans delayed.
2026-01-04T00:00:00.000Z [town] @ Windleigh Rumor in Windleigh — Order of the Hawk watches the markets quietly.
2026-01-04T00:00:00.000Z [town] @ Azmarin Azmarin folk watchful — Surplus grain/textiles/salt and shortages in ore.
2026-01-04T00:00:00.000Z [town] @ Azmarin Rumor in Azmarin — Bargain prices on salt; traders racing to Azmarin.
2026-01-04T00:00:00.000Z [town] @ Minasfeld Cybele seen in Minasfeld markets — guard haggles and swaps news.
2026-01-04T00:00:00.000Z [town] @ Minasfeld Hans-Ruedi seen in Minasfeld markets — laborer haggles and swaps news.
2026-01-04T00:00:00.000Z [town] @ Minasfeld Minasfeld tempers frayed — Surplus livestock.
2026-01-04T00:00:00.000Z [town] @ Minasfeld Rumor in Minasfeld — The Storm Guild watches the markets quietly.
2026-01-04T00:00:00.000Z [town] @ Myrrka Myrrka tempers frayed — Surplus textiles and shortages in timber.
2026-01-04T00:00:00.000Z [town] @ Myrrka Rumor in Myrrka — Bargain prices on textiles; traders racing to Myrrka.
2026-01-04T00:00:00.000Z [town] @ Greenmist Eryalus seen in Greenmist markets — laborer haggles and swaps news.
2026-01-04T00:00:00.000Z [town] @ Greenmist Eadmund seen in Greenmist markets — laborer haggles and swaps news.
2026-01-04T00:00:00.000Z [town] @ Greenmist Parthenius's Band hailed in Greenmist — Locals toast their exploits.
2026-01-04T00:00:00.000Z [town] @ Greenmist Greenmist tempers frayed — Surplus grain/textiles and shortages in ore.
2026-01-04T00:00:00.000Z [town] @ Greenmist Rumor in Greenmist — Bargain prices on textiles; traders racing to Greenmist.
2026-01-04T00:25:18.475Z [system] The world turns (18th of Deepwinter, Year 1056) — 2 parties traveling, 0 resting. 1 threats lurk.
2026-01-04T00:25:18.475Z [road] @ Azmarin [The Grim Wolves] The Grim Wolves spot goblins and avoid notice — They detour carefully, leaving only faint tracks.
2026-01-04T00:25:18.475Z [road] @ Minasfeld The New Caravan makes camp under escort — Road to Belfos (road) quiet tonight.
2026-01-04T00:25:18.475Z [town] @ Belfos [Eurydamus, Irantzu] Eurydamus takes Irantzu under their wing — The student shows promise—or perhaps stubborn foolishness.
2026-01-04T22:21:38.739Z [road] @ Belfos Northbeach Traders makes camp under escort — Road to Windleigh (road) quiet tonight.
2026-01-04T22:21:38.739Z [faction] @ Greenmist [Hans-Ruedi, Order of the Hawk] Hans-Ruedi seeks Order of the Hawk's protection — Frightened by Parthenius's Band ambushed by giant bats, the laborer appeals to the pious faction.
2026-01-04T22:21:38.739Z [faction] @ Belfos [The Storm Guild] The Storm Guild eyes Belfos for its salt — Desperate for salt, the faction has decided to take the settlement by force.
2026-01-04T22:21:38.739Z [faction] @ Belfos [The Hawk Compact] The Hawk Compact eyes Belfos for its grain — Desperate for grain, the faction has decided to take the settlement by force.
2026-01-04T22:20:19.052Z [road] @ Belfos The New Caravan makes camp under escort — Road to Minasfeld (road) quiet tonight.
2026-01-04T02:32:05.917Z [road] @ Belfos Northbeach Traders makes camp under escort — Road to Windleigh (road) quiet tonight.
2026-01-04T02:32:05.917Z [faction] @ Myrrka [Engelwara] The Old Darkness Returns: Strange creatures appear at night. — Engelwara races to prevent catastrophe.
2026-01-04T02:32:05.917Z [faction] @ hex:7,6 [Besso] The Hunt for Besso: The quarry seems to anticipate every move. — A deadly game of cat and mouse unfolds near hex:7,6.
2026-01-04T22:36:03.528Z [road] @ Belfos Northbeach Traders makes camp under escort — Road to Windleigh (road) quiet tonight.
2026-01-04T01:52:55.225Z [road] @ Greenmist [Parthenius's Band] Parthenius's Band spot signs of danger — A cairn of skulls marks a territorial boundary.
2026-01-04T01:52:55.225Z [road] @ Myrrka [The Wandering Merchants, Sons of the Wolf] The Wandering Merchants is raided! — Sons of the Wolf forces have intercepted the caravan en route to Belfos.
2026-01-04T01:52:55.225Z [town] @ Myrrka Trade routes near Myrrka grow dangerous — Merchants speak of losses. Some refuse to travel until the roads are secured.
2026-01-04T01:52:55.225Z [faction] @ Greenmist [Circle of the Dawn] Circle of the Dawn eyes Greenmist for its grain — Desperate for grain, the faction has decided to take the settlement by force.
2026-01-04T23:21:38.739Z [road] @ Greenmist [Parthenius's Band, orc raiders] orc raiders test Parthenius's Band's resolve with challenges — Under a canopy of stars the sharp crack of ice breaking. A band of frenzied orc raiders, performing war rituals. The battle was lost, but the war continued. Glaciers carving valleys below marked the scene.
2026-01-04T23:21:38.739Z [faction] @ Greenmist [The Storm Guild] The Storm Guild seeks retribution — The Storm Guild hires bounty hunters to pursue Greenmist.
2026-01-04T23:21:38.739Z [faction] @ Belfos [Order of the Hawk] Order of the Hawk eyes Belfos for its salt — Desperate for salt, the faction has decided to take the settlement by force.
2026-01-04T23:20:19.052Z [road] @ Myrrka [The Wandering Merchants, Sons of the Wolf] The Wandering Merchants is raided! — Sons of the Wolf forces have intercepted the caravan en route to Belfos.
2026-01-04T23:20:19.052Z [town] @ Myrrka Trade routes near Myrrka grow dangerous — Merchants speak of losses. Some refuse to travel until the roads are secured.
2026-01-04T23:20:19.052Z [road] @ Belfos The New Caravan makes camp under escort — Road to Minasfeld (road) quiet tonight.
2026-01-04T23:20:19.052Z [faction] @ Belfos [The Hawk Compact] The Hawk Compact sends relief to Belfos — Wagons of grain and medicine roll toward the suffering. Compassion—or calculated politics?
2026-01-04T23:36:03.528Z [road] @ Minasfeld [Nigellus's Band, dwarven patrols] dwarven patrols eye Nigellus's Band suspiciously — Under a canopy of stars condors circling high overhead. The mountain seems alive with fury. Two or three shadow-cloaked dwarven patrols, moving with purpose. They left the meeting with hope for peaceful coexistence.
2026-01-04T23:36:03.528Z [road] @ Minasfeld [Nigellus's Band, Vermithrax] Nigellus's Band flees Vermithrax Bane of Kingdoms — The legendary dragon proves too powerful. They escape with their lives—barely.
2026-01-04T23:36:03.528Z [town] @ Minasfeld Word spreads in Minasfeld — A valuable shipment was lost near Belfos.
2026-01-04T04:02:34.690Z [town] @ Belfos The New Caravan arrives at Belfos — Bringing grain/textiles from Minasfeld with escorts.
2026-01-04T04:02:34.690Z [town] @ Belfos Cybele arrives in Belfos — guard from Windleigh
2026-01-04T04:02:34.690Z [town] @ Belfos Wantelien arrives in Belfos — bard from Minasfeld
2026-01-04T04:02:34.690Z [town] @ Belfos The Wandering Peddlers arrives at Belfos — Bringing grain/textiles from Azmarin with escorts.
2026-01-04T04:02:34.690Z [town] @ Belfos Katixa arrives in Belfos — guard from Myrrka
2026-01-04T04:02:34.690Z [town] @ Belfos Gawyne arrives in Belfos — bard from Myrrka
2026-01-05T00:50:37.967Z [system] The world turns (22nd of Deepwinter, Year 1055) — 2 parties traveling, 1 resting. 0 threats lurk.
2026-01-05T00:50:37.967Z [road] @ Greenmist [Parthenius's Band] Parthenius's Band spot signs of danger — The ruins of a dwarven waystation, recently looted.
2026-01-05T00:50:37.967Z [road] @ Greenmist [Parthenius's Band, giant eagles] Parthenius's Band assist giant eagles with a broken wagon — In the hush of late night wind howling through rocky passes. Many night-hunting giant eagles, moving with purpose. The exchange of gifts sealed the temporary truce. Meteor impact craters on peaks marked the scene.
2026-01-05T00:50:37.967Z [town] @ Greenmist Word spreads in Greenmist — Thieves struck near Belfos. The roads grow dangerous.
2026-01-04T03:20:08.815Z [faction] @ Myrrka [Mendia the Pallid] Agents of Mendia gather components — Graverobbing. Herb theft. Missing children.
2026-01-05T00:21:38.739Z [system] The world turns (27th of Deepwinter, Year 1055) — 1 parties traveling, 1 resting. 0 threats lurk.
2026-01-05T00:21:38.739Z [town] @ Greenmist [Hans-Ruedi] Hans-Ruedi makes their move — The vengeance long promised by the laborer comes to pass.
2026-01-05T00:21:38.739Z [faction] @ Belfos [The Hawk Compact] The Hawk Compact sends relief to Belfos — Wagons of grain and medicine roll toward the suffering. Compassion—or calculated politics?
2026-01-05T00:20:19.052Z [system] The world turns (22nd of Deepwinter, Year 1055) — 1 parties traveling, 2 resting. 0 threats lurk.
2026-01-05T00:20:19.052Z [road] @ Windleigh Northbeach Traders makes camp under escort — Road to Belfos (road) quiet tonight.
2026-01-05T00:20:19.052Z [town] @ Greenmist Beroldus's Wagons arrives at Greenmist — Bringing salt/fish from Belfos with escorts under banner of Circle of the Dawn.
2026-01-05T00:20:19.052Z [town] @ Greenmist Mainardus arrives in Greenmist — scout from Azmarin
2026-01-05T00:20:19.052Z [town] @ Greenmist Eurydamus arrives in Greenmist — merchant from Windleigh
2026-01-05T00:20:19.052Z [town] @ Greenmist Rumor in Greenmist — Word spreads that Beroldus's Wagons of Circle of the Dawn reached Greenmist with salt/fish.
2026-01-05T00:20:19.052Z [town] @ Greenmist [Eryalus] Eryalus vows vengeance — Following Battle joined between Parthenius's Band and Iphicrates's giant eagles, the laborer swears an oath that cannot go unanswered.
2026-01-05T00:20:19.052Z [faction] @ Belfos [Circle of the Dawn] Circle of the Dawn eyes Belfos for its textiles — Desperate for textiles, the faction has decided to take the settlement by force.
2026-01-05T00:20:19.052Z [faction] @ Belfos [The Hawk Compact] The Hawk Compact eyes Belfos for its grain — Desperate for grain, the faction has decided to take the settlement by force.
2026-01-04T05:26:39.603Z [road] @ Greenmist [Parthenius's Band, wyverns] wyverns test Parthenius's Band's resolve with challenges — As rose light crept across the land wolves howling from distant valleys. The peaks gleam with eternal snow. A few night-hunting wyverns, emerging from concealment. Sometimes wisdom is knowing when to flee. Hot springs steaming in rocky basins marked the scene.
2026-01-05T02:14:42.608Z [road] @ Azmarin [Alcandros's Band, goatherds] goatherds display weapons as a warning — When shadows grew deepest a distant rockslide. The hilltops stand sharp against the blue. Many red-eyed in the dark goatherds, watching warily. They ran. There was no shame in it—only survival. Sheep grazing on steep slopes marked the scene.
2026-01-04T05:26:39.603Z [road] @ Belfos [The Wandering Peddlers, Sons of the Wolf] The Wandering Peddlers is raided! — Sons of the Wolf forces have intercepted the caravan en route to Azmarin.
2026-01-04T05:26:39.603Z [town] @ Belfos Trade routes near Belfos grow dangerous — Merchants speak of losses. Some refuse to travel until the roads are secured.
2026-01-05T00:36:03.528Z [system] The world turns (22nd of Deepwinter, Year 1055) — 2 parties traveling, 1 resting. 0 threats lurk.
2026-01-05T00:36:03.528Z [road] @ Greenmist [Parthenius's Band] Parthenius's Band spot signs of danger — A cairn of skulls marks a territorial boundary.
2026-01-05T00:36:03.528Z [road] @ Greenmist [Parthenius's Band] Parthenius's Band ambushed by orc raiders — Forced retreat; they fall back to regroup.
2026-01-05T00:36:03.528Z [town] @ Greenmist Beroldus's Wagons arrives at Greenmist — Bringing salt/fish from Belfos with escorts under banner of Circle of the Dawn.
2026-01-05T00:36:03.528Z [town] @ Greenmist Mainardus arrives in Greenmist — scout from Azmarin
2026-01-05T00:36:03.528Z [town] @ Greenmist Eurydamus arrives in Greenmist — merchant from Windleigh
2026-01-05T00:36:03.528Z [town] @ Greenmist Word spreads in Greenmist — Explorers speak of a strange discovery near Greenmist.
2026-01-04T04:51:45.972Z [road] @ Minasfeld [The New Caravan, Sons of the Wolf] The New Caravan is raided! — Sons of the Wolf forces have intercepted the caravan en route to Belfos.
2026-01-04T04:51:45.972Z [town] @ Minasfeld Trade routes near Minasfeld grow dangerous — Merchants speak of losses. Some refuse to travel until the roads are secured.
2026-01-05T01:21:38.739Z [faction] @ Belfos A new band appears near Belfos — Lyonnete's Band takes to the byways.
2026-01-05T01:21:38.739Z [faction] @ Belfos [The Storm Guild] The Storm Guild sends relief to Belfos — Wagons of grain and medicine roll toward the suffering. Compassion—or calculated politics?
2026-01-05T01:21:38.739Z [town] @ Belfos [Mainardus] Magical mist chokes Belfos — A toxic green cloud, conjured by Mainardus, rolls through the streets. Panic ensues.
2026-01-05T01:20:19.052Z [road] @ Belfos The New Caravan makes camp under escort — Road to Minasfeld (road) quiet tonight.
2026-01-04T06:57:57.089Z [system] The world turns (18th of Deepwinter, Year 1056) — 1 parties traveling, 1 resting. 1 threats lurk.
2026-01-04T06:57:57.089Z [road] @ Greenmist [Parthenius's Band] Parthenius's Band clash with orc raiders — Brief skirmish; foes driven off with minor bruises.
2026-01-05T03:46:00.274Z [road] @ Greenmist [Parthenius's Band, goblins] Parthenius's Band siege goblins's encampment — In the witching hour eagles soaring on thermal winds. Many cowardly goblins, tracking something. They pressed their advantage until the enemy fled. Glaciers carving valleys below marked the scene. The victors claim 26 coin worth of plunder.
2026-01-05T03:46:00.274Z [road] @ Azmarin [Alcandros's Band] Alcandros's Band spot signs of danger — Bones litter a rock shelf. Not all are animal bones.
2026-01-05T03:46:00.274Z [faction] @ the region [Merilda] Payment Due: Allies emerge. — The terms seemed fair once. They do not seem fair now.
2026-01-05T03:46:00.274Z [road] @ Greenmist [Parthenius's Band] Parthenius's Band grows in power! — Through hardship and battle, the members of Parthenius's Band have reached level 3.
2026-01-05T01:36:03.528Z [road] @ Belfos [The New Caravan, Sons of the Wolf] The New Caravan is raided! — Sons of the Wolf forces have intercepted the caravan en route to Minasfeld.
2026-01-05T01:36:03.528Z [town] @ Belfos Trade routes near Belfos grow dangerous — Merchants speak of losses. Some refuse to travel until the roads are secured.
2026-01-05T01:36:03.528Z [faction] @ Azmarin [The Storm Guild] The Storm Guild eyes Azmarin for its salt — Desperate for salt, the faction has decided to take the settlement by force.
2026-01-05T01:36:03.528Z [faction] @ Belfos [Order of the Hawk] Order of the Hawk sends relief to Belfos — Wagons of grain and medicine roll toward the suffering. Compassion—or calculated politics?
2026-01-05T01:36:03.528Z [town] @ Belfos Disease outbreak in Belfos! — Local healers have identified Yellow Plague among the populace. Fear spreads as quickly as the sickness.
2026-01-04T06:02:34.727Z [system] The world turns (18th of Deepwinter, Year 1056) — 2 parties traveling, 0 resting. 1 threats lurk.
2026-01-04T06:02:34.727Z [dungeon] @ Azmarin [The Grim Wolves] The Grim Wolves discovers Shattered Archives — While dew pearled on grass and stone They have found An ancient shattered archives from the First Age. Shattered Archives was once a center of faith before its fall.
2026-01-05T02:20:19.052Z [town] @ Windleigh Word spreads in Windleigh — Thieves struck near Minasfeld. The roads grow dangerous.
2026-01-05T02:21:38.739Z [road] @ Greenmist [Parthenius's Band, giant eagles] Battle joined between Parthenius's Band and giant eagles — In the witching hour hot springs steaming in rocky basins. Fresh snow makes every path treacherous. A solitary night-hunting giant eagles, apparently startled. They stood their ground against the charging enemy. The victors claim 10 coin worth of plunder.
2026-01-05T02:21:38.739Z [town] @ Myrrka Word spreads in Myrrka — Thieves struck near Belfos. The roads grow dangerous.
2026-01-05T02:20:19.052Z [town] @ Greenmist Yellow Plague fades in Greenmist — The worst of the sickness has passed. The bells ring in celebration.
2026-01-04T07:57:56.931Z [road] @ Belfos [The New Caravan, Sons of the Wolf] The New Caravan is raided! — Sons of the Wolf forces have intercepted the caravan en route to Minasfeld.
2026-01-04T07:57:56.931Z [town] @ Belfos Trade routes near Belfos grow dangerous — Merchants speak of losses. Some refuse to travel until the roads are secured.
2026-01-04T07:57:56.931Z [town] @ Belfos Beroldus's Wagons arrives at Belfos — Bringing salt/fish from Greenmist with escorts under banner of Circle of the Dawn.
2026-01-04T07:57:56.931Z [town] @ Belfos Mainardus arrives in Belfos — scout from Azmarin
2026-01-04T07:57:56.931Z [town] @ Belfos Eurydamus arrives in Belfos — merchant from Windleigh
2026-01-04T07:57:56.931Z [town] @ Belfos Rumor in Belfos — Word spreads that Beroldus's Wagons of Circle of the Dawn reached Belfos with salt/fish.
2026-01-04T07:57:56.931Z [faction] @ Myrrka [Mendia the Pallid] Mendia conducts a dark ritual — Strange lights in the sky. Animals flee.
2026-01-05T04:46:00.105Z [road] @ Azmarin [Alcandros's Band] Alcandros's Band ambushed by goblins — Forced retreat; they fall back to regroup.
2026-01-05T04:46:00.105Z [faction] @ Greenmist [Sons of the Wolf] Sons of the Wolf seeks retribution — Sons of the Wolf declares a blood feud against Greenmist.
2026-01-05T04:46:00.105Z [weather] @ Belfos [Wantelien] Wantelien alters the weather — Through ancient incantations, the Magic-User calls forth clear over the region.
2026-01-05T02:36:03.528Z [road] @ Greenmist [Parthenius's Band, yeti] Parthenius's Band detour to avoid yeti's territory — In the cold hours before dawn lightning-blasted trees at timberline. The mountain seems alive with fury. One shadow-cloaked yeti, emerging from concealment. They lived to fight—and win—another battle. Switchback paths climbing steep slopes marked the scene.
2026-01-05T02:36:03.528Z [road] @ Minasfeld [Nigellus's Band] Nigellus's Band spot signs of danger — A cairn of skulls marks a territorial boundary.
2026-01-05T02:36:03.528Z [town] @ Greenmist Word spreads in Greenmist — A valuable shipment was lost near Belfos.
2026-01-04T07:18:05.191Z [road] @ Greenmist [Parthenius's Band, orc raiders] Parthenius's Band aid injured orc raiders with healing herbs — As folk went about their labors thin cold air hung in the air. The peaks gleam with eternal snow. A few disciplined orc raiders, dragging captives. The exchange of gifts sealed the temporary truce.
2026-01-04T07:18:05.191Z [town] @ Belfos [Ilene] Construction continues on Ilene's stronghold — Masons and laborers work tirelessly. The foundations are deep and the walls rise.
2026-01-04T07:18:05.191Z [town] @ Minasfeld [Wantelien] Magical mist chokes Minasfeld — A toxic green cloud, conjured by Wantelien, rolls through the streets. Panic ensues.
2026-01-04T07:18:05.191Z [town] @ Windleigh Gripsha fades in Windleigh — The worst of the sickness has passed. The bells ring in celebration.
2026-01-05T03:21:38.739Z [road] @ Belfos Northbeach Traders makes camp under escort — Road to Windleigh (road) quiet tonight.
2026-01-05T03:21:38.739Z [faction] @ Belfos [Circle of the Dawn] Circle of the Dawn eyes Belfos for its grain — Desperate for grain, the faction has decided to take the settlement by force.
2026-01-05T06:10:15.932Z [system] The world turns (22nd of Deepwinter, Year 1055) — 2 parties traveling, 1 resting. 0 threats lurk.
2026-01-05T03:36:03.528Z [road] @ Minasfeld [Nigellus's Band, Alla the mangy] Alla the mangy share hunting tips with Nigellus's Band — As even the taverns fell silent the sharp scent of juniper hung in the air. A lone tribal goblins, carrying plunder. The negotiation revealed unexpected shared values.
2026-01-05T06:10:15.932Z [road] @ Azmarin [Alcandros's Band] Alcandros's Band spot signs of danger — Caves in the hillside show signs of habitation.
2026-01-05T03:36:03.528Z [road] @ Belfos [The New Caravan, Sons of the Wolf] The New Caravan is raided! — Sons of the Wolf forces have intercepted the caravan en route to Minasfeld.
2026-01-05T03:36:03.528Z [town] @ Belfos Trade routes near Belfos grow dangerous — Merchants speak of losses. Some refuse to travel until the roads are secured.
2026-01-05T06:10:15.932Z [road] @ Belfos [The Wandering Merchants, Sons of the Wolf] The Wandering Merchants is raided! — Sons of the Wolf forces have intercepted the caravan en route to Myrrka.
2026-01-05T06:10:15.932Z [town] @ Belfos Trade routes near Belfos grow dangerous — Merchants speak of losses. Some refuse to travel until the roads are secured.
2026-01-05T06:10:15.932Z [faction] @ Greenmist [The Hawk Compact] The Hawk Compact seeks retribution — The Hawk Compact organizes a trade embargo against Greenmist.
2026-01-05T06:10:15.932Z [town] @ Azmarin Word spreads in Azmarin — Explorers speak of a strange discovery near Azmarin.
2026-01-05T06:10:15.932Z [town] @ Azmarin Mood darkens in Azmarin — Following recent events, the people's spirit sinks.
2026-01-04T09:22:13.433Z [road] @ Belfos Beroldus's Wagons makes camp under escort — Road to Greenmist (road) quiet tonight.
2026-01-04T08:49:21.636Z [road] @ Minasfeld [The New Caravan, Sons of the Wolf] The New Caravan is raided! — Sons of the Wolf forces have intercepted the caravan en route to Belfos.
2026-01-04T08:49:21.636Z [town] @ Minasfeld Trade routes near Minasfeld grow dangerous — Merchants speak of losses. Some refuse to travel until the roads are secured.
2026-01-04T08:49:21.636Z [town] @ Greenmist [Eadmund, Cybele] Cybele presses Eadmund for payment — Gold owed sits heavy on both parties.
2026-01-04T08:49:21.636Z [town] @ Minasfeld [Wantelien] Magical mist chokes Minasfeld — A toxic green cloud, conjured by Wantelien, rolls through the streets. Panic ensues.
2026-01-05T04:21:38.739Z [road] @ Belfos The Wandering Peddlers makes camp under escort — Road to Azmarin (road) quiet tonight.
2026-01-05T04:21:38.739Z [town] @ Greenmist Word spreads in Greenmist — Explorers speak of a strange discovery near Greenmist.
2026-01-04T11:01:42.475Z [town] @ Myrrka Mood darkens in Myrrka — Following recent events, the people's spirit sinks.
2026-01-04T11:01:42.475Z [town] @ Myrrka [Molora, Eurydamus] Molora takes Eurydamus under their wing — Wisdom passed from one generation to the next.
2026-01-05T07:49:45.671Z [road] @ Greenmist [Parthenius's Band, orc raiders] Parthenius's Band keep their distance from armed orc raiders — Amid the bustle of morning trade the occasional boom of falling ice. The peaks gleam with eternal snow. A handful of red-eyed in the dark orc raiders, returning from a raid. Discretion proved the better part of valor.
2026-01-05T04:36:03.528Z [road] @ Greenmist [Parthenius's Band] Parthenius's Band spot signs of danger — Eagle cries echo, but no birds are visible.
2026-01-05T04:36:03.528Z [road] @ Greenmist [Parthenius's Band, giant eagles] giant eagles test Parthenius's Band's resolve with challenges — In the witching hour switchback paths climbing steep slopes. A company of red-eyed in the dark giant eagles, apparently startled. A calculated withdrawal to more favorable ground.
2026-01-05T04:36:03.528Z [road] @ Minasfeld [Nigellus's Band, ogres] Nigellus's Band battle ogres for control of the path — As even the taverns fell silent the sharp crack of ice breaking. The mountain seems alive with fury. A few red-eyed in the dark ogres, watching warily. They vanished into the shadows before the enemy could react. A frozen waterfall marked the scene.
2026-01-05T04:36:03.528Z [faction] @ Azmarin [The Storm Guild] The Storm Guild eyes Azmarin for its salt — Desperate for salt, the faction has decided to take the settlement by force.
2026-01-04T10:19:23.064Z [road] @ Azmarin [The Grim Wolves] The Grim Wolves discovers The Obsidian Cave — With the sun climbing steadily the crack of splitting rock. A obsidian cave, smelling of summer rain and ozone. The party feels a surge of mental clarity.
2026-01-04T10:19:23.064Z [road] @ Greenmist [Parthenius's Band] Parthenius's Band spot signs of danger — A cairn of skulls marks a territorial boundary.
2026-01-05T05:21:38.739Z [town] @ Belfos The New Caravan arrives at Belfos — Bringing grain/textiles from Minasfeld with escorts.
2026-01-05T05:20:19.052Z [road] @ Greenmist [Parthenius's Band] Parthenius's Band shadowed by ogre — Tense standoff; both sides withdraw before blades are drawn.
2026-01-05T05:21:38.739Z [town] @ Belfos Emlyn arrives in Belfos — scout from Minasfeld
2026-01-05T05:21:38.739Z [town] @ Belfos Ilene arrives in Belfos — bard from Windleigh
2026-01-05T05:21:38.739Z [faction] @ Greenmist [Parthenius's Band] The Hunt for Parthenius's Band: The hunt leads through treacherous terrain. — Parthenius's Band stalks a dangerous quarry across the region.
2026-01-04T12:30:21.328Z [system] The world turns (18th of Deepwinter, Year 1056) — 1 parties traveling, 1 resting. 1 threats lurk.
2026-01-05T09:18:24.602Z [faction] @ Greenmist [The Hawk Compact] The Hawk Compact increases patrols — Mercantile guards from The Hawk Compact now protect the roads near Greenmist.
2026-01-05T09:18:24.602Z [town] @ Myrrka Word spreads in Myrrka — A valuable shipment was lost near Belfos.
2026-01-05T09:18:24.602Z [faction] [The Storm Guild, Sons of the Wolf] The Storm Guild proposes marriage alliance with Sons of the Wolf — Envoys are sent. Dowries discussed. A political wedding could reshape alliances.
2026-01-05T05:36:03.528Z [road] @ Belfos The Wandering Peddlers makes camp under escort — Road to Azmarin (road) quiet tonight.
2026-01-05T05:36:03.528Z [faction] @ Belfos [The Hawk Compact] The Hawk Compact eyes Belfos for its grain — Desperate for grain, the faction has decided to take the settlement by force.
2026-01-04T11:53:23.359Z [faction] @ Myrrka A new band appears near Myrrka — Tribunas's Band takes to the byways.
2026-01-04T11:53:23.359Z [road] @ Azmarin [The Grim Wolves] The Grim Wolves spot orc raiders and avoid notice — They detour carefully, leaving only faint tracks.
2026-01-04T11:53:23.359Z [town] @ Azmarin Word spreads in Azmarin — Thieves struck near Minasfeld. The roads grow dangerous.
2026-01-04T11:53:23.359Z [faction] @ Belfos [The Hawk Compact] The Hawk Compact sends relief to Belfos — Wagons of grain and medicine roll toward the suffering. Compassion—or calculated politics?
2026-01-05T06:20:19.052Z [system] The world turns (22nd of Deepwinter, Year 1055) — 1 parties traveling, 2 resting. 0 threats lurk.
2026-01-05T06:21:38.739Z [system] The world turns (27th of Deepwinter, Year 1055) — 1 parties traveling, 2 resting. 0 threats lurk.
2026-01-05T06:36:03.528Z [system] The world turns (22nd of Deepwinter, Year 1055) — 2 parties traveling, 1 resting. 0 threats lurk.
2026-01-05T06:36:03.528Z [road] @ Greenmist [Parthenius's Band, goblins] goblins guide Parthenius's Band to a hidden spring — While dew pearled on grass and stone bridges spanning raging torrents. The mountain seems alive with fury. A handful of feral goblins, tracking something. Both sides gained knowledge that might prove useful.
2026-01-05T06:36:03.528Z [road] @ Belfos [Northbeach Traders, Sons of the Wolf] Northbeach Traders is raided! — Sons of the Wolf forces have intercepted the caravan en route to Windleigh.
2026-01-05T06:36:03.528Z [town] @ Belfos Trade routes near Belfos grow dangerous — Merchants speak of losses. Some refuse to travel until the roads are secured.
2026-01-05T06:36:03.528Z [faction] @ Belfos [Sons of the Wolf] Sons of the Wolf eyes Belfos for its grain — Desperate for grain, the faction has decided to take the settlement by force.
2026-01-05T06:36:03.528Z [faction] @ Windleigh [Order of the Hawk] Order of the Hawk eyes Windleigh for its fish — Desperate for fish, the faction has decided to take the settlement by force.
2026-01-05T06:36:03.528Z [faction] @ Belfos [The Hawk Compact] The Hawk Compact sends relief to Belfos — Wagons of grain and medicine roll toward the suffering. Compassion—or calculated politics?
2026-01-04T14:02:10.554Z [town] @ Windleigh Word spreads in Windleigh — A valuable shipment was lost near Belfos.
2026-01-05T10:50:13.820Z [road] @ Greenmist [Parthenius's Band] Parthenius's Band spot signs of danger — Giant footprints in the snow, each as long as a man is tall.
2026-01-05T10:50:13.820Z [road] @ Azmarin [Alcandros's Band] Alcandros's Band spot signs of danger — Caves in the hillside show signs of habitation.
2026-01-05T10:50:13.820Z [faction] @ Belfos [Circle of the Dawn] Circle of the Dawn eyes Belfos for its textiles — Desperate for textiles, the faction has decided to take the settlement by force.
2026-01-04T13:22:24.914Z [road] @ Azmarin [The Grim Wolves] The Grim Wolves spot signs of danger — The ruins of a dwarven waystation, recently looted.
2026-01-04T13:22:24.914Z [road] @ Greenmist [Parthenius's Band, orc raiders] Parthenius's Band hunt down marauding orc raiders — While sensible folk sought shade mountain goats leaping between boulders. A few frenzied orc raiders, quarreling over spoils. They exploited a momentary weakness in the enemy line. Condors circling high overhead marked the scene. A well-timed spell from their caster turned the tide. The victors claim 46 coin worth of plunder.
2026-01-05T07:20:19.052Z [weather] @ Myrrka [Wantelien] Wantelien alters the weather — Through ancient incantations, the Magic-User calls forth storm over the region.
2026-01-05T07:36:03.528Z [road] @ Minasfeld [Nigellus's Band] Nigellus's Band spot signs of danger — A cairn of skulls marks a territorial boundary.
2026-01-05T07:36:03.528Z [road] @ Minasfeld [Nigellus's Band] Nigellus's Band parley with goblins — Trade news and share a quick meal before parting ways.
2026-01-05T07:36:03.528Z [road] @ Belfos The New Caravan makes camp under escort — Road to Minasfeld (road) quiet tonight.
2026-01-05T07:36:03.528Z [road] @ Belfos Northbeach Traders makes camp under escort — Road to Windleigh (road) quiet tonight.
2026-01-05T07:36:03.528Z [faction] @ Azmarin [Warrenus] Tracking the Warrenus: The Warrenus discover they are not alone in the chase. — Warrenus stalks a dangerous quarry across the region.
2026-01-04T15:33:23.871Z [road] @ Greenmist [Parthenius's Band, ogres] ogres poison Parthenius's Band's water supply — As travelers grew road-weary vast chasms with no visible bottom. The peaks gleam with eternal snow. A single armored ogres, blocking the path. Steel rang and blood was spilled, but they prevailed. The ruins of a dwarven gatehouse marked the scene. A well-timed spell from their caster turned the tide.
2026-01-05T12:21:27.139Z [system] The world turns (22nd of Deepwinter, Year 1055) — 2 parties traveling, 1 resting. 0 threats lurk.
2026-01-05T12:21:27.139Z [road] @ Azmarin [Alcandros's Band] Alcandros's Band spot signs of danger — Bones litter a rock shelf. Not all are animal bones.
2026-01-05T12:21:27.139Z [town] @ Myrrka [Irantzu, Katixa] Irantzu barely avoids confrontation with Katixa — Blood may yet be spilled between them.
2026-01-05T12:21:27.139Z [town] @ Belfos [Wantelien] Magical mist chokes Belfos — A toxic green cloud, conjured by Wantelien, rolls through the streets. Panic ensues.
2026-01-04T14:48:49.520Z [town] @ Minasfeld Word spreads in Minasfeld — Thieves struck near Myrrka. The roads grow dangerous.
