2026-01-01T00:00:00.000Z [system] The chronicle begins: Standard — January 1st, 2026. The simulation awakens in an era known as the Standard.
2026-01-01T00:00:00.000Z [town] @ Belfos Belfos stirs to life — Guild banners snapped in the breeze while decent folk lay sleeping.
2026-01-01T00:00:00.000Z [town] @ Windleigh Windleigh stirs to life — Guild banners snapped in the breeze in the hush of late night.
2026-01-01T00:00:00.000Z [faction] @ Windleigh [Dionysios] A new tale begins: "Seals Breaking" — Ancient wards fail. What they imprisoned walks again.
2026-01-01T00:00:00.000Z [town] @ Azmarin Azmarin stirs to life — A crier announced the day's proclamations in the hush of late night.
2026-01-01T00:00:00.000Z [town] @ Minasfeld Minasfeld stirs to life — Children chased each other through muddy lanes while decent folk lay sleeping.
2026-01-01T00:00:00.000Z [town] @ Myrrka Myrrka stirs to life — A crier announced the day's proclamations with only moonlight for company.
2026-01-01T00:00:00.000Z [faction] @ Myrrka [Engelwara] A new tale begins: "The Old Darkness Returns" — Engelwara races to prevent catastrophe.
2026-01-01T00:00:00.000Z [town] @ Greenmist Greenmist stirs to life — Chickens scattered before approaching travelers as owls hunted in darkness.
2026-01-01T00:00:00.000Z [faction] @ Myrrka [Mendia the Pallid] The shadow of Mendia the Pallid falls over the region — Wizards whisper of forbidden arts practiced in secret.
2026-01-01T00:00:00.000Z [town] Happy New Year: 2026 — Church bells ring across the land. A fresh page turns in the chronicle.
2026-01-01T00:00:00.000Z [town] @ Belfos The spirit of New Year fills Belfos — The start of a new year brings hope and renewal. The community comes together in celebration.
2026-01-01T00:00:00.000Z [town] @ Windleigh Windleigh observes New Year — The start of a new year brings hope and renewal. Visitors are welcomed with festive cheer.
2026-01-01T00:00:00.000Z [town] @ Azmarin Azmarin observes New Year — The start of a new year brings hope and renewal. People gather to mark this special occasion.
2026-01-01T00:00:00.000Z [town] @ Minasfeld New Year celebrations in Minasfeld — The start of a new year brings hope and renewal. Merchants offer special deals; the air smells of celebration.
2026-01-01T00:00:00.000Z [town] @ Myrrka New Year celebrations in Myrrka — The start of a new year brings hope and renewal. Visitors are welcomed with festive cheer.
2026-01-01T00:00:00.000Z [town] @ Greenmist The spirit of New Year fills Greenmist — The start of a new year brings hope and renewal. People gather to mark this special occasion.
2026-01-01T00:00:00.000Z [faction] @ Greenmist [Kreon] A new tale begins: "Echoes of the Past" — The dead do not rest peacefully in Greenmist.
2026-01-01T00:00:00.000Z [weather] @ Myrrka Snowfall covers Myrrka — Snow blankets everything. Travel becomes difficult.
2026-01-01T00:00:00.000Z [road] @ Belfos [The Grim Wolves] The Grim Wolves departs Belfos — Bound for Myrrka across road (~42 miles).
2026-01-01T00:00:00.000Z [road] @ Greenmist [Parthenius's Band] Parthenius's Band departs Greenmist — Bound for Myrrka across mountains (~36 miles).
2026-01-01T00:00:00.000Z [town] @ Belfos Peli seen in Belfos markets — priest haggles and swaps news.
2026-01-01T00:00:00.000Z [town] @ Belfos Izot seen in Belfos markets — bard haggles and swaps news.
2026-01-01T00:00:00.000Z [town] @ Belfos Belfos folk watchful — Shortages in grain/ore.
2026-01-01T00:00:00.000Z [town] @ Belfos Rumor in Belfos — Levies rumored to secure ore; officials say caravans delayed.
2026-01-01T00:00:00.000Z [town] @ Belfos Rumor in Belfos — The Storm Guild watches the markets quietly.
2026-01-01T00:00:00.000Z [town] @ Belfos Rumor in Belfos — Sons of the Wolf watches the markets quietly.
2026-01-01T00:00:00.000Z [town] @ Belfos Rumor in Belfos — Order of the Hawk watches the markets quietly.
2026-01-01T00:00:00.000Z [town] @ Belfos Rumor in Belfos — Circle of the Dawn watches the markets quietly.
2026-01-01T00:00:00.000Z [town] @ Belfos Rumor in Belfos — The Hawk Compact watches the markets quietly.
2026-01-01T00:00:00.000Z [town] @ Windleigh Windleigh folk watchful — Surplus ore/fish and shortages in textiles/salt.
2026-01-01T00:00:00.000Z [town] @ Windleigh Rumor in Windleigh — Bargain prices on fish; traders racing to Windleigh.
2026-01-01T00:00:00.000Z [town] @ Windleigh Rumor in Windleigh — Order of the Hawk watches the markets quietly.
2026-01-01T00:00:00.000Z [town] @ Azmarin Mainardus seen in Azmarin markets — scout haggles and swaps news.
2026-01-01T00:00:00.000Z [town] @ Azmarin Azmarin spirits high — Surplus textiles/salt and shortages in ore/livestock.
2026-01-01T00:00:00.000Z [town] @ Azmarin Rumor in Azmarin — whispered mystery: a bard fresh from the road says Millesenta heard of whispers of depth 3 halls (from Azmarin).
2026-01-01T00:00:00.000Z [town] @ Azmarin Rumor in Azmarin — Sons of the Wolf watches the markets quietly.
2026-01-01T00:00:00.000Z [town] @ Azmarin Rumor in Azmarin — The Hawk Compact watches the markets quietly.
2026-01-01T00:00:00.000Z [town] @ Minasfeld Minasfeld folk watchful — Surplus textiles/livestock.
2026-01-01T00:00:00.000Z [town] @ Minasfeld Rumor in Minasfeld — Circle of the Dawn watches the markets quietly.
2026-01-01T00:00:00.000Z [town] @ Myrrka Myrrka folk watchful — Surplus textiles and shortages in salt/livestock.
2026-01-01T00:00:00.000Z [town] @ Myrrka Rumor in Myrrka — The Hawk Compact watches the markets quietly.
2026-01-01T00:00:00.000Z [town] @ Greenmist Greenmist folk watchful — Surplus grain/textiles and shortages in salt/fish.
2026-01-01T01:00:00.000Z [town] @ Myrrka Word spreads in Myrrka — Travelers speak of Mendia the Pallid. Ascending to godhood.
2026-01-01T01:00:00.000Z [town] @ Myrrka Mood darkens in Myrrka — Following recent events, the people's spirit sinks.
2026-01-01T01:00:00.000Z [faction] The Storm Guild declares a shortage of fish — Their stockpiles are low. They will seek fish by any means necessary.
2026-01-01T01:00:00.000Z [faction] Circle of the Dawn declares a shortage of grain — Their stockpiles are low. They will seek grain by any means necessary.
2026-01-01T01:00:00.000Z [road] @ hex:0,9 glabrezu and giant-centipede tensions rise — Two populations eye the same territory. Conflict seems inevitable.
2026-01-01T01:00:00.000Z [road] @ hex:4,5 drow and goblin tensions rise — Two populations eye the same territory. Conflict seems inevitable.
2026-01-01T01:00:00.000Z [road] @ hex:7,6 su-monster and goblin tensions rise — Two populations eye the same territory. Conflict seems inevitable.
2026-01-01T02:00:00.000Z [road] @ Greenmist [Parthenius's Band] Parthenius's Band spot signs of danger — Eagle cries echo, but no birds are visible.
2026-01-01T02:00:00.000Z [town] @ Minasfeld [Hans-Ruedi, Cybele] Hans-Ruedi grows impatient with Cybele's excuses — The ledger must balance, one way or another.
2026-01-01T02:00:00.000Z [faction] The Storm Guild declares a shortage of grain — Their stockpiles are low. They will seek grain by any means necessary.
2026-01-01T02:00:00.000Z [faction] The Hawk Compact declares a shortage of livestock — Their stockpiles are low. They will seek livestock by any means necessary.
2026-01-01T02:00:00.000Z [faction] @ the region [Wattie] A new tale begins: "The Bargain" — Wattie made a deal with powers best left alone.
2026-01-01T02:00:00.000Z [road] @ hex:3,2 bear and skeleton tensions rise — Two populations eye the same territory. Conflict seems inevitable.
2026-01-01T02:00:00.000Z [road] @ hex:3,7 giant-snake and bear tensions rise — Two populations eye the same territory. Conflict seems inevitable.
2026-01-01T03:00:00.000Z [road] @ Greenmist [Parthenius's Band] Parthenius's Band spot signs of danger — Giant footprints in the snow, each as long as a man is tall.
2026-01-01T03:00:00.000Z [faction] @ Greenmist [Parthenius's Band] A new tale begins: "Blood on the Trail" — Parthenius's Band stalks a dangerous quarry across the region.
2026-01-01T03:00:00.000Z [road] @ Greenmist [Parthenius's Band, orc raiders] orc raiders follow Parthenius's Band at a safe distance — In the witching hour Clouds obscure all but the lowest slopes. A group of frenzied orc raiders, performing war rituals. They established rules for future encounters. Eagles soaring on thermal winds marked the scene.
2026-01-01T03:00:00.000Z [faction] @ Greenmist [Parthenius's Band, orc raiders] A new tale begins: "Fire in Greenmist" — Parthenius's Band strikes fast at Greenmist and withdraws before retaliation.
2026-01-01T03:00:00.000Z [faction] Sons of the Wolf declares a shortage of ore — Their stockpiles are low. They will seek ore by any means necessary.
2026-01-01T03:00:00.000Z [faction] The Hawk Compact declares a shortage of textiles — Their stockpiles are low. They will seek textiles by any means necessary.
2026-01-01T03:00:00.000Z [road] @ hex:3,9 bear and orc tensions rise — Two populations eye the same territory. Conflict seems inevitable.
2026-01-01T04:00:00.000Z [road] @ Belfos [The Grim Wolves] The Grim Wolves discovers The Cracked Statue — When shadows grew deepest the creak of wagon wheels. A cracked statue, whispering in an unknown, melodic tongue. A sudden vision of what is to come flashes before them.
2026-01-01T04:00:00.000Z [road] @ Greenmist [Parthenius's Band] Parthenius's Band spot signs of danger — Giant footprints in the snow, each as long as a man is tall.
2026-01-01T04:00:00.000Z [faction] The Storm Guild declares a shortage of textiles — Their stockpiles are low. They will seek textiles by any means necessary.
2026-01-01T04:00:00.000Z [faction] Order of the Hawk declares a shortage of timber — Their stockpiles are low. They will seek timber by any means necessary.
2026-01-01T04:00:00.000Z [faction] The Hawk Compact declares a shortage of salt — Their stockpiles are low. They will seek salt by any means necessary.
2026-01-01T04:00:00.000Z [road] @ hex:5,3 giant-raven and skeleton tensions rise — Two populations eye the same territory. Conflict seems inevitable.
2026-01-01T05:00:00.000Z [road] @ Greenmist [Parthenius's Band, giant eagles] giant eagles share hunting tips with Parthenius's Band — As rose light crept across the land bridges spanning raging torrents. A horde of dangerous giant eagles, apparently startled. They established rules for future encounters.
2026-01-01T05:00:00.000Z [faction] [Order of the Hawk, The Storm Guild] Order of the Hawk proposes marriage alliance with The Storm Guild — Envoys are sent. Dowries discussed. A political wedding could reshape alliances.
2026-01-01T05:00:00.000Z [faction] The Storm Guild declares a shortage of livestock — Their stockpiles are low. They will seek livestock by any means necessary.
2026-01-01T05:00:00.000Z [faction] Circle of the Dawn declares a shortage of livestock — Their stockpiles are low. They will seek livestock by any means necessary.
2026-01-01T05:00:00.000Z [road] @ hex:3,7 giant-snake and goblin tensions rise — Two populations eye the same territory. Conflict seems inevitable.
2026-01-01T05:00:00.000Z [road] @ hex:4,8 rakshasa and pegasus tensions rise — Two populations eye the same territory. Conflict seems inevitable.
2026-01-01T05:00:00.000Z [road] @ hex:7,8 pyrolisk and revenant tensions rise — Two populations eye the same territory. Conflict seems inevitable.
2026-01-01T06:00:00.000Z [road] @ Greenmist [Parthenius's Band, dwarven patrols] Parthenius's Band keep their distance from armed dwarven patrols — As mist still clung to low places the crack of splitting rock. A solitary shadow-cloaked dwarven patrols, blocking the path. They traded information as valuable as gold.
2026-01-01T06:00:00.000Z [faction] Order of the Hawk declares a shortage of ore — Their stockpiles are low. They will seek ore by any means necessary.
2026-01-01T06:00:00.000Z [road] @ hex:9,0 sea-drake and giant-eel tensions rise — Two populations eye the same territory. Conflict seems inevitable.
2026-01-01T07:00:00.000Z [road] @ Belfos The New Caravan makes camp under escort — Road to Minasfeld (road) quiet tonight.
2026-01-01T07:00:00.000Z [faction] The Storm Guild declares a shortage of timber — Their stockpiles are low. They will seek timber by any means necessary.
2026-01-01T07:00:00.000Z [faction] Sons of the Wolf declares a shortage of salt — Their stockpiles are low. They will seek salt by any means necessary.
2026-01-01T07:00:00.000Z [faction] The Hawk Compact declares a shortage of grain — Their stockpiles are low. They will seek grain by any means necessary.
2026-01-01T07:00:00.000Z [faction] @ the region [Epistor] A new tale begins: "What Was Promised" — In the region, ancient bargains come due.
2026-01-01T08:00:00.000Z [road] @ Belfos [The Grim Wolves, bandits] bandits launch arrows at The Grim Wolves from hiding — As folk went about their labors a hanging sign creaking in the wind. Several desperate bandits, demanding toll. The foe's weapons glanced off enchanted armor. A well-timed spell from their caster turned the tide.
2026-01-01T08:00:00.000Z [road] @ Greenmist [Parthenius's Band] Parthenius's Band spot signs of danger — The ruins of a dwarven waystation, recently looted.
2026-01-01T08:00:00.000Z [faction] Circle of the Dawn declares a shortage of ore — Their stockpiles are low. They will seek ore by any means necessary.
2026-01-01T08:00:00.000Z [road] @ hex:3,7 giant-snake and drow tensions rise — Two populations eye the same territory. Conflict seems inevitable.
2026-01-01T09:00:00.000Z [road] @ Belfos [The Grim Wolves] The Grim Wolves spot signs of danger — Crows gather ahead. They scatter at your approach.
2026-01-01T09:00:00.000Z [faction] [The Hawk Compact, The Storm Guild] The Hawk Compact proposes marriage alliance with The Storm Guild — Envoys are sent. Dowries discussed. A political wedding could reshape alliances.
2026-01-01T10:00:00.000Z [road] @ Greenmist [Parthenius's Band] Parthenius's Band spot signs of danger — Giant footprints in the snow, each as long as a man is tall.
2026-01-01T10:00:00.000Z [town] @ Minasfeld [Theodric, Eadmund] Theodric instructs Eadmund — Wisdom passed from one generation to the next.
2026-01-01T11:00:00.000Z [road] @ Greenmist [Parthenius's Band] Parthenius's Band parley with ogre — Trade news and share a quick meal before parting ways.
2026-01-01T11:00:00.000Z [faction] Order of the Hawk declares a shortage of fish — Their stockpiles are low. They will seek fish by any means necessary.
2026-01-01T11:00:00.000Z [faction] Circle of the Dawn declares a shortage of timber — Their stockpiles are low. They will seek timber by any means necessary.
2026-01-01T11:00:00.000Z [town] @ Azmarin [The Shadow Hand, Zemarchus] The Shadow Hand plans a job against The Wandering Peddlers — The rulers of the shadows have set their sights on a caravan. Zemarchus leads the planning. It will take approximately 2 days to prepare.
2026-01-01T11:00:00.000Z [road] @ hex:2,7 golem-stone and chimera tensions rise — Two populations eye the same territory. Conflict seems inevitable.
2026-01-01T12:00:00.000Z [faction] Circle of the Dawn declares a shortage of fish — Their stockpiles are low. They will seek fish by any means necessary.
2026-01-01T12:00:00.000Z [road] @ hex:2,5 giant-raven and giant-centipede tensions rise — Two populations eye the same territory. Conflict seems inevitable.
2026-01-01T12:00:00.000Z [road] @ hex:3,7 giant-snake and sylph clash — Territorial war erupts! The sylph triumph, but 2 fall. The giant-snake lose 17 and retreat.
2026-01-01T13:00:00.000Z [road] @ Greenmist [Parthenius's Band] Parthenius's Band discovers The Sun-bleached Altar — As the bell tolled the sixth hour vast chasms with no visible bottom. A sun-bleached altar, whispering in an unknown, melodic tongue. They uncover a fragment of lost history.
2026-01-01T13:00:00.000Z [road] @ hex:0,9 glabrezu and giant-centipede clash — Territorial war erupts! The glabrezu triumph, but 3 fall. The giant-centipede lose 16 and retreat.
2026-01-01T13:00:00.000Z [road] @ hex:5,3 giant-raven and skeleton clash — Territorial war erupts! The skeleton triumph, but 4 fall. The giant-raven lose 11 and retreat.
2026-01-01T14:00:00.000Z [road] @ Greenmist [Parthenius's Band] Parthenius's Band spot signs of danger — The ruins of a dwarven waystation, recently looted.
2026-01-01T14:00:00.000Z [faction] The Storm Guild declares a shortage of ore — Their stockpiles are low. They will seek ore by any means necessary.
2026-01-01T14:00:00.000Z [faction] Order of the Hawk declares a shortage of salt — Their stockpiles are low. They will seek salt by any means necessary.
2026-01-01T14:00:00.000Z [town] @ Myrrka [Guinemat, The Dead Man's Purse] Merchant refuses The Dead Man's Purse's "protection" — Guinemat stands up to the guild. A brave but perhaps foolish act.
2026-01-01T14:00:00.000Z [road] @ hex:3,4 living-statue and nightwalker tensions rise — Two populations eye the same territory. Conflict seems inevitable.
2026-01-01T14:00:00.000Z [road] @ hex:4,5 drow and pyrohydra tensions rise — Two populations eye the same territory. Conflict seems inevitable.
2026-01-01T14:00:00.000Z [road] @ hex:7,7 rust-monster and chaos-beast tensions rise — Two populations eye the same territory. Conflict seems inevitable.
2026-01-01T14:00:00.000Z [faction] @ hex:7,7 [Itzia] A new tale begins: "Itzia's Last Stand" — Itzia stalks a dangerous quarry across the region.
2026-01-01T15:00:00.000Z [road] @ Greenmist [Parthenius's Band] Parthenius's Band shadowed by orc raiders — Tense standoff; both sides withdraw before blades are drawn.
2026-01-01T15:00:00.000Z [town] @ Belfos Word spreads in Belfos — Explorers speak of a strange discovery near Belfos.
2026-01-01T15:00:00.000Z [road] @ hex:2,7 giant-centipede and golem-stone clash — Territorial war erupts! The golem-stone triumph, but 1 fall. The giant-centipede lose 13 and retreat.
2026-01-01T15:00:00.000Z [road] @ hex:3,4 living-statue and drow tensions rise — Two populations eye the same territory. Conflict seems inevitable.
2026-01-01T15:00:00.000Z [road] @ hex:4,8 rakshasa and pegasus tensions rise — Two populations eye the same territory. Conflict seems inevitable.
2026-01-01T16:00:00.000Z [road] @ Greenmist [Parthenius's Band] Parthenius's Band spot signs of danger — Eagle cries echo, but no birds are visible.
2026-01-01T16:00:00.000Z [road] @ Greenmist [Parthenius's Band] Parthenius's Band spot goblins and avoid notice — They detour carefully, leaving only faint tracks.
2026-01-01T16:00:00.000Z [road] @ Windleigh Northbeach Traders makes camp under escort — Road to Belfos (road) quiet tonight.
2026-01-01T16:00:00.000Z [faction] Sons of the Wolf declares a shortage of textiles — Their stockpiles are low. They will seek textiles by any means necessary.
2026-01-01T16:00:00.000Z [road] @ hex:9,7 nereid and giant-eel tensions rise — Two populations eye the same territory. Conflict seems inevitable.
2026-01-01T17:00:00.000Z [town] @ Belfos [Peli] Construction continues on Peli's stronghold — Masons and laborers work tirelessly. The foundations are deep and the walls rise.
2026-01-01T17:00:00.000Z [road] @ hex:4,3 nightwalker and skeleton tensions rise — Two populations eye the same territory. Conflict seems inevitable.
2026-01-01T18:00:00.000Z [road] @ Greenmist [Parthenius's Band, goblins] Parthenius's Band hide their valuables from view — As lanterns were kindled A band of sneaky goblins, arguing among themselves. The negotiation revealed unexpected shared values.
2026-01-01T18:00:00.000Z [road] @ Belfos The Wandering Peddlers makes camp under escort — Road to Azmarin (road) quiet tonight.
2026-01-01T18:00:00.000Z [town] @ Belfos [Izot, Theodric] Izot seeks guidance from Theodric — The lessons take root.
2026-01-01T18:00:00.000Z [road] @ hex:3,9 bear and orc clash — Territorial war erupts! The orc triumph, but 5 fall. The bear lose 1 and retreat.
2026-01-01T18:00:00.000Z [road] @ hex:7,8 pyrolisk and giant-eel tensions rise — Two populations eye the same territory. Conflict seems inevitable.
2026-01-01T18:00:00.000Z [road] @ hex:7,8 chaos-beast and giant-eel clash — Territorial war erupts! The chaos-beast triumph, but 1 fall. The giant-eel lose 15 and retreat.
2026-01-01T18:00:00.000Z [road] @ hex:9,2 giant-eel and kelpie clash — Territorial war erupts! The kelpie triumph, but 0 fall. The giant-eel lose 5 and retreat.
2026-01-01T19:00:00.000Z [road] @ hex:2,7 giant-centipede and chimera tensions rise — Two populations eye the same territory. Conflict seems inevitable.
2026-01-01T20:00:00.000Z [road] @ Greenmist [Parthenius's Band] Parthenius's Band discovers The Cracked Cave — As the stars emerged one by one the faint metallic tang of ore hung in the air. A cracked cave, humming a low, vibrating note. The party feels a surge of mental clarity.
2026-01-01T20:00:00.000Z [town] @ Minasfeld [Theodric, Eadmund] Theodric takes Eadmund under their wing — The student shows promise—or perhaps stubborn foolishness.
2026-01-01T20:00:00.000Z [faction] [Sons of the Wolf, The Storm Guild] Sons of the Wolf proposes marriage alliance with The Storm Guild — Envoys are sent. Dowries discussed. A political wedding could reshape alliances.
2026-01-01T20:00:00.000Z [road] @ hex:5,6 sylph and phantom tensions rise — Two populations eye the same territory. Conflict seems inevitable.
2026-01-01T21:00:00.000Z [faction] Sons of the Wolf declares a shortage of fish — Their stockpiles are low. They will seek fish by any means necessary.
2026-01-01T21:00:00.000Z [faction] Circle of the Dawn declares a shortage of textiles — Their stockpiles are low. They will seek textiles by any means necessary.
2026-01-01T21:00:00.000Z [road] @ hex:3,9 bear and rakshasa clash — Territorial war erupts! The rakshasa triumph, but 2 fall. The bear lose 1 and retreat.
2026-01-01T21:00:00.000Z [road] @ hex:3,9 bear submit to rakshasa — The beaten bear now serve their conquerors.
2026-01-01T21:00:00.000Z [road] @ hex:7,7 rust-monster and pyrolisk tensions rise — Two populations eye the same territory. Conflict seems inevitable.
2026-01-01T21:00:00.000Z [road] @ hex:7,8 pyrolisk and chaos-beast tensions rise — Two populations eye the same territory. Conflict seems inevitable.
2026-01-01T21:00:00.000Z [road] @ hex:9,0 sea-drake and giant-eel clash — Territorial war erupts! The sea-drake triumph, but 0 fall. The giant-eel lose 7 and retreat.
2026-01-01T22:00:00.000Z [road] @ Greenmist [Parthenius's Band, giant eagles] giant eagles poison Parthenius's Band's water supply — With ale flowing in taprooms condors circling high overhead. Clouds obscure all but the lowest slopes. A handful of red-eyed in the dark giant eagles, watching warily. A decisive strike ended the conflict before it could escalate. The victors claim 40 coin worth of plunder.
2026-01-01T22:00:00.000Z [faction] Sons of the Wolf declares a shortage of livestock — Their stockpiles are low. They will seek livestock by any means necessary.
2026-01-01T22:00:00.000Z [road] @ hex:4,5 drow and grell clash — Territorial war erupts! The drow triumph, but 0 fall. The grell lose 1 and retreat.
2026-01-01T22:00:00.000Z [road] @ hex:4,8 rakshasa and goblin clash — Territorial war erupts! The rakshasa triumph, but 1 fall. The goblin lose 16 and retreat.
2026-01-01T23:00:00.000Z [road] @ hex:2,8 chimera and giant-snake clash — Territorial war erupts! The chimera triumph, but 0 fall. The giant-snake lose 5 and retreat.
2026-01-01T23:00:00.000Z [road] @ hex:3,1 half-orc-bandit and skeleton tensions rise — Two populations eye the same territory. Conflict seems inevitable.
2026-01-01T23:00:00.000Z [road] @ hex:5,3 giant-raven and grell clash — Territorial war erupts! The grell triumph, but 0 fall. The giant-raven lose 8 and retreat.
2026-01-02T00:00:00.000Z [road] @ Belfos [The Grim Wolves] The Grim Wolves spot signs of danger — Crows gather ahead. They scatter at your approach.
2026-01-02T00:00:00.000Z [town] @ Greenmist Word spreads in Greenmist — Explorers speak of a strange discovery near Greenmist.
2026-01-02T00:00:00.000Z [town] @ Azmarin [The Shadow Hand, Heromenes] The Shadow Hand plans a job against The Wandering Peddlers — The rulers of the shadows have set their sights on a caravan. Heromenes leads the planning. It will take approximately 2 days to prepare.
2026-01-02T00:00:00.000Z [road] @ hex:1,8 glabrezu and chimera tensions rise — Two populations eye the same territory. Conflict seems inevitable.
2026-01-02T00:00:00.000Z [road] @ hex:5,8 pegasus and goblin clash — Territorial war erupts! The pegasus triumph, but 1 fall. The goblin lose 15 and retreat.
2026-01-02T00:00:00.000Z [road] @ hex:7,7 rust-monster and chaos-beast clash — Territorial war erupts! The rust-monster triumph, but 0 fall. The chaos-beast lose 3 and retreat.
2026-01-02T00:00:00.000Z [road] @ hex:4,5 drow wiped out in hex:4,5 — The last of the drow have fallen. The region grows quieter—for now.
2026-01-02T00:00:00.000Z [town] @ Minasfeld [Theodric] Theodric falls ill — The scout takes to their bed. Healers are summoned.
2026-01-02T00:00:00.000Z [weather] @ Myrrka Blue skies over Myrrka — Perfect conditions for travel and trade.
2026-01-02T00:00:00.000Z [town] @ Belfos Belfos folk watchful — Shortages in grain/ore.
2026-01-02T00:00:00.000Z [town] @ Windleigh Cybele seen in Windleigh markets — guard haggles and swaps news.
2026-01-02T00:00:00.000Z [town] @ Windleigh Ilene seen in Windleigh markets — bard haggles and swaps news.
2026-01-02T00:00:00.000Z [town] @ Windleigh Windleigh folk watchful — Surplus ore/fish and shortages in textiles/salt.
2026-01-02T00:00:00.000Z [town] @ Windleigh Rumor in Windleigh — Sons of the Wolf watches the markets quietly.
2026-01-02T00:00:00.000Z [town] @ Azmarin Azmarin spirits high — Surplus textiles/salt and shortages in ore/livestock.
2026-01-02T00:00:00.000Z [town] @ Azmarin Rumor in Azmarin — Levies rumored to secure livestock; officials say caravans delayed.
2026-01-02T00:00:00.000Z [town] @ Azmarin Rumor in Azmarin — Order of the Hawk watches the markets quietly.
2026-01-02T00:00:00.000Z [town] @ Azmarin Rumor in Azmarin — Circle of the Dawn watches the markets quietly.
2026-01-02T00:00:00.000Z [town] @ Minasfeld Minasfeld spirits high — Surplus textiles/livestock and shortages in salt.
2026-01-02T00:00:00.000Z [town] @ Minasfeld Rumor in Minasfeld — Bargain prices on textiles; traders racing to Minasfeld.
2026-01-02T00:00:00.000Z [town] @ Minasfeld Rumor in Minasfeld — The Storm Guild watches the markets quietly.
2026-01-02T00:00:00.000Z [town] @ Minasfeld Rumor in Minasfeld — Sons of the Wolf watches the markets quietly.
2026-01-02T00:00:00.000Z [town] @ Minasfeld Rumor in Minasfeld — Circle of the Dawn watches the markets quietly.
2026-01-02T00:00:00.000Z [town] @ Myrrka Katixa seen in Myrrka markets — guard haggles and swaps news.
2026-01-02T00:00:00.000Z [town] @ Myrrka Molora seen in Myrrka markets — scout haggles and swaps news.
2026-01-02T00:00:00.000Z [town] @ Myrrka Myrrka folk watchful — Surplus textiles and shortages in salt/livestock.
2026-01-02T00:00:00.000Z [town] @ Myrrka Rumor in Myrrka — cryptic missing: a frantic merchant says Babitt heard of villagers hearing chanting at dusk (from Myrrka).
2026-01-02T00:00:00.000Z [town] @ Myrrka Rumor in Myrrka — The Storm Guild watches the markets quietly.
2026-01-02T00:00:00.000Z [town] @ Myrrka Rumor in Myrrka — Circle of the Dawn watches the markets quietly.
2026-01-02T00:00:00.000Z [town] @ Myrrka Rumor in Myrrka — The Hawk Compact watches the markets quietly.
2026-01-02T00:00:00.000Z [town] @ Greenmist Greenmist folk watchful — Surplus grain/textiles and shortages in salt/fish/livestock.
2026-01-02T00:00:00.000Z [town] @ Greenmist Rumor in Greenmist — Levies rumored to secure fish; officials say caravans delayed.
2026-01-02T00:00:00.000Z [town] @ Greenmist Rumor in Greenmist — Order of the Hawk watches the markets quietly.
2026-01-02T01:00:00.000Z [road] @ Belfos [The Grim Wolves] The Grim Wolves spot signs of danger — Crows gather ahead. They scatter at your approach.
2026-01-02T01:00:00.000Z [road] @ Belfos [The Grim Wolves, the merchants called Searl] The Grim Wolves clash with the merchants called Searl — With only moonlight for company a stone bridge arching over a muddy stream. The cobbles gleam in sunlight. A few night-hunting merchants, blocking the path. Courage and quick thinking saved the day.
2026-01-02T01:00:00.000Z [road] @ hex:2,8 chimera hunts rakshasa — The chimera of hex:2,8 feast on 5 rakshasas. The balance of power is maintained.
2026-01-02T01:00:00.000Z [road] @ hex:2,7 golem-stone and chimera tensions rise — Two populations eye the same territory. Conflict seems inevitable.
2026-01-02T02:00:00.000Z [road] @ Belfos [The Grim Wolves] The Grim Wolves spot signs of danger — A weathered signpost has been defaced with crude warnings.
2026-01-02T02:00:00.000Z [road] @ Belfos [The Grim Wolves, tax collectors] tax collectors follow The Grim Wolves at a safe distance — When shadows grew deepest the weathered remains of an old signpost. The cobbles gleam in sunlight. A handful of red-eyed in the dark tax collectors, watching warily. Words proved mightier than steel on this occasion.
2026-01-02T02:00:00.000Z [road] @ Greenmist [Parthenius's Band, wyverns] Parthenius's Band counterattack wyverns invaders — In the cold hours before dawn The peaks gleam with eternal snow. A few shadow-cloaked wyverns, emerging from concealment. A decisive strike ended the conflict before it could escalate. A well-timed spell from their caster turned the tide. The victors claim 20 coin worth of plunder.
2026-01-02T02:00:00.000Z [town] @ Minasfeld Mood darkens in Minasfeld — Following recent events, the people's spirit sinks.
2026-01-02T02:00:00.000Z [town] @ Belfos Mood darkens in Belfos — Following recent events, the people's spirit sinks.
2026-01-02T02:00:00.000Z [town] @ Belfos Mood darkens in Belfos — Following recent events, the people's spirit sinks.
2026-01-02T02:00:00.000Z [town] @ Myrrka Disease outbreak in Myrrka! — Local healers have identified Camp Fever among the populace. Fear spreads as quickly as the sickness.
2026-01-02T02:00:00.000Z [road] @ hex:2,9 worg and giant-snake tensions rise — Two populations eye the same territory. Conflict seems inevitable.
2026-01-02T03:00:00.000Z [road] @ hex:5,8 pegasus and golem-stone clash — Territorial war erupts! The pegasus triumph, but 1 fall. The golem-stone lose 3 and retreat.
2026-01-02T04:00:00.000Z [weather] @ Minasfeld [Wantelien] Wantelien alters the weather — Through ancient incantations, the Magic-User calls forth storm over the region.
2026-01-02T05:00:00.000Z [road] @ Greenmist [Parthenius's Band] Parthenius's Band spot signs of danger — Giant footprints in the snow, each as long as a man is tall.
2026-01-02T05:00:00.000Z [road] @ Greenmist [Parthenius's Band, wyverns] Parthenius's Band detour to avoid wyverns's territory — While dew pearled on grass and stone avalanches rumbling in the distance. The peaks gleam with eternal snow. A company of red-eyed in the dark wyverns, apparently startled. The negotiation revealed unexpected shared values. Crystal formations in cave mouths marked the scene.
2026-01-02T05:00:00.000Z [road] @ Belfos [The Wandering Peddlers, Sons of the Wolf] The Wandering Peddlers is raided! — Sons of the Wolf forces have intercepted the caravan en route to Azmarin.
2026-01-02T05:00:00.000Z [town] @ Belfos Trade routes near Belfos grow dangerous — Merchants speak of losses. Some refuse to travel until the roads are secured.
2026-01-02T05:00:00.000Z [road] @ hex:2,7 giant-centipede and chimera clash — Territorial war erupts! The chimera triumph, but 1 fall. The giant-centipede lose 13 and retreat.
2026-01-02T05:00:00.000Z [road] @ hex:3,1 half-orc-bandit and bear tensions rise — Two populations eye the same territory. Conflict seems inevitable.
2026-01-02T06:00:00.000Z [road] @ Myrrka [The Grim Wolves] The Grim Wolves arrives at Myrrka — They find an inn and stable their mounts.
2026-01-02T06:00:00.000Z [road] @ Belfos The Wandering Merchants makes camp under escort — Road to Myrrka (road) quiet tonight.
2026-01-02T06:00:00.000Z [road] @ Belfos [Beroldus's Wagons, Sons of the Wolf] Beroldus's Wagons is raided! — Sons of the Wolf forces have intercepted the caravan en route to Greenmist.
2026-01-02T06:00:00.000Z [town] @ Belfos Trade routes near Belfos grow dangerous — Merchants speak of losses. Some refuse to travel until the roads are secured.
2026-01-02T06:00:00.000Z [road] @ hex:2,5 giant-raven and giant-centipede clash — Territorial war erupts! The giant-raven triumph, but 4 fall. The giant-centipede lose 7 and retreat.
2026-01-02T06:00:00.000Z [road] @ hex:5,6 sylph and goblin tensions rise — Two populations eye the same territory. Conflict seems inevitable.
2026-01-02T06:00:00.000Z [road] @ hex:5,8 pegasus and goblin tensions rise — Two populations eye the same territory. Conflict seems inevitable.
2026-01-02T06:00:00.000Z [road] @ hex:7,6 su-monster and giant-eel tensions rise — Two populations eye the same territory. Conflict seems inevitable.
2026-01-02T07:00:00.000Z [road] @ Greenmist [Parthenius's Band] Parthenius's Band spot signs of danger — A cairn of skulls marks a territorial boundary.
2026-01-02T07:00:00.000Z [town] @ Myrrka The Wandering Merchants arrives at Myrrka — Bringing livestock from Belfos with escorts under banner of Order of the Hawk.
2026-01-02T07:00:00.000Z [town] @ Myrrka Theodric arrives in Myrrka — scout from Minasfeld
2026-01-02T07:00:00.000Z [town] @ Myrrka Izot arrives in Myrrka — bard from Belfos
2026-01-02T07:00:00.000Z [town] @ Minasfeld The New Caravan arrives at Minasfeld — Bringing grain/textiles from Belfos with escorts.
2026-01-02T07:00:00.000Z [town] @ Minasfeld Cybele arrives in Minasfeld — guard from Windleigh
2026-01-02T07:00:00.000Z [town] @ Minasfeld Wantelien arrives in Minasfeld — bard from Minasfeld
2026-01-02T07:00:00.000Z [town] @ Belfos Northbeach Traders arrives at Belfos — Bringing grain/textiles from Windleigh with escorts.
2026-01-02T07:00:00.000Z [town] @ Belfos Emlyn arrives in Belfos — scout from Minasfeld
2026-01-02T07:00:00.000Z [town] @ Belfos Ilene arrives in Belfos — bard from Windleigh
2026-01-02T07:00:00.000Z [road] @ hex:6,4 phantom and goblin clash — Territorial war erupts! The goblin triumph, but 2 fall. The phantom lose 18 and retreat.
2026-01-02T08:00:00.000Z [road] @ hex:3,7 giant-snake and rakshasa clash — Territorial war erupts! The rakshasa triumph, but 1 fall. The giant-snake lose 7 and retreat.
2026-01-02T08:00:00.000Z [road] @ hex:7,8 pyrolisk and revenant tensions rise — Two populations eye the same territory. Conflict seems inevitable.
2026-01-02T09:00:00.000Z [road] @ Belfos [Northbeach Traders, Sons of the Wolf] Northbeach Traders is raided! — Sons of the Wolf forces have intercepted the caravan en route to Windleigh.
2026-01-02T09:00:00.000Z [town] @ Belfos Trade routes near Belfos grow dangerous — Merchants speak of losses. Some refuse to travel until the roads are secured.
2026-01-02T09:00:00.000Z [road] @ hex:1,8 glabrezu and giant-centipede tensions rise — Two populations eye the same territory. Conflict seems inevitable.
2026-01-02T09:00:00.000Z [road] @ hex:2,7 giant-centipede and giant-snake clash — Territorial war erupts! The giant-snake triumph, but 1 fall. The giant-centipede lose 3 and retreat.
2026-01-02T09:00:00.000Z [road] @ hex:3,1 half-orc-bandit and skeleton clash — Territorial war erupts! The skeleton triumph, but 4 fall. The half-orc-bandit lose 4 and retreat.
2026-01-02T10:00:00.000Z [faction] @ Myrrka [Engelwara] The Old Darkness Returns: The evil influences local politics. — Engelwara races to prevent catastrophe.
2026-01-02T10:00:00.000Z [faction] @ Greenmist [Parthenius's Band, orc raiders] Fire in Greenmist: Local heroes organize resistance. — Parthenius's Band strikes fast at Greenmist and withdraws before retaliation.
2026-01-02T10:00:00.000Z [road] @ hex:2,7 giant-centipede and golem-stone tensions rise — Two populations eye the same territory. Conflict seems inevitable.
2026-01-02T10:00:00.000Z [road] @ hex:7,7 rust-monster and revenant tensions rise — Two populations eye the same territory. Conflict seems inevitable.
2026-01-02T10:00:00.000Z [road] @ hex:7,8 pyrolisk and chaos-beast clash — Territorial war erupts! The pyrolisk triumph, but 1 fall. The chaos-beast lose 1 and retreat.
2026-01-02T10:00:00.000Z [road] @ hex:7,8 chaos-beast submit to pyrolisk — The beaten chaos-beast now serve their conquerors.
2026-01-02T11:00:00.000Z [road] @ hex:5,3 giant-raven and golem-bronze tensions rise — Two populations eye the same territory. Conflict seems inevitable.
2026-01-02T12:00:00.000Z [road] @ Greenmist [Parthenius's Band] Parthenius's Band spot signs of danger — Eagle cries echo, but no birds are visible.
2026-01-02T12:00:00.000Z [road] @ hex:5,4 pyrohydra and grell clash — Territorial war erupts! The pyrohydra triumph, but 0 fall. The grell lose 1 and retreat.
2026-01-02T12:00:00.000Z [road] @ hex:5,6 sylph and orc clash — Territorial war erupts! The orc triumph, but 3 fall. The sylph lose 2 and retreat.
2026-01-02T13:00:00.000Z [road] @ Belfos Beroldus's Wagons makes camp under escort — Road to Greenmist (road) quiet tonight.
2026-01-02T13:00:00.000Z [road] @ Belfos Beroldus's Wagons reports losses — Supplies spoiled en route; banners of Circle of the Dawn tarnished.
2026-01-02T13:00:00.000Z [town] @ Belfos Rumor in Belfos — Beroldus's Wagons of Circle of the Dawn lost goods on the road; prices may shift.
2026-01-02T13:00:00.000Z [faction] @ Greenmist [Parthenius's Band] Blood on the Trail: Supplies dwindle; the hunt becomes desperate. — Parthenius's Band stalks a dangerous quarry across the region.
2026-01-02T13:00:00.000Z [road] @ hex:5,3 giant-raven and grell tensions rise — Two populations eye the same territory. Conflict seems inevitable.
2026-01-02T13:00:00.000Z [road] @ hex:5,3 giant-raven and phantom clash — Territorial war erupts! The giant-raven triumph, but 0 fall. The phantom lose 20 and retreat.
2026-01-02T14:00:00.000Z [faction] @ Myrrka [The Storm Guild] The Storm Guild sends relief to Myrrka — Wagons of grain and medicine roll toward the suffering. Compassion—or calculated politics?
2026-01-02T14:00:00.000Z [road] @ hex:5,3 giant-raven and pyrohydra clash — Territorial war erupts! The pyrohydra triumph, but 0 fall. The giant-raven lose 3 and retreat.
2026-01-02T14:00:00.000Z [road] @ hex:5,8 pegasus and orc clash — Territorial war erupts! The orc triumph, but 6 fall. The pegasus lose 2 and retreat.
2026-01-02T14:00:00.000Z [road] @ hex:5,9 golem-stone and orc tensions rise — Two populations eye the same territory. Conflict seems inevitable.
2026-01-02T14:00:00.000Z [road] @ hex:7,7 rust-monster and pyrolisk tensions rise — Two populations eye the same territory. Conflict seems inevitable.
2026-01-02T14:00:00.000Z [faction] @ Myrrka [Mendia] golem-bronze rally to Mendia — The golem-bronze of hex:6,1 swear allegiance to Mendia the Pallid. Their numbers swell the villain's forces.
2026-01-02T15:00:00.000Z [road] @ Myrrka The Wandering Merchants makes camp under escort — Road to Belfos (road) quiet tonight.
2026-01-02T15:00:00.000Z [town] @ Greenmist Word spreads in Greenmist — A valuable shipment was lost near Belfos.
2026-01-02T15:00:00.000Z [town] @ Myrrka Word spreads in Myrrka — Thieves struck near Belfos. The roads grow dangerous.
2026-01-02T15:00:00.000Z [road] @ hex:2,5 giant-raven and nightwalker tensions rise — Two populations eye the same territory. Conflict seems inevitable.
2026-01-02T16:00:00.000Z [town] @ Minasfeld Word spreads in Minasfeld — A valuable shipment was lost near Belfos.
2026-01-02T16:00:00.000Z [road] @ hex:2,7 giant-centipede and golem-stone clash — Territorial war erupts! The golem-stone triumph, but 0 fall. The giant-centipede lose 3 and retreat.
2026-01-02T17:00:00.000Z [road] @ Greenmist [Parthenius's Band] Parthenius's Band spot signs of danger — The ruins of a dwarven waystation, recently looted.
2026-01-02T17:00:00.000Z [road] @ Belfos The Wandering Peddlers makes camp under escort — Road to Azmarin (road) quiet tonight.
2026-01-02T17:00:00.000Z [road] @ hex:3,7 giant-snake and sylph clash — Territorial war erupts! The sylph triumph, but 0 fall. The giant-snake lose 3 and retreat.
2026-01-02T17:00:00.000Z [road] @ hex:7,8 pyrolisk and giant-eel tensions rise — Two populations eye the same territory. Conflict seems inevitable.
2026-01-02T17:00:00.000Z [faction] @ Myrrka [Mendia] skeleton rally to Mendia — The skeleton of The Sanctum of Blighted Death swear allegiance to Mendia the Pallid. Their numbers swell the villain's forces.
2026-01-02T18:00:00.000Z [road] @ Belfos Beroldus's Wagons makes camp under escort — Road to Greenmist (road) quiet tonight.
2026-01-02T18:00:00.000Z [faction] @ Windleigh [Dionysios] Seals Breaking: Scholars debate the signs. Dionysios remains seeks wealth and riches. — Ancient wards fail. What they imprisoned walks again.
2026-01-02T19:00:00.000Z [road] @ Greenmist [Parthenius's Band] Parthenius's Band spot signs of danger — Giant footprints in the snow, each as long as a man is tall.
2026-01-02T19:00:00.000Z [town] @ Greenmist Beroldus's Wagons arrives at Greenmist — Bringing salt/fish from Belfos with escorts under banner of Circle of the Dawn.
2026-01-02T19:00:00.000Z [town] @ Greenmist Mainardus arrives in Greenmist — scout from Azmarin
2026-01-02T19:00:00.000Z [town] @ Greenmist Eurydamus arrives in Greenmist — merchant from Windleigh
2026-01-02T19:00:00.000Z [town] @ Azmarin The Wandering Peddlers arrives at Azmarin — Bringing grain/textiles from Belfos with escorts.
2026-01-02T19:00:00.000Z [town] @ Azmarin Katixa arrives in Azmarin — guard from Myrrka
2026-01-02T19:00:00.000Z [town] @ Azmarin Gawyne arrives in Azmarin — bard from Myrrka
2026-01-02T19:00:00.000Z [road] @ hex:6,4 phantom and goblin clash — Territorial war erupts! The goblin triumph, but 1 fall. The phantom lose 5 and retreat.
2026-01-02T20:00:00.000Z [road] @ Belfos Northbeach Traders makes camp under escort — Road to Windleigh (road) quiet tonight.
2026-01-02T20:00:00.000Z [road] @ hex:7,7 rust-monster and revenant tensions rise — Two populations eye the same territory. Conflict seems inevitable.
2026-01-02T21:00:00.000Z [road] @ Greenmist [Parthenius's Band, giant eagles] giant eagles ambush Parthenius's Band — With ale flowing in taprooms glaciers carving valleys below. A company of night-hunting giant eagles, emerging from concealment. Steel rang and blood was spilled, but they prevailed. The victors claim 47 coin worth of plunder.
2026-01-02T21:00:00.000Z [road] @ Myrrka The Wandering Merchants makes camp under escort — Road to Belfos (road) quiet tonight.
2026-01-02T21:00:00.000Z [road] @ hex:0,9 glabrezu and giant-centipede clash — Territorial war erupts! The glabrezu triumph, but 1 fall. The giant-centipede lose 1 and retreat.
2026-01-02T21:00:00.000Z [road] @ hex:2,7 golem-stone and chimera tensions rise — Two populations eye the same territory. Conflict seems inevitable.
2026-01-02T21:00:00.000Z [road] @ hex:3,9 bear and orc clash — Territorial war erupts! The orc triumph, but 2 fall. The bear lose 1 and retreat.
2026-01-02T21:00:00.000Z [road] @ hex:3,9 bear submit to orc — The beaten bear now serve their conquerors.
2026-01-02T22:00:00.000Z [town] @ Greenmist Mood darkens in Greenmist — Following recent events, the people's spirit sinks.
2026-01-02T22:00:00.000Z [town] @ Greenmist Mood darkens in Greenmist — Following recent events, the people's spirit sinks.
2026-01-02T22:00:00.000Z [faction] @ the region [Epistor] What Was Promised: Breaking the pact proves difficult. — In the region, ancient bargains come due.
2026-01-02T22:00:00.000Z [town] @ Minasfeld [Wantelien] Magical mist chokes Minasfeld — A toxic green cloud, conjured by Wantelien, rolls through the streets. Panic ensues.
2026-01-02T22:00:00.000Z [road] @ hex:2,5 giant-raven and living-statue tensions rise — Two populations eye the same territory. Conflict seems inevitable.
2026-01-02T22:00:00.000Z [road] @ hex:7,6 su-monster and goblin tensions rise — Two populations eye the same territory. Conflict seems inevitable.
2026-01-02T23:00:00.000Z [town] @ Greenmist [Eurydamus, Irantzu] Eurydamus instructs Irantzu — The student shows promise—or perhaps stubborn foolishness.
2026-01-02T23:00:00.000Z [road] @ hex:5,6 sylph and goblin clash — Territorial war erupts! The sylph triumph, but 1 fall. The goblin lose 5 and retreat.
2026-01-03T00:00:00.000Z [road] @ Myrrka [The Grim Wolves] The Grim Wolves completes rest — Ready to travel again.
2026-01-03T00:00:00.000Z [road] @ Myrrka [The Grim Wolves, Mendia] The Grim Wolves decides to confront Mendia — Mendia the Pallid's reign of terror must end. They prepare for battle.
2026-01-03T00:00:00.000Z [faction] @ Myrrka [The Hawk Compact] The Hawk Compact sends relief to Myrrka — Wagons of grain and medicine roll toward the suffering. Compassion—or calculated politics?
2026-01-03T00:00:00.000Z [town] @ Myrrka [The Dead Man's Purse, Arethusa] The Dead Man's Purse plans a job against The Wandering Merchants — The princes of thieves have set their sights on a caravan. Arethusa leads the planning. It will take approximately 4 days to prepare.
2026-01-03T00:00:00.000Z [road] @ hex:5,3 giant-raven and golem-bronze clash — Territorial war erupts! The golem-bronze triumph, but 1 fall. The giant-raven lose 1 and retreat.
2026-01-03T00:00:00.000Z [road] @ Myrrka [The Grim Wolves] The Grim Wolves departs Myrrka — Bound for Belfos across road (~42 miles).
2026-01-03T00:00:00.000Z [town] @ Belfos Belfos tempers frayed — Surplus textiles and shortages in ore.
2026-01-03T00:00:00.000Z [town] @ Windleigh Windleigh folk watchful — Surplus ore/fish and shortages in textiles/salt.
2026-01-03T00:00:00.000Z [town] @ Windleigh Rumor in Windleigh — official omen: a caravan guard says Philomela heard of strange lights near Myrrka (from Windleigh).
2026-01-03T00:00:00.000Z [town] @ Windleigh Rumor in Windleigh — Circle of the Dawn watches the markets quietly.
2026-01-03T00:00:00.000Z [town] @ Azmarin Azmarin folk watchful — Surplus grain/textiles/salt and shortages in ore/livestock.
2026-01-03T00:00:00.000Z [town] @ Azmarin Rumor in Azmarin — Levies rumored to secure livestock; officials say caravans delayed.
2026-01-03T00:00:00.000Z [town] @ Azmarin Rumor in Azmarin — The Storm Guild watches the markets quietly.
2026-01-03T00:00:00.000Z [town] @ Azmarin Rumor in Azmarin — Sons of the Wolf watches the markets quietly.
2026-01-03T00:00:00.000Z [town] @ Azmarin Rumor in Azmarin — Order of the Hawk watches the markets quietly.
2026-01-03T00:00:00.000Z [town] @ Azmarin Rumor in Azmarin — Circle of the Dawn watches the markets quietly.
2026-01-03T00:00:00.000Z [town] @ Minasfeld Minasfeld folk watchful — Surplus textiles and shortages in salt.
2026-01-03T00:00:00.000Z [town] @ Minasfeld Rumor in Minasfeld — Levies rumored to secure salt; officials say caravans delayed.
2026-01-03T00:00:00.000Z [town] @ Minasfeld Rumor in Minasfeld — Sons of the Wolf watches the markets quietly.
2026-01-03T00:00:00.000Z [town] @ Minasfeld Rumor in Minasfeld — The Hawk Compact watches the markets quietly.
2026-01-03T00:00:00.000Z [town] @ Myrrka Myrrka tempers frayed — Surplus textiles and shortages in salt.
2026-01-03T00:00:00.000Z [town] @ Myrrka Rumor in Myrrka — boastful mystery: a caravan guard says Aimie heard of a caravan late by two days (from Myrrka).
2026-01-03T00:00:00.000Z [town] @ Myrrka Rumor in Myrrka — Circle of the Dawn watches the markets quietly.
2026-01-03T00:00:00.000Z [town] @ Greenmist Mainardus seen in Greenmist markets — scout haggles and swaps news.
2026-01-03T00:00:00.000Z [town] @ Greenmist Eurydamus seen in Greenmist markets — merchant haggles and swaps news.
2026-01-03T00:00:00.000Z [town] @ Greenmist Greenmist tempers frayed — Surplus grain/textiles and shortages in livestock.
2026-01-03T00:00:00.000Z [town] @ Greenmist Rumor in Greenmist — Levies rumored to secure livestock; officials say caravans delayed.
2026-01-03T00:00:00.000Z [town] @ Greenmist Rumor in Greenmist — Sons of the Wolf watches the markets quietly.
2026-01-03T00:00:00.000Z [road] @ Windleigh [He-Who-Was] He-Who-Was the Eternal Hunger spotted near Windleigh — Seeks the living to remember its forgotten name. Travelers flee in terror. None know how to defeat such a creature.
2026-01-03T01:00:00.000Z [road] @ Myrrka [The Grim Wolves] The Grim Wolves spot signs of danger — Fresh hoofprints diverge from the road, as if riders left in haste.
2026-01-03T01:00:00.000Z [town] @ Greenmist Word spreads in Greenmist — A valuable shipment was lost near Belfos.
2026-01-03T01:00:00.000Z [town] @ Minasfeld [Hans-Ruedi, Peli] Hans-Ruedi takes Peli under their wing — Wisdom passed from one generation to the next.
2026-01-03T01:00:00.000Z [road] @ hex:5,3 giant-raven and skeleton tensions rise — Two populations eye the same territory. Conflict seems inevitable.
2026-01-03T01:00:00.000Z [road] @ hex:5,6 sylph and phantom tensions rise — Two populations eye the same territory. Conflict seems inevitable.
2026-01-03T02:00:00.000Z [road] @ hex:7,7 rust-monster and revenant clash — Territorial war erupts! The revenant triumph, but 4 fall. The rust-monster lose 1 and retreat.
2026-01-03T02:00:00.000Z [road] @ hex:7,7 rust-monster submit to revenant — The beaten rust-monster now serve their conquerors.
2026-01-03T02:00:00.000Z [road] @ hex:7,8 pyrolisk and revenant clash — Territorial war erupts! The revenant triumph, but 2 fall. The pyrolisk lose 3 and retreat.
2026-01-03T02:00:00.000Z [road] @ hex:7,8 pyrolisk submit to revenant — The beaten pyrolisk now serve their conquerors.
2026-01-03T03:00:00.000Z [road] @ Myrrka [The Grim Wolves] The Grim Wolves discovers The Ancient Statue — As even the taverns fell silent A ancient statue, swarming with spectral, blue butterflies. They find a marking pointing toward a hidden cache.
2026-01-03T03:00:00.000Z [road] @ Greenmist [Parthenius's Band, goblins] goblins show Parthenius's Band a shortcut through the wilds — As even the taverns fell silent meteor impact craters on peaks. A band of cowardly goblins, carrying plunder. They found common ground in their mutual interests. Waterfalls plunging into deep pools marked the scene.
2026-01-03T03:00:00.000Z [road] @ Myrrka [The Grim Wolves] The Grim Wolves parley with brigands — Trade news and share a quick meal before parting ways.
2026-01-03T03:00:00.000Z [town] @ Windleigh Word spreads in Windleigh — A valuable shipment was lost near Belfos.
2026-01-03T03:00:00.000Z [road] @ hex:2,7 golem-stone and giant-snake clash — Territorial war erupts! The golem-stone triumph, but 0 fall. The giant-snake lose 1 and retreat.
2026-01-03T03:00:00.000Z [road] @ hex:2,9 worg and bear tensions rise — Two populations eye the same territory. Conflict seems inevitable.
2026-01-03T04:00:00.000Z [road] @ Greenmist [Parthenius's Band, dwarven patrols] dwarven patrols communicate through gestures and signs — In the witching hour glaciers carving valleys below. The peaks gleam with eternal snow. Countless shadow-cloaked dwarven patrols, blocking the path. Preserving their lives was the wiser course.
2026-01-03T05:00:00.000Z [road] @ Myrrka [The Grim Wolves, merchants] merchants guide The Grim Wolves to a hidden spring — While dew pearled on grass and stone a peddler's cart overturned by the verge. Many scarce merchants, blocking the path. Words proved mightier than steel on this occasion.
2026-01-03T05:00:00.000Z [road] @ Greenmist [Parthenius's Band, dwarven patrols] dwarven patrols guide Parthenius's Band to a hidden spring — With the first cock-crow switchback paths climbing steep slopes. The peaks gleam with eternal snow. A lone red-eyed in the dark dwarven patrols, watching warily. A non-aggression pact was established. Copper deposits staining rock faces green marked the scene.
2026-01-03T05:00:00.000Z [faction] @ Azmarin [The Storm Guild] The Storm Guild eyes Azmarin for its textiles — Desperate for textiles, the faction has decided to take the settlement by force.
2026-01-03T05:00:00.000Z [road] @ hex:3,4 living-statue and nightwalker clash — Territorial war erupts! The nightwalker triumph, but 0 fall. The living-statue lose 4 and retreat.
2026-01-03T06:00:00.000Z [road] @ Greenmist [Parthenius's Band, yeti] yeti eye Parthenius's Band suspiciously — As mist still clung to low places One dangerous yeti, blocking the path. They lived to fight—and win—another battle.
2026-01-03T06:00:00.000Z [road] @ hex:2,5 giant-raven and giant-centipede tensions rise — Two populations eye the same territory. Conflict seems inevitable.
2026-01-03T06:00:00.000Z [road] @ hex:9,3 kelpie and giant-eel clash — Territorial war erupts! The kelpie triumph, but 3 fall. The giant-eel lose 13 and retreat.
2026-01-03T07:00:00.000Z [road] @ Greenmist [Parthenius's Band] Parthenius's Band shadowed by giant bats — Tense standoff; both sides withdraw before blades are drawn.
2026-01-03T07:00:00.000Z [road] @ Azmarin The Wandering Peddlers makes camp under escort — Road to Belfos (road) quiet tonight.
2026-01-03T08:00:00.000Z [road] @ Belfos Northbeach Traders makes camp under escort — Road to Windleigh (road) quiet tonight.
2026-01-03T08:00:00.000Z [faction] @ Azmarin [Order of the Hawk] Order of the Hawk eyes Azmarin for its salt — Desperate for salt, the faction has decided to take the settlement by force.
2026-01-03T09:00:00.000Z [town] @ Myrrka Guinemat's shop burns — A midnight fire. No one is surprised. The message is clear.
2026-01-03T09:00:00.000Z [town] @ Azmarin Word spreads in Azmarin — A valuable shipment was lost near Belfos.
2026-01-03T09:00:00.000Z [faction] @ Azmarin [Sons of the Wolf] Sons of the Wolf eyes Azmarin for its salt — Desperate for salt, the faction has decided to take the settlement by force.
2026-01-03T09:00:00.000Z [road] @ hex:5,3 giant-raven and golem-bronze tensions rise — Two populations eye the same territory. Conflict seems inevitable.
2026-01-03T10:00:00.000Z [road] @ Myrrka [The Grim Wolves, traveling entertainers] The Grim Wolves share songs and tales around the campfire — As smoke rose from breakfast fires a milestone marking leagues to the capital. Dust rises from the dry road. Two or three shadow-cloaked traveling entertainers, watching warily. They established rules for future encounters.
2026-01-03T10:00:00.000Z [road] @ Greenmist [Parthenius's Band, giant eagles] giant eagles block the path but allow passage — As smoke rose from breakfast fires wind whistling through cave entrances. The peaks gleam with eternal snow. An army of night-hunting giant eagles, watching warily. Words proved mightier than steel on this occasion.
2026-01-03T10:00:00.000Z [road] @ hex:1,8 glabrezu and chimera tensions rise — Two populations eye the same territory. Conflict seems inevitable.
2026-01-03T11:00:00.000Z [road] @ Myrrka The Wandering Merchants makes camp under escort — Road to Belfos (road) quiet tonight.
2026-01-03T11:00:00.000Z [town] @ Belfos Disease outbreak in Belfos! — Local healers have identified Camp Fever among the populace. Fear spreads as quickly as the sickness.
2026-01-03T11:00:00.000Z [road] @ hex:3,1 half-orc-bandit and skeleton tensions rise — Two populations eye the same territory. Conflict seems inevitable.
2026-01-03T11:00:00.000Z [road] @ hex:6,1 golem-bronze and skeleton clash — Territorial war erupts! The skeleton triumph, but 2 fall. The golem-bronze lose 7 and retreat.
2026-01-03T11:00:00.000Z [road] @ hex:6,1 golem-bronze submit to skeleton — The beaten golem-bronze now serve their conquerors.
2026-01-03T11:00:00.000Z [road] @ hex:7,8 chaos-beast and giant-eel clash — Territorial war erupts! The chaos-beast triumph, but 0 fall. The giant-eel lose 4 and retreat.
2026-01-03T12:00:00.000Z [road] @ Myrrka [The Grim Wolves, pilgrims] The Grim Wolves help pilgrims gather firewood — Under the high sun the weathered remains of an old signpost. Countless shadow-cloaked pilgrims, apparently startled. They established rules for future encounters.
2026-01-03T12:00:00.000Z [road] @ Greenmist [Parthenius's Band, orc raiders] Parthenius's Band share songs and tales around the campfire — In the drowsy heat of noon ancient petroglyphs on cliff walls. A horde of night-hunting orc raiders, quarreling over spoils. The exchange of gifts sealed the temporary truce.
2026-01-03T12:00:00.000Z [faction] @ Greenmist [Yllaria, Sons of the Wolf] Yllaria seeks Sons of the Wolf's protection — Frightened by giant eagles ambush Parthenius's Band, the merchant appeals to the martial faction.
2026-01-03T13:00:00.000Z [road] @ hex:2,7 giant-centipede and giant-snake clash — Territorial war erupts! The giant-centipede triumph, but 0 fall. The giant-snake lose 0 and retreat.
2026-01-03T13:00:00.000Z [road] @ hex:3,4 living-statue and nightwalker tensions rise — Two populations eye the same territory. Conflict seems inevitable.
2026-01-03T14:00:00.000Z [road] @ Greenmist [Parthenius's Band, orc raiders] orc raiders surround Parthenius's Band in a coordinated attack — While the sun began its descent ominous silence after an avalanche. The peaks gleam with eternal snow. A lone battle-scarred orc raiders, scouting for targets. Their tactics turned the tide against overwhelming odds. Hot springs steaming in rocky basins marked the scene. The victors claim 28 coin worth of plunder.
2026-01-03T14:00:00.000Z [road] @ Myrrka [The Wandering Merchants, Sons of the Wolf] The Wandering Merchants is raided! — Sons of the Wolf forces have intercepted the caravan en route to Belfos.
2026-01-03T14:00:00.000Z [town] @ Myrrka Trade routes near Myrrka grow dangerous — Merchants speak of losses. Some refuse to travel until the roads are secured.
2026-01-03T14:00:00.000Z [road] @ Greenmist [Eryalus] Eryalus flees Greenmist — Driven by giant eagles ambush Parthenius's Band, they take to the road toward Minasfeld.
2026-01-03T14:00:00.000Z [road] @ hex:1,8 glabrezu and golem-stone clash — Territorial war erupts! The glabrezu triumph, but 1 fall. The golem-stone lose 0 and retreat.
2026-01-03T14:00:00.000Z [road] @ hex:2,7 golem-stone and chimera clash — Territorial war erupts! The chimera triumph, but 1 fall. The golem-stone lose 0 and retreat.
2026-01-03T14:00:00.000Z [road] @ hex:2,7 golem-stone submit to chimera — The beaten golem-stone now serve their conquerors.
2026-01-03T14:00:00.000Z [road] @ hex:2,8 chimera and worg clash — Territorial war erupts! The chimera triumph, but 1 fall. The worg lose 1 and retreat.
2026-01-03T14:00:00.000Z [road] @ hex:5,3 giant-raven and skeleton clash — Territorial war erupts! The skeleton triumph, but 1 fall. The giant-raven lose 2 and retreat.
2026-01-03T15:00:00.000Z [road] @ Greenmist [Parthenius's Band, goblins] Parthenius's Band share songs and tales around the campfire — While the sun began its descent the clean smell of glacial melt hung in the air. A handful of sneaky goblins, carrying plunder. Cultural misunderstandings were resolved through patience.
2026-01-03T15:00:00.000Z [road] @ Myrrka The Wandering Merchants makes camp under escort — Road to Belfos (road) quiet tonight.
2026-01-03T15:00:00.000Z [road] @ Myrrka The Wandering Merchants reports losses — Supplies spoiled en route; banners of Order of the Hawk tarnished.
2026-01-03T15:00:00.000Z [town] @ Myrrka Rumor in Myrrka — The Wandering Merchants of Order of the Hawk lost goods on the road; prices may shift.
2026-01-03T15:00:00.000Z [town] @ Belfos The New Caravan arrives at Belfos — Bringing grain/textiles from Minasfeld with escorts.
2026-01-03T15:00:00.000Z [town] @ Belfos Cybele arrives in Belfos — guard from Windleigh
2026-01-03T15:00:00.000Z [town] @ Belfos Wantelien arrives in Belfos — bard from Minasfeld
2026-01-03T16:00:00.000Z [road] @ Greenmist Beroldus's Wagons makes camp under escort — Road to Belfos (road) quiet tonight.
2026-01-03T16:00:00.000Z [road] @ hex:2,7 golem-stone and giant-snake clash — Territorial war erupts! The golem-stone triumph, but 0 fall. The giant-snake lose 0 and retreat.
2026-01-03T16:00:00.000Z [road] @ hex:5,9 golem-stone and orc clash — Territorial war erupts! The golem-stone triumph, but 0 fall. The orc lose 12 and retreat.
2026-01-03T16:00:00.000Z [road] @ hex:7,6 su-monster and goblin clash — Territorial war erupts! The su-monster triumph, but 0 fall. The goblin lose 2 and retreat.
2026-01-03T17:00:00.000Z [road] @ Myrrka [The Grim Wolves] The Grim Wolves spot signs of danger — A weathered signpost has been defaced with crude warnings.
2026-01-03T17:00:00.000Z [road] @ Greenmist [Parthenius's Band] Parthenius's Band spot signs of danger — Eagle cries echo, but no birds are visible.
2026-01-03T17:00:00.000Z [road] @ Greenmist [Parthenius's Band] Parthenius's Band shadowed by ogre — Tense standoff; both sides withdraw before blades are drawn.
2026-01-03T17:00:00.000Z [town] @ Windleigh Northbeach Traders arrives at Windleigh — Bringing grain/textiles from Belfos with escorts.
2026-01-03T17:00:00.000Z [town] @ Windleigh Emlyn arrives in Windleigh — scout from Minasfeld
2026-01-03T17:00:00.000Z [town] @ Windleigh Ilene arrives in Windleigh — bard from Windleigh
2026-01-03T17:00:00.000Z [road] @ hex:7,6 su-monster and goblin tensions rise — Two populations eye the same territory. Conflict seems inevitable.
2026-01-03T18:00:00.000Z [road] @ Greenmist [Parthenius's Band] Parthenius's Band clash with orc raiders — Brief skirmish; foes driven off with minor bruises.
2026-01-03T18:00:00.000Z [town] @ Azmarin [The Shadow Hand] The Shadow Hand's heist on The Wandering Peddlers fails — Alarms are raised. The thieves flee empty-handed into the night.
2026-01-03T18:00:00.000Z [road] @ hex:5,3 giant-raven and golem-bronze clash — Territorial war erupts! The giant-raven triumph, but 0 fall. The golem-bronze lose 2 and retreat.
2026-01-03T19:00:00.000Z [road] @ Myrrka [The Wandering Merchants, Sons of the Wolf] The Wandering Merchants is raided! — Sons of the Wolf forces have intercepted the caravan en route to Belfos.
2026-01-03T19:00:00.000Z [town] @ Myrrka Trade routes near Myrrka grow dangerous — Merchants speak of losses. Some refuse to travel until the roads are secured.
2026-01-03T19:00:00.000Z [road] @ hex:3,7 giant-snake and bear tensions rise — Two populations eye the same territory. Conflict seems inevitable.
2026-01-03T20:00:00.000Z [town] @ Myrrka Word spreads in Myrrka — Explorers speak of a strange discovery near Myrrka.
2026-01-03T20:00:00.000Z [road] @ hex:1,8 glabrezu and giant-snake clash — Territorial war erupts! The glabrezu triumph, but 2 fall. The giant-snake lose 1 and retreat.
2026-01-03T20:00:00.000Z [road] @ hex:2,8 chimera and giant-snake tensions rise — Two populations eye the same territory. Conflict seems inevitable.
2026-01-03T21:00:00.000Z [road] @ Myrrka The Wandering Merchants makes camp under escort — Road to Belfos (road) quiet tonight.
2026-01-03T22:00:00.000Z [road] @ Windleigh [Northbeach Traders, Sons of the Wolf] Northbeach Traders is raided! — Sons of the Wolf forces have intercepted the caravan en route to Belfos.
2026-01-03T22:00:00.000Z [town] @ Windleigh Trade routes near Windleigh grow dangerous — Merchants speak of losses. Some refuse to travel until the roads are secured.
2026-01-03T22:00:00.000Z [town] @ Greenmist [Eurydamus] Eurydamus vows vengeance — Following giant eagles ambush Parthenius's Band, the merchant swears an oath that cannot go unanswered.
2026-01-03T22:00:00.000Z [faction] @ Myrrka [Engelwara] The Old Darkness Returns: The evil influences local politics. — Engelwara races to prevent catastrophe.
2026-01-03T22:00:00.000Z [road] @ hex:2,8 chimera and orc clash — Territorial war erupts! The chimera triumph, but 1 fall. The orc lose 8 and retreat.
2026-01-03T23:00:00.000Z [faction] @ Greenmist [Sons of the Wolf] Sons of the Wolf increases patrols — Armed members of Sons of the Wolf now patrol the roads near Greenmist.
2026-01-03T23:00:00.000Z [road] @ hex:2,5 giant-raven and giant-centipede clash — Territorial war erupts! The giant-centipede triumph, but 0 fall. The giant-raven lose 9 and retreat.
2026-01-04T00:00:00.000Z [road] @ Myrrka [The Grim Wolves, patrol guards] The Grim Wolves detour to avoid patrol guards's territory — In the hush of late night merchant flags fluttering from tall poles. Dust rises from the dry road. A few territorial patrol guards, moving with purpose. They parted as wary allies rather than bitter enemies.
2026-01-04T00:00:00.000Z [road] @ Greenmist [Parthenius's Band, giant eagles] giant eagles charge Parthenius's Band with weapons drawn — With only moonlight for company meteor impact craters on peaks. A handful of aggressive giant eagles, emerging from concealment. Victory came at great cost, but the path was secured. A well-timed spell from their caster turned the tide.
2026-01-04T00:00:00.000Z [town] @ Azmarin Word spreads in Azmarin — A valuable shipment was lost near Myrrka.
2026-01-04T00:00:00.000Z [road] @ hex:9,3 kelpie and giant-eel clash — Territorial war erupts! The kelpie triumph, but 1 fall. The giant-eel lose 8 and retreat.
2026-01-04T00:00:00.000Z [town] @ Belfos Belfos tempers frayed — Surplus textiles and shortages in ore.
2026-01-04T00:00:00.000Z [town] @ Windleigh Windleigh tempers frayed — Surplus ore/fish and shortages in textiles/salt.
2026-01-04T00:00:00.000Z [town] @ Windleigh Rumor in Windleigh — Levies rumored to secure textiles; officials say caravans delayed.
2026-01-04T00:00:00.000Z [town] @ Windleigh Rumor in Windleigh — The Storm Guild watches the markets quietly.
2026-01-04T00:00:00.000Z [town] @ Windleigh Rumor in Windleigh — Sons of the Wolf watches the markets quietly.
2026-01-04T00:00:00.000Z [town] @ Azmarin Azmarin spirits high — Surplus grain/textiles/salt and shortages in ore/livestock.
2026-01-04T00:00:00.000Z [town] @ Azmarin Rumor in Azmarin — boastful threat: a border scout says Ead heard of fresh graves disturbed (from Azmarin).
2026-01-04T00:00:00.000Z [town] @ Azmarin Rumor in Azmarin — Sons of the Wolf watches the markets quietly.
2026-01-04T00:00:00.000Z [town] @ Minasfeld Minasfeld folk watchful — Surplus textiles/livestock and shortages in salt.
2026-01-04T00:00:00.000Z [town] @ Myrrka The Grim Wolves hailed in Myrrka — Locals toast their exploits.
2026-01-04T00:00:00.000Z [town] @ Myrrka Myrrka folk watchful — Surplus textiles and shortages in salt.
2026-01-04T00:00:00.000Z [town] @ Myrrka Rumor in Myrrka — Levies rumored to secure salt; officials say caravans delayed.
2026-01-04T00:00:00.000Z [town] @ Greenmist Greenmist tempers frayed — Surplus grain/textiles and shortages in livestock.
2026-01-04T00:00:00.000Z [town] @ Greenmist Rumor in Greenmist — official threat: a frantic merchant says Farmanus heard of bandits offering odd coins (from Greenmist).
2026-01-04T01:00:00.000Z [road] @ hex:4,8 rakshasa and pegasus tensions rise — Two populations eye the same territory. Conflict seems inevitable.
2026-01-04T02:00:00.000Z [road] @ Greenmist [Parthenius's Band, goblins] Parthenius's Band exchange stories with curious goblins — When shadows grew deepest the crunch of boots on gravel. The peaks gleam with eternal snow. A band of mangy goblins, worshipping a crude idol. Coin changed hands. Honor was satisfied, barely.
2026-01-04T02:00:00.000Z [road] @ Myrrka The Wandering Merchants makes camp under escort — Road to Belfos (road) quiet tonight.
2026-01-04T02:00:00.000Z [road] @ Belfos The New Caravan makes camp under escort — Road to Minasfeld (road) quiet tonight.
2026-01-04T02:00:00.000Z [town] @ Minasfeld Word spreads in Minasfeld — A valuable shipment was lost near Myrrka.
2026-01-04T03:00:00.000Z [road] @ Greenmist [Parthenius's Band, the giant eagles called Oilandoi] Parthenius's Band trade crafted goods with the giant eagles called Oilandoi — In the cold hours before dawn eagles soaring on thermal winds. The peaks gleam with eternal snow. Two or three night-hunting giant eagles, moving with purpose. A hostage exchange ensured good behavior.
2026-01-04T03:00:00.000Z [town] @ Belfos Beroldus's Wagons arrives at Belfos — Bringing salt/fish from Greenmist with escorts under banner of Circle of the Dawn.
2026-01-04T03:00:00.000Z [town] @ Belfos Mainardus arrives in Belfos — scout from Azmarin
2026-01-04T03:00:00.000Z [town] @ Belfos Eurydamus arrives in Belfos — merchant from Windleigh
2026-01-04T03:00:00.000Z [town] @ Belfos The Wandering Peddlers arrives at Belfos — Bringing grain/textiles from Azmarin with escorts.
2026-01-04T03:00:00.000Z [town] @ Belfos Katixa arrives in Belfos — guard from Myrrka
2026-01-04T03:00:00.000Z [town] @ Belfos Gawyne arrives in Belfos — bard from Myrrka
2026-01-04T03:00:00.000Z [town] @ Azmarin [The Shadow Hand] The Shadow Hand's heist on The Wandering Peddlers fails — Alarms are raised. The thieves flee empty-handed into the night.
2026-01-04T03:00:00.000Z [road] @ hex:7,6 su-monster and goblin clash — Territorial war erupts! The su-monster triumph, but 0 fall. The goblin lose 2 and retreat.
2026-01-04T04:00:00.000Z [road] @ Myrrka [The Grim Wolves] The Grim Wolves spot merchants and avoid notice — They detour carefully, leaving only faint tracks.
2026-01-04T04:00:00.000Z [road] @ Belfos [The Grim Wolves] The Grim Wolves arrives at Belfos — They slip through the gates as lanterns are lit.
2026-01-04T04:00:00.000Z [town] @ Belfos The Grim Wolves gain renown — Locals share tales of their exploits.
2026-01-04T04:00:00.000Z [road] @ Belfos [The Grim Wolves, Mendia] The Grim Wolves tracks Mendia — Their quarry was last seen near Myrrka. The hunt continues.
2026-01-04T04:00:00.000Z [road] @ hex:3,2 bear and skeleton clash — Territorial war erupts! The bear triumph, but 0 fall. The skeleton lose 10 and retreat.
2026-01-04T05:00:00.000Z [road] @ Greenmist [Parthenius's Band] Parthenius's Band spot signs of danger — A cairn of skulls marks a territorial boundary.
2026-01-04T05:00:00.000Z [road] @ hex:2,9 worg and orc clash — Territorial war erupts! The worg triumph, but 0 fall. The orc lose 2 and retreat.
2026-01-04T06:00:00.000Z [road] @ Belfos The Wandering Peddlers makes camp under escort — Road to Azmarin (road) quiet tonight.
2026-01-04T06:00:00.000Z [road] @ hex:6,3 grell and phantom tensions rise — Two populations eye the same territory. Conflict seems inevitable.
2026-01-04T07:00:00.000Z [road] @ Greenmist [Parthenius's Band, goblins] goblins eye Parthenius's Band suspiciously — As smoke rose from breakfast fires waterfalls roaring into gorges. Several night-hunting goblins, tracking something. They agreed to respect each other's territories. A glacier grinding slowly downward marked the scene.
2026-01-04T07:00:00.000Z [road] @ Belfos The New Caravan makes camp under escort — Road to Minasfeld (road) quiet tonight.
2026-01-04T07:00:00.000Z [faction] [The Storm Guild, Sons of the Wolf] The Storm Guild proposes marriage alliance with Sons of the Wolf — Envoys are sent. Dowries discussed. A political wedding could reshape alliances.
2026-01-04T07:00:00.000Z [road] @ hex:2,7 giant-centipede and giant-snake clash — Territorial war erupts! The giant-snake triumph, but 0 fall. The giant-centipede lose 2 and retreat.
2026-01-04T07:00:00.000Z [road] @ hex:6,4 phantom and goblin tensions rise — Two populations eye the same territory. Conflict seems inevitable.
2026-01-04T08:00:00.000Z [town] @ Myrrka [Theodric] Construction continues on Theodric's stronghold — Masons and laborers work tirelessly. The foundations are deep and the walls rise.
2026-01-04T08:00:00.000Z [road] @ hex:2,8 chimera and giant-snake clash — Territorial war erupts! The chimera triumph, but 0 fall. The giant-snake lose 0 and retreat.
2026-01-04T08:00:00.000Z [road] @ hex:3,7 giant-snake submit to chimera — The beaten giant-snake now serve their conquerors.
2026-01-04T08:00:00.000Z [road] @ hex:5,6 sylph and phantom clash — Territorial war erupts! The sylph triumph, but 1 fall. The phantom lose 3 and retreat.
2026-01-04T09:00:00.000Z [road] @ Belfos [Eurydamus] Eurydamus flees Belfos — Driven by Parthenius's Band clash with orc raiders, they take to the road toward Windleigh.
2026-01-04T09:00:00.000Z [road] @ hex:2,5 giant-raven and nightwalker clash — Territorial war erupts! The nightwalker triumph, but 0 fall. The giant-raven lose 7 and retreat.
2026-01-04T09:00:00.000Z [road] @ hex:3,2 bear wiped out in hex:3,2 — The last of the bear have fallen. The region grows quieter—for now.
2026-01-04T10:00:00.000Z [road] @ Greenmist [Parthenius's Band] Parthenius's Band clash with orc raiders — Brief skirmish; foes driven off with minor bruises.
2026-01-04T10:00:00.000Z [road] @ Windleigh Northbeach Traders makes camp under escort — Road to Belfos (road) quiet tonight.
2026-01-04T10:00:00.000Z [town] @ Belfos Camp Fever fades in Belfos — The worst of the sickness has passed. The bells ring in celebration.
2026-01-04T10:00:00.000Z [road] @ hex:3,1 half-orc-bandit and skeleton tensions rise — Two populations eye the same territory. Conflict seems inevitable.
2026-01-04T11:00:00.000Z [road] @ hex:1,8 glabrezu and giant-snake tensions rise — Two populations eye the same territory. Conflict seems inevitable.
2026-01-04T11:00:00.000Z [road] @ hex:2,5 giant-raven and living-statue tensions rise — Two populations eye the same territory. Conflict seems inevitable.
2026-01-04T11:00:00.000Z [road] @ hex:7,6 su-monster and goblin tensions rise — Two populations eye the same territory. Conflict seems inevitable.
2026-01-04T12:00:00.000Z [town] @ Belfos [Mainardus] Mainardus spreads tales — The scout speaks openly of Parthenius's Band clash with orc raiders. The story grows in the telling.
2026-01-04T12:00:00.000Z [town] @ Belfos Word spreads in Belfos — Mainardus tells all who will listen: "Parthenius's Band clash with orc raiders." The tale spreads.
2026-01-04T12:00:00.000Z [road] @ hex:2,7 golem-stone and giant-snake clash — Territorial war erupts! The golem-stone triumph, but 0 fall. The giant-snake lose 0 and retreat.
2026-01-04T12:00:00.000Z [road] @ hex:2,9 worg and giant-snake tensions rise — Two populations eye the same territory. Conflict seems inevitable.
2026-01-04T12:00:00.000Z [road] @ hex:7,7 rust-monster and pyrolisk tensions rise — Two populations eye the same territory. Conflict seems inevitable.
2026-01-04T12:00:00.000Z [road] @ hex:7,9 revenant and giant-eel clash — Territorial war erupts! The revenant triumph, but 3 fall. The giant-eel lose 4 and retreat.
2026-01-04T12:00:00.000Z [road] @ hex:6,3 grell wiped out in hex:6,3 — The last of the grell have fallen. The region grows quieter—for now.
2026-01-04T13:00:00.000Z [town] @ Greenmist [Yllaria, Eadmund] Yllaria speaks publicly of Eadmund's treachery — The wound festers still.
2026-01-04T13:00:00.000Z [road] @ hex:2,8 chimera and worg clash — Territorial war erupts! The chimera triumph, but 0 fall. The worg lose 1 and retreat.
2026-01-04T13:00:00.000Z [road] @ hex:4,3 nightwalker and giant-raven clash — Territorial war erupts! The nightwalker triumph, but 0 fall. The giant-raven lose 0 and retreat.
2026-01-04T14:00:00.000Z [road] @ Belfos Beroldus's Wagons makes camp under escort — Road to Greenmist (road) quiet tonight.
2026-01-04T14:00:00.000Z [faction] @ Belfos [Circle of the Dawn] Circle of the Dawn eyes Belfos for its textiles — Desperate for textiles, the faction has decided to take the settlement by force.
2026-01-04T14:00:00.000Z [town] @ Belfos Camp Fever fades in Belfos — The worst of the sickness has passed. The bells ring in celebration.
2026-01-04T14:00:00.000Z [road] @ hex:3,7 giant-snake and bear clash — Territorial war erupts! The giant-snake triumph, but 0 fall. The bear lose 0 and retreat.
2026-01-04T14:00:00.000Z [road] @ hex:5,9 golem-stone and revenant tensions rise — Two populations eye the same territory. Conflict seems inevitable.
2026-01-04T14:00:00.000Z [road] @ hex:7,6 su-monster and giant-eel tensions rise — Two populations eye the same territory. Conflict seems inevitable.
2026-01-04T15:00:00.000Z [road] @ Greenmist [Parthenius's Band, orc raiders] Parthenius's Band detour to avoid orc raiders's territory — As the day wore on streams bubbling over smooth stones. A company of red-eyed in the dark orc raiders, returning from a raid. Discretion proved the better part of valor.
2026-01-04T15:00:00.000Z [road] @ Greenmist [Parthenius's Band] Parthenius's Band parley with orc raiders — Trade news and share a quick meal before parting ways.
2026-01-04T15:00:00.000Z [town] @ Belfos The Wandering Merchants arrives at Belfos — Bringing livestock from Myrrka with escorts under banner of Order of the Hawk.
2026-01-04T15:00:00.000Z [town] @ Belfos Theodric arrives in Belfos — scout from Minasfeld
2026-01-04T15:00:00.000Z [town] @ Belfos Izot arrives in Belfos — bard from Belfos
2026-01-04T15:00:00.000Z [town] @ Belfos Rumor in Belfos — Word spreads that The Wandering Merchants of Order of the Hawk reached Belfos with livestock.
2026-01-04T15:00:00.000Z [road] @ Belfos The Wandering Peddlers makes camp under escort — Road to Azmarin (road) quiet tonight.
2026-01-04T15:00:00.000Z [town] @ Greenmist Word spreads in Greenmist — A valuable shipment was lost near Myrrka.
2026-01-04T15:00:00.000Z [road] @ hex:3,4 living-statue and nightwalker clash — Territorial war erupts! The nightwalker triumph, but 0 fall. The living-statue lose 1 and retreat.
2026-01-04T16:00:00.000Z [town] @ Greenmist [Eadmund] Eadmund spreads tales — The laborer speaks openly of Parthenius's Band clash with orc raiders. The story grows in the telling.
2026-01-04T16:00:00.000Z [town] @ Greenmist Word spreads in Greenmist — Eadmund tells all who will listen: "Parthenius's Band clash with orc raiders." The tale spreads.
2026-01-04T16:00:00.000Z [road] @ hex:2,5 giant-raven and golem-stone tensions rise — Two populations eye the same territory. Conflict seems inevitable.
2026-01-04T16:00:00.000Z [road] @ hex:6,4 phantom and goblin clash — Territorial war erupts! The goblin triumph, but 1 fall. The phantom lose 7 and retreat.
2026-01-04T17:00:00.000Z [town] @ Minasfeld [Eryalus] Eryalus arrives in Minasfeld — The refugee finds uncertain welcome in their new home.
2026-01-04T17:00:00.000Z [faction] @ Greenmist [Kreon] Echoes of the Past: Resolution approaches. — The dead do not rest peacefully in Greenmist.
2026-01-04T17:00:00.000Z [faction] @ Greenmist [Parthenius's Band, orc raiders] Fire in Greenmist: Refugees flee ahead of the raiders. — Parthenius's Band strikes fast at Greenmist and withdraws before retaliation.
2026-01-04T17:00:00.000Z [road] @ hex:4,8 rakshasa and goblin clash — Territorial war erupts! The rakshasa triumph, but 0 fall. The goblin lose 2 and retreat.
2026-01-04T17:00:00.000Z [road] @ hex:9,2 giant-eel and kelpie clash — Territorial war erupts! The kelpie triumph, but 1 fall. The giant-eel lose 3 and retreat.
2026-01-04T18:00:00.000Z [town] @ Belfos [Katixa, Emlyn] Katixa demands repayment from Emlyn — Patience has limits, even for gold. Amidst the growing danger in Belfos, their creditor feels all the more pressing.
2026-01-04T18:00:00.000Z [road] @ hex:5,3 giant-raven and pyrohydra tensions rise — Two populations eye the same territory. Conflict seems inevitable.
2026-01-04T18:00:00.000Z [road] @ hex:4,8 orc and goblin clash — Territorial war erupts! The orc triumph, but 1 fall. The goblin lose 1 and retreat.
2026-01-04T20:00:00.000Z [road] @ Greenmist [Parthenius's Band, dwarven patrols] Parthenius's Band hide their valuables from view — As songs rose from dim taverns condors circling high overhead. The peaks gleam with eternal snow. Several red-eyed in the dark dwarven patrols, moving with purpose. They agreed to respect each other's territories.
2026-01-04T20:00:00.000Z [road] @ hex:0,9 glabrezu and giant-centipede tensions rise — Two populations eye the same territory. Conflict seems inevitable.
2026-01-04T20:00:00.000Z [road] @ hex:6,4 phantom and goblin tensions rise — Two populations eye the same territory. Conflict seems inevitable.
2026-01-04T20:00:00.000Z [road] @ hex:7,8 chaos-beast and giant-eel clash — Territorial war erupts! The chaos-beast triumph, but 0 fall. The giant-eel lose 2 and retreat.
2026-01-04T21:00:00.000Z [road] @ hex:1,8 glabrezu and chimera clash — Territorial war erupts! The glabrezu triumph, but 2 fall. The chimera lose 2 and retreat.
2026-01-04T21:00:00.000Z [road] @ hex:2,8 chimera submit to glabrezu — The beaten chimera now serve their conquerors.
2026-01-04T22:00:00.000Z [road] @ Greenmist [Parthenius's Band] Parthenius's Band spot signs of danger — Giant footprints in the snow, each as long as a man is tall.
2026-01-04T22:00:00.000Z [road] @ Greenmist [Parthenius's Band, goblins] Parthenius's Band counterattack goblins invaders — With ale flowing in taprooms The peaks gleam with eternal snow. A handful of cowardly goblins, tracking something. They fought like cornered lions, driving back the attackers. A well-timed spell from their caster turned the tide.
2026-01-04T22:00:00.000Z [road] @ Belfos The New Caravan makes camp under escort — Road to Minasfeld (road) quiet tonight.
2026-01-04T22:00:00.000Z [road] @ Belfos Beroldus's Wagons makes camp under escort — Road to Greenmist (road) quiet tonight.
2026-01-04T22:00:00.000Z [road] @ hex:2,7 giant-centipede and chimera clash — Territorial war erupts! The chimera triumph, but 0 fall. The giant-centipede lose 1 and retreat.
2026-01-04T22:00:00.000Z [road] @ hex:4,3 nightwalker and skeleton tensions rise — Two populations eye the same territory. Conflict seems inevitable.
2026-01-04T22:00:00.000Z [road] @ hex:7,8 pyrolisk and giant-eel tensions rise — Two populations eye the same territory. Conflict seems inevitable.
2026-01-04T23:00:00.000Z [road] @ Greenmist [Parthenius's Band] Parthenius's Band completes rest — Ready to travel again.
2026-01-04T23:00:00.000Z [town] @ Minasfeld The New Caravan arrives at Minasfeld — Bringing grain/textiles from Belfos with escorts.
2026-01-04T23:00:00.000Z [town] @ Minasfeld Cybele arrives in Minasfeld — guard from Windleigh
2026-01-04T23:00:00.000Z [town] @ Minasfeld Wantelien arrives in Minasfeld — bard from Minasfeld
2026-01-04T23:00:00.000Z [road] @ hex:4,8 rakshasa and goblin tensions rise — Two populations eye the same territory. Conflict seems inevitable.
2026-01-04T23:00:00.000Z [road] @ hex:5,8 pegasus and orc clash — Territorial war erupts! The orc triumph, but 0 fall. The pegasus lose 3 and retreat.
2026-01-05T00:00:00.000Z [road] @ hex:5,6 sylph and goblin clash — Territorial war erupts! The goblin triumph, but 0 fall. The sylph lose 2 and retreat.
2026-01-05T00:00:00.000Z [town] @ Belfos [Theodric] Theodric is dying — The end approaches for the scout. Family and rivals alike watch and wait.
2026-01-05T00:00:00.000Z [road] @ Belfos [The Grim Wolves] The Grim Wolves departs Belfos — Bound for Myrrka across road (~42 miles).
2026-01-05T00:00:00.000Z [town] @ Belfos The Grim Wolves hailed in Belfos — Locals toast their exploits.
2026-01-05T00:00:00.000Z [town] @ Belfos Belfos tempers frayed — Surplus textiles and shortages in ore.
2026-01-05T00:00:00.000Z [town] @ Belfos Rumor in Belfos — Bargain prices on textiles; traders racing to Belfos.
2026-01-05T00:00:00.000Z [town] @ Belfos Rumor in Belfos — The Storm Guild watches the markets quietly.
2026-01-05T00:00:00.000Z [town] @ Belfos Rumor in Belfos — Sons of the Wolf watches the markets quietly.
2026-01-05T00:00:00.000Z [town] @ Windleigh Ilene seen in Windleigh markets — bard haggles and swaps news.
2026-01-05T00:00:00.000Z [town] @ Windleigh Eurydamus seen in Windleigh markets — merchant haggles and swaps news.
2026-01-05T00:00:00.000Z [town] @ Windleigh Windleigh tempers frayed — Surplus ore/fish and shortages in textiles/salt.
2026-01-05T00:00:00.000Z [town] @ Windleigh Rumor in Windleigh — The Hawk Compact watches the markets quietly.
2026-01-05T00:00:00.000Z [town] @ Azmarin Azmarin folk watchful — Surplus grain/textiles/salt and shortages in ore/livestock.
2026-01-05T00:00:00.000Z [town] @ Azmarin Rumor in Azmarin — Levies rumored to secure ore; officials say caravans delayed.
2026-01-05T00:00:00.000Z [town] @ Azmarin Rumor in Azmarin — Sons of the Wolf watches the markets quietly.
2026-01-05T00:00:00.000Z [town] @ Azmarin Rumor in Azmarin — Circle of the Dawn watches the markets quietly.
2026-01-05T00:00:00.000Z [town] @ Minasfeld Cybele seen in Minasfeld markets — guard haggles and swaps news.
2026-01-05T00:00:00.000Z [town] @ Minasfeld Hans-Ruedi seen in Minasfeld markets — laborer haggles and swaps news.
2026-01-05T00:00:00.000Z [town] @ Minasfeld Minasfeld folk watchful — Surplus grain/timber/textiles/livestock and shortages in salt.
2026-01-05T00:00:00.000Z [town] @ Minasfeld Rumor in Minasfeld — Levies rumored to secure salt; officials say caravans delayed.
2026-01-05T00:00:00.000Z [town] @ Minasfeld Rumor in Minasfeld — The Hawk Compact watches the markets quietly.
2026-01-05T00:00:00.000Z [town] @ Myrrka Molora seen in Myrrka markets — scout haggles and swaps news.
2026-01-05T00:00:00.000Z [town] @ Myrrka Irantzu seen in Myrrka markets — guard haggles and swaps news.
2026-01-05T00:00:00.000Z [town] @ Myrrka Myrrka tempers frayed — Surplus textiles and shortages in salt.
2026-01-05T00:00:00.000Z [town] @ Myrrka Rumor in Myrrka — Bargain prices on textiles; traders racing to Myrrka.
2026-01-05T00:00:00.000Z [town] @ Myrrka Rumor in Myrrka — The Hawk Compact watches the markets quietly.
2026-01-05T00:00:00.000Z [town] @ Greenmist Parthenius's Band hailed in Greenmist — Locals toast their exploits.
2026-01-05T00:00:00.000Z [town] @ Greenmist Greenmist tempers frayed — Surplus textiles and shortages in livestock.
2026-01-05T00:00:00.000Z [town] @ Greenmist Rumor in Greenmist — boastful threat: a frantic merchant says Manifred heard of old map showing 3 levels and barred doors (from Greenmist).
2026-01-05T00:00:00.000Z [town] @ Greenmist Rumor in Greenmist — Order of the Hawk watches the markets quietly.
