Sun Jan  4 14:38:09 CST 2026: Starting fantasy-log simulation with auto-restart...
Sun Jan  4 14:38:09 CST 2026: Launching process...
Sun Jan  4 14:38:09 CST 2026: Using bun...
📦 Migrating world from schema v1 to v2...
⏰ No lastTickAt found - using startedAt for catch-up baseline
✓ World loaded successfully (schema v2)

⏰ Catching up 7d 0h of missed time (1008 turns)...
   Last world time: 2025-01-01T00:00:00.000Z
   Target world time: 2026-01-04T20:38:09.272Z
2025-01-01T01:00:00.000Z [road] @ Belfos [The Wandering Peddlers, Sons of the Wolf] The Wandering Peddlers is raided! — Sons of the Wolf forces have intercepted the caravan en route to Azmarin.
2025-01-01T01:00:00.000Z [town] @ Belfos Trade routes near Belfos grow dangerous — Merchants speak of losses. Some refuse to travel until the roads are secured.
2025-01-01T01:00:00.000Z [faction] The Storm Guild declares a shortage of textiles — Their stockpiles are low. They will seek textiles by any means necessary.
2025-01-01T01:00:00.000Z [faction] Circle of the Dawn declares a shortage of textiles — Their stockpiles are low. They will seek textiles by any means necessary.
2025-01-01T02:00:00.000Z [town] @ Myrrka [Katixa] Construction continues on Katixa's stronghold — Masons and laborers work tirelessly. The foundations are deep and the walls rise.
2025-01-01T02:00:00.000Z [faction] Order of the Hawk declares a shortage of timber — Their stockpiles are low. They will seek timber by any means necessary.
2025-01-01T03:00:00.000Z [road] @ Windleigh [Northbeach Traders, Sons of the Wolf] Northbeach Traders is raided! — Sons of the Wolf forces have intercepted the caravan en route to Belfos.
2025-01-01T03:00:00.000Z [town] @ Windleigh Trade routes near Windleigh grow dangerous — Merchants speak of losses. Some refuse to travel until the roads are secured.
2025-01-01T03:00:00.000Z [town] @ Belfos [Izot] Magical mist chokes Belfos — A toxic green cloud, conjured by Izot, rolls through the streets. Panic ensues.
2025-01-01T04:00:00.000Z [town] @ Belfos [Peli] Construction continues on Peli's stronghold — Masons and laborers work tirelessly. The foundations are deep and the walls rise.
2025-01-01T04:00:00.000Z [faction] Order of the Hawk declares a shortage of grain — Their stockpiles are low. They will seek grain by any means necessary.
2025-01-01T05:00:00.000Z [faction] Circle of the Dawn declares a shortage of grain — Their stockpiles are low. They will seek grain by any means necessary.
2025-01-01T06:00:00.000Z [system] The world turns (18th of Deepwinter, Year 1056) — 0 parties traveling, 2 resting. 0 threats lurk.
2025-01-01T06:00:00.000Z [town] @ Minasfeld Word spreads in Minasfeld — Thieves struck near Belfos. The roads grow dangerous.
2025-01-01T06:00:00.000Z [town] @ Belfos [Izot] Magical mist chokes Belfos — A toxic green cloud, conjured by Izot, rolls through the streets. Panic ensues.
2025-01-01T07:00:00.000Z [faction] Sons of the Wolf declares a shortage of textiles — Their stockpiles are low. They will seek textiles by any means necessary.
2025-01-01T07:00:00.000Z [faction] Order of the Hawk declares a shortage of fish — Their stockpiles are low. They will seek fish by any means necessary.
2025-01-01T07:00:00.000Z [faction] The Hawk Compact declares a shortage of fish — Their stockpiles are low. They will seek fish by any means necessary.
2025-01-01T08:00:00.000Z [road] @ Belfos The New Caravan makes camp under escort — Road to Minasfeld (road) quiet tonight.
2025-01-01T08:00:00.000Z [faction] @ Belfos [Order of the Hawk] Order of the Hawk sends relief to Belfos — Wagons of grain and medicine roll toward the suffering. Compassion—or calculated politics?
2025-01-01T08:00:00.000Z [faction] Circle of the Dawn declares a shortage of timber — Their stockpiles are low. They will seek timber by any means necessary.
2025-01-01T08:00:00.000Z [faction] The Hawk Compact declares a shortage of textiles — Their stockpiles are low. They will seek textiles by any means necessary.
2025-01-01T09:00:00.000Z [town] @ Belfos [Izot] Izot masters a new spell: Detect Magic — After weeks of intense study and meditation, the bard has unlocked new power.
2025-01-01T09:00:00.000Z [town] @ Azmarin [Mainardus] Magical mist chokes Azmarin — A toxic green cloud, conjured by Mainardus, rolls through the streets. Panic ensues.
2025-01-01T10:00:00.000Z [faction] The Storm Guild declares a shortage of timber — Their stockpiles are low. They will seek timber by any means necessary.
2025-01-01T11:00:00.000Z [road] @ Windleigh Northbeach Traders makes camp under escort — Road to Belfos (road) quiet tonight.
2025-01-01T11:00:00.000Z [faction] Sons of the Wolf declares a shortage of ore — Their stockpiles are low. They will seek ore by any means necessary.
2025-01-01T12:00:00.000Z [system] The world turns (18th of Deepwinter, Year 1056) — 0 parties traveling, 2 resting. 0 threats lurk.
2025-01-01T12:00:00.000Z [road] @ Belfos [Beroldus's Wagons, Sons of the Wolf] Beroldus's Wagons is raided! — Sons of the Wolf forces have intercepted the caravan en route to Greenmist.
2025-01-01T12:00:00.000Z [town] @ Belfos Trade routes near Belfos grow dangerous — Merchants speak of losses. Some refuse to travel until the roads are secured.
2025-01-01T13:00:00.000Z [faction] The Hawk Compact declares a shortage of timber — Their stockpiles are low. They will seek timber by any means necessary.
2025-01-01T13:00:00.000Z [faction] @ the region [Merilda] A new tale begins: "Payment Due" — The terms seemed fair once. They do not seem fair now.
2025-01-01T15:00:00.000Z [faction] Sons of the Wolf declares a shortage of fish — Their stockpiles are low. They will seek fish by any means necessary.
2025-01-01T15:00:00.000Z [faction] Order of the Hawk declares a shortage of salt — Their stockpiles are low. They will seek salt by any means necessary.
2025-01-01T16:00:00.000Z [faction] Sons of the Wolf declares a shortage of grain — Their stockpiles are low. They will seek grain by any means necessary.
⏰ Catch-up progress: 9% (100/1008 turns)2025-01-01T18:00:00.000Z [system] The world turns (18th of Deepwinter, Year 1056) — 0 parties traveling, 2 resting. 0 threats lurk.
2025-01-01T18:00:00.000Z [road] @ Belfos The Wandering Merchants makes camp under escort — Road to Myrrka (road) quiet tonight.
2025-01-01T18:00:00.000Z [road] @ Belfos The New Caravan makes camp under escort — Road to Minasfeld (road) quiet tonight.
2025-01-01T18:00:00.000Z [town] @ Belfos Word spreads in Belfos — Thieves struck near Windleigh. The roads grow dangerous.
2025-01-01T18:00:00.000Z [faction] Sons of the Wolf declares a shortage of timber — Their stockpiles are low. They will seek timber by any means necessary.
2025-01-01T19:00:00.000Z [road] @ Windleigh [Northbeach Traders, Sons of the Wolf] Northbeach Traders is raided! — Sons of the Wolf forces have intercepted the caravan en route to Belfos.
2025-01-01T19:00:00.000Z [town] @ Windleigh Trade routes near Windleigh grow dangerous — Merchants speak of losses. Some refuse to travel until the roads are secured.
2025-01-01T19:00:00.000Z [faction] The Storm Guild declares a shortage of salt — Their stockpiles are low. They will seek salt by any means necessary.
2025-01-01T20:00:00.000Z [road] @ Windleigh Northbeach Traders makes camp under escort — Road to Belfos (road) quiet tonight.
2025-01-01T22:00:00.000Z [faction] Order of the Hawk declares a shortage of ore — Their stockpiles are low. They will seek ore by any means necessary.
2025-01-01T23:00:00.000Z [faction] The Storm Guild declares a shortage of livestock — Their stockpiles are low. They will seek livestock by any means necessary.
2025-01-01T23:00:00.000Z [faction] The Hawk Compact declares a shortage of grain — Their stockpiles are low. They will seek grain by any means necessary.
2025-01-02T00:00:00.000Z [weather] The full moon rises — Silver light bathes the land. Strange things stir in the shadows.
2025-01-02T00:00:00.000Z [system] The world turns (18th of Deepwinter, Year 1056) — 0 parties traveling, 2 resting. 0 threats lurk.
2025-01-02T00:00:00.000Z [road] @ Greenmist [Parthenius's Band] Parthenius's Band departs Greenmist — Bound for Windleigh across mountains (~24 miles).
2025-01-02T00:00:00.000Z [road] @ Greenmist [Parthenius's Band, goblins] goblins mark their territory with warning signs — With only moonlight for company copper deposits staining rock faces green. A band of tribal goblins, setting crude traps. Preserving their lives was the wiser course.
2025-01-02T00:00:00.000Z [town] @ Belfos Peli seen in Belfos markets — priest haggles and swaps news.
2025-01-02T00:00:00.000Z [town] @ Belfos Izot seen in Belfos markets — bard haggles and swaps news.
2025-01-02T00:00:00.000Z [town] @ Windleigh Word spreads in Windleigh — A valuable shipment was lost near Belfos.
2025-01-02T00:00:00.000Z [town] @ Belfos [Izot] Magical mist chokes Belfos — A toxic green cloud, conjured by Izot, rolls through the streets. Panic ensues.
2025-01-02T00:00:00.000Z [town] @ Belfos Belfos folk watchful — Shortages in ore.
2025-01-02T00:00:00.000Z [town] @ Belfos Rumor in Belfos — The Storm Guild watches the markets quietly.
2025-01-02T00:00:00.000Z [town] @ Belfos Rumor in Belfos — Sons of the Wolf watches the markets quietly.
2025-01-02T00:00:00.000Z [town] @ Belfos Rumor in Belfos — Order of the Hawk watches the markets quietly.
2025-01-02T00:00:00.000Z [town] @ Belfos Rumor in Belfos — Circle of the Dawn watches the markets quietly.
2025-01-02T00:00:00.000Z [town] @ Belfos Rumor in Belfos — The Hawk Compact watches the markets quietly.
2025-01-02T00:00:00.000Z [town] @ Windleigh Windleigh folk watchful — Surplus ore/fish and shortages in textiles/salt/livestock.
2025-01-02T00:00:00.000Z [town] @ Windleigh Rumor in Windleigh — whispered threat: a wounded messenger says Alina heard of missing heirlooms traced toward The Whispers Tower (from Windleigh).
2025-01-02T00:00:00.000Z [town] @ Azmarin Azmarin spirits high — Surplus textiles/salt and shortages in ore/livestock.
2025-01-02T00:00:00.000Z [town] @ Azmarin Rumor in Azmarin — whispered mystery: a wandering priest says Nonna heard of bandits offering odd coins (from Azmarin).
2025-01-02T00:00:00.000Z [town] @ Azmarin Rumor in Azmarin — Circle of the Dawn watches the markets quietly.
2025-01-02T00:00:00.000Z [town] @ Minasfeld Theodric seen in Minasfeld markets — scout haggles and swaps news.
2025-01-02T00:00:00.000Z [town] @ Minasfeld Hans-Ruedi seen in Minasfeld markets — laborer haggles and swaps news.
2025-01-02T00:00:00.000Z [town] @ Minasfeld Minasfeld folk watchful — Surplus livestock.
2025-01-02T00:00:00.000Z [town] @ Minasfeld Rumor in Minasfeld — Bargain prices on livestock; traders racing to Minasfeld.
2025-01-02T00:00:00.000Z [town] @ Minasfeld Rumor in Minasfeld — Sons of the Wolf watches the markets quietly.
2025-01-02T00:00:00.000Z [town] @ Minasfeld Rumor in Minasfeld — Circle of the Dawn watches the markets quietly.
2025-01-02T00:00:00.000Z [town] @ Myrrka Myrrka folk watchful — Surplus grain/textiles and shortages in salt/livestock.
2025-01-02T00:00:00.000Z [town] @ Greenmist Greenmist tempers frayed — Surplus grain/textiles and shortages in salt/fish.
2025-01-02T00:00:00.000Z [town] @ Greenmist Rumor in Greenmist — Circle of the Dawn watches the markets quietly.
2025-01-02T01:00:00.000Z [road] @ Greenmist [Parthenius's Band, ogres] ogres eye Parthenius's Band suspiciously — While decent folk lay sleeping avalanches rumbling in the distance. The peaks gleam with eternal snow. One solitary ogres, apparently startled. A non-aggression pact was established.
2025-01-02T01:00:00.000Z [road] @ Windleigh Northbeach Traders makes camp under escort — Road to Belfos (road) quiet tonight.
2025-01-02T02:00:00.000Z [road] @ Belfos The New Caravan makes camp under escort — Road to Minasfeld (road) quiet tonight.
2025-01-02T02:00:00.000Z [town] @ Greenmist Word spreads in Greenmist — Thieves struck near Belfos. The roads grow dangerous.
2025-01-02T02:00:00.000Z [town] @ Windleigh [Ilene] Construction continues on Ilene's stronghold — Masons and laborers work tirelessly. The foundations are deep and the walls rise.
2025-01-02T03:00:00.000Z [faction] @ Azmarin A new band appears near Azmarin — Alcandros's Band takes to the byways.
2025-01-02T03:00:00.000Z [town] @ Belfos [Izot] Izot masters a new spell: Fly — After weeks of intense study and meditation, the bard has unlocked new power.
2025-01-02T03:00:00.000Z [faction] [Order of the Hawk, The Storm Guild] Order of the Hawk proposes marriage alliance with The Storm Guild — Envoys are sent. Dowries discussed. A political wedding could reshape alliances.
2025-01-02T04:00:00.000Z [road] @ Greenmist [Parthenius's Band] Parthenius's Band ambushed by giant bats — Forced retreat; they fall back to regroup.
2025-01-02T05:00:00.000Z [town] @ Greenmist Mood darkens in Greenmist — Following recent events, the people's spirit sinks.
2025-01-02T06:00:00.000Z [system] The world turns (16th of Deepwinter, Year 1055) — 1 parties traveling, 2 resting. 0 threats lurk.
2025-01-02T06:00:00.000Z [road] @ Greenmist [Parthenius's Band] Parthenius's Band shadowed by ogre — Tense standoff; both sides withdraw before blades are drawn.
2025-01-02T06:00:00.000Z [faction] @ Belfos [The Hawk Compact] The Hawk Compact sends relief to Belfos — Wagons of grain and medicine roll toward the suffering. Compassion—or calculated politics?
2025-01-02T07:00:00.000Z [road] @ Greenmist [Parthenius's Band] Parthenius's Band spot signs of danger — The ruins of a dwarven waystation, recently looted.
2025-01-02T07:00:00.000Z [faction] @ Greenmist [Parthenius's Band] A new tale begins: "Parthenius's Band's Last Stand" — A deadly game of cat and mouse unfolds near Greenmist.
2025-01-02T08:00:00.000Z [town] @ Myrrka The Wandering Merchants arrives at Myrrka — Bringing livestock from Belfos with escorts under banner of Order of the Hawk.
2025-01-02T08:00:00.000Z [town] @ Myrrka Katixa arrives in Myrrka — guard from Myrrka
2025-01-02T08:00:00.000Z [town] @ Myrrka Wantelien arrives in Myrrka — bard from Minasfeld
2025-01-02T08:00:00.000Z [town] @ Minasfeld The New Caravan arrives at Minasfeld — Bringing grain/textiles from Belfos with escorts.
2025-01-02T08:00:00.000Z [town] @ Minasfeld Emlyn arrives in Minasfeld — scout from Minasfeld
2025-01-02T08:00:00.000Z [town] @ Minasfeld Ilene arrives in Minasfeld — bard from Windleigh
2025-01-02T09:00:00.000Z [town] @ Azmarin The Wandering Peddlers arrives at Azmarin — Bringing grain/textiles from Belfos with escorts.
2025-01-02T09:00:00.000Z [town] @ Azmarin Molora arrives in Azmarin — scout from Myrrka
2025-01-02T09:00:00.000Z [town] @ Azmarin Izot arrives in Azmarin — bard from Belfos
⏰ Catch-up progress: 19% (200/1008 turns)2025-01-02T10:00:00.000Z [road] @ Greenmist [Parthenius's Band, orc raiders] orc raiders eye Parthenius's Band suspiciously — Amid the bustle of morning trade wildflowers blooming briefly hung in the air. The peaks gleam with eternal snow. A band of war-painted orc raiders, performing war rituals. Both sides gained knowledge that might prove useful.
2025-01-02T12:00:00.000Z [system] The world turns (16th of Deepwinter, Year 1055) — 1 parties traveling, 2 resting. 0 threats lurk.
2025-01-02T12:00:00.000Z [road] @ Greenmist [Parthenius's Band, orc raiders] Parthenius's Band clash with orc raiders — While sensible folk sought shade the sharp crack of ice breaking. A band of tribal orc raiders, returning from a raid. Magic and steel combined to turn certain defeat into victory. Waterfalls plunging into deep pools marked the scene. The victors claim 37 coin worth of plunder.
2025-01-02T13:00:00.000Z [road] @ Greenmist [Parthenius's Band, Berolt's giant eagles] Parthenius's Band share a fire with wandering Berolt's giant eagles — While sensible folk sought shade the clean smell of glacial melt hung in the air. Two or three numerous giant eagles, emerging from concealment. Neither side wished to die today. Terms were agreed.
2025-01-02T13:00:00.000Z [faction] [Circle of the Dawn, The Storm Guild] Circle of the Dawn proposes marriage alliance with The Storm Guild — Envoys are sent. Dowries discussed. A political wedding could reshape alliances.
2025-01-02T14:00:00.000Z [road] @ Greenmist [Parthenius's Band] Parthenius's Band spot signs of danger — Giant footprints in the snow, each as long as a man is tall.
2025-01-02T14:00:00.000Z [faction] @ Belfos [The Storm Guild] The Storm Guild sends relief to Belfos — Wagons of grain and medicine roll toward the suffering. Compassion—or calculated politics?
2025-01-02T14:00:00.000Z [faction] @ Azmarin [Circle of the Dawn] Circle of the Dawn eyes Azmarin for its textiles — Desperate for textiles, the faction has decided to take the settlement by force.
2025-01-02T15:00:00.000Z [road] @ Greenmist [Parthenius's Band] Parthenius's Band shadowed by orc raiders — Tense standoff; both sides withdraw before blades are drawn.
2025-01-02T17:00:00.000Z [road] @ Greenmist [Parthenius's Band] Parthenius's Band ambushed by orc raiders — Casualties suffered in the rout.
2025-01-02T17:00:00.000Z [faction] @ Greenmist [Parthenius's Band] A new tale begins: "Fire in Greenmist" — Parthenius's Band strikes fast at Greenmist and withdraws before retaliation.
2025-01-02T17:00:00.000Z [road] @ Minasfeld The New Caravan makes camp under escort — Road to Belfos (road) quiet tonight.
2025-01-02T17:00:00.000Z [faction] @ Azmarin [Sons of the Wolf] Sons of the Wolf eyes Azmarin for its textiles — Desperate for textiles, the faction has decided to take the settlement by force.
2025-01-02T18:00:00.000Z [system] The world turns (16th of Deepwinter, Year 1055) — 1 parties traveling, 2 resting. 0 threats lurk.
2025-01-02T18:00:00.000Z [road] @ Greenmist [Parthenius's Band, goblins] goblins provide shelter from the weather — As bats took wing wind howling through rocky passes. The peaks gleam with eternal snow. Two or three cunning goblins, tracking something. A hostage exchange ensured good behavior.
2025-01-02T18:00:00.000Z [faction] @ Azmarin [The Hawk Compact] The Hawk Compact eyes Azmarin for its textiles — Desperate for textiles, the faction has decided to take the settlement by force.
2025-01-02T19:00:00.000Z [road] @ Greenmist [Parthenius's Band, orc raiders] orc raiders set traps for unwary Parthenius's Band — With the setting of the sun meteor impact craters on peaks. A handful of red-eyed in the dark orc raiders, returning from a raid. They exploited a momentary weakness in the enemy line.
2025-01-02T19:00:00.000Z [faction] [The Storm Guild, Sons of the Wolf] The Storm Guild proposes marriage alliance with Sons of the Wolf — Envoys are sent. Dowries discussed. A political wedding could reshape alliances.
2025-01-02T20:00:00.000Z [town] @ Greenmist Beroldus's Wagons arrives at Greenmist — Bringing salt/fish from Belfos with escorts under banner of Circle of the Dawn.
2025-01-02T20:00:00.000Z [town] @ Greenmist Mainardus arrives in Greenmist — scout from Azmarin
2025-01-02T20:00:00.000Z [town] @ Greenmist Eurydamus arrives in Greenmist — merchant from Windleigh
2025-01-02T20:00:00.000Z [town] @ Greenmist Rumor in Greenmist — Word spreads that Beroldus's Wagons of Circle of the Dawn reached Greenmist with salt/fish.
2025-01-02T20:00:00.000Z [town] @ Belfos Word spreads in Belfos — Thieves struck near Windleigh. The roads grow dangerous.
2025-01-02T20:00:00.000Z [town] @ Azmarin [Izot] Izot masters a new spell: Fireball — After weeks of intense study and meditation, the bard has unlocked new power.
2025-01-02T21:00:00.000Z [road] @ Greenmist [Parthenius's Band] Parthenius's Band shadowed by ogre — Tense standoff; both sides withdraw before blades are drawn.
2025-01-02T21:00:00.000Z [road] @ Minasfeld The New Caravan makes camp under escort — Road to Belfos (road) quiet tonight.
2025-01-02T21:00:00.000Z [road] @ Azmarin [The Wandering Peddlers, Sons of the Wolf] The Wandering Peddlers is raided! — Sons of the Wolf forces have intercepted the caravan en route to Belfos.
2025-01-02T21:00:00.000Z [town] @ Azmarin Trade routes near Azmarin grow dangerous — Merchants speak of losses. Some refuse to travel until the roads are secured.
2025-01-02T21:00:00.000Z [faction] @ Azmarin [Isusko] A new tale begins: "Blood on the Trail" — The hunt enters its final phase. One will not survive.
2025-01-02T22:00:00.000Z [road] @ Greenmist [Parthenius's Band, dwarven patrols] Parthenius's Band assist dwarven patrols with a broken wagon — By candlelight and hearth-glow the sharp crack of ice breaking. The peaks gleam with eternal snow. A handful of scarce dwarven patrols, watching warily. Cultural misunderstandings were resolved through patience.
2025-01-02T23:00:00.000Z [town] @ Belfos Northbeach Traders arrives at Belfos — Bringing grain/textiles from Windleigh with escorts.
2025-01-02T23:00:00.000Z [town] @ Belfos Cybele arrives in Belfos — guard from Windleigh
2025-01-02T23:00:00.000Z [town] @ Belfos Yllaria arrives in Belfos — merchant from Greenmist
2025-01-03T00:00:00.000Z [weather] @ Windleigh A blizzard blankets Windleigh — Snow piles high. Travel is impossible. The world shrinks to four walls.
2025-01-03T00:00:00.000Z [system] The world turns (16th of Deepwinter, Year 1055) — 1 parties traveling, 2 resting. 0 threats lurk.
2025-01-03T00:00:00.000Z [town] @ Belfos Belfos spirits high — Shortages in ore.
2025-01-03T00:00:00.000Z [town] @ Belfos Rumor in Belfos — Levies rumored to secure ore; officials say caravans delayed.
2025-01-03T00:00:00.000Z [road] @ Greenmist [Parthenius's Band] Parthenius's Band spot signs of danger — The ruins of a dwarven waystation, recently looted.
2025-01-03T00:00:00.000Z [town] @ Belfos Rumor in Belfos — Circle of the Dawn watches the markets quietly.
2025-01-03T00:00:00.000Z [town] @ Windleigh Windleigh folk watchful — Surplus ore and shortages in textiles/salt/livestock.
2025-01-03T00:00:00.000Z [town] @ Windleigh Rumor in Windleigh — official treasure: a drunken soldier says Soiartze heard of villagers hearing chanting at dusk (from Windleigh).
2025-01-03T00:00:00.000Z [town] @ Windleigh Rumor in Windleigh — Order of the Hawk watches the markets quietly.
2025-01-03T00:00:00.000Z [town] @ Azmarin Azmarin folk watchful — Surplus textiles/salt and shortages in timber/ore/livestock.
2025-01-03T00:00:00.000Z [town] @ Azmarin Rumor in Azmarin — Levies rumored to secure timber; officials say caravans delayed.
2025-01-03T00:00:00.000Z [town] @ Minasfeld Minasfeld folk watchful — Surplus livestock and shortages in salt.
2025-01-03T00:00:00.000Z [town] @ Minasfeld Rumor in Minasfeld — Order of the Hawk watches the markets quietly.
2025-01-03T00:00:00.000Z [town] @ Minasfeld Rumor in Minasfeld — Circle of the Dawn watches the markets quietly.
2025-01-03T00:00:00.000Z [town] @ Myrrka Katixa seen in Myrrka markets — guard haggles and swaps news.
2025-01-03T00:00:00.000Z [town] @ Myrrka Wantelien seen in Myrrka markets — bard haggles and swaps news.
2025-01-03T00:00:00.000Z [town] @ Myrrka Myrrka folk watchful — Surplus grain/textiles and shortages in salt.
2025-01-03T00:00:00.000Z [town] @ Myrrka Rumor in Myrrka — Levies rumored to secure salt; officials say caravans delayed.
2025-01-03T00:00:00.000Z [town] @ Greenmist Parthenius's Band hailed in Greenmist — Locals toast their exploits.
2025-01-03T00:00:00.000Z [town] @ Greenmist Greenmist tempers frayed — Surplus grain/textiles.
2025-01-03T00:00:00.000Z [town] @ Greenmist Rumor in Greenmist — Bargain prices on textiles; traders racing to Greenmist.
2025-01-03T00:00:00.000Z [town] @ Greenmist Rumor in Greenmist — Order of the Hawk watches the markets quietly.
2025-01-03T01:00:00.000Z [road] @ Greenmist [Parthenius's Band, yeti] Parthenius's Band watch yeti warily from cover — While decent folk lay sleeping fresh goat cheese from herds hung in the air. The peaks gleam with eternal snow. A solitary wary yeti, emerging from concealment. They vanished into the shadows before the enemy could react.
2025-01-03T01:00:00.000Z [road] @ Minasfeld [The New Caravan, Sons of the Wolf] The New Caravan is raided! — Sons of the Wolf forces have intercepted the caravan en route to Belfos.
2025-01-03T01:00:00.000Z [town] @ Minasfeld Trade routes near Minasfeld grow dangerous — Merchants speak of losses. Some refuse to travel until the roads are secured.
⏰ Catch-up progress: 29% (300/1008 turns)2025-01-03T02:00:00.000Z [road] @ Greenmist Beroldus's Wagons makes camp under escort — Road to Belfos (road) quiet tonight.
2025-01-03T03:00:00.000Z [road] @ Greenmist [Parthenius's Band] Parthenius's Band spot signs of danger — The ruins of a dwarven waystation, recently looted.
2025-01-03T04:00:00.000Z [road] @ Greenmist [Parthenius's Band, goblins] Parthenius's Band trade crafted goods with goblins — As even the taverns fell silent The peaks gleam with eternal snow. A single cunning goblins, arguing among themselves. Coin changed hands. Honor was satisfied, barely.
2025-01-03T05:00:00.000Z [dungeon] @ Greenmist [Parthenius's Band] Parthenius's Band discovers Cursed Forge — As the world stirred from slumber mountain goats leaping between boulders. They have found An ancient cursed forge from the First Age. Cursed Forge was once a center of magic before its fall.
2025-01-03T05:00:00.000Z [road] @ Azmarin [The Wandering Peddlers, Sons of the Wolf] The Wandering Peddlers is raided! — Sons of the Wolf forces have intercepted the caravan en route to Belfos.
2025-01-03T05:00:00.000Z [town] @ Azmarin Trade routes near Azmarin grow dangerous — Merchants speak of losses. Some refuse to travel until the roads are secured.
2025-01-03T06:00:00.000Z [system] The world turns (17th of Deepwinter, Year 1055) — 1 parties traveling, 2 resting. 0 threats lurk.
2025-01-03T06:00:00.000Z [faction] @ the region [Merilda] Payment Due: The story evolves. — The terms seemed fair once. They do not seem fair now.
2025-01-03T08:00:00.000Z [road] @ Greenmist [Parthenius's Band] Parthenius's Band spot orc raiders and avoid notice — They detour carefully, leaving only faint tracks.
2025-01-03T10:00:00.000Z [road] @ Greenmist [Parthenius's Band, Belaskita's wyverns] Tense standoff between Parthenius's Band and Belaskita's wyverns — As folk went about their labors the occasional boom of falling ice. A group of wary wyverns, apparently startled. They parted as wary allies rather than bitter enemies. Waterfalls plunging into deep pools marked the scene.
2025-01-03T10:00:00.000Z [town] @ Greenmist Word spreads in Greenmist — Thieves struck near Azmarin. The roads grow dangerous.
2025-01-03T11:00:00.000Z [road] @ Greenmist [Parthenius's Band] Parthenius's Band completes rest — Ready to travel again.
2025-01-03T11:00:00.000Z [town] @ Windleigh Word spreads in Windleigh — A valuable shipment was lost near Azmarin.
2025-01-03T11:00:00.000Z [town] @ Azmarin [Izot] Izot masters a new spell: Lightning Bolt — After weeks of intense study and meditation, the bard has unlocked new power.
2025-01-03T12:00:00.000Z [system] The world turns (17th of Deepwinter, Year 1055) — 1 parties traveling, 2 resting. 0 threats lurk.
2025-01-03T12:00:00.000Z [road] @ Greenmist [Parthenius's Band, wyverns] Parthenius's Band storm wyverns's stronghold — Under the high sun meteor impact craters on peaks. The peaks gleam with eternal snow. Two or three night-hunting wyverns, moving with purpose. A well-timed feint created the opening they needed. A well-timed spell from their caster turned the tide.
2025-01-03T12:00:00.000Z [road] @ Greenmist [Parthenius's Band] Parthenius's Band parley with orc raiders — Trade news and share a quick meal before parting ways.
2025-01-03T15:00:00.000Z [road] @ Greenmist Beroldus's Wagons makes camp under escort — Road to Belfos (road) quiet tonight.
2025-01-03T15:00:00.000Z [weather] @ Greenmist [Mainardus] Mainardus alters the weather — Through ancient incantations, the Elf calls forth fog over the region.
2025-01-03T16:00:00.000Z [road] @ Greenmist [Parthenius's Band, orc raiders] Parthenius's Band detour to avoid orc raiders's territory — As travelers grew road-weary ozone from lightning strikes hung in the air. A solitary red-eyed in the dark orc raiders, performing war rituals. They retreated in good order, minimizing losses.
2025-01-03T16:00:00.000Z [road] @ Greenmist [Parthenius's Band] Parthenius's Band spot ogre and avoid notice — They detour carefully, leaving only faint tracks.
2025-01-03T16:00:00.000Z [town] @ Belfos The Wandering Merchants arrives at Belfos — Bringing livestock from Myrrka with escorts under banner of Order of the Hawk.
2025-01-03T16:00:00.000Z [town] @ Belfos Katixa arrives in Belfos — guard from Myrrka
2025-01-03T16:00:00.000Z [town] @ Belfos Wantelien arrives in Belfos — bard from Minasfeld
2025-01-03T16:00:00.000Z [road] @ Belfos Northbeach Traders makes camp under escort — Road to Windleigh (road) quiet tonight.
2025-01-03T17:00:00.000Z [road] @ Greenmist [Parthenius's Band, trolls] Parthenius's Band battle trolls for control of the path — As lanterns were kindled streams bubbling over smooth stones. A single territorial trolls, watching warily. The fight was brief and brutal. The survivors withdrew.
2025-01-03T17:00:00.000Z [road] @ Belfos The Wandering Merchants makes camp under escort — Road to Myrrka (road) quiet tonight.
2025-01-03T18:00:00.000Z [system] The world turns (17th of Deepwinter, Year 1055) — 1 parties traveling, 2 resting. 0 threats lurk.
⏰ Catch-up progress: 39% (400/1008 turns)2025-01-03T19:00:00.000Z [road] @ Greenmist [Parthenius's Band] Parthenius's Band clash with ogre — Brief skirmish; foes driven off with minor bruises.
2025-01-03T19:00:00.000Z [road] @ Belfos [Yllaria] Yllaria flees Belfos — Driven by Parthenius's Band clash with orc raiders, they take to the road toward Greenmist.
2025-01-03T19:00:00.000Z [faction] @ Belfos [Yllaria] A new tale begins: "The Great Migration" — Everything is changing. The old order crumbles.
2025-01-03T21:00:00.000Z [town] @ Azmarin [Molora, Irantzu] Molora demands repayment from Irantzu — Patience has limits, even for gold.
2025-01-03T22:00:00.000Z [road] @ Greenmist [Parthenius's Band, yeti] yeti offer Parthenius's Band aid on the road — Under an indigo sky the sharp scent of juniper hung in the air. Several dangerous yeti, apparently startled. They found common ground in their mutual interests.
2025-01-03T23:00:00.000Z [town] @ Myrrka [Gawyne, Mainardus] Whispers of Gawyne and Mainardus meeting in secret — The affair continues, discretion be damned.
2025-01-04T00:00:00.000Z [system] The world turns (17th of Deepwinter, Year 1055) — 1 parties traveling, 2 resting. 0 threats lurk.
2025-01-04T00:00:00.000Z [weather] @ Minasfeld Minasfeld wakes to fresh snowfall — Sounds were muffled under the white covering.
2025-01-04T00:00:00.000Z [road] @ Greenmist [Parthenius's Band, goblins] Parthenius's Band and goblins find common cause — As owls hunted in darkness the splash of mountain streams. Fresh snow makes every path treacherous. Countless cunning goblins, tracking something. The exchange of gifts sealed the temporary truce.
2025-01-04T00:00:00.000Z [town] @ Belfos Peli seen in Belfos markets — priest haggles and swaps news.
2025-01-04T00:00:00.000Z [faction] @ Greenmist [Parthenius's Band, goblins] A new tale begins: "Secrets of Parthenius's Band" — Parthenius's Band uncovers clues to something best left buried.
2025-01-04T00:00:00.000Z [town] @ Belfos Cybele seen in Belfos markets — guard haggles and swaps news.
2025-01-04T00:00:00.000Z [town] @ Belfos Belfos folk watchful — Shortages in ore.
2025-01-04T00:00:00.000Z [town] @ Belfos Rumor in Belfos — Sons of the Wolf watches the markets quietly.
2025-01-04T00:00:00.000Z [town] @ Windleigh Windleigh tempers frayed — Surplus ore and shortages in textiles/salt/livestock.
2025-01-04T00:00:00.000Z [town] @ Windleigh Rumor in Windleigh — cryptic threat: a frightened child says Adelin heard of missing heirlooms traced toward Myrrka (from Windleigh).
2025-01-04T00:00:00.000Z [town] @ Windleigh Rumor in Windleigh — Order of the Hawk watches the markets quietly.
2025-01-04T00:00:00.000Z [town] @ Azmarin Azmarin folk watchful — Surplus textiles/salt and shortages in timber/ore/livestock.
2025-01-04T00:00:00.000Z [town] @ Azmarin Rumor in Azmarin — Bargain prices on textiles; traders racing to Azmarin.
2025-01-04T00:00:00.000Z [town] @ Azmarin Rumor in Azmarin — Sons of the Wolf watches the markets quietly.
2025-01-04T00:00:00.000Z [town] @ Azmarin Rumor in Azmarin — The Hawk Compact watches the markets quietly.
2025-01-04T00:00:00.000Z [town] @ Minasfeld Minasfeld tempers frayed — Surplus livestock.
2025-01-04T00:00:00.000Z [town] @ Minasfeld Rumor in Minasfeld — Bargain prices on livestock; traders racing to Minasfeld.
2025-01-04T00:00:00.000Z [town] @ Myrrka Irantzu seen in Myrrka markets — guard haggles and swaps news.
2025-01-04T00:00:00.000Z [town] @ Myrrka Gawyne seen in Myrrka markets — bard haggles and swaps news.
2025-01-04T00:00:00.000Z [town] @ Myrrka Myrrka tempers frayed — Surplus grain/textiles and shortages in salt.
2025-01-04T00:00:00.000Z [town] @ Myrrka Rumor in Myrrka — Levies rumored to secure salt; officials say caravans delayed.
2025-01-04T00:00:00.000Z [town] @ Myrrka Rumor in Myrrka — Order of the Hawk watches the markets quietly.
2025-01-04T00:00:00.000Z [town] @ Greenmist Greenmist tempers frayed — Surplus grain.
2025-01-04T00:00:00.000Z [town] @ Greenmist Rumor in Greenmist — official mystery: an old map fragment says Blaunche heard of bandits offering odd coins (from Greenmist).
2025-01-04T01:00:00.000Z [road] @ Greenmist [Parthenius's Band, ogres] ogres communicate through gestures and signs — While decent folk lay sleeping hot springs steaming in rocky basins. One red-eyed in the dark ogres, emerging from concealment. A hostage exchange ensured good behavior. A glacier grinding slowly downward marked the scene.
2025-01-04T01:00:00.000Z [town] @ Minasfeld [Theodric] Theodric falls ill — The scout takes to their bed. Healers are summoned.
2025-01-04T02:00:00.000Z [road] @ Greenmist Beroldus's Wagons makes camp under escort — Road to Belfos (road) quiet tonight.
2025-01-04T02:00:00.000Z [town] @ Myrrka Word spreads in Myrrka — Thieves struck near Azmarin. The roads grow dangerous.
2025-01-04T03:00:00.000Z [road] @ Greenmist [Parthenius's Band, orc raiders] orc raiders offer Parthenius's Band aid on the road — As even the taverns fell silent wild mint growing in cracks hung in the air. Many disciplined orc raiders, quarreling over spoils. They reached an accommodation that served both sides.
2025-01-04T03:00:00.000Z [road] @ Minasfeld [The New Caravan, Sons of the Wolf] The New Caravan is raided! — Sons of the Wolf forces have intercepted the caravan en route to Belfos.
2025-01-04T03:00:00.000Z [town] @ Minasfeld Trade routes near Minasfeld grow dangerous — Merchants speak of losses. Some refuse to travel until the roads are secured.
2025-01-04T03:00:00.000Z [town] @ Greenmist [Eryalus] Eryalus spreads tales — The laborer speaks openly of Parthenius's Band clash with ogre. The story grows in the telling.
2025-01-04T03:00:00.000Z [town] @ Minasfeld Mood darkens in Minasfeld — Following recent events, the people's spirit sinks.
2025-01-04T03:00:00.000Z [town] @ Greenmist Word spreads in Greenmist — Eryalus tells all who will listen: "Parthenius's Band clash with ogre." The tale spreads.
2025-01-04T03:00:00.000Z [faction] [Sons of the Wolf, The Storm Guild] Sons of the Wolf proposes marriage alliance with The Storm Guild — Envoys are sent. Dowries discussed. A political wedding could reshape alliances.
2025-01-04T04:00:00.000Z [town] @ Belfos Beroldus's Wagons arrives at Belfos — Bringing salt/fish from Greenmist with escorts under banner of Circle of the Dawn.
2025-01-04T04:00:00.000Z [town] @ Belfos Mainardus arrives in Belfos — scout from Azmarin
2025-01-04T04:00:00.000Z [town] @ Belfos Eurydamus arrives in Belfos — merchant from Windleigh
2025-01-04T04:00:00.000Z [faction] @ Greenmist [Eadmund, Sons of the Wolf] Eadmund seeks Sons of the Wolf's protection — Frightened by Parthenius's Band battle trolls for control of the path, the laborer appeals to the martial faction.
2025-01-04T05:00:00.000Z [road] @ Greenmist [Parthenius's Band, orc raiders] Parthenius's Band trade news with passing orc raiders — As the world stirred from slumber meteor impact craters on peaks. Several red-eyed in the dark orc raiders, returning from a raid. Coin changed hands. Honor was satisfied, barely.
2025-01-04T06:00:00.000Z [system] The world turns (18th of Deepwinter, Year 1055) — 1 parties traveling, 2 resting. 0 threats lurk.
2025-01-04T06:00:00.000Z [road] @ Greenmist [Parthenius's Band] Parthenius's Band discovers The Glowing Pillar — With the first cock-crow a glacier grinding slowly downward. A glowing pillar, swallowing all sound around it. They uncover a fragment of lost history.
2025-01-04T06:00:00.000Z [town] @ Myrrka [Gawyne, Mainardus] Gawyne seen leaving Mainardus's lodgings at dawn — Some say passion; others say scandal.
2025-01-04T07:00:00.000Z [road] @ Greenmist [Parthenius's Band, orc raiders] Parthenius's Band battle orc raiders for control of the path — As folk went about their labors glaciers carving valleys below. A handful of red-eyed in the dark orc raiders, scouting for targets. Blades flashed in the uncertain light. When it ended, the way was clear. Crystal formations in cave mouths marked the scene.
2025-01-04T07:00:00.000Z [town] @ Windleigh Northbeach Traders arrives at Windleigh — Bringing grain/textiles from Belfos with escorts.
2025-01-04T07:00:00.000Z [town] @ Windleigh Cybele arrives in Windleigh — guard from Windleigh
2025-01-04T07:00:00.000Z [town] @ Windleigh Yllaria arrives in Windleigh — merchant from Greenmist
2025-01-04T07:00:00.000Z [faction] @ the region [Merilda] Payment Due: The story evolves. — The terms seemed fair once. They do not seem fair now.
2025-01-04T08:00:00.000Z [faction] @ Belfos [Eurydamus, Order of the Hawk] Eurydamus seeks Order of the Hawk's protection — Frightened by Parthenius's Band battle trolls for control of the path, the merchant appeals to the pious faction.
2025-01-04T10:00:00.000Z [road] @ Greenmist [Parthenius's Band, goblins] Parthenius's Band band together with goblins against a common threat — Under a brightening sky wildflowers blooming briefly hung in the air. A few night-hunting goblins, worshipping a crude idol. Neither side wished to die today. Terms were agreed.
2025-01-04T11:00:00.000Z [road] @ Greenmist [Parthenius's Band, dwarven patrols] Tense standoff between Parthenius's Band and dwarven patrols — As shadows pooled beneath eaves fresh snow and ice crystals hung in the air. A lone shadow-cloaked dwarven patrols, watching warily. Survival trumped victory in this encounter.
2025-01-04T11:00:00.000Z [road] @ Greenmist [Parthenius's Band] Parthenius's Band completes rest — Ready to travel again.
⏰ Catch-up progress: 49% (500/1008 turns)2025-01-04T12:00:00.000Z [system] The world turns (18th of Deepwinter, Year 1055) — 1 parties traveling, 2 resting. 0 threats lurk.
2025-01-04T12:00:00.000Z [road] @ Belfos The Wandering Merchants makes camp under escort — Road to Myrrka (road) quiet tonight.
2025-01-04T12:00:00.000Z [road] @ Belfos [Beroldus's Wagons, Sons of the Wolf] Beroldus's Wagons is raided! — Sons of the Wolf forces have intercepted the caravan en route to Greenmist.
2025-01-04T12:00:00.000Z [town] @ Belfos Trade routes near Belfos grow dangerous — Merchants speak of losses. Some refuse to travel until the roads are secured.
2025-01-04T13:00:00.000Z [road] @ Greenmist [Parthenius's Band] Parthenius's Band clash with goblins — Brief skirmish; foes driven off with minor bruises.
2025-01-04T13:00:00.000Z [road] @ Belfos The Wandering Merchants makes camp under escort — Road to Myrrka (road) quiet tonight.
2025-01-04T13:00:00.000Z [town] @ Belfos The Wandering Peddlers arrives at Belfos — Bringing grain/textiles from Azmarin with escorts.
2025-01-04T13:00:00.000Z [town] @ Belfos Molora arrives in Belfos — scout from Myrrka
2025-01-04T13:00:00.000Z [town] @ Belfos Izot arrives in Belfos — bard from Belfos
2025-01-04T15:00:00.000Z [town] @ Greenmist [Yllaria] Yllaria arrives in Greenmist — The refugee finds uncertain welcome in their new home.
2025-01-04T15:00:00.000Z [town] @ Greenmist [Eryalus] Eryalus vows vengeance — Following Parthenius's Band battle orc raiders for control of the path, the laborer swears an oath that cannot go unanswered.
2025-01-04T15:00:00.000Z [road] @ Greenmist [Eadmund] Eadmund flees Greenmist — Driven by Parthenius's Band battle orc raiders for control of the path, they take to the road toward Azmarin.
2025-01-04T16:00:00.000Z [road] @ Greenmist [Parthenius's Band] Parthenius's Band spot signs of danger — Eagle cries echo, but no birds are visible.
2025-01-04T16:00:00.000Z [town] @ Belfos The New Caravan arrives at Belfos — Bringing grain/textiles from Minasfeld with escorts.
2025-01-04T16:00:00.000Z [town] @ Belfos Emlyn arrives in Belfos — scout from Minasfeld
2025-01-04T16:00:00.000Z [town] @ Belfos Ilene arrives in Belfos — bard from Windleigh
2025-01-04T16:00:00.000Z [road] @ Belfos Beroldus's Wagons makes camp under escort — Road to Greenmist (road) quiet tonight.
2025-01-04T16:00:00.000Z [town] @ Belfos Word spreads in Belfos — A valuable shipment was lost near Minasfeld.
2025-01-04T17:00:00.000Z [road] @ Greenmist [Parthenius's Band, goblins] goblins follow Parthenius's Band at a safe distance — As purple shadows gathered the ruins of a dwarven gatehouse. A handful of night-hunting goblins, arguing among themselves. They faded into the wilderness, leaving no trail.
2025-01-04T18:00:00.000Z [system] The world turns (18th of Deepwinter, Year 1055) — 1 parties traveling, 2 resting. 0 threats lurk.
2025-01-04T18:00:00.000Z [road] @ Greenmist [Parthenius's Band] Parthenius's Band clash with ogre — Brief skirmish; foes driven off with minor bruises.
2025-01-04T19:00:00.000Z [road] @ Greenmist [Parthenius's Band, wyverns] wyverns block the path but allow passage — As lanterns were kindled A handful of night-hunting wyverns, watching warily. They parted as wary allies rather than bitter enemies. Stone cairns marking safe paths marked the scene.
2025-01-04T19:00:00.000Z [road] @ Belfos [The Wandering Merchants, Sons of the Wolf] The Wandering Merchants is raided! — Sons of the Wolf forces have intercepted the caravan en route to Myrrka.
2025-01-04T19:00:00.000Z [faction] @ Belfos [The Wandering Merchants, Sons of the Wolf] A new tale begins: "Burning Dawn" — Hit and run tactics terrorize Belfos.
2025-01-04T19:00:00.000Z [town] @ Belfos Trade routes near Belfos grow dangerous — Merchants speak of losses. Some refuse to travel until the roads are secured.
2025-01-04T21:00:00.000Z [road] @ Greenmist [Parthenius's Band, dwarven patrols] Parthenius's Band trade crafted goods with dwarven patrols — Under an indigo sky thunder rolling between peaks. Fresh snow makes every path treacherous. Many shadow-cloaked dwarven patrols, watching warily. A non-aggression pact was established.
2025-01-04T21:00:00.000Z [road] @ Belfos The Wandering Peddlers makes camp under escort — Road to Azmarin (road) quiet tonight.
2025-01-04T21:00:00.000Z [town] @ Minasfeld [Hans-Ruedi] Construction continues on Hans-Ruedi's stronghold — Masons and laborers work tirelessly. The foundations are deep and the walls rise.
2025-01-04T22:00:00.000Z [road] @ Greenmist [Parthenius's Band, goblins] Parthenius's Band and goblins find common cause — As the stars emerged one by one snow-capped peaks gleaming in sunlight. Many sneaky goblins, setting crude traps. A hostage exchange ensured good behavior. Ancient petroglyphs on cliff walls marked the scene.
2025-01-04T22:00:00.000Z [town] @ Minasfeld Word spreads in Minasfeld — Thieves struck near Belfos. The roads grow dangerous.
2025-01-04T23:00:00.000Z [road] @ Belfos The Wandering Merchants makes camp under escort — Road to Myrrka (road) quiet tonight.
2025-01-04T23:00:00.000Z [road] @ Belfos Beroldus's Wagons makes camp under escort — Road to Greenmist (road) quiet tonight.
2025-01-05T00:00:00.000Z [system] The world turns (18th of Deepwinter, Year 1055) — 1 parties traveling, 2 resting. 0 threats lurk.
2025-01-05T00:00:00.000Z [weather] @ Azmarin Blue skies over Azmarin — Not a cloud marred the heavens.
2025-01-05T00:00:00.000Z [weather] @ Azmarin Cabin fever grips Azmarin — Trapped together, old tensions boil over. A fight erupts.
2025-01-05T00:00:00.000Z [road] @ Azmarin [Alcandros's Band] Alcandros's Band departs Azmarin — Bound for Windleigh across hills (~12 miles).
2025-01-05T00:00:00.000Z [town] @ Belfos Belfos folk watchful — Surplus grain/textiles and shortages in timber/ore.
2025-01-05T00:00:00.000Z [town] @ Belfos Rumor in Belfos — Levies rumored to secure ore; officials say caravans delayed.
2025-01-05T00:00:00.000Z [town] @ Belfos Rumor in Belfos — Circle of the Dawn watches the markets quietly.
2025-01-05T00:00:00.000Z [town] @ Windleigh Windleigh folk watchful — Surplus ore and shortages in salt/livestock.
2025-01-05T00:00:00.000Z [town] @ Windleigh Rumor in Windleigh — Levies rumored to secure livestock; officials say caravans delayed.
2025-01-05T00:00:00.000Z [town] @ Azmarin Eadmund seen in Azmarin markets — laborer haggles and swaps news.
2025-01-05T00:00:00.000Z [town] @ Azmarin Azmarin folk watchful — Surplus textiles/salt and shortages in timber/ore/fish/livestock.
2025-01-05T00:00:00.000Z [town] @ Minasfeld Minasfeld tempers frayed — Surplus livestock.
2025-01-05T00:00:00.000Z [town] @ Minasfeld Rumor in Minasfeld — conflicting threat: an old map fragment says Edgyth heard of a sealed door that hums at night (from Minasfeld).
2025-01-05T00:00:00.000Z [town] @ Myrrka Myrrka tempers frayed — Surplus grain/textiles and shortages in salt.
2025-01-05T00:00:00.000Z [town] @ Myrrka Rumor in Myrrka — Levies rumored to secure salt; officials say caravans delayed.
2025-01-05T00:00:00.000Z [town] @ Myrrka Rumor in Myrrka — The Storm Guild watches the markets quietly.
2025-01-05T00:00:00.000Z [town] @ Myrrka Rumor in Myrrka — The Hawk Compact watches the markets quietly.
2025-01-05T00:00:00.000Z [town] @ Greenmist Eryalus seen in Greenmist markets — laborer haggles and swaps news.
2025-01-05T00:00:00.000Z [town] @ Greenmist Greenmist tempers frayed — Surplus grain/textiles.
2025-01-05T00:00:00.000Z [town] @ Greenmist Rumor in Greenmist — conflicting threat: a bard fresh from the road says Swetyne heard of strange lights near Myrrka (from Greenmist).
2025-01-05T00:00:00.000Z [road] @ Azmarin [Smaug-spawn] Smaug-spawn Bane of Kingdoms spotted near Azmarin — Scales like black iron, eyes like dying suns. Travelers flee in terror. Ancient lore suggests: Only a sacrifice of love can end it.
2025-01-05T01:00:00.000Z [road] @ Azmarin [Alcandros's Band] Alcandros's Band spot signs of danger — Crude totems mark a boundary. You have been warned.
2025-01-05T01:00:00.000Z [faction] @ Azmarin [Alcandros's Band] A new tale begins: "Alcandros's Band's Last Stand" — A deadly game of cat and mouse unfolds near Azmarin.
2025-01-05T01:00:00.000Z [road] @ Azmarin [Alcandros's Band] Alcandros's Band discovers The Obsidian Cairn — As owls hunted in darkness juniper berries on low bushes hung in the air. A obsidian cairn, humming a low, vibrating note. They find a marking pointing toward a hidden cache.
2025-01-05T01:00:00.000Z [road] @ Azmarin [Alcandros's Band] Alcandros's Band shadowed by brigands — Tense standoff; both sides withdraw before blades are drawn.
2025-01-05T01:00:00.000Z [town] @ Azmarin Word spreads in Azmarin — Thieves struck near Minasfeld. The roads grow dangerous.
2025-01-05T01:00:00.000Z [town] @ Minasfeld [Theodric] Theodric is dying — The end approaches for the scout. Family and rivals alike watch and wait.
⏰ Catch-up progress: 59% (600/1008 turns)2025-01-05T04:00:00.000Z [road] @ Azmarin [Alcandros's Band] Alcandros's Band shadowed by brigands — Tense standoff; both sides withdraw before blades are drawn.
2025-01-05T04:00:00.000Z [town] @ Azmarin [Eadmund] Eadmund vows vengeance — Following Parthenius's Band clash with ogre, the laborer swears an oath that cannot go unanswered.
2025-01-05T05:00:00.000Z [road] @ Azmarin [Alcandros's Band, Smaug-spawn] Alcandros's Band flees Smaug-spawn Bane of Kingdoms — The legendary dragon proves too powerful. They escape with their lives—barely.
2025-01-05T05:00:00.000Z [road] @ Belfos The Wandering Merchants makes camp under escort — Road to Myrrka (road) quiet tonight.
2025-01-05T05:00:00.000Z [road] @ Belfos The Wandering Merchants reports losses — Supplies spoiled en route; banners of Order of the Hawk tarnished.
2025-01-05T05:00:00.000Z [town] @ Belfos Rumor in Belfos — The Wandering Merchants of Order of the Hawk lost goods on the road; prices may shift.
2025-01-05T05:00:00.000Z [road] @ Belfos Beroldus's Wagons makes camp under escort — Road to Greenmist (road) quiet tonight.
2025-01-05T05:00:00.000Z [faction] @ Greenmist [Parthenius's Band, goblins] Secrets of Parthenius's Band: Ancient ruins yield cryptic messages. Parthenius's Band remains driven by personal vendetta. — Parthenius's Band uncovers clues to something best left buried.
2025-01-05T06:00:00.000Z [system] The world turns (19th of Deepwinter, Year 1055) — 2 parties traveling, 1 resting. 0 threats lurk.
2025-01-05T06:00:00.000Z [road] @ Greenmist [Parthenius's Band] Parthenius's Band spot signs of danger — Giant footprints in the snow, each as long as a man is tall.
2025-01-05T06:00:00.000Z [road] @ Greenmist [Parthenius's Band, wyverns] Parthenius's Band detour to avoid wyverns's territory — While dew pearled on grass and stone avalanches rumbling in the distance. The peaks gleam with eternal snow. A company of red-eyed in the dark wyverns, apparently startled. The negotiation revealed unexpected shared values. Crystal formations in cave mouths marked the scene.
2025-01-05T06:00:00.000Z [road] @ Azmarin [Alcandros's Band] Alcandros's Band discovers The Eerie Monolith — While dew pearled on grass and stone mist pooling in the valleys below. A eerie monolith, home to a silent, white-haired hermit. A light heart and swift feet follow them.
2025-01-05T06:00:00.000Z [town] @ Myrrka Word spreads in Myrrka — A valuable shipment was lost near Belfos.
2025-01-05T06:00:00.000Z [town] @ Greenmist Word spreads in Greenmist — A valuable shipment was lost near Belfos.
2025-01-05T06:00:00.000Z [faction] @ Belfos [Circle of the Dawn] Circle of the Dawn eyes Belfos for its textiles — Desperate for textiles, the faction has decided to take the settlement by force.
2025-01-05T07:00:00.000Z [road] @ Windleigh [Northbeach Traders, Sons of the Wolf] Northbeach Traders is raided! — Sons of the Wolf forces have intercepted the caravan en route to Belfos.
2025-01-05T07:00:00.000Z [town] @ Windleigh Trade routes near Windleigh grow dangerous — Merchants speak of losses. Some refuse to travel until the roads are secured.
2025-01-05T08:00:00.000Z [road] @ Azmarin [Alcandros's Band] Alcandros's Band shadowed by goblins — Tense standoff; both sides withdraw before blades are drawn.
2025-01-05T08:00:00.000Z [road] @ Windleigh Northbeach Traders makes camp under escort — Road to Belfos (road) quiet tonight.
2025-01-05T08:00:00.000Z [road] @ Belfos [The Wandering Peddlers, Sons of the Wolf] The Wandering Peddlers is raided! — Sons of the Wolf forces have intercepted the caravan en route to Azmarin.
2025-01-05T08:00:00.000Z [town] @ Belfos Trade routes near Belfos grow dangerous — Merchants speak of losses. Some refuse to travel until the roads are secured.
2025-01-05T09:00:00.000Z [road] @ Greenmist [Parthenius's Band, yeti] yeti communicate through gestures and signs — Under a brightening sky The peaks gleam with eternal snow. A lone territorial yeti, apparently startled. A hostage exchange ensured good behavior. Glaciers carving valleys below marked the scene.
2025-01-05T09:00:00.000Z [town] @ Azmarin Word spreads in Azmarin — Thieves struck near Belfos. The roads grow dangerous.
2025-01-05T10:00:00.000Z [road] @ Azmarin [Alcandros's Band] Alcandros's Band spot ogre and avoid notice — They detour carefully, leaving only faint tracks.
2025-01-05T10:00:00.000Z [town] @ Greenmist Word spreads in Greenmist — Explorers speak of a strange discovery near Greenmist.
2025-01-05T11:00:00.000Z [road] @ Belfos The Wandering Peddlers makes camp under escort — Road to Azmarin (road) quiet tonight.
2025-01-05T11:00:00.000Z [faction] @ Greenmist [Circle of the Dawn] Circle of the Dawn seeks retribution — Mages of Circle of the Dawn prepare mystical vengeance on Greenmist.
2025-01-05T12:00:00.000Z [system] The world turns (19th of Deepwinter, Year 1055) — 2 parties traveling, 1 resting. 0 threats lurk.
2025-01-05T12:00:00.000Z [road] @ Azmarin [Alcandros's Band, goatherds] goatherds attack Alcandros's Band without warning — As the bell tolled the sixth hour stone circles on hilltops. Several aggressive goatherds, emerging from concealment. The battle was lost, but the war continued.
2025-01-05T12:00:00.000Z [town] @ Myrrka The Wandering Merchants arrives at Myrrka — Bringing livestock from Belfos with escorts under banner of Order of the Hawk.
2025-01-05T12:00:00.000Z [town] @ Myrrka Katixa arrives in Myrrka — guard from Myrrka
2025-01-05T12:00:00.000Z [town] @ Myrrka Wantelien arrives in Myrrka — bard from Minasfeld
2025-01-05T12:00:00.000Z [town] @ Myrrka Rumor in Myrrka — Word spreads that The Wandering Merchants of Order of the Hawk reached Myrrka with livestock.
2025-01-05T13:00:00.000Z [road] @ Azmarin [Alcandros's Band, brigands] brigands poison Alcandros's Band's water supply — Under the high sun hawk nests on rocky outcrops. A group of seasoned brigands, moving with purpose. They faded into the wilderness, leaving no trail.
2025-01-05T13:00:00.000Z [road] @ Greenmist [Eryalus] Eryalus flees Greenmist — Driven by Parthenius's Band clash with goblins, they take to the road toward Myrrka.
2025-01-05T13:00:00.000Z [town] @ Azmarin [Eadmund] Eadmund arrives in Azmarin — The refugee finds uncertain welcome in their new home.
2025-01-05T13:00:00.000Z [town] @ Myrrka [Gawyne] Construction continues on Gawyne's stronghold — Masons and laborers work tirelessly. The foundations are deep and the walls rise.
2025-01-05T14:00:00.000Z [road] @ Belfos [The Wandering Peddlers, Sons of the Wolf] The Wandering Peddlers is raided! — Sons of the Wolf forces have intercepted the caravan en route to Azmarin.
2025-01-05T14:00:00.000Z [town] @ Belfos Trade routes near Belfos grow dangerous — Merchants speak of losses. Some refuse to travel until the roads are secured.
2025-01-05T15:00:00.000Z [road] @ Greenmist [Parthenius's Band] Parthenius's Band spot signs of danger — The ruins of a dwarven waystation, recently looted.
2025-01-05T15:00:00.000Z [road] @ Greenmist [Parthenius's Band, goblins] Parthenius's Band band together with goblins against a common threat — While the sun began its descent the occasional boom of falling ice. The peaks gleam with eternal snow. Many shadow-cloaked goblins, arguing among themselves. They agreed to respect each other's territories. Waterfalls plunging into deep pools marked the scene.
2025-01-05T16:00:00.000Z [road] @ Greenmist [Parthenius's Band] Parthenius's Band spot signs of danger — Giant footprints in the snow, each as long as a man is tall.
2025-01-05T16:00:00.000Z [road] @ Greenmist [Parthenius's Band] Parthenius's Band clash with orc raiders — Brief skirmish; foes driven off with minor bruises.
2025-01-05T16:00:00.000Z [road] @ Azmarin [Alcandros's Band] Alcandros's Band ambushed by ogre — Forced retreat; they fall back to regroup.
2025-01-05T17:00:00.000Z [road] @ Windleigh [Northbeach Traders, Sons of the Wolf] Northbeach Traders is raided! — Sons of the Wolf forces have intercepted the caravan en route to Belfos.
2025-01-05T17:00:00.000Z [town] @ Windleigh Trade routes near Windleigh grow dangerous — Merchants speak of losses. Some refuse to travel until the roads are secured.
2025-01-05T18:00:00.000Z [system] The world turns (19th of Deepwinter, Year 1055) — 2 parties traveling, 1 resting. 0 threats lurk.
2025-01-05T18:00:00.000Z [town] @ Myrrka Word spreads in Myrrka — A valuable shipment was lost near Belfos.
2025-01-05T19:00:00.000Z [faction] @ Belfos [The Hawk Compact] The Hawk Compact eyes Belfos for its textiles — Desperate for textiles, the faction has decided to take the settlement by force.
2025-01-05T20:00:00.000Z [town] @ Greenmist Beroldus's Wagons arrives at Greenmist — Bringing salt/fish from Belfos with escorts under banner of Circle of the Dawn.
2025-01-05T20:00:00.000Z [town] @ Greenmist Mainardus arrives in Greenmist — scout from Azmarin
2025-01-05T20:00:00.000Z [town] @ Greenmist Eurydamus arrives in Greenmist — merchant from Windleigh
2025-01-05T20:00:00.000Z [town] @ Greenmist Rumor in Greenmist — Word spreads that Beroldus's Wagons of Circle of the Dawn reached Greenmist with salt/fish.
2025-01-05T20:00:00.000Z [faction] [The Hawk Compact, The Storm Guild] The Hawk Compact proposes marriage alliance with The Storm Guild — Envoys are sent. Dowries discussed. A political wedding could reshape alliances.
⏰ Catch-up progress: 69% (700/1008 turns)2025-01-05T21:00:00.000Z [road] @ Azmarin [Alcandros's Band, brigands] Alcandros's Band clash with brigands — As songs rose from dim taverns juniper berries on low bushes hung in the air. Many shadow-cloaked brigands, watching warily. Survival trumped victory in this encounter.
2025-01-05T21:00:00.000Z [town] @ Greenmist [Eryalus] Eryalus makes their move — The vengeance long promised by the laborer comes to pass.
2025-01-05T22:00:00.000Z [road] @ Greenmist [Parthenius's Band, Lovet's orc raiders] Parthenius's Band hunt down marauding Lovet's orc raiders — Under an indigo sky Several shadow-cloaked orc raiders, scouting for targets. Steel rang and blood was spilled, but they prevailed. Copper deposits staining rock faces green marked the scene.
2025-01-05T22:00:00.000Z [road] @ Belfos The New Caravan makes camp under escort — Road to Minasfeld (road) quiet tonight.
2025-01-05T23:00:00.000Z [road] @ Greenmist [Parthenius's Band, Wilecoc's orc raiders] Parthenius's Band share trail rations with hungry Wilecoc's orc raiders — Under a canopy of stars wind whistling through cave entrances. Several night-hunting orc raiders, scouting for targets. Diplomacy prevailed where force might have failed.
2025-01-05T23:00:00.000Z [faction] @ Greenmist [Parthenius's Band] Fire in Greenmist: Survivors tell tales of the attackers. Parthenius's Band remains driven by personal vendetta. — Parthenius's Band strikes fast at Greenmist and withdraws before retaliation.
2025-01-05T23:00:00.000Z [faction] @ Belfos [Yllaria] The Great Migration: The journey tests resolve. — Everything is changing. The old order crumbles.
2025-01-06T00:00:00.000Z [town] @ Belfos Peli seen in Belfos markets — priest haggles and swaps news.
2025-01-06T00:00:00.000Z [system] The world turns (19th of Deepwinter, Year 1055) — 2 parties traveling, 1 resting. 0 threats lurk.
2025-01-06T00:00:00.000Z [town] @ Belfos Ilene seen in Belfos markets — bard haggles and swaps news.
2025-01-06T00:00:00.000Z [road] @ Greenmist [Parthenius's Band, giant eagles] Parthenius's Band move slowly to avoid alarming giant eagles — While decent folk lay sleeping crystal formations in cave mouths. A few shadow-cloaked giant eagles, moving with purpose. They left the meeting with hope for peaceful coexistence.
2025-01-06T00:00:00.000Z [town] @ Belfos Belfos folk watchful — Surplus textiles and shortages in timber/ore.
2025-01-06T00:00:00.000Z [town] @ Minasfeld The New Caravan arrives at Minasfeld — Bringing grain/textiles from Belfos with escorts.
2025-01-06T00:00:00.000Z [town] @ Belfos Rumor in Belfos — Levies rumored to secure ore; officials say caravans delayed.
2025-01-06T00:00:00.000Z [town] @ Minasfeld Emlyn arrives in Minasfeld — scout from Minasfeld
2025-01-06T00:00:00.000Z [town] @ Belfos Rumor in Belfos — The Storm Guild watches the markets quietly.
2025-01-06T00:00:00.000Z [town] @ Minasfeld Ilene arrives in Minasfeld — bard from Windleigh
2025-01-06T00:00:00.000Z [town] @ Windleigh Cybele seen in Windleigh markets — guard haggles and swaps news.
2025-01-06T00:00:00.000Z [town] @ Windleigh Word spreads in Windleigh — A valuable shipment was lost near Belfos.
2025-01-06T00:00:00.000Z [town] @ Windleigh Yllaria seen in Windleigh markets — merchant haggles and swaps news.
2025-01-06T00:00:00.000Z [town] @ Windleigh Windleigh tempers frayed — Surplus ore and shortages in salt/livestock.
2025-01-06T00:00:00.000Z [town] @ Windleigh Rumor in Windleigh — Levies rumored to secure salt; officials say caravans delayed.
2025-01-06T00:00:00.000Z [town] @ Azmarin Azmarin tempers frayed — Surplus textiles/salt and shortages in timber/ore/livestock.
2025-01-06T00:00:00.000Z [town] @ Azmarin Rumor in Azmarin — Levies rumored to secure livestock; officials say caravans delayed.
2025-01-06T00:00:00.000Z [town] @ Minasfeld Minasfeld tempers frayed — Surplus livestock.
2025-01-06T00:00:00.000Z [town] @ Minasfeld Rumor in Minasfeld — The Storm Guild watches the markets quietly.
2025-01-06T00:00:00.000Z [town] @ Minasfeld Rumor in Minasfeld — Order of the Hawk watches the markets quietly.
2025-01-06T00:00:00.000Z [town] @ Myrrka Katixa seen in Myrrka markets — guard haggles and swaps news.
2025-01-06T00:00:00.000Z [town] @ Myrrka Eryalus seen in Myrrka markets — laborer haggles and swaps news.
2025-01-06T00:00:00.000Z [town] @ Myrrka Myrrka tempers frayed — Surplus grain/textiles and shortages in salt.
2025-01-06T00:00:00.000Z [town] @ Myrrka Rumor in Myrrka — Bargain prices on textiles; traders racing to Myrrka.
2025-01-06T00:00:00.000Z [town] @ Myrrka Rumor in Myrrka — The Hawk Compact watches the markets quietly.
2025-01-06T00:00:00.000Z [town] @ Greenmist Parthenius's Band hailed in Greenmist — Locals toast their exploits.
2025-01-06T00:00:00.000Z [town] @ Greenmist Greenmist tempers frayed — Surplus grain/textiles.
2025-01-06T00:00:00.000Z [town] @ Greenmist Rumor in Greenmist — official missing: a wandering priest says Lamus heard of a sealed door that hums at night (from Greenmist).
2025-01-06T01:00:00.000Z [road] @ Greenmist [Parthenius's Band] Parthenius's Band spot signs of danger — A cairn of skulls marks a territorial boundary.
2025-01-06T01:00:00.000Z [faction] @ Belfos [Sons of the Wolf] Sons of the Wolf eyes Belfos for its textiles — Desperate for textiles, the faction has decided to take the settlement by force.
2025-01-06T01:00:00.000Z [town] @ Minasfeld [Theodric] Theodric has died — The scout passes away from old age. They will be remembered.
2025-01-06T03:00:00.000Z [road] @ Myrrka [The Wandering Merchants, Sons of the Wolf] The Wandering Merchants is raided! — Sons of the Wolf forces have intercepted the caravan en route to Belfos.
2025-01-06T03:00:00.000Z [town] @ Myrrka Trade routes near Myrrka grow dangerous — Merchants speak of losses. Some refuse to travel until the roads are secured.
2025-01-06T03:00:00.000Z [faction] @ Azmarin [Isusko] Blood on the Trail: The chase crosses into forbidden forgotten crypt. — The hunt enters its final phase. One will not survive.
2025-01-06T04:00:00.000Z [road] @ Greenmist [Parthenius's Band] Parthenius's Band spot signs of danger — Eagle cries echo, but no birds are visible.
2025-01-06T04:00:00.000Z [road] @ Azmarin [Alcandros's Band] Alcandros's Band spot signs of danger — Caves in the hillside show signs of habitation.
2025-01-06T04:00:00.000Z [road] @ Azmarin [Alcandros's Band, prospectors] Alcandros's Band observe prospectors from a distance — In the witching hour cairns marking ancient graves. Several shadow-cloaked prospectors, blocking the path. Sometimes wisdom is knowing when to flee.
2025-01-06T04:00:00.000Z [town] @ Azmarin [Eadmund, Yllaria] Yllaria confronts Eadmund about old treachery — Some betrayals can never be undone.
2025-01-06T05:00:00.000Z [road] @ Greenmist [Parthenius's Band, goblins] goblins poison Parthenius's Band's water supply — As mist still clung to low places thunder rolling between peaks. The peaks gleam with eternal snow. A lone shadow-cloaked goblins, arguing among themselves. Steel rang and blood was spilled, but they prevailed.
2025-01-06T05:00:00.000Z [faction] @ Azmarin [Alcandros's Band] Alcandros's Band's Last Stand: The quarry leaves a taunt. It's personal now. — A deadly game of cat and mouse unfolds near Azmarin.
2025-01-06T05:00:00.000Z [road] @ Greenmist [Parthenius's Band] Parthenius's Band grows in power! — Through hardship and battle, the members of Parthenius's Band have reached level 2.
2025-01-06T06:00:00.000Z [system] The world turns (20th of Deepwinter, Year 1055) — 2 parties traveling, 1 resting. 0 threats lurk.
2025-01-06T06:00:00.000Z [road] @ Greenmist [Parthenius's Band] Parthenius's Band ambushed by giant bats — Forced retreat; they fall back to regroup.
2025-01-06T06:00:00.000Z [road] @ Windleigh [Northbeach Traders, Sons of the Wolf] Northbeach Traders is raided! — Sons of the Wolf forces have intercepted the caravan en route to Belfos.
2025-01-06T06:00:00.000Z [town] @ Windleigh Trade routes near Windleigh grow dangerous — Merchants speak of losses. Some refuse to travel until the roads are secured.
2025-01-06T06:00:00.000Z [faction] @ Belfos [The Wandering Merchants, Sons of the Wolf] Burning Dawn approaches its climax — The threads of fate draw tight. A decisive moment is at hand.
2025-01-06T06:00:00.000Z [town] @ Azmarin Word spreads in Azmarin — Explorers speak of a strange discovery near Azmarin.
2025-01-06T06:00:00.000Z [town] @ Belfos [Izot] Izot masters a new spell: Floating Disc — After weeks of intense study and meditation, the bard has unlocked new power.
2025-01-06T07:00:00.000Z [road] @ Belfos The Wandering Peddlers makes camp under escort — Road to Azmarin (road) quiet tonight.
2025-01-06T07:00:00.000Z [faction] @ Greenmist [Parthenius's Band, goblins] Secrets of Parthenius's Band: The pattern becomes clearer—and more disturbing. — Parthenius's Band uncovers clues to something best left buried.
2025-01-06T08:00:00.000Z [road] @ Greenmist [Parthenius's Band] Parthenius's Band spot signs of danger — A cairn of skulls marks a territorial boundary.
2025-01-06T08:00:00.000Z [road] @ Greenmist [Parthenius's Band, goblins] goblins demand tolls from passing Parthenius's Band — As smoke rose from breakfast fires Several night-hunting goblins, arguing among themselves. Strategic retreat preserved their strength.
2025-01-06T09:00:00.000Z [road] @ Greenmist [Parthenius's Band] Parthenius's Band shadowed by orc raiders — Tense standoff; both sides withdraw before blades are drawn.
2025-01-06T10:00:00.000Z [road] @ Azmarin [Alcandros's Band, goblins] Alcandros's Band aid injured goblins with healing herbs — As folk went about their labors smoke from peat fires hung in the air. A single night-hunting goblins, arguing among themselves. The meeting ended with mutual respect, if not friendship. Ancient hill forts with crumbling walls marked the scene.
2025-01-06T10:00:00.000Z [town] @ Azmarin [Eadmund] Eadmund makes their move — The vengeance long promised by the laborer comes to pass.
2025-01-06T10:00:00.000Z [town] @ Belfos Word spreads in Belfos — Thieves struck near Windleigh. The roads grow dangerous.
2025-01-06T10:00:00.000Z [town] @ Azmarin Word spreads in Azmarin — Thieves struck near Myrrka. The roads grow dangerous.
2025-01-06T11:00:00.000Z [road] @ Azmarin [Alcandros's Band] Alcandros's Band spot signs of danger — Caves in the hillside show signs of habitation.
2025-01-06T11:00:00.000Z [road] @ Greenmist A new threat emerges near Greenmist — Berolt's giant eagles gathers strength and swears revenge. This is a consequence of defeat at the hands of Parthenius's Band.
2025-01-06T12:00:00.000Z [system] The world turns (20th of Deepwinter, Year 1055) — 2 parties traveling, 1 resting. 0 threats lurk.
2025-01-06T12:00:00.000Z [road] @ Greenmist [Parthenius's Band, Kassandros the red-eyed in the dark] Kassandros the red-eyed in the dark provide shelter from the weather — While sensible folk sought shade A single red-eyed in the dark yeti, moving with purpose. Neither side wished to die today. Terms were agreed. Ancient petroglyphs on cliff walls marked the scene.
2025-01-06T12:00:00.000Z [town] @ Myrrka [Eryalus] Eryalus arrives in Myrrka — The refugee finds uncertain welcome in their new home.
2025-01-06T13:00:00.000Z [road] @ Azmarin [Alcandros's Band] Alcandros's Band spot signs of danger — Caves in the hillside show signs of habitation.
2025-01-06T13:00:00.000Z [road] @ Azmarin [Alcandros's Band] Alcandros's Band discovers The Perfectly smooth Cave — Under the high sun the occasional crack of splitting rock. A perfectly smooth cave, bearing the marks of a thousand years. They find a marking pointing toward a hidden cache.
2025-01-06T13:00:00.000Z [road] @ Azmarin [Alcandros's Band, Smaug-spawn] Alcandros's Band SLAYS Smaug-spawn Bane of Kingdoms! — Against all odds, they defeat the legendary dragon! In its lair, they find protects ancient knowledge. Songs will be sung for generations!
2025-01-06T13:00:00.000Z [road] @ Minasfeld The New Caravan makes camp under escort — Road to Belfos (road) quiet tonight.
2025-01-06T13:00:00.000Z [town] @ Belfos [Izot] Izot masters a new spell: Hold Portal — After weeks of intense study and meditation, the bard has unlocked new power.
⏰ Catch-up progress: 79% (800/1008 turns)2025-01-06T14:00:00.000Z [road] @ Greenmist [Parthenius's Band, orc raiders] orc raiders communicate through gestures and signs — While the sun began its descent A few night-hunting orc raiders, performing war rituals. They agreed to respect each other's territories.
2025-01-06T14:00:00.000Z [town] @ Myrrka Word spreads in Myrrka — A valuable shipment was lost near Belfos.
2025-01-06T16:00:00.000Z [road] @ Azmarin [Alcandros's Band] Alcandros's Band spot signs of danger — Crude totems mark a boundary. You have been warned.
2025-01-06T16:00:00.000Z [road] @ Azmarin [Alcandros's Band, goatherds] Alcandros's Band move slowly to avoid alarming goatherds — With lengthening shadows One shadow-cloaked goatherds, apparently startled. A calculated withdrawal to more favorable ground.
2025-01-06T16:00:00.000Z [road] @ Belfos [The Wandering Peddlers, Sons of the Wolf] The Wandering Peddlers is raided! — Sons of the Wolf forces have intercepted the caravan en route to Azmarin.
2025-01-06T16:00:00.000Z [town] @ Belfos Trade routes near Belfos grow dangerous — Merchants speak of losses. Some refuse to travel until the roads are secured.
2025-01-06T17:00:00.000Z [road] @ Greenmist Beroldus's Wagons makes camp under escort — Road to Belfos (road) quiet tonight.
2025-01-06T17:00:00.000Z [road] @ Greenmist Beroldus's Wagons reports losses — Supplies spoiled en route; banners of Circle of the Dawn tarnished.
2025-01-06T17:00:00.000Z [town] @ Greenmist Rumor in Greenmist — Beroldus's Wagons of Circle of the Dawn lost goods on the road; prices may shift.
2025-01-06T18:00:00.000Z [system] The world turns (20th of Deepwinter, Year 1055) — 2 parties traveling, 1 resting. 0 threats lurk.
2025-01-06T18:00:00.000Z [road] @ Azmarin [Alcandros's Band] Alcandros's Band spot signs of danger — Crude totems mark a boundary. You have been warned.
2025-01-06T18:00:00.000Z [faction] @ Greenmist [Parthenius's Band] Parthenius's Band's Last Stand: Tracks are found. The quarry draws near. — A deadly game of cat and mouse unfolds near Greenmist.
2025-01-06T18:00:00.000Z [faction] @ Belfos [The Wandering Merchants, Sons of the Wolf] Burning Dawn concludes — The raiders demand tribute to stop.
2025-01-06T19:00:00.000Z [road] @ Greenmist [Parthenius's Band, giant eagles] giant eagles follow Parthenius's Band at a safe distance — As lanterns were kindled copper deposits staining rock faces green. Many shadow-cloaked giant eagles, blocking the path. Diplomacy prevailed where force might have failed.
2025-01-06T19:00:00.000Z [road] @ Azmarin [Alcandros's Band] Alcandros's Band spot signs of danger — Bones litter a rock shelf. Not all are animal bones.
2025-01-06T21:00:00.000Z [road] @ Greenmist [Parthenius's Band] Parthenius's Band completes rest — Ready to travel again.
2025-01-06T21:00:00.000Z [town] @ Minasfeld Word spreads in Minasfeld — A valuable shipment was lost near Myrrka.
2025-01-06T22:00:00.000Z [road] @ Azmarin [Alcandros's Band, brigands] brigands block the path but allow passage — Under an indigo sky farmers calling to livestock. The hilltops stand sharp against the blue. Many shadow-cloaked brigands, emerging from concealment. Words proved mightier than steel on this occasion. Zigzag paths climbing steep inclines marked the scene.
2025-01-07T00:00:00.000Z [system] The world turns (20th of Deepwinter, Year 1055) — 2 parties traveling, 1 resting. 0 threats lurk.
2025-01-07T00:00:00.000Z [town] @ Belfos Belfos tempers frayed — Surplus textiles and shortages in timber/ore.
2025-01-07T00:00:00.000Z [road] @ Greenmist [Parthenius's Band, giant eagles] Parthenius's Band move slowly to avoid alarming giant eagles — As owls hunted in darkness stone cairns marking safe paths. The peaks gleam with eternal snow. Many numerous giant eagles, watching warily. They slipped away while the enemy celebrated prematurely.
2025-01-07T00:00:00.000Z [town] @ Belfos Rumor in Belfos — Levies rumored to secure timber; officials say caravans delayed.
2025-01-07T00:00:00.000Z [road] @ Greenmist Beroldus's Wagons makes camp under escort — Road to Belfos (road) quiet tonight.
2025-01-07T00:00:00.000Z [town] @ Windleigh Cybele seen in Windleigh markets — guard haggles and swaps news.
2025-01-07T00:00:00.000Z [road] @ Belfos The Wandering Peddlers makes camp under escort — Road to Azmarin (road) quiet tonight.
2025-01-07T00:00:00.000Z [town] @ Windleigh Yllaria seen in Windleigh markets — merchant haggles and swaps news.
2025-01-07T00:00:00.000Z [town] @ Belfos Mood darkens in Belfos — Following recent events, the people's spirit sinks.
2025-01-07T00:00:00.000Z [town] @ Windleigh Windleigh folk watchful — Surplus ore and shortages in salt/livestock.
2025-01-07T00:00:00.000Z [town] @ Windleigh Rumor in Windleigh — Levies rumored to secure salt; officials say caravans delayed.
2025-01-07T00:00:00.000Z [town] @ Windleigh Rumor in Windleigh — Order of the Hawk watches the markets quietly.
2025-01-07T00:00:00.000Z [town] @ Azmarin Alcandros's Band hailed in Azmarin — Locals toast their exploits.
2025-01-07T00:00:00.000Z [town] @ Azmarin Azmarin tempers frayed — Surplus textiles/salt and shortages in timber/ore/livestock.
2025-01-07T00:00:00.000Z [town] @ Minasfeld Minasfeld tempers frayed — Surplus grain/textiles/livestock.
2025-01-07T00:00:00.000Z [town] @ Myrrka Myrrka tempers frayed — Surplus grain/textiles and shortages in salt.
2025-01-07T00:00:00.000Z [town] @ Myrrka Rumor in Myrrka — Levies rumored to secure salt; officials say caravans delayed.
2025-01-07T00:00:00.000Z [town] @ Myrrka Rumor in Myrrka — Circle of the Dawn watches the markets quietly.
2025-01-07T00:00:00.000Z [town] @ Greenmist Greenmist tempers frayed — Surplus grain/timber/textiles.
2025-01-07T00:00:00.000Z [town] @ Greenmist Rumor in Greenmist — The Hawk Compact watches the markets quietly.
2025-01-07T01:00:00.000Z [road] @ Greenmist [Parthenius's Band] Parthenius's Band spot signs of danger — Eagle cries echo, but no birds are visible.
2025-01-07T01:00:00.000Z [road] @ Greenmist [Parthenius's Band, trolls] trolls ambush Parthenius's Band — Under a canopy of stars eagles soaring on thermal winds. A single shadow-cloaked trolls, blocking the path. Their tactics turned the tide against overwhelming odds. A well-timed spell from their caster turned the tide.
2025-01-07T01:00:00.000Z [road] @ Greenmist Beroldus's Wagons makes camp under escort — Road to Belfos (road) quiet tonight.
2025-01-07T01:00:00.000Z [town] @ Minasfeld Word spreads in Minasfeld — They say Smaug-spawn met their end. Foul play is suspected.
2025-01-07T02:00:00.000Z [road] @ Azmarin [Alcandros's Band] Alcandros's Band discovers The Weather-worn Cave — When shadows grew deepest narrow passes between rocky peaks. A weather-worn cave, whispering in an unknown, melodic tongue. The party feels a surge of mental clarity.
2025-01-07T02:00:00.000Z [faction] @ Azmarin [Alcandros's Band] A new tale begins: "Strange Happenings" — Every answer raises three more questions.
2025-01-07T02:00:00.000Z [road] @ Greenmist [Parthenius's Band] Parthenius's Band shadowed by goblins — Tense standoff; both sides withdraw before blades are drawn.
2025-01-07T03:00:00.000Z [road] @ Azmarin [Alcandros's Band, mountain lions] mountain lions warn Alcandros's Band of dangers ahead — In the cold hours before dawn The hilltops stand sharp against the blue. A few red-eyed in the dark mountain lions, watching warily. They parted as wary allies rather than bitter enemies.
2025-01-07T03:00:00.000Z [town] @ Belfos Northbeach Traders arrives at Belfos — Bringing grain/textiles from Windleigh with escorts.
2025-01-07T03:00:00.000Z [town] @ Belfos Cybele arrives in Belfos — guard from Windleigh
2025-01-07T03:00:00.000Z [town] @ Belfos Yllaria arrives in Belfos — merchant from Greenmist
2025-01-07T04:00:00.000Z [dungeon] @ Greenmist [Parthenius's Band] Parthenius's Band discovers Cursed Forge — In the witching hour the crunch of boots on gravel. They have found An ancient cursed forge from the First Age. Cursed Forge was once a center of magic before its fall.
2025-01-07T04:00:00.000Z [road] @ Azmarin [Alcandros's Band] Alcandros's Band spot signs of danger — Rockfall has blocked the easy path. An ambush site, perhaps.
2025-01-07T04:00:00.000Z [road] @ Azmarin [Alcandros's Band] Alcandros's Band discovers The Moss-covered Statue — In the cold hours before dawn goats picking their way along cliffs. A moss-covered statue, swallowing all sound around it. A sudden vision of what is to come flashes before them.
2025-01-07T04:00:00.000Z [road] @ Azmarin [Alcandros's Band] Alcandros's Band completes rest — Ready to travel again.
2025-01-07T04:00:00.000Z [road] @ Myrrka The Wandering Merchants makes camp under escort — Road to Belfos (road) quiet tonight.
2025-01-07T04:00:00.000Z [town] @ Belfos Beroldus's Wagons arrives at Belfos — Bringing salt/fish from Greenmist with escorts under banner of Circle of the Dawn.
2025-01-07T04:00:00.000Z [town] @ Belfos Mainardus arrives in Belfos — scout from Azmarin
2025-01-07T04:00:00.000Z [town] @ Belfos Eurydamus arrives in Belfos — merchant from Windleigh
2025-01-07T04:00:00.000Z [town] @ Belfos Rumor in Belfos — Word spreads that Beroldus's Wagons of Circle of the Dawn reached Belfos with salt/fish.
2025-01-07T04:00:00.000Z [town] @ Belfos Word spreads in Belfos — Thieves struck near Windleigh. The roads grow dangerous.
⏰ Catch-up progress: 89% (900/1008 turns)2025-01-07T06:00:00.000Z [system] The world turns (21st of Deepwinter, Year 1055) — 2 parties traveling, 1 resting. 0 threats lurk.
2025-01-07T06:00:00.000Z [road] @ Greenmist [Parthenius's Band] Parthenius's Band discovers The Eerie Monolith — While dew pearled on grass and stone stone cairns marking safe paths. A eerie monolith, swarming with spectral, blue butterflies. They uncover a fragment of lost history.
2025-01-07T06:00:00.000Z [road] @ Azmarin [Alcandros's Band, orc raiders] Alcandros's Band signal peaceful intentions to orc raiders — As rose light crept across the land hot springs steaming in valleys. A few tribal orc raiders, scouting for targets. A calculated withdrawal to more favorable ground.
2025-01-07T06:00:00.000Z [road] @ Greenmist [Parthenius's Band] Parthenius's Band clash with goblins — Brief skirmish; foes driven off with minor bruises.
2025-01-07T06:00:00.000Z [town] @ Myrrka [Wantelien] Construction continues on Wantelien's stronghold — Masons and laborers work tirelessly. The foundations are deep and the walls rise.
2025-01-07T07:00:00.000Z [road] @ Greenmist [Parthenius's Band, trolls] Battle joined between Parthenius's Band and trolls — Under a brightening sky vast chasms with no visible bottom. The peaks gleam with eternal snow. One shadow-cloaked trolls, blocking the path. Magic and steel combined to turn certain defeat into victory. Meteor impact craters on peaks marked the scene. The victors claim 22 coin worth of plunder.
2025-01-07T07:00:00.000Z [road] @ Azmarin [Alcandros's Band] Alcandros's Band spot signs of danger — Bones litter a rock shelf. Not all are animal bones.
2025-01-07T07:00:00.000Z [faction] @ Azmarin [Eadmund, Sons of the Wolf] Eadmund seeks Sons of the Wolf's protection — Frightened by Alcandros's Band clash with brigands, the laborer appeals to the martial faction.
2025-01-07T08:00:00.000Z [road] @ Greenmist [Parthenius's Band] Parthenius's Band spot signs of danger — A cairn of skulls marks a territorial boundary.
2025-01-07T08:00:00.000Z [road] @ Azmarin [Alcandros's Band, hill giants] Alcandros's Band skirt around wary hill giants — As folk went about their labors wild garlic growing in cracks hung in the air. The hilltops stand sharp against the blue. Two or three night-hunting hill giants, apparently startled. A compromise was hammered out after tense negotiations.
2025-01-07T08:00:00.000Z [town] @ Belfos The Wandering Merchants arrives at Belfos — Bringing livestock from Myrrka with escorts under banner of Order of the Hawk.
2025-01-07T08:00:00.000Z [town] @ Belfos Katixa arrives in Belfos — guard from Myrrka
2025-01-07T08:00:00.000Z [town] @ Belfos Wantelien arrives in Belfos — bard from Minasfeld
2025-01-07T08:00:00.000Z [town] @ Belfos Rumor in Belfos — Word spreads that The Wandering Merchants of Order of the Hawk reached Belfos with livestock.
2025-01-07T08:00:00.000Z [town] @ Belfos The New Caravan arrives at Belfos — Bringing grain/textiles from Minasfeld with escorts.
2025-01-07T08:00:00.000Z [town] @ Belfos Emlyn arrives in Belfos — scout from Minasfeld
2025-01-07T08:00:00.000Z [town] @ Belfos Ilene arrives in Belfos — bard from Windleigh
2025-01-07T08:00:00.000Z [faction] @ Greenmist [Order of the Hawk] Order of the Hawk increases patrols — Order of the Hawk sends holy warriors to protect the faithful around Greenmist.
2025-01-07T09:00:00.000Z [road] @ Greenmist [Parthenius's Band] Parthenius's Band spot signs of danger — A cairn of skulls marks a territorial boundary.
2025-01-07T09:00:00.000Z [road] @ Azmarin [Alcandros's Band, Txeru's hill giants] Alcandros's Band move slowly to avoid alarming Txeru's hill giants — As smoke rose from breakfast fires narrow passes between rocky peaks. The hilltops stand sharp against the blue. Many night-hunting hill giants, emerging from concealment. They left the field but not their dignity.
2025-01-07T09:00:00.000Z [road] @ Belfos [Northbeach Traders, Sons of the Wolf] Northbeach Traders is raided! — Sons of the Wolf forces have intercepted the caravan en route to Windleigh.
2025-01-07T09:00:00.000Z [town] @ Belfos Trade routes near Belfos grow dangerous — Merchants speak of losses. Some refuse to travel until the roads are secured.
2025-01-07T09:00:00.000Z [town] @ Azmarin The Wandering Peddlers arrives at Azmarin — Bringing grain/textiles from Belfos with escorts.
2025-01-07T09:00:00.000Z [town] @ Azmarin Molora arrives in Azmarin — scout from Myrrka
2025-01-07T09:00:00.000Z [town] @ Azmarin Izot arrives in Azmarin — bard from Belfos
2025-01-07T09:00:00.000Z [faction] @ Greenmist [Sons of the Wolf] Sons of the Wolf increases patrols — Armed members of Sons of the Wolf now patrol the roads near Greenmist.
2025-01-07T10:00:00.000Z [road] @ Belfos The Wandering Merchants makes camp under escort — Road to Myrrka (road) quiet tonight.
2025-01-07T10:00:00.000Z [town] @ Azmarin Word spreads in Azmarin — Explorers speak of a strange discovery near Azmarin.
2025-01-07T10:00:00.000Z [town] @ Windleigh Word spreads in Windleigh — Thieves struck near Belfos. The roads grow dangerous.
2025-01-07T11:00:00.000Z [road] @ Greenmist [Parthenius's Band] Parthenius's Band parley with giant bats — Trade news and share a quick meal before parting ways.
2025-01-07T11:00:00.000Z [road] @ Azmarin The Wandering Peddlers makes camp under escort — Road to Belfos (road) quiet tonight.
2025-01-07T12:00:00.000Z [system] The world turns (21st of Deepwinter, Year 1055) — 2 parties traveling, 1 resting. 0 threats lurk.
2025-01-07T12:00:00.000Z [road] @ Greenmist [Parthenius's Band] Parthenius's Band spot signs of danger — Eagle cries echo, but no birds are visible.
2025-01-07T12:00:00.000Z [road] @ Belfos [The Wandering Merchants, Sons of the Wolf] The Wandering Merchants is raided! — Sons of the Wolf forces have intercepted the caravan en route to Myrrka.
2025-01-07T12:00:00.000Z [town] @ Belfos Trade routes near Belfos grow dangerous — Merchants speak of losses. Some refuse to travel until the roads are secured.
2025-01-07T13:00:00.000Z [road] @ Azmarin [Alcandros's Band, hill giants] hill giants launch arrows at Alcandros's Band from hiding — Under the high sun hawk nests on rocky outcrops. The hilltops stand sharp against the blue. Two or three night-hunting hill giants, emerging from concealment. They retreated in good order, minimizing losses.
2025-01-07T13:00:00.000Z [road] @ Greenmist [Parthenius's Band] Parthenius's Band shadowed by goblins — Tense standoff; both sides withdraw before blades are drawn.
2025-01-07T13:00:00.000Z [faction] @ Azmarin [Sons of the Wolf] Sons of the Wolf increases patrols — Sons of the Wolf deploys additional troops to secure trade routes around Azmarin.
2025-01-07T14:00:00.000Z [road] @ Azmarin [Alcandros's Band] Alcandros's Band spot signs of danger — Crude totems mark a boundary. You have been warned.
2025-01-07T14:00:00.000Z [town] @ Azmarin [Izot] Magical mist chokes Azmarin — A toxic green cloud, conjured by Izot, rolls through the streets. Panic ensues.
2025-01-07T15:00:00.000Z [town] @ Belfos [Eurydamus] Eurydamus spreads tales — The merchant speaks openly of trolls ambush Parthenius's Band. The story grows in the telling.
2025-01-07T15:00:00.000Z [town] @ Belfos Word spreads in Belfos — Eurydamus tells all who will listen: "trolls ambush Parthenius's Band." The tale spreads.
2025-01-07T16:00:00.000Z [road] @ Belfos The New Caravan makes camp under escort — Road to Minasfeld (road) quiet tonight.
2025-01-07T18:00:00.000Z [system] The world turns (21st of Deepwinter, Year 1055) — 2 parties traveling, 1 resting. 0 threats lurk.
2025-01-07T18:00:00.000Z [road] @ Azmarin [Alcandros's Band] Alcandros's Band clash with goblins — Brief skirmish; foes driven off with minor bruises.
2025-01-07T19:00:00.000Z [road] @ Greenmist [Parthenius's Band, trolls] Parthenius's Band siege trolls's encampment — In the gloaming hour crystal formations in cave mouths. Countless red-eyed in the dark trolls, emerging from concealment. The foe's weapons glanced off enchanted armor. A well-timed spell from their caster turned the tide.
2025-01-07T19:00:00.000Z [road] @ Azmarin [Alcandros's Band] Alcandros's Band clash with goblins — Brief skirmish; foes driven off with minor bruises.
2025-01-07T19:00:00.000Z [road] @ Belfos [Beroldus's Wagons, Sons of the Wolf] Beroldus's Wagons is raided! — Sons of the Wolf forces have intercepted the caravan en route to Greenmist.
2025-01-07T19:00:00.000Z [town] @ Belfos Trade routes near Belfos grow dangerous — Merchants speak of losses. Some refuse to travel until the roads are secured.
2025-01-07T20:00:00.000Z [road] @ Greenmist [Parthenius's Band] Parthenius's Band ambushed by goblins — Forced retreat; they fall back to regroup.
2025-01-07T20:00:00.000Z [road] @ Belfos The New Caravan makes camp under escort — Road to Minasfeld (road) quiet tonight.
2025-01-07T20:00:00.000Z [road] @ Belfos [Northbeach Traders, Sons of the Wolf] Northbeach Traders is raided! — Sons of the Wolf forces have intercepted the caravan en route to Windleigh.
2025-01-07T20:00:00.000Z [town] @ Belfos Trade routes near Belfos grow dangerous — Merchants speak of losses. Some refuse to travel until the roads are secured.
2025-01-07T20:00:00.000Z [road] @ Belfos Beroldus's Wagons makes camp under escort — Road to Greenmist (road) quiet tonight.
2025-01-07T21:00:00.000Z [road] @ Azmarin [Alcandros's Band] Alcandros's Band spot signs of danger — Bones litter a rock shelf. Not all are animal bones.
2025-01-07T21:00:00.000Z [road] @ Belfos Northbeach Traders makes camp under escort — Road to Windleigh (road) quiet tonight.
2025-01-07T22:00:00.000Z [road] @ Azmarin [Alcandros's Band, orc raiders] Alcandros's Band observe orc raiders from a distance — Under an indigo sky One battle-scarred orc raiders, performing war rituals. They ran. There was no shame in it—only survival. Sheep grazing on steep slopes marked the scene.
2025-01-07T22:00:00.000Z [road] @ Belfos [Northbeach Traders, Sons of the Wolf] Northbeach Traders is raided! — Sons of the Wolf forces have intercepted the caravan en route to Windleigh.
2025-01-07T22:00:00.000Z [town] @ Belfos Trade routes near Belfos grow dangerous — Merchants speak of losses. Some refuse to travel until the roads are secured.
2025-01-07T22:00:00.000Z [faction] @ Belfos [Yllaria] The Great Migration: Splinter groups break away. — Everything is changing. The old order crumbles.
⏰ Catch-up progress: 99% (1000/1008 turns)2025-01-07T23:00:00.000Z [road] @ Greenmist [Parthenius's Band] Parthenius's Band spot signs of danger — The ruins of a dwarven waystation, recently looted.
2025-01-07T23:00:00.000Z [road] @ Greenmist [Parthenius's Band, giant eagles] giant eagles charge Parthenius's Band with weapons drawn — While decent folk lay sleeping vast chasms with no visible bottom. The peaks gleam with eternal snow. Two or three red-eyed in the dark giant eagles, moving with purpose. The battle raged fiercely, but their resolve never wavered. The victors claim 37 coin worth of plunder.
2025-01-07T23:00:00.000Z [road] @ Azmarin [Alcandros's Band, ogres] ogres warn Alcandros's Band of dangers ahead — Under a canopy of stars rolling hills covered in heather. A few night-hunting ogres, watching warily. They left the meeting with hope for peaceful coexistence. Zigzag paths climbing steep inclines marked the scene.
2025-01-07T23:00:00.000Z [road] @ Azmarin [Alcandros's Band] Alcandros's Band ambushed by ogre — Forced retreat; they fall back to regroup.
2025-01-08T00:00:00.000Z [system] The world turns (21st of Deepwinter, Year 1055) — 2 parties traveling, 1 resting. 0 threats lurk.
2025-01-08T00:00:00.000Z [weather] @ Azmarin Cabin fever grips Azmarin — Trapped together, old tensions boil over. A fight erupts.
2025-01-08T00:00:00.000Z [road] @ Greenmist [Parthenius's Band, giant eagles] giant eagles guide Parthenius's Band to a hidden spring — In the hush of late night the splash of mountain streams. A solitary red-eyed in the dark giant eagles, moving with purpose. A non-aggression pact was established. The ruins of a dwarven gatehouse marked the scene.
2025-01-08T00:00:00.000Z [town] @ Belfos Peli seen in Belfos markets — priest haggles and swaps news.
2025-01-08T00:00:00.000Z [town] @ Belfos Mainardus seen in Belfos markets — scout haggles and swaps news.
2025-01-08T00:00:00.000Z [faction] @ Greenmist [Circle of the Dawn] Circle of the Dawn seeks retribution — Circle of the Dawn summons otherworldly allies against Greenmist.
2025-01-08T00:00:00.000Z [town] @ Belfos Belfos tempers frayed — Surplus grain/textiles/fish/livestock and shortages in timber/ore.
2025-01-08T00:00:00.000Z [town] @ Azmarin Mood darkens in Azmarin — Following recent events, the people's spirit sinks.
2025-01-08T00:00:00.000Z [town] @ Windleigh Windleigh tempers frayed — Surplus ore and shortages in salt/livestock.
2025-01-08T00:00:00.000Z [town] @ Windleigh Rumor in Windleigh — Bargain prices on ore; traders racing to Windleigh.
2025-01-08T00:00:00.000Z [town] @ Windleigh Rumor in Windleigh — The Hawk Compact watches the markets quietly.
2025-01-08T00:00:00.000Z [town] @ Azmarin Eadmund seen in Azmarin markets — laborer haggles and swaps news.
2025-01-08T00:00:00.000Z [town] @ Azmarin Molora seen in Azmarin markets — scout haggles and swaps news.
2025-01-08T00:00:00.000Z [town] @ Azmarin Alcandros's Band hailed in Azmarin — Locals toast their exploits.
2025-01-08T00:00:00.000Z [town] @ Azmarin Azmarin tempers frayed — Surplus textiles/salt and shortages in timber/ore/fish/livestock.
2025-01-08T00:00:00.000Z [town] @ Azmarin Rumor in Azmarin — Levies rumored to secure fish; officials say caravans delayed.
2025-01-08T00:00:00.000Z [town] @ Azmarin Rumor in Azmarin — Sons of the Wolf watches the markets quietly.
2025-01-08T00:00:00.000Z [town] @ Minasfeld Hans-Ruedi seen in Minasfeld markets — laborer haggles and swaps news.
2025-01-08T00:00:00.000Z [town] @ Minasfeld Minasfeld tempers frayed — Surplus grain/textiles/livestock.
2025-01-08T00:00:00.000Z [town] @ Minasfeld Rumor in Minasfeld — Bargain prices on grain; traders racing to Minasfeld.
2025-01-08T00:00:00.000Z [town] @ Myrrka Myrrka tempers frayed — Surplus grain/textiles and shortages in salt.
2025-01-08T00:00:00.000Z [town] @ Myrrka Rumor in Myrrka — Levies rumored to secure salt; officials say caravans delayed.
2025-01-08T00:00:00.000Z [town] @ Greenmist Greenmist tempers frayed — Surplus grain/textiles.
2025-01-08T00:00:00.000Z [town] @ Greenmist Rumor in Greenmist — Bargain prices on textiles; traders racing to Greenmist.
2025-01-08T00:00:00.000Z [town] @ Greenmist Rumor in Greenmist — Sons of the Wolf watches the markets quietly.
2025-01-08T00:00:00.000Z [weather] A great omen: the moon bleeds red — Across the land, the moon bleeds red. Some weep with joy; others weep with terror.

✓ Caught up! World time is now synchronized.

╔════════════════════════════════════════════════════════════════╗
║  BECMI Real-Time Simulator                                     ║
║  22nd of Deepwinter, Year 1055                                 ║
╠════════════════════════════════════════════════════════════════╣
║  Seed: gator                                                   ║
║  Time Scale: 1x (turn every 600000ms)                          ║
║  Settlements: 6   Parties: 3   Antagonists: 0                  ║
║  Active Stories: 8                                             ║
╚════════════════════════════════════════════════════════════════╝

